[2026-06-05 16:19:46,297][flwr][WARNING] - DEPRECATED FEATURE: flwr.simulation.start_simulation() is deprecated.
	Instead, use the `flwr run` CLI command to start a local simulation in your Flower app, as shown for example below:

		$ flwr new  # Create a new Flower app from a template

		$ flwr run  # Run the Flower app in Simulation Mode

	Using `start_simulation()` is deprecated.

            This is a deprecated feature. It will be removed
            entirely in future versions of Flower.
        
[2026-06-05 16:19:46,297][flwr][INFO] - Starting Flower simulation, config: num_rounds=20, no round_timeout
[2026-06-05 16:19:50,830][flwr][INFO] - Flower VCE: Ray initialized with resources: {'node:127.0.0.1': 1.0, 'GPU': 1.0, 'memory': 3254931456.0, 'node:__internal_head__': 1.0, 'accelerator_type:G': 1.0, 'object_store_memory': 1394970624.0, 'CPU': 8.0}
[2026-06-05 16:19:50,874][flwr][INFO] - Optimize your simulation with Flower VCE: https://flower.ai/docs/framework/how-to-run-simulations.html
[2026-06-05 16:19:50,874][flwr][INFO] - Flower VCE: Resources for each Virtual Client: {'num_cpus': 1.0, 'num_gpus': 0.25}
[2026-06-05 16:19:50,895][flwr][INFO] - Flower VCE: Creating VirtualClientEngineActorPool with 4 actors
[2026-06-05 16:19:50,896][flwr][INFO] - [INIT]
[2026-06-05 16:19:50,896][flwr][INFO] - Requesting initial parameters from one random client
[2026-06-05 16:19:57,887][flwr][INFO] - Received initial parameters from one random client
[2026-06-05 16:19:57,887][flwr][INFO] - Starting evaluation of initial global parameters
[2026-06-05 16:20:01,561][flwr][INFO] - initial parameters (loss, other metrics): 182.2361295223236, {'accuracy': 0.0623}
[2026-06-05 16:20:01,561][flwr][INFO] - 
[2026-06-05 16:20:01,561][flwr][INFO] - [ROUND 1]
[2026-06-05 16:20:01,566][flwr][INFO] - configure_fit: strategy sampled 5 clients (out of 10)
[2026-06-05 16:20:47,857][flwr][INFO] - aggregate_fit: received 5 results and 0 failures
[2026-06-05 16:20:51,534][flwr][INFO] - fit progress: (1, 181.32836484909058, {'accuracy': 0.1934}, 49.97077469999931)
[2026-06-05 16:20:51,535][flwr][INFO] - configure_evaluate: strategy sampled 10 clients (out of 10)
[2026-06-05 16:20:57,243][flwr][INFO] - aggregate_evaluate: received 10 results and 0 failures
[2026-06-05 16:20:57,243][flwr][WARNING] - No evaluate_metrics_aggregation_fn provided
[2026-06-05 16:20:57,244][flwr][INFO] - 
[2026-06-05 16:20:57,244][flwr][INFO] - [ROUND 2]
[2026-06-05 16:20:57,246][flwr][INFO] - configure_fit: strategy sampled 5 clients (out of 10)
[2026-06-05 16:21:05,488][flwr][INFO] - aggregate_fit: received 5 results and 0 failures
[2026-06-05 16:21:09,648][flwr][INFO] - fit progress: (2, 181.32836484909058, {'accuracy': 0.1934}, 68.0868079000029)
[2026-06-05 16:21:09,648][flwr][INFO] - configure_evaluate: strategy sampled 10 clients (out of 10)
[2026-06-05 16:21:15,340][flwr][INFO] - aggregate_evaluate: received 10 results and 0 failures
[2026-06-05 16:21:15,348][flwr][INFO] - 
[2026-06-05 16:21:15,348][flwr][INFO] - [ROUND 3]
[2026-06-05 16:21:15,348][flwr][INFO] - configure_fit: strategy sampled 5 clients (out of 10)
[2026-06-05 16:21:52,821][flwr][INFO] - aggregate_fit: received 5 results and 0 failures
[2026-06-05 16:21:56,497][flwr][INFO] - fit progress: (3, 998.8044624328613, {'accuracy': 0.1028}, 114.93725180000183)
[2026-06-05 16:21:56,497][flwr][INFO] - configure_evaluate: strategy sampled 10 clients (out of 10)
[2026-06-05 16:22:02,319][flwr][INFO] - aggregate_evaluate: received 10 results and 0 failures
[2026-06-05 16:22:02,319][flwr][INFO] - 
[2026-06-05 16:22:02,319][flwr][INFO] - [ROUND 4]
[2026-06-05 16:22:02,319][flwr][INFO] - configure_fit: strategy sampled 5 clients (out of 10)
[2026-06-05 16:22:10,166][flwr][INFO] - aggregate_fit: received 5 results and 0 failures
[2026-06-05 16:22:14,078][flwr][INFO] - fit progress: (4, 998.8044624328613, {'accuracy': 0.1028}, 132.51873110000088)
[2026-06-05 16:22:14,078][flwr][INFO] - configure_evaluate: strategy sampled 10 clients (out of 10)
[2026-06-05 16:22:19,857][flwr][INFO] - aggregate_evaluate: received 10 results and 0 failures
[2026-06-05 16:22:19,857][flwr][INFO] - 
[2026-06-05 16:22:19,857][flwr][INFO] - [ROUND 5]
[2026-06-05 16:22:19,857][flwr][INFO] - configure_fit: strategy sampled 5 clients (out of 10)
[2026-06-05 16:23:00,369][flwr][INFO] - aggregate_fit: received 5 results and 0 failures
[2026-06-05 16:23:03,879][flwr][INFO] - fit progress: (5, 382.19179821014404, {'accuracy': 0.098}, 182.31557109999994)
[2026-06-05 16:23:03,879][flwr][INFO] - configure_evaluate: strategy sampled 10 clients (out of 10)
[2026-06-05 16:23:09,341][flwr][INFO] - aggregate_evaluate: received 10 results and 0 failures
[2026-06-05 16:23:09,341][flwr][INFO] - 
[2026-06-05 16:23:09,341][flwr][INFO] - [ROUND 6]
[2026-06-05 16:23:09,341][flwr][INFO] - configure_fit: strategy sampled 5 clients (out of 10)
[2026-06-05 16:23:18,016][flwr][INFO] - aggregate_fit: received 5 results and 0 failures
[2026-06-05 16:23:21,668][flwr][INFO] - fit progress: (6, 382.19179821014404, {'accuracy': 0.098}, 200.10490500000014)
[2026-06-05 16:23:21,668][flwr][INFO] - configure_evaluate: strategy sampled 10 clients (out of 10)
[2026-06-05 16:23:27,219][flwr][INFO] - aggregate_evaluate: received 10 results and 0 failures
[2026-06-05 16:23:27,219][flwr][INFO] - 
[2026-06-05 16:23:27,219][flwr][INFO] - [ROUND 7]
[2026-06-05 16:23:27,219][flwr][INFO] - configure_fit: strategy sampled 5 clients (out of 10)
[2026-06-05 16:24:03,352][flwr][INFO] - aggregate_fit: received 5 results and 0 failures
[2026-06-05 16:24:06,811][flwr][INFO] - fit progress: (7, 825.6850748062134, {'accuracy': 0.0958}, 245.2470362999993)
[2026-06-05 16:24:06,811][flwr][INFO] - configure_evaluate: strategy sampled 10 clients (out of 10)
[2026-06-05 16:24:12,528][flwr][INFO] - aggregate_evaluate: received 10 results and 0 failures
[2026-06-05 16:24:12,528][flwr][INFO] - 
[2026-06-05 16:24:12,528][flwr][INFO] - [ROUND 8]
[2026-06-05 16:24:12,528][flwr][INFO] - configure_fit: strategy sampled 5 clients (out of 10)
[2026-06-05 16:24:20,122][flwr][INFO] - aggregate_fit: received 5 results and 0 failures
[2026-06-05 16:24:23,652][flwr][INFO] - fit progress: (8, 825.6850748062134, {'accuracy': 0.0958}, 262.0888315000011)
[2026-06-05 16:24:23,652][flwr][INFO] - configure_evaluate: strategy sampled 10 clients (out of 10)
[2026-06-05 16:24:29,442][flwr][INFO] - aggregate_evaluate: received 10 results and 0 failures
[2026-06-05 16:24:29,442][flwr][INFO] - 
[2026-06-05 16:24:29,442][flwr][INFO] - [ROUND 9]
[2026-06-05 16:24:29,457][flwr][INFO] - configure_fit: strategy sampled 5 clients (out of 10)
[2026-06-05 16:25:07,330][flwr][INFO] - aggregate_fit: received 5 results and 0 failures
[2026-06-05 16:25:10,782][flwr][INFO] - fit progress: (9, 445.0132932662964, {'accuracy': 0.1028}, 309.2197976999996)
[2026-06-05 16:25:10,782][flwr][INFO] - configure_evaluate: strategy sampled 10 clients (out of 10)
[2026-06-05 16:25:16,203][flwr][INFO] - aggregate_evaluate: received 10 results and 0 failures
[2026-06-05 16:25:16,211][flwr][INFO] - 
[2026-06-05 16:25:16,211][flwr][INFO] - [ROUND 10]
[2026-06-05 16:25:16,215][flwr][INFO] - configure_fit: strategy sampled 5 clients (out of 10)
[2026-06-05 16:25:24,412][flwr][INFO] - aggregate_fit: received 5 results and 0 failures
[2026-06-05 16:25:27,886][flwr][INFO] - fit progress: (10, 445.0132932662964, {'accuracy': 0.1028}, 326.32399440000154)
[2026-06-05 16:25:27,886][flwr][INFO] - configure_evaluate: strategy sampled 10 clients (out of 10)
[2026-06-05 16:25:33,438][flwr][INFO] - aggregate_evaluate: received 10 results and 0 failures
[2026-06-05 16:25:33,438][flwr][INFO] - 
[2026-06-05 16:25:33,438][flwr][INFO] - [ROUND 11]
[2026-06-05 16:25:33,446][flwr][INFO] - configure_fit: strategy sampled 5 clients (out of 10)
[2026-06-05 16:26:09,283][flwr][INFO] - aggregate_fit: received 5 results and 0 failures
[2026-06-05 16:26:12,838][flwr][INFO] - fit progress: (11, 201.48511147499084, {'accuracy': 0.0974}, 371.2807429000022)
[2026-06-05 16:26:12,838][flwr][INFO] - configure_evaluate: strategy sampled 10 clients (out of 10)
[2026-06-05 16:26:18,237][flwr][INFO] - aggregate_evaluate: received 10 results and 0 failures
[2026-06-05 16:26:18,237][flwr][INFO] - 
[2026-06-05 16:26:18,237][flwr][INFO] - [ROUND 12]
[2026-06-05 16:26:18,237][flwr][INFO] - configure_fit: strategy sampled 5 clients (out of 10)
[2026-06-05 16:26:25,897][flwr][INFO] - aggregate_fit: received 5 results and 0 failures
[2026-06-05 16:26:29,475][flwr][INFO] - fit progress: (12, 201.48511147499084, {'accuracy': 0.0974}, 387.91785150000214)
[2026-06-05 16:26:29,475][flwr][INFO] - configure_evaluate: strategy sampled 10 clients (out of 10)
[2026-06-05 16:26:35,065][flwr][INFO] - aggregate_evaluate: received 10 results and 0 failures
[2026-06-05 16:26:35,065][flwr][INFO] - 
[2026-06-05 16:26:35,065][flwr][INFO] - [ROUND 13]
[2026-06-05 16:26:35,072][flwr][INFO] - configure_fit: strategy sampled 5 clients (out of 10)
[2026-06-05 16:27:09,343][flwr][INFO] - aggregate_fit: received 5 results and 0 failures
[2026-06-05 16:27:12,765][flwr][INFO] - fit progress: (13, 686.9502568244934, {'accuracy': 0.1028}, 431.20361740000226)
[2026-06-05 16:27:12,765][flwr][INFO] - configure_evaluate: strategy sampled 10 clients (out of 10)
[2026-06-05 16:27:18,380][flwr][INFO] - aggregate_evaluate: received 10 results and 0 failures
[2026-06-05 16:27:18,380][flwr][INFO] - 
[2026-06-05 16:27:18,380][flwr][INFO] - [ROUND 14]
[2026-06-05 16:27:18,388][flwr][INFO] - configure_fit: strategy sampled 5 clients (out of 10)
[2026-06-05 16:27:26,018][flwr][INFO] - aggregate_fit: received 5 results and 0 failures
[2026-06-05 16:27:29,589][flwr][INFO] - fit progress: (14, 686.9502568244934, {'accuracy': 0.1028}, 448.0279526000013)
[2026-06-05 16:27:29,589][flwr][INFO] - configure_evaluate: strategy sampled 10 clients (out of 10)
[2026-06-05 16:27:35,046][flwr][INFO] - aggregate_evaluate: received 10 results and 0 failures
[2026-06-05 16:27:35,046][flwr][INFO] - 
[2026-06-05 16:27:35,046][flwr][INFO] - [ROUND 15]
[2026-06-05 16:27:35,054][flwr][INFO] - configure_fit: strategy sampled 5 clients (out of 10)
[2026-06-05 16:28:11,683][flwr][INFO] - aggregate_fit: received 5 results and 0 failures
[2026-06-05 16:28:15,152][flwr][INFO] - fit progress: (15, 1587.2243328094482, {'accuracy': 0.1154}, 493.5886848000009)
[2026-06-05 16:28:15,152][flwr][INFO] - configure_evaluate: strategy sampled 10 clients (out of 10)
[2026-06-05 16:28:20,916][flwr][INFO] - aggregate_evaluate: received 10 results and 0 failures
[2026-06-05 16:28:20,916][flwr][INFO] - 
[2026-06-05 16:28:20,917][flwr][INFO] - [ROUND 16]
[2026-06-05 16:28:20,917][flwr][INFO] - configure_fit: strategy sampled 5 clients (out of 10)
[2026-06-05 16:28:29,084][flwr][INFO] - aggregate_fit: received 5 results and 0 failures
[2026-06-05 16:28:32,653][flwr][INFO] - fit progress: (16, 1587.2243328094482, {'accuracy': 0.1154}, 511.09537270000146)
[2026-06-05 16:28:32,653][flwr][INFO] - configure_evaluate: strategy sampled 10 clients (out of 10)
[2026-06-05 16:28:38,226][flwr][INFO] - aggregate_evaluate: received 10 results and 0 failures
[2026-06-05 16:28:38,226][flwr][INFO] - 
[2026-06-05 16:28:38,226][flwr][INFO] - [ROUND 17]
[2026-06-05 16:28:38,230][flwr][INFO] - configure_fit: strategy sampled 5 clients (out of 10)
[2026-06-05 16:29:20,495][flwr][INFO] - aggregate_fit: received 5 results and 0 failures
[2026-06-05 16:29:23,953][flwr][INFO] - fit progress: (17, 645.2011499404907, {'accuracy': 0.1028}, 562.3925952999998)
[2026-06-05 16:29:23,953][flwr][INFO] - configure_evaluate: strategy sampled 10 clients (out of 10)
[2026-06-05 16:29:29,505][flwr][INFO] - aggregate_evaluate: received 10 results and 0 failures
[2026-06-05 16:29:29,505][flwr][INFO] - 
[2026-06-05 16:29:29,505][flwr][INFO] - [ROUND 18]
[2026-06-05 16:29:29,513][flwr][INFO] - configure_fit: strategy sampled 5 clients (out of 10)
[2026-06-05 16:29:36,065][flwr][INFO] - aggregate_fit: received 5 results and 0 failures
[2026-06-05 16:29:39,481][flwr][INFO] - fit progress: (18, 645.2011499404907, {'accuracy': 0.1028}, 577.9216526000018)
[2026-06-05 16:29:39,481][flwr][INFO] - configure_evaluate: strategy sampled 10 clients (out of 10)
[2026-06-05 16:29:45,151][flwr][INFO] - aggregate_evaluate: received 10 results and 0 failures
[2026-06-05 16:29:45,151][flwr][INFO] - 
[2026-06-05 16:29:45,151][flwr][INFO] - [ROUND 19]
[2026-06-05 16:29:45,151][flwr][INFO] - configure_fit: strategy sampled 5 clients (out of 10)
[2026-06-05 16:30:22,509][flwr][INFO] - aggregate_fit: received 5 results and 0 failures
[2026-06-05 16:30:25,940][flwr][INFO] - fit progress: (19, 956.979471206665, {'accuracy': 0.1009}, 624.3816106000013)
[2026-06-05 16:30:25,940][flwr][INFO] - configure_evaluate: strategy sampled 10 clients (out of 10)
[2026-06-05 16:30:31,425][flwr][INFO] - aggregate_evaluate: received 10 results and 0 failures
[2026-06-05 16:30:31,425][flwr][INFO] - 
[2026-06-05 16:30:31,425][flwr][INFO] - [ROUND 20]
[2026-06-05 16:30:31,440][flwr][INFO] - configure_fit: strategy sampled 5 clients (out of 10)
[2026-06-05 16:30:40,299][flwr][INFO] - aggregate_fit: received 5 results and 0 failures
[2026-06-05 16:30:43,937][flwr][INFO] - fit progress: (20, 956.979471206665, {'accuracy': 0.1009}, 642.3788949000009)
[2026-06-05 16:30:43,937][flwr][INFO] - configure_evaluate: strategy sampled 10 clients (out of 10)
[2026-06-05 16:30:49,510][flwr][INFO] - aggregate_evaluate: received 10 results and 0 failures
[2026-06-05 16:30:49,510][flwr][INFO] - 
[2026-06-05 16:30:49,510][flwr][INFO] - [SUMMARY]
[2026-06-05 16:30:49,510][flwr][INFO] - Run finished 20 round(s) in 647.95s
[2026-06-05 16:30:49,510][flwr][INFO] - 	History (loss, distributed):
[2026-06-05 16:30:49,510][flwr][INFO] - 		round 1: 73.31334135532379
[2026-06-05 16:30:49,510][flwr][INFO] - 		round 2: 73.31334135532379
[2026-06-05 16:30:49,510][flwr][INFO] - 		round 3: 403.3247522354126
[2026-06-05 16:30:49,510][flwr][INFO] - 		round 4: 403.3247522354126
[2026-06-05 16:30:49,510][flwr][INFO] - 		round 5: 154.33697352409362
[2026-06-05 16:30:49,510][flwr][INFO] - 		round 6: 154.33697352409362
[2026-06-05 16:30:49,510][flwr][INFO] - 		round 7: 333.33659811019896
[2026-06-05 16:30:49,510][flwr][INFO] - 		round 8: 333.33659811019896
[2026-06-05 16:30:49,510][flwr][INFO] - 		round 9: 179.5389567375183
[2026-06-05 16:30:49,510][flwr][INFO] - 		round 10: 179.5389567375183
[2026-06-05 16:30:49,510][flwr][INFO] - 		round 11: 81.53892245292664
[2026-06-05 16:30:49,515][flwr][INFO] - 		round 12: 81.53892245292664
[2026-06-05 16:30:49,515][flwr][INFO] - 		round 13: 276.9343143463135
[2026-06-05 16:30:49,515][flwr][INFO] - 		round 14: 276.9343143463135
[2026-06-05 16:30:49,516][flwr][INFO] - 		round 15: 639.7027709960937
[2026-06-05 16:30:49,516][flwr][INFO] - 		round 16: 639.7027709960937
[2026-06-05 16:30:49,516][flwr][INFO] - 		round 17: 260.4520917415619
[2026-06-05 16:30:49,516][flwr][INFO] - 		round 18: 260.4520917415619
[2026-06-05 16:30:49,516][flwr][INFO] - 		round 19: 385.6999273777008
[2026-06-05 16:30:49,517][flwr][INFO] - 		round 20: 385.6999273777008
[2026-06-05 16:30:49,517][flwr][INFO] - 	History (loss, centralized):
[2026-06-05 16:30:49,518][flwr][INFO] - 		round 0: 182.2361295223236
[2026-06-05 16:30:49,518][flwr][INFO] - 		round 1: 181.32836484909058
[2026-06-05 16:30:49,518][flwr][INFO] - 		round 2: 181.32836484909058
[2026-06-05 16:30:49,519][flwr][INFO] - 		round 3: 998.8044624328613
[2026-06-05 16:30:49,519][flwr][INFO] - 		round 4: 998.8044624328613
[2026-06-05 16:30:49,519][flwr][INFO] - 		round 5: 382.19179821014404
[2026-06-05 16:30:49,519][flwr][INFO] - 		round 6: 382.19179821014404
[2026-06-05 16:30:49,520][flwr][INFO] - 		round 7: 825.6850748062134
[2026-06-05 16:30:49,520][flwr][INFO] - 		round 8: 825.6850748062134
[2026-06-05 16:30:49,520][flwr][INFO] - 		round 9: 445.0132932662964
[2026-06-05 16:30:49,520][flwr][INFO] - 		round 10: 445.0132932662964
[2026-06-05 16:30:49,521][flwr][INFO] - 		round 11: 201.48511147499084
[2026-06-05 16:30:49,521][flwr][INFO] - 		round 12: 201.48511147499084
[2026-06-05 16:30:49,521][flwr][INFO] - 		round 13: 686.9502568244934
[2026-06-05 16:30:49,521][flwr][INFO] - 		round 14: 686.9502568244934
[2026-06-05 16:30:49,521][flwr][INFO] - 		round 15: 1587.2243328094482
[2026-06-05 16:30:49,521][flwr][INFO] - 		round 16: 1587.2243328094482
[2026-06-05 16:30:49,521][flwr][INFO] - 		round 17: 645.2011499404907
[2026-06-05 16:30:49,521][flwr][INFO] - 		round 18: 645.2011499404907
[2026-06-05 16:30:49,521][flwr][INFO] - 		round 19: 956.979471206665
[2026-06-05 16:30:49,521][flwr][INFO] - 		round 20: 956.979471206665
[2026-06-05 16:30:49,521][flwr][INFO] - 	History (metrics, centralized):
[2026-06-05 16:30:49,521][flwr][INFO] - 	{'accuracy': [(0, 0.0623),
[2026-06-05 16:30:49,521][flwr][INFO] - 	              (1, 0.1934),
[2026-06-05 16:30:49,521][flwr][INFO] - 	              (2, 0.1934),
[2026-06-05 16:30:49,521][flwr][INFO] - 	              (3, 0.1028),
[2026-06-05 16:30:49,521][flwr][INFO] - 	              (4, 0.1028),
[2026-06-05 16:30:49,521][flwr][INFO] - 	              (5, 0.098),
[2026-06-05 16:30:49,521][flwr][INFO] - 	              (6, 0.098),
[2026-06-05 16:30:49,521][flwr][INFO] - 	              (7, 0.0958),
[2026-06-05 16:30:49,521][flwr][INFO] - 	              (8, 0.0958),
[2026-06-05 16:30:49,521][flwr][INFO] - 	              (9, 0.1028),
[2026-06-05 16:30:49,521][flwr][INFO] - 	              (10, 0.1028),
[2026-06-05 16:30:49,521][flwr][INFO] - 	              (11, 0.0974),
[2026-06-05 16:30:49,521][flwr][INFO] - 	              (12, 0.0974),
[2026-06-05 16:30:49,526][flwr][INFO] - 	              (13, 0.1028),
[2026-06-05 16:30:49,526][flwr][INFO] - 	              (14, 0.1028),
[2026-06-05 16:30:49,526][flwr][INFO] - 	              (15, 0.1154),
[2026-06-05 16:30:49,526][flwr][INFO] - 	              (16, 0.1154),
[2026-06-05 16:30:49,526][flwr][INFO] - 	              (17, 0.1028),
[2026-06-05 16:30:49,526][flwr][INFO] - 	              (18, 0.1028),
[2026-06-05 16:30:49,527][flwr][INFO] - 	              (19, 0.1009),
[2026-06-05 16:30:49,527][flwr][INFO] - 	              (20, 0.1009)]}
[2026-06-05 16:30:49,527][flwr][INFO] - 
