[2026-06-05 14:49:28,930][flwr][WARNING] - DEPRECATED FEATURE: flwr.simulation.start_simulation() is deprecated.
	Instead, use the `flwr run` CLI command to start a local simulation in your Flower app, as shown for example below:

		$ flwr new  # Create a new Flower app from a template

		$ flwr run  # Run the Flower app in Simulation Mode

	Using `start_simulation()` is deprecated.

            This is a deprecated feature. It will be removed
            entirely in future versions of Flower.
        
[2026-06-05 14:49:28,931][flwr][INFO] - Starting Flower simulation, config: num_rounds=10, no round_timeout
[2026-06-05 14:49:33,434][flwr][INFO] - Flower VCE: Ray initialized with resources: {'node:127.0.0.1': 1.0, 'GPU': 1.0, 'memory': 2994050663.0, 'accelerator_type:G': 1.0, 'node:__internal_head__': 1.0, 'object_store_memory': 1283164569.0, 'CPU': 8.0}
[2026-06-05 14:49:33,435][flwr][INFO] - Optimize your simulation with Flower VCE: https://flower.ai/docs/framework/how-to-run-simulations.html
[2026-06-05 14:49:33,435][flwr][INFO] - Flower VCE: Resources for each Virtual Client: {'num_cpus': 1.0, 'num_gpus': 0.25}
[2026-06-05 14:49:33,465][flwr][INFO] - Flower VCE: Creating VirtualClientEngineActorPool with 4 actors
[2026-06-05 14:49:33,466][flwr][INFO] - [INIT]
[2026-06-05 14:49:33,467][flwr][INFO] - Requesting initial parameters from one random client
[2026-06-05 14:49:40,176][flwr][INFO] - Received initial parameters from one random client
[2026-06-05 14:49:40,176][flwr][INFO] - Starting evaluation of initial global parameters
[2026-06-05 14:49:43,955][flwr][INFO] - initial parameters (loss, other metrics): 182.25082874298096, {'accuracy': 0.0993}
[2026-06-05 14:49:43,956][flwr][INFO] - 
[2026-06-05 14:49:43,956][flwr][INFO] - [ROUND 1]
[2026-06-05 14:49:43,958][flwr][INFO] - configure_fit: strategy sampled 5 clients (out of 10)
[2026-06-05 14:51:14,513][flwr][INFO] - aggregate_fit: received 5 results and 0 failures
[2026-06-05 14:51:18,114][flwr][INFO] - fit progress: (1, nan, {'accuracy': 0.098}, 94.15814909999972)
[2026-06-05 14:51:18,115][flwr][INFO] - configure_evaluate: strategy sampled 10 clients (out of 10)
[2026-06-05 14:51:23,678][flwr][INFO] - aggregate_evaluate: received 10 results and 0 failures
[2026-06-05 14:51:23,679][flwr][WARNING] - No evaluate_metrics_aggregation_fn provided
[2026-06-05 14:51:23,679][flwr][INFO] - 
[2026-06-05 14:51:23,679][flwr][INFO] - [ROUND 2]
[2026-06-05 14:51:23,681][flwr][INFO] - configure_fit: strategy sampled 5 clients (out of 10)
[2026-06-05 14:52:25,712][flwr][INFO] - aggregate_fit: received 5 results and 0 failures
[2026-06-05 14:52:29,153][flwr][INFO] - fit progress: (2, nan, {'accuracy': 0.098}, 165.19760730000053)
[2026-06-05 14:52:29,154][flwr][INFO] - configure_evaluate: strategy sampled 10 clients (out of 10)
[2026-06-05 14:52:34,706][flwr][INFO] - aggregate_evaluate: received 10 results and 0 failures
[2026-06-05 14:52:34,706][flwr][INFO] - 
[2026-06-05 14:52:34,707][flwr][INFO] - [ROUND 3]
[2026-06-05 14:52:34,709][flwr][INFO] - configure_fit: strategy sampled 5 clients (out of 10)
[2026-06-05 14:53:48,060][flwr][INFO] - aggregate_fit: received 5 results and 0 failures
[2026-06-05 14:53:51,488][flwr][INFO] - fit progress: (3, nan, {'accuracy': 0.098}, 247.53245590000006)
[2026-06-05 14:53:51,489][flwr][INFO] - configure_evaluate: strategy sampled 10 clients (out of 10)
[2026-06-05 14:53:56,919][flwr][INFO] - aggregate_evaluate: received 10 results and 0 failures
[2026-06-05 14:53:56,920][flwr][INFO] - 
[2026-06-05 14:53:56,920][flwr][INFO] - [ROUND 4]
[2026-06-05 14:53:56,922][flwr][INFO] - configure_fit: strategy sampled 5 clients (out of 10)
[2026-06-05 14:55:02,978][flwr][INFO] - aggregate_fit: received 5 results and 0 failures
[2026-06-05 14:55:06,795][flwr][INFO] - fit progress: (4, nan, {'accuracy': 0.098}, 322.8396759999996)
[2026-06-05 14:55:06,795][flwr][INFO] - configure_evaluate: strategy sampled 10 clients (out of 10)
[2026-06-05 14:55:12,291][flwr][INFO] - aggregate_evaluate: received 10 results and 0 failures
[2026-06-05 14:55:12,292][flwr][INFO] - 
[2026-06-05 14:55:12,292][flwr][INFO] - [ROUND 5]
[2026-06-05 14:55:12,295][flwr][INFO] - configure_fit: strategy sampled 5 clients (out of 10)
[2026-06-05 14:55:19,490][flwr][ERROR] - Traceback (most recent call last):
  File "d:\PROGRAMACAO\ML\FL\Modelo_teste\env\lib\site-packages\flwr\simulation\ray_transport\ray_client_proxy.py", line 90, in _submit_job
    out_mssg, updated_context = self.actor_pool.get_client_result(
  File "d:\PROGRAMACAO\ML\FL\Modelo_teste\env\lib\site-packages\flwr\simulation\ray_transport\ray_actor.py", line 400, in get_client_result
    return self._fetch_future_result(cid)
  File "d:\PROGRAMACAO\ML\FL\Modelo_teste\env\lib\site-packages\flwr\simulation\ray_transport\ray_actor.py", line 281, in _fetch_future_result
    res_cid, out_mssg, updated_context = ray.get(
  File "d:\PROGRAMACAO\ML\FL\Modelo_teste\env\lib\site-packages\ray\_private\auto_init_hook.py", line 22, in auto_init_wrapper
    return fn(*args, **kwargs)
  File "d:\PROGRAMACAO\ML\FL\Modelo_teste\env\lib\site-packages\ray\_private\client_mode_hook.py", line 104, in wrapper
    return func(*args, **kwargs)
  File "d:\PROGRAMACAO\ML\FL\Modelo_teste\env\lib\site-packages\ray\_private\worker.py", line 2961, in get
    values, debugger_breakpoint = worker.get_objects(
  File "d:\PROGRAMACAO\ML\FL\Modelo_teste\env\lib\site-packages\ray\_private\worker.py", line 1026, in get_objects
    raise value.as_instanceof_cause()
ray.exceptions.RayTaskError(ClientAppException): [36mray::ClientAppActor.run()[39m (pid=11676, ip=127.0.0.1, actor_id=854336d83468ecf70921cee901000000, repr=<flwr.simulation.ray_transport.ray_actor.ClientAppActor object at 0x000000005A1BEC20>)
  File "d:\PROGRAMACAO\ML\FL\Modelo_teste\env\lib\site-packages\flwr\clientapp\client_app.py", line 144, in __call__
    return self._call(message, context)
  File "d:\PROGRAMACAO\ML\FL\Modelo_teste\env\lib\site-packages\flwr\clientapp\client_app.py", line 128, in ffn
    out_message = handle_legacy_message_from_msgtype(
  File "d:\PROGRAMACAO\ML\FL\Modelo_teste\env\lib\site-packages\flwr\client\message_handler\message_handler.py", line 129, in handle_legacy_message_from_msgtype
    fit_res = maybe_call_fit(
  File "d:\PROGRAMACAO\ML\FL\Modelo_teste\env\lib\site-packages\flwr\client\client.py", line 224, in maybe_call_fit
    return client.fit(fit_ins)
  File "d:\PROGRAMACAO\ML\FL\Modelo_teste\env\lib\site-packages\flwr\client\numpy_client.py", line 234, in _fit
    raise TypeError(EXCEPTION_MESSAGE_WRONG_RETURN_TYPE_FIT)
TypeError: 
NumPyClient.fit did not return a tuple with 3 elements.
The returned values should have the following type signature:

    Tuple[NDArrays, int, Dict[str, Scalar]]

Example
-------

    model.get_weights(), 10, {"accuracy": 0.95}



The above exception was the direct cause of the following exception:

[36mray::ClientAppActor.run()[39m (pid=11676, ip=127.0.0.1, actor_id=854336d83468ecf70921cee901000000, repr=<flwr.simulation.ray_transport.ray_actor.ClientAppActor object at 0x000000005A1BEC20>)
  File "python\\ray\\_raylet.pyx", line 1982, in ray._raylet.execute_task
  File "python\\ray\\_raylet.pyx", line 2093, in ray._raylet.execute_task
  File "python\\ray\\_raylet.pyx", line 1989, in ray._raylet.execute_task
  File "python\\ray\\_raylet.pyx", line 1932, in ray._raylet.execute_task.function_executor
  File "d:\PROGRAMACAO\ML\FL\Modelo_teste\env\lib\site-packages\ray\_private\function_manager.py", line 693, in actor_method_executor
    return method(__ray_actor, *args, **kwargs)
  File "d:\PROGRAMACAO\ML\FL\Modelo_teste\env\lib\site-packages\ray\util\tracing\tracing_helper.py", line 461, in _resume_span
    return method(self, *_args, **_kwargs)
  File "d:\PROGRAMACAO\ML\FL\Modelo_teste\env\lib\site-packages\flwr\simulation\ray_transport\ray_actor.py", line 65, in run
    raise ClientAppException(str(ex)) from ex
flwr.clientapp.client_app.ClientAppException: 
Exception ClientAppException occurred. Message: 
NumPyClient.fit did not return a tuple with 3 elements.
The returned values should have the following type signature:

    Tuple[NDArrays, int, Dict[str, Scalar]]

Example
-------

    model.get_weights(), 10, {"accuracy": 0.95}

[2026-06-05 14:55:19,490][flwr][ERROR] - [36mray::ClientAppActor.run()[39m (pid=11676, ip=127.0.0.1, actor_id=854336d83468ecf70921cee901000000, repr=<flwr.simulation.ray_transport.ray_actor.ClientAppActor object at 0x000000005A1BEC20>)
  File "d:\PROGRAMACAO\ML\FL\Modelo_teste\env\lib\site-packages\flwr\clientapp\client_app.py", line 144, in __call__
    return self._call(message, context)
  File "d:\PROGRAMACAO\ML\FL\Modelo_teste\env\lib\site-packages\flwr\clientapp\client_app.py", line 128, in ffn
    out_message = handle_legacy_message_from_msgtype(
  File "d:\PROGRAMACAO\ML\FL\Modelo_teste\env\lib\site-packages\flwr\client\message_handler\message_handler.py", line 129, in handle_legacy_message_from_msgtype
    fit_res = maybe_call_fit(
  File "d:\PROGRAMACAO\ML\FL\Modelo_teste\env\lib\site-packages\flwr\client\client.py", line 224, in maybe_call_fit
    return client.fit(fit_ins)
  File "d:\PROGRAMACAO\ML\FL\Modelo_teste\env\lib\site-packages\flwr\client\numpy_client.py", line 234, in _fit
    raise TypeError(EXCEPTION_MESSAGE_WRONG_RETURN_TYPE_FIT)
TypeError: 
NumPyClient.fit did not return a tuple with 3 elements.
The returned values should have the following type signature:

    Tuple[NDArrays, int, Dict[str, Scalar]]

Example
-------

    model.get_weights(), 10, {"accuracy": 0.95}



The above exception was the direct cause of the following exception:

[36mray::ClientAppActor.run()[39m (pid=11676, ip=127.0.0.1, actor_id=854336d83468ecf70921cee901000000, repr=<flwr.simulation.ray_transport.ray_actor.ClientAppActor object at 0x000000005A1BEC20>)
  File "python\\ray\\_raylet.pyx", line 1982, in ray._raylet.execute_task
  File "python\\ray\\_raylet.pyx", line 2093, in ray._raylet.execute_task
  File "python\\ray\\_raylet.pyx", line 1989, in ray._raylet.execute_task
  File "python\\ray\\_raylet.pyx", line 1932, in ray._raylet.execute_task.function_executor
  File "d:\PROGRAMACAO\ML\FL\Modelo_teste\env\lib\site-packages\ray\_private\function_manager.py", line 693, in actor_method_executor
    return method(__ray_actor, *args, **kwargs)
  File "d:\PROGRAMACAO\ML\FL\Modelo_teste\env\lib\site-packages\ray\util\tracing\tracing_helper.py", line 461, in _resume_span
    return method(self, *_args, **_kwargs)
  File "d:\PROGRAMACAO\ML\FL\Modelo_teste\env\lib\site-packages\flwr\simulation\ray_transport\ray_actor.py", line 65, in run
    raise ClientAppException(str(ex)) from ex
flwr.clientapp.client_app.ClientAppException: 
Exception ClientAppException occurred. Message: 
NumPyClient.fit did not return a tuple with 3 elements.
The returned values should have the following type signature:

    Tuple[NDArrays, int, Dict[str, Scalar]]

Example
-------

    model.get_weights(), 10, {"accuracy": 0.95}
[2026-06-05 14:55:19,623][flwr][ERROR] - Traceback (most recent call last):
  File "d:\PROGRAMACAO\ML\FL\Modelo_teste\env\lib\site-packages\flwr\simulation\ray_transport\ray_client_proxy.py", line 90, in _submit_job
    out_mssg, updated_context = self.actor_pool.get_client_result(
  File "d:\PROGRAMACAO\ML\FL\Modelo_teste\env\lib\site-packages\flwr\simulation\ray_transport\ray_actor.py", line 400, in get_client_result
    return self._fetch_future_result(cid)
  File "d:\PROGRAMACAO\ML\FL\Modelo_teste\env\lib\site-packages\flwr\simulation\ray_transport\ray_actor.py", line 281, in _fetch_future_result
    res_cid, out_mssg, updated_context = ray.get(
  File "d:\PROGRAMACAO\ML\FL\Modelo_teste\env\lib\site-packages\ray\_private\auto_init_hook.py", line 22, in auto_init_wrapper
    return fn(*args, **kwargs)
  File "d:\PROGRAMACAO\ML\FL\Modelo_teste\env\lib\site-packages\ray\_private\client_mode_hook.py", line 104, in wrapper
    return func(*args, **kwargs)
  File "d:\PROGRAMACAO\ML\FL\Modelo_teste\env\lib\site-packages\ray\_private\worker.py", line 2961, in get
    values, debugger_breakpoint = worker.get_objects(
  File "d:\PROGRAMACAO\ML\FL\Modelo_teste\env\lib\site-packages\ray\_private\worker.py", line 1026, in get_objects
    raise value.as_instanceof_cause()
ray.exceptions.RayTaskError(ClientAppException): [36mray::ClientAppActor.run()[39m (pid=12400, ip=127.0.0.1, actor_id=7c7cbd7d04a8af35c642328c01000000, repr=<flwr.simulation.ray_transport.ray_actor.ClientAppActor object at 0x000000005A1AEC50>)
  File "d:\PROGRAMACAO\ML\FL\Modelo_teste\env\lib\site-packages\flwr\clientapp\client_app.py", line 144, in __call__
    return self._call(message, context)
  File "d:\PROGRAMACAO\ML\FL\Modelo_teste\env\lib\site-packages\flwr\clientapp\client_app.py", line 128, in ffn
    out_message = handle_legacy_message_from_msgtype(
  File "d:\PROGRAMACAO\ML\FL\Modelo_teste\env\lib\site-packages\flwr\client\message_handler\message_handler.py", line 129, in handle_legacy_message_from_msgtype
    fit_res = maybe_call_fit(
  File "d:\PROGRAMACAO\ML\FL\Modelo_teste\env\lib\site-packages\flwr\client\client.py", line 224, in maybe_call_fit
    return client.fit(fit_ins)
  File "d:\PROGRAMACAO\ML\FL\Modelo_teste\env\lib\site-packages\flwr\client\numpy_client.py", line 234, in _fit
    raise TypeError(EXCEPTION_MESSAGE_WRONG_RETURN_TYPE_FIT)
TypeError: 
NumPyClient.fit did not return a tuple with 3 elements.
The returned values should have the following type signature:

    Tuple[NDArrays, int, Dict[str, Scalar]]

Example
-------

    model.get_weights(), 10, {"accuracy": 0.95}



The above exception was the direct cause of the following exception:

[36mray::ClientAppActor.run()[39m (pid=12400, ip=127.0.0.1, actor_id=7c7cbd7d04a8af35c642328c01000000, repr=<flwr.simulation.ray_transport.ray_actor.ClientAppActor object at 0x000000005A1AEC50>)
  File "python\\ray\\_raylet.pyx", line 1982, in ray._raylet.execute_task
  File "python\\ray\\_raylet.pyx", line 2093, in ray._raylet.execute_task
  File "python\\ray\\_raylet.pyx", line 1989, in ray._raylet.execute_task
  File "python\\ray\\_raylet.pyx", line 1932, in ray._raylet.execute_task.function_executor
  File "d:\PROGRAMACAO\ML\FL\Modelo_teste\env\lib\site-packages\ray\_private\function_manager.py", line 693, in actor_method_executor
    return method(__ray_actor, *args, **kwargs)
  File "d:\PROGRAMACAO\ML\FL\Modelo_teste\env\lib\site-packages\ray\util\tracing\tracing_helper.py", line 461, in _resume_span
    return method(self, *_args, **_kwargs)
  File "d:\PROGRAMACAO\ML\FL\Modelo_teste\env\lib\site-packages\flwr\simulation\ray_transport\ray_actor.py", line 65, in run
    raise ClientAppException(str(ex)) from ex
flwr.clientapp.client_app.ClientAppException: 
Exception ClientAppException occurred. Message: 
NumPyClient.fit did not return a tuple with 3 elements.
The returned values should have the following type signature:

    Tuple[NDArrays, int, Dict[str, Scalar]]

Example
-------

    model.get_weights(), 10, {"accuracy": 0.95}

[2026-06-05 14:55:19,624][flwr][ERROR] - [36mray::ClientAppActor.run()[39m (pid=12400, ip=127.0.0.1, actor_id=7c7cbd7d04a8af35c642328c01000000, repr=<flwr.simulation.ray_transport.ray_actor.ClientAppActor object at 0x000000005A1AEC50>)
  File "d:\PROGRAMACAO\ML\FL\Modelo_teste\env\lib\site-packages\flwr\clientapp\client_app.py", line 144, in __call__
    return self._call(message, context)
  File "d:\PROGRAMACAO\ML\FL\Modelo_teste\env\lib\site-packages\flwr\clientapp\client_app.py", line 128, in ffn
    out_message = handle_legacy_message_from_msgtype(
  File "d:\PROGRAMACAO\ML\FL\Modelo_teste\env\lib\site-packages\flwr\client\message_handler\message_handler.py", line 129, in handle_legacy_message_from_msgtype
    fit_res = maybe_call_fit(
  File "d:\PROGRAMACAO\ML\FL\Modelo_teste\env\lib\site-packages\flwr\client\client.py", line 224, in maybe_call_fit
    return client.fit(fit_ins)
  File "d:\PROGRAMACAO\ML\FL\Modelo_teste\env\lib\site-packages\flwr\client\numpy_client.py", line 234, in _fit
    raise TypeError(EXCEPTION_MESSAGE_WRONG_RETURN_TYPE_FIT)
TypeError: 
NumPyClient.fit did not return a tuple with 3 elements.
The returned values should have the following type signature:

    Tuple[NDArrays, int, Dict[str, Scalar]]

Example
-------

    model.get_weights(), 10, {"accuracy": 0.95}



The above exception was the direct cause of the following exception:

[36mray::ClientAppActor.run()[39m (pid=12400, ip=127.0.0.1, actor_id=7c7cbd7d04a8af35c642328c01000000, repr=<flwr.simulation.ray_transport.ray_actor.ClientAppActor object at 0x000000005A1AEC50>)
  File "python\\ray\\_raylet.pyx", line 1982, in ray._raylet.execute_task
  File "python\\ray\\_raylet.pyx", line 2093, in ray._raylet.execute_task
  File "python\\ray\\_raylet.pyx", line 1989, in ray._raylet.execute_task
  File "python\\ray\\_raylet.pyx", line 1932, in ray._raylet.execute_task.function_executor
  File "d:\PROGRAMACAO\ML\FL\Modelo_teste\env\lib\site-packages\ray\_private\function_manager.py", line 693, in actor_method_executor
    return method(__ray_actor, *args, **kwargs)
  File "d:\PROGRAMACAO\ML\FL\Modelo_teste\env\lib\site-packages\ray\util\tracing\tracing_helper.py", line 461, in _resume_span
    return method(self, *_args, **_kwargs)
  File "d:\PROGRAMACAO\ML\FL\Modelo_teste\env\lib\site-packages\flwr\simulation\ray_transport\ray_actor.py", line 65, in run
    raise ClientAppException(str(ex)) from ex
flwr.clientapp.client_app.ClientAppException: 
Exception ClientAppException occurred. Message: 
NumPyClient.fit did not return a tuple with 3 elements.
The returned values should have the following type signature:

    Tuple[NDArrays, int, Dict[str, Scalar]]

Example
-------

    model.get_weights(), 10, {"accuracy": 0.95}
[2026-06-05 14:55:21,454][flwr][ERROR] - Traceback (most recent call last):
  File "d:\PROGRAMACAO\ML\FL\Modelo_teste\env\lib\site-packages\flwr\simulation\ray_transport\ray_client_proxy.py", line 90, in _submit_job
    out_mssg, updated_context = self.actor_pool.get_client_result(
  File "d:\PROGRAMACAO\ML\FL\Modelo_teste\env\lib\site-packages\flwr\simulation\ray_transport\ray_actor.py", line 400, in get_client_result
    return self._fetch_future_result(cid)
  File "d:\PROGRAMACAO\ML\FL\Modelo_teste\env\lib\site-packages\flwr\simulation\ray_transport\ray_actor.py", line 281, in _fetch_future_result
    res_cid, out_mssg, updated_context = ray.get(
  File "d:\PROGRAMACAO\ML\FL\Modelo_teste\env\lib\site-packages\ray\_private\auto_init_hook.py", line 22, in auto_init_wrapper
    return fn(*args, **kwargs)
  File "d:\PROGRAMACAO\ML\FL\Modelo_teste\env\lib\site-packages\ray\_private\client_mode_hook.py", line 104, in wrapper
    return func(*args, **kwargs)
  File "d:\PROGRAMACAO\ML\FL\Modelo_teste\env\lib\site-packages\ray\_private\worker.py", line 2961, in get
    values, debugger_breakpoint = worker.get_objects(
  File "d:\PROGRAMACAO\ML\FL\Modelo_teste\env\lib\site-packages\ray\_private\worker.py", line 1026, in get_objects
    raise value.as_instanceof_cause()
ray.exceptions.RayTaskError(ClientAppException): [36mray::ClientAppActor.run()[39m (pid=1236, ip=127.0.0.1, actor_id=a3580a68b54454656185477701000000, repr=<flwr.simulation.ray_transport.ray_actor.ClientAppActor object at 0x000000005A1EEC50>)
  File "d:\PROGRAMACAO\ML\FL\Modelo_teste\env\lib\site-packages\flwr\clientapp\client_app.py", line 144, in __call__
    return self._call(message, context)
  File "d:\PROGRAMACAO\ML\FL\Modelo_teste\env\lib\site-packages\flwr\clientapp\client_app.py", line 128, in ffn
    out_message = handle_legacy_message_from_msgtype(
  File "d:\PROGRAMACAO\ML\FL\Modelo_teste\env\lib\site-packages\flwr\client\message_handler\message_handler.py", line 129, in handle_legacy_message_from_msgtype
    fit_res = maybe_call_fit(
  File "d:\PROGRAMACAO\ML\FL\Modelo_teste\env\lib\site-packages\flwr\client\client.py", line 224, in maybe_call_fit
    return client.fit(fit_ins)
  File "d:\PROGRAMACAO\ML\FL\Modelo_teste\env\lib\site-packages\flwr\client\numpy_client.py", line 234, in _fit
    raise TypeError(EXCEPTION_MESSAGE_WRONG_RETURN_TYPE_FIT)
TypeError: 
NumPyClient.fit did not return a tuple with 3 elements.
The returned values should have the following type signature:

    Tuple[NDArrays, int, Dict[str, Scalar]]

Example
-------

    model.get_weights(), 10, {"accuracy": 0.95}



The above exception was the direct cause of the following exception:

[36mray::ClientAppActor.run()[39m (pid=1236, ip=127.0.0.1, actor_id=a3580a68b54454656185477701000000, repr=<flwr.simulation.ray_transport.ray_actor.ClientAppActor object at 0x000000005A1EEC50>)
  File "python\\ray\\_raylet.pyx", line 1982, in ray._raylet.execute_task
  File "python\\ray\\_raylet.pyx", line 2093, in ray._raylet.execute_task
  File "python\\ray\\_raylet.pyx", line 1989, in ray._raylet.execute_task
  File "python\\ray\\_raylet.pyx", line 1932, in ray._raylet.execute_task.function_executor
  File "d:\PROGRAMACAO\ML\FL\Modelo_teste\env\lib\site-packages\ray\_private\function_manager.py", line 693, in actor_method_executor
    return method(__ray_actor, *args, **kwargs)
  File "d:\PROGRAMACAO\ML\FL\Modelo_teste\env\lib\site-packages\ray\util\tracing\tracing_helper.py", line 461, in _resume_span
    return method(self, *_args, **_kwargs)
  File "d:\PROGRAMACAO\ML\FL\Modelo_teste\env\lib\site-packages\flwr\simulation\ray_transport\ray_actor.py", line 65, in run
    raise ClientAppException(str(ex)) from ex
flwr.clientapp.client_app.ClientAppException: 
Exception ClientAppException occurred. Message: 
NumPyClient.fit did not return a tuple with 3 elements.
The returned values should have the following type signature:

    Tuple[NDArrays, int, Dict[str, Scalar]]

Example
-------

    model.get_weights(), 10, {"accuracy": 0.95}

[2026-06-05 14:55:21,455][flwr][ERROR] - [36mray::ClientAppActor.run()[39m (pid=1236, ip=127.0.0.1, actor_id=a3580a68b54454656185477701000000, repr=<flwr.simulation.ray_transport.ray_actor.ClientAppActor object at 0x000000005A1EEC50>)
  File "d:\PROGRAMACAO\ML\FL\Modelo_teste\env\lib\site-packages\flwr\clientapp\client_app.py", line 144, in __call__
    return self._call(message, context)
  File "d:\PROGRAMACAO\ML\FL\Modelo_teste\env\lib\site-packages\flwr\clientapp\client_app.py", line 128, in ffn
    out_message = handle_legacy_message_from_msgtype(
  File "d:\PROGRAMACAO\ML\FL\Modelo_teste\env\lib\site-packages\flwr\client\message_handler\message_handler.py", line 129, in handle_legacy_message_from_msgtype
    fit_res = maybe_call_fit(
  File "d:\PROGRAMACAO\ML\FL\Modelo_teste\env\lib\site-packages\flwr\client\client.py", line 224, in maybe_call_fit
    return client.fit(fit_ins)
  File "d:\PROGRAMACAO\ML\FL\Modelo_teste\env\lib\site-packages\flwr\client\numpy_client.py", line 234, in _fit
    raise TypeError(EXCEPTION_MESSAGE_WRONG_RETURN_TYPE_FIT)
TypeError: 
NumPyClient.fit did not return a tuple with 3 elements.
The returned values should have the following type signature:

    Tuple[NDArrays, int, Dict[str, Scalar]]

Example
-------

    model.get_weights(), 10, {"accuracy": 0.95}



The above exception was the direct cause of the following exception:

[36mray::ClientAppActor.run()[39m (pid=1236, ip=127.0.0.1, actor_id=a3580a68b54454656185477701000000, repr=<flwr.simulation.ray_transport.ray_actor.ClientAppActor object at 0x000000005A1EEC50>)
  File "python\\ray\\_raylet.pyx", line 1982, in ray._raylet.execute_task
  File "python\\ray\\_raylet.pyx", line 2093, in ray._raylet.execute_task
  File "python\\ray\\_raylet.pyx", line 1989, in ray._raylet.execute_task
  File "python\\ray\\_raylet.pyx", line 1932, in ray._raylet.execute_task.function_executor
  File "d:\PROGRAMACAO\ML\FL\Modelo_teste\env\lib\site-packages\ray\_private\function_manager.py", line 693, in actor_method_executor
    return method(__ray_actor, *args, **kwargs)
  File "d:\PROGRAMACAO\ML\FL\Modelo_teste\env\lib\site-packages\ray\util\tracing\tracing_helper.py", line 461, in _resume_span
    return method(self, *_args, **_kwargs)
  File "d:\PROGRAMACAO\ML\FL\Modelo_teste\env\lib\site-packages\flwr\simulation\ray_transport\ray_actor.py", line 65, in run
    raise ClientAppException(str(ex)) from ex
flwr.clientapp.client_app.ClientAppException: 
Exception ClientAppException occurred. Message: 
NumPyClient.fit did not return a tuple with 3 elements.
The returned values should have the following type signature:

    Tuple[NDArrays, int, Dict[str, Scalar]]

Example
-------

    model.get_weights(), 10, {"accuracy": 0.95}
[2026-06-05 14:55:22,199][flwr][ERROR] - Traceback (most recent call last):
  File "d:\PROGRAMACAO\ML\FL\Modelo_teste\env\lib\site-packages\flwr\simulation\ray_transport\ray_client_proxy.py", line 90, in _submit_job
    out_mssg, updated_context = self.actor_pool.get_client_result(
  File "d:\PROGRAMACAO\ML\FL\Modelo_teste\env\lib\site-packages\flwr\simulation\ray_transport\ray_actor.py", line 400, in get_client_result
    return self._fetch_future_result(cid)
  File "d:\PROGRAMACAO\ML\FL\Modelo_teste\env\lib\site-packages\flwr\simulation\ray_transport\ray_actor.py", line 281, in _fetch_future_result
    res_cid, out_mssg, updated_context = ray.get(
  File "d:\PROGRAMACAO\ML\FL\Modelo_teste\env\lib\site-packages\ray\_private\auto_init_hook.py", line 22, in auto_init_wrapper
    return fn(*args, **kwargs)
  File "d:\PROGRAMACAO\ML\FL\Modelo_teste\env\lib\site-packages\ray\_private\client_mode_hook.py", line 104, in wrapper
    return func(*args, **kwargs)
  File "d:\PROGRAMACAO\ML\FL\Modelo_teste\env\lib\site-packages\ray\_private\worker.py", line 2961, in get
    values, debugger_breakpoint = worker.get_objects(
  File "d:\PROGRAMACAO\ML\FL\Modelo_teste\env\lib\site-packages\ray\_private\worker.py", line 1026, in get_objects
    raise value.as_instanceof_cause()
ray.exceptions.RayTaskError(ClientAppException): [36mray::ClientAppActor.run()[39m (pid=10692, ip=127.0.0.1, actor_id=d9ced719e5547c782eb36eff01000000, repr=<flwr.simulation.ray_transport.ray_actor.ClientAppActor object at 0x000000005A1CECE0>)
  File "d:\PROGRAMACAO\ML\FL\Modelo_teste\env\lib\site-packages\flwr\clientapp\client_app.py", line 144, in __call__
    return self._call(message, context)
  File "d:\PROGRAMACAO\ML\FL\Modelo_teste\env\lib\site-packages\flwr\clientapp\client_app.py", line 128, in ffn
    out_message = handle_legacy_message_from_msgtype(
  File "d:\PROGRAMACAO\ML\FL\Modelo_teste\env\lib\site-packages\flwr\client\message_handler\message_handler.py", line 129, in handle_legacy_message_from_msgtype
    fit_res = maybe_call_fit(
  File "d:\PROGRAMACAO\ML\FL\Modelo_teste\env\lib\site-packages\flwr\client\client.py", line 224, in maybe_call_fit
    return client.fit(fit_ins)
  File "d:\PROGRAMACAO\ML\FL\Modelo_teste\env\lib\site-packages\flwr\client\numpy_client.py", line 234, in _fit
    raise TypeError(EXCEPTION_MESSAGE_WRONG_RETURN_TYPE_FIT)
TypeError: 
NumPyClient.fit did not return a tuple with 3 elements.
The returned values should have the following type signature:

    Tuple[NDArrays, int, Dict[str, Scalar]]

Example
-------

    model.get_weights(), 10, {"accuracy": 0.95}



The above exception was the direct cause of the following exception:

[36mray::ClientAppActor.run()[39m (pid=10692, ip=127.0.0.1, actor_id=d9ced719e5547c782eb36eff01000000, repr=<flwr.simulation.ray_transport.ray_actor.ClientAppActor object at 0x000000005A1CECE0>)
  File "python\\ray\\_raylet.pyx", line 1982, in ray._raylet.execute_task
  File "python\\ray\\_raylet.pyx", line 2093, in ray._raylet.execute_task
  File "python\\ray\\_raylet.pyx", line 1989, in ray._raylet.execute_task
  File "python\\ray\\_raylet.pyx", line 1932, in ray._raylet.execute_task.function_executor
  File "d:\PROGRAMACAO\ML\FL\Modelo_teste\env\lib\site-packages\ray\_private\function_manager.py", line 693, in actor_method_executor
    return method(__ray_actor, *args, **kwargs)
  File "d:\PROGRAMACAO\ML\FL\Modelo_teste\env\lib\site-packages\ray\util\tracing\tracing_helper.py", line 461, in _resume_span
    return method(self, *_args, **_kwargs)
  File "d:\PROGRAMACAO\ML\FL\Modelo_teste\env\lib\site-packages\flwr\simulation\ray_transport\ray_actor.py", line 65, in run
    raise ClientAppException(str(ex)) from ex
flwr.clientapp.client_app.ClientAppException: 
Exception ClientAppException occurred. Message: 
NumPyClient.fit did not return a tuple with 3 elements.
The returned values should have the following type signature:

    Tuple[NDArrays, int, Dict[str, Scalar]]

Example
-------

    model.get_weights(), 10, {"accuracy": 0.95}

[2026-06-05 14:55:22,200][flwr][ERROR] - [36mray::ClientAppActor.run()[39m (pid=10692, ip=127.0.0.1, actor_id=d9ced719e5547c782eb36eff01000000, repr=<flwr.simulation.ray_transport.ray_actor.ClientAppActor object at 0x000000005A1CECE0>)
  File "d:\PROGRAMACAO\ML\FL\Modelo_teste\env\lib\site-packages\flwr\clientapp\client_app.py", line 144, in __call__
    return self._call(message, context)
  File "d:\PROGRAMACAO\ML\FL\Modelo_teste\env\lib\site-packages\flwr\clientapp\client_app.py", line 128, in ffn
    out_message = handle_legacy_message_from_msgtype(
  File "d:\PROGRAMACAO\ML\FL\Modelo_teste\env\lib\site-packages\flwr\client\message_handler\message_handler.py", line 129, in handle_legacy_message_from_msgtype
    fit_res = maybe_call_fit(
  File "d:\PROGRAMACAO\ML\FL\Modelo_teste\env\lib\site-packages\flwr\client\client.py", line 224, in maybe_call_fit
    return client.fit(fit_ins)
  File "d:\PROGRAMACAO\ML\FL\Modelo_teste\env\lib\site-packages\flwr\client\numpy_client.py", line 234, in _fit
    raise TypeError(EXCEPTION_MESSAGE_WRONG_RETURN_TYPE_FIT)
TypeError: 
NumPyClient.fit did not return a tuple with 3 elements.
The returned values should have the following type signature:

    Tuple[NDArrays, int, Dict[str, Scalar]]

Example
-------

    model.get_weights(), 10, {"accuracy": 0.95}



The above exception was the direct cause of the following exception:

[36mray::ClientAppActor.run()[39m (pid=10692, ip=127.0.0.1, actor_id=d9ced719e5547c782eb36eff01000000, repr=<flwr.simulation.ray_transport.ray_actor.ClientAppActor object at 0x000000005A1CECE0>)
  File "python\\ray\\_raylet.pyx", line 1982, in ray._raylet.execute_task
  File "python\\ray\\_raylet.pyx", line 2093, in ray._raylet.execute_task
  File "python\\ray\\_raylet.pyx", line 1989, in ray._raylet.execute_task
  File "python\\ray\\_raylet.pyx", line 1932, in ray._raylet.execute_task.function_executor
  File "d:\PROGRAMACAO\ML\FL\Modelo_teste\env\lib\site-packages\ray\_private\function_manager.py", line 693, in actor_method_executor
    return method(__ray_actor, *args, **kwargs)
  File "d:\PROGRAMACAO\ML\FL\Modelo_teste\env\lib\site-packages\ray\util\tracing\tracing_helper.py", line 461, in _resume_span
    return method(self, *_args, **_kwargs)
  File "d:\PROGRAMACAO\ML\FL\Modelo_teste\env\lib\site-packages\flwr\simulation\ray_transport\ray_actor.py", line 65, in run
    raise ClientAppException(str(ex)) from ex
flwr.clientapp.client_app.ClientAppException: 
Exception ClientAppException occurred. Message: 
NumPyClient.fit did not return a tuple with 3 elements.
The returned values should have the following type signature:

    Tuple[NDArrays, int, Dict[str, Scalar]]

Example
-------

    model.get_weights(), 10, {"accuracy": 0.95}
[2026-06-05 14:55:29,032][flwr][ERROR] - Traceback (most recent call last):
  File "d:\PROGRAMACAO\ML\FL\Modelo_teste\env\lib\site-packages\flwr\simulation\ray_transport\ray_client_proxy.py", line 90, in _submit_job
    out_mssg, updated_context = self.actor_pool.get_client_result(
  File "d:\PROGRAMACAO\ML\FL\Modelo_teste\env\lib\site-packages\flwr\simulation\ray_transport\ray_actor.py", line 400, in get_client_result
    return self._fetch_future_result(cid)
  File "d:\PROGRAMACAO\ML\FL\Modelo_teste\env\lib\site-packages\flwr\simulation\ray_transport\ray_actor.py", line 281, in _fetch_future_result
    res_cid, out_mssg, updated_context = ray.get(
  File "d:\PROGRAMACAO\ML\FL\Modelo_teste\env\lib\site-packages\ray\_private\auto_init_hook.py", line 22, in auto_init_wrapper
    return fn(*args, **kwargs)
  File "d:\PROGRAMACAO\ML\FL\Modelo_teste\env\lib\site-packages\ray\_private\client_mode_hook.py", line 104, in wrapper
    return func(*args, **kwargs)
  File "d:\PROGRAMACAO\ML\FL\Modelo_teste\env\lib\site-packages\ray\_private\worker.py", line 2961, in get
    values, debugger_breakpoint = worker.get_objects(
  File "d:\PROGRAMACAO\ML\FL\Modelo_teste\env\lib\site-packages\ray\_private\worker.py", line 1026, in get_objects
    raise value.as_instanceof_cause()
ray.exceptions.RayTaskError(ClientAppException): [36mray::ClientAppActor.run()[39m (pid=11676, ip=127.0.0.1, actor_id=854336d83468ecf70921cee901000000, repr=<flwr.simulation.ray_transport.ray_actor.ClientAppActor object at 0x000000005A1BEC20>)
  File "d:\PROGRAMACAO\ML\FL\Modelo_teste\env\lib\site-packages\flwr\clientapp\client_app.py", line 144, in __call__
    return self._call(message, context)
  File "d:\PROGRAMACAO\ML\FL\Modelo_teste\env\lib\site-packages\flwr\clientapp\client_app.py", line 128, in ffn
    out_message = handle_legacy_message_from_msgtype(
  File "d:\PROGRAMACAO\ML\FL\Modelo_teste\env\lib\site-packages\flwr\client\message_handler\message_handler.py", line 129, in handle_legacy_message_from_msgtype
    fit_res = maybe_call_fit(
  File "d:\PROGRAMACAO\ML\FL\Modelo_teste\env\lib\site-packages\flwr\client\client.py", line 224, in maybe_call_fit
    return client.fit(fit_ins)
  File "d:\PROGRAMACAO\ML\FL\Modelo_teste\env\lib\site-packages\flwr\client\numpy_client.py", line 234, in _fit
    raise TypeError(EXCEPTION_MESSAGE_WRONG_RETURN_TYPE_FIT)
TypeError: 
NumPyClient.fit did not return a tuple with 3 elements.
The returned values should have the following type signature:

    Tuple[NDArrays, int, Dict[str, Scalar]]

Example
-------

    model.get_weights(), 10, {"accuracy": 0.95}



The above exception was the direct cause of the following exception:

[36mray::ClientAppActor.run()[39m (pid=11676, ip=127.0.0.1, actor_id=854336d83468ecf70921cee901000000, repr=<flwr.simulation.ray_transport.ray_actor.ClientAppActor object at 0x000000005A1BEC20>)
  File "python\\ray\\_raylet.pyx", line 1982, in ray._raylet.execute_task
  File "python\\ray\\_raylet.pyx", line 2093, in ray._raylet.execute_task
  File "python\\ray\\_raylet.pyx", line 1989, in ray._raylet.execute_task
  File "python\\ray\\_raylet.pyx", line 1932, in ray._raylet.execute_task.function_executor
  File "d:\PROGRAMACAO\ML\FL\Modelo_teste\env\lib\site-packages\ray\_private\function_manager.py", line 693, in actor_method_executor
    return method(__ray_actor, *args, **kwargs)
  File "d:\PROGRAMACAO\ML\FL\Modelo_teste\env\lib\site-packages\ray\util\tracing\tracing_helper.py", line 461, in _resume_span
    return method(self, *_args, **_kwargs)
  File "d:\PROGRAMACAO\ML\FL\Modelo_teste\env\lib\site-packages\flwr\simulation\ray_transport\ray_actor.py", line 65, in run
    raise ClientAppException(str(ex)) from ex
flwr.clientapp.client_app.ClientAppException: 
Exception ClientAppException occurred. Message: 
NumPyClient.fit did not return a tuple with 3 elements.
The returned values should have the following type signature:

    Tuple[NDArrays, int, Dict[str, Scalar]]

Example
-------

    model.get_weights(), 10, {"accuracy": 0.95}

[2026-06-05 14:55:29,033][flwr][ERROR] - [36mray::ClientAppActor.run()[39m (pid=11676, ip=127.0.0.1, actor_id=854336d83468ecf70921cee901000000, repr=<flwr.simulation.ray_transport.ray_actor.ClientAppActor object at 0x000000005A1BEC20>)
  File "d:\PROGRAMACAO\ML\FL\Modelo_teste\env\lib\site-packages\flwr\clientapp\client_app.py", line 144, in __call__
    return self._call(message, context)
  File "d:\PROGRAMACAO\ML\FL\Modelo_teste\env\lib\site-packages\flwr\clientapp\client_app.py", line 128, in ffn
    out_message = handle_legacy_message_from_msgtype(
  File "d:\PROGRAMACAO\ML\FL\Modelo_teste\env\lib\site-packages\flwr\client\message_handler\message_handler.py", line 129, in handle_legacy_message_from_msgtype
    fit_res = maybe_call_fit(
  File "d:\PROGRAMACAO\ML\FL\Modelo_teste\env\lib\site-packages\flwr\client\client.py", line 224, in maybe_call_fit
    return client.fit(fit_ins)
  File "d:\PROGRAMACAO\ML\FL\Modelo_teste\env\lib\site-packages\flwr\client\numpy_client.py", line 234, in _fit
    raise TypeError(EXCEPTION_MESSAGE_WRONG_RETURN_TYPE_FIT)
TypeError: 
NumPyClient.fit did not return a tuple with 3 elements.
The returned values should have the following type signature:

    Tuple[NDArrays, int, Dict[str, Scalar]]

Example
-------

    model.get_weights(), 10, {"accuracy": 0.95}



The above exception was the direct cause of the following exception:

[36mray::ClientAppActor.run()[39m (pid=11676, ip=127.0.0.1, actor_id=854336d83468ecf70921cee901000000, repr=<flwr.simulation.ray_transport.ray_actor.ClientAppActor object at 0x000000005A1BEC20>)
  File "python\\ray\\_raylet.pyx", line 1982, in ray._raylet.execute_task
  File "python\\ray\\_raylet.pyx", line 2093, in ray._raylet.execute_task
  File "python\\ray\\_raylet.pyx", line 1989, in ray._raylet.execute_task
  File "python\\ray\\_raylet.pyx", line 1932, in ray._raylet.execute_task.function_executor
  File "d:\PROGRAMACAO\ML\FL\Modelo_teste\env\lib\site-packages\ray\_private\function_manager.py", line 693, in actor_method_executor
    return method(__ray_actor, *args, **kwargs)
  File "d:\PROGRAMACAO\ML\FL\Modelo_teste\env\lib\site-packages\ray\util\tracing\tracing_helper.py", line 461, in _resume_span
    return method(self, *_args, **_kwargs)
  File "d:\PROGRAMACAO\ML\FL\Modelo_teste\env\lib\site-packages\flwr\simulation\ray_transport\ray_actor.py", line 65, in run
    raise ClientAppException(str(ex)) from ex
flwr.clientapp.client_app.ClientAppException: 
Exception ClientAppException occurred. Message: 
NumPyClient.fit did not return a tuple with 3 elements.
The returned values should have the following type signature:

    Tuple[NDArrays, int, Dict[str, Scalar]]

Example
-------

    model.get_weights(), 10, {"accuracy": 0.95}
[2026-06-05 14:55:29,034][flwr][INFO] - aggregate_fit: received 0 results and 5 failures
[2026-06-05 14:55:32,749][flwr][INFO] - fit progress: (5, nan, {'accuracy': 0.098}, 348.7940466)
[2026-06-05 14:55:32,750][flwr][INFO] - configure_evaluate: strategy sampled 10 clients (out of 10)
[2026-06-05 14:55:38,223][flwr][INFO] - aggregate_evaluate: received 10 results and 0 failures
[2026-06-05 14:55:38,224][flwr][INFO] - 
[2026-06-05 14:55:38,224][flwr][INFO] - [ROUND 6]
[2026-06-05 14:55:38,226][flwr][INFO] - configure_fit: strategy sampled 5 clients (out of 10)
