[2026-06-06 10:22:47,583][flwr][WARNING] - DEPRECATED FEATURE: flwr.simulation.start_simulation() is deprecated.
	Instead, use the `flwr run` CLI command to start a local simulation in your Flower app, as shown for example below:

		$ flwr new  # Create a new Flower app from a template

		$ flwr run  # Run the Flower app in Simulation Mode

	Using `start_simulation()` is deprecated.

            This is a deprecated feature. It will be removed
            entirely in future versions of Flower.
        
[2026-06-06 10:22:47,585][flwr][INFO] - Starting Flower simulation, config: num_rounds=50, no round_timeout
[2026-06-06 10:22:52,536][flwr][INFO] - Flower VCE: Ray initialized with resources: {'node:127.0.0.1': 1.0, 'GPU': 1.0, 'memory': 5746370560.0, 'node:__internal_head__': 1.0, 'accelerator_type:G': 1.0, 'object_store_memory': 2462730240.0, 'CPU': 8.0}
[2026-06-06 10:22:52,537][flwr][INFO] - Optimize your simulation with Flower VCE: https://flower.ai/docs/framework/how-to-run-simulations.html
[2026-06-06 10:22:52,537][flwr][INFO] - Flower VCE: Resources for each Virtual Client: {'num_cpus': 1.0, 'num_gpus': 0.25}
[2026-06-06 10:22:52,560][flwr][INFO] - Flower VCE: Creating VirtualClientEngineActorPool with 4 actors
[2026-06-06 10:22:52,560][flwr][INFO] - [INIT]
[2026-06-06 10:22:52,562][flwr][INFO] - Requesting initial parameters from one random client
[2026-06-06 10:22:59,042][flwr][INFO] - Received initial parameters from one random client
[2026-06-06 10:22:59,042][flwr][INFO] - Starting evaluation of initial global parameters
[2026-06-06 10:23:02,549][flwr][INFO] - initial parameters (loss, other metrics): 181.97806978225708, {'accuracy': 0.1104}
[2026-06-06 10:23:02,550][flwr][INFO] - 
[2026-06-06 10:23:02,550][flwr][INFO] - [ROUND 1]
[2026-06-06 10:23:02,550][flwr][INFO] - configure_fit: strategy sampled 10 clients (out of 10)
[2026-06-06 10:24:05,864][flwr][INFO] - aggregate_fit: received 10 results and 0 failures
[2026-06-06 10:24:09,274][flwr][INFO] - fit progress: (1, 159.53264570236206, {'accuracy': 0.3616}, 66.72426360000009)
[2026-06-06 10:24:09,274][flwr][INFO] - configure_evaluate: strategy sampled 10 clients (out of 10)
[2026-06-06 10:24:14,516][flwr][INFO] - aggregate_evaluate: received 10 results and 0 failures
[2026-06-06 10:24:14,516][flwr][WARNING] - No evaluate_metrics_aggregation_fn provided
[2026-06-06 10:24:14,517][flwr][INFO] - 
[2026-06-06 10:24:14,517][flwr][INFO] - [ROUND 2]
[2026-06-06 10:24:14,517][flwr][INFO] - configure_fit: strategy sampled 10 clients (out of 10)
[2026-06-06 10:25:17,425][flwr][INFO] - aggregate_fit: received 10 results and 0 failures
[2026-06-06 10:25:20,829][flwr][INFO] - fit progress: (2, 119.5071427822113, {'accuracy': 0.5648}, 138.27893949999998)
[2026-06-06 10:25:20,829][flwr][INFO] - configure_evaluate: strategy sampled 10 clients (out of 10)
[2026-06-06 10:25:25,976][flwr][INFO] - aggregate_evaluate: received 10 results and 0 failures
[2026-06-06 10:25:25,977][flwr][INFO] - 
[2026-06-06 10:25:25,977][flwr][INFO] - [ROUND 3]
[2026-06-06 10:25:25,977][flwr][INFO] - configure_fit: strategy sampled 10 clients (out of 10)
[2026-06-06 10:26:24,853][flwr][INFO] - aggregate_fit: received 10 results and 0 failures
[2026-06-06 10:26:28,283][flwr][INFO] - fit progress: (3, 97.04089093208313, {'accuracy': 0.6267}, 205.73323080000046)
[2026-06-06 10:26:28,284][flwr][INFO] - configure_evaluate: strategy sampled 10 clients (out of 10)
[2026-06-06 10:26:33,568][flwr][INFO] - aggregate_evaluate: received 10 results and 0 failures
[2026-06-06 10:26:33,569][flwr][INFO] - 
[2026-06-06 10:26:33,569][flwr][INFO] - [ROUND 4]
[2026-06-06 10:26:33,569][flwr][INFO] - configure_fit: strategy sampled 10 clients (out of 10)
[2026-06-06 10:27:28,983][flwr][INFO] - aggregate_fit: received 10 results and 0 failures
[2026-06-06 10:27:32,361][flwr][INFO] - fit progress: (4, 70.36090439558029, {'accuracy': 0.6983}, 269.81142249999994)
[2026-06-06 10:27:32,362][flwr][INFO] - configure_evaluate: strategy sampled 10 clients (out of 10)
[2026-06-06 10:27:37,580][flwr][INFO] - aggregate_evaluate: received 10 results and 0 failures
[2026-06-06 10:27:37,580][flwr][INFO] - 
[2026-06-06 10:27:37,580][flwr][INFO] - [ROUND 5]
[2026-06-06 10:27:37,581][flwr][INFO] - configure_fit: strategy sampled 10 clients (out of 10)
[2026-06-06 10:28:34,667][flwr][INFO] - aggregate_fit: received 10 results and 0 failures
[2026-06-06 10:28:38,146][flwr][INFO] - fit progress: (5, 57.65598848462105, {'accuracy': 0.7584}, 335.59642170000006)
[2026-06-06 10:28:38,147][flwr][INFO] - configure_evaluate: strategy sampled 10 clients (out of 10)
[2026-06-06 10:28:43,370][flwr][INFO] - aggregate_evaluate: received 10 results and 0 failures
[2026-06-06 10:28:43,371][flwr][INFO] - 
[2026-06-06 10:28:43,371][flwr][INFO] - [ROUND 6]
[2026-06-06 10:28:43,371][flwr][INFO] - configure_fit: strategy sampled 10 clients (out of 10)
[2026-06-06 10:29:39,722][flwr][INFO] - aggregate_fit: received 10 results and 0 failures
[2026-06-06 10:29:43,096][flwr][INFO] - fit progress: (6, 45.644118785858154, {'accuracy': 0.7988}, 400.54568160000053)
[2026-06-06 10:29:43,096][flwr][INFO] - configure_evaluate: strategy sampled 10 clients (out of 10)
[2026-06-06 10:29:48,258][flwr][INFO] - aggregate_evaluate: received 10 results and 0 failures
[2026-06-06 10:29:48,258][flwr][INFO] - 
[2026-06-06 10:29:48,259][flwr][INFO] - [ROUND 7]
[2026-06-06 10:29:48,259][flwr][INFO] - configure_fit: strategy sampled 10 clients (out of 10)
[2026-06-06 10:30:43,238][flwr][INFO] - aggregate_fit: received 10 results and 0 failures
[2026-06-06 10:30:46,651][flwr][INFO] - fit progress: (7, 36.91164028644562, {'accuracy': 0.8324}, 464.10077420000016)
[2026-06-06 10:30:46,651][flwr][INFO] - configure_evaluate: strategy sampled 10 clients (out of 10)
[2026-06-06 10:30:51,849][flwr][INFO] - aggregate_evaluate: received 10 results and 0 failures
[2026-06-06 10:30:51,849][flwr][INFO] - 
[2026-06-06 10:30:51,850][flwr][INFO] - [ROUND 8]
[2026-06-06 10:30:51,850][flwr][INFO] - configure_fit: strategy sampled 10 clients (out of 10)
[2026-06-06 10:31:47,284][flwr][INFO] - aggregate_fit: received 10 results and 0 failures
[2026-06-06 10:31:50,748][flwr][INFO] - fit progress: (8, 29.895755141973495, {'accuracy': 0.8618}, 528.1977369000006)
[2026-06-06 10:31:50,748][flwr][INFO] - configure_evaluate: strategy sampled 10 clients (out of 10)
[2026-06-06 10:31:55,955][flwr][INFO] - aggregate_evaluate: received 10 results and 0 failures
[2026-06-06 10:31:55,956][flwr][INFO] - 
[2026-06-06 10:31:55,956][flwr][INFO] - [ROUND 9]
[2026-06-06 10:31:55,957][flwr][INFO] - configure_fit: strategy sampled 10 clients (out of 10)
[2026-06-06 10:32:55,711][flwr][INFO] - aggregate_fit: received 10 results and 0 failures
[2026-06-06 10:32:59,121][flwr][INFO] - fit progress: (9, 26.872994661331177, {'accuracy': 0.8767}, 596.5710715000005)
[2026-06-06 10:32:59,121][flwr][INFO] - configure_evaluate: strategy sampled 10 clients (out of 10)
[2026-06-06 10:33:04,379][flwr][INFO] - aggregate_evaluate: received 10 results and 0 failures
[2026-06-06 10:33:04,379][flwr][INFO] - 
[2026-06-06 10:33:04,380][flwr][INFO] - [ROUND 10]
[2026-06-06 10:33:04,380][flwr][INFO] - configure_fit: strategy sampled 10 clients (out of 10)
[2026-06-06 10:34:10,985][flwr][INFO] - aggregate_fit: received 10 results and 0 failures
[2026-06-06 10:34:14,370][flwr][INFO] - fit progress: (10, 23.113695807754993, {'accuracy': 0.8928}, 671.8198969000005)
[2026-06-06 10:34:14,371][flwr][INFO] - configure_evaluate: strategy sampled 10 clients (out of 10)
[2026-06-06 10:34:19,561][flwr][INFO] - aggregate_evaluate: received 10 results and 0 failures
[2026-06-06 10:34:19,562][flwr][INFO] - 
[2026-06-06 10:34:19,562][flwr][INFO] - [ROUND 11]
[2026-06-06 10:34:19,563][flwr][INFO] - configure_fit: strategy sampled 10 clients (out of 10)
[2026-06-06 10:35:20,181][flwr][INFO] - aggregate_fit: received 10 results and 0 failures
[2026-06-06 10:35:23,602][flwr][INFO] - fit progress: (11, 20.167562916874886, {'accuracy': 0.9098}, 741.0526657999999)
[2026-06-06 10:35:23,603][flwr][INFO] - configure_evaluate: strategy sampled 10 clients (out of 10)
[2026-06-06 10:35:28,820][flwr][INFO] - aggregate_evaluate: received 10 results and 0 failures
[2026-06-06 10:35:28,821][flwr][INFO] - 
[2026-06-06 10:35:28,821][flwr][INFO] - [ROUND 12]
[2026-06-06 10:35:28,822][flwr][INFO] - configure_fit: strategy sampled 10 clients (out of 10)
[2026-06-06 10:36:27,751][flwr][INFO] - aggregate_fit: received 10 results and 0 failures
[2026-06-06 10:36:31,107][flwr][INFO] - fit progress: (12, 18.880657088011503, {'accuracy': 0.9172}, 808.5577481999999)
[2026-06-06 10:36:31,108][flwr][INFO] - configure_evaluate: strategy sampled 10 clients (out of 10)
[2026-06-06 10:36:36,348][flwr][INFO] - aggregate_evaluate: received 10 results and 0 failures
[2026-06-06 10:36:36,349][flwr][INFO] - 
[2026-06-06 10:36:36,349][flwr][INFO] - [ROUND 13]
[2026-06-06 10:36:36,349][flwr][INFO] - configure_fit: strategy sampled 10 clients (out of 10)
[2026-06-06 10:37:39,331][flwr][INFO] - aggregate_fit: received 10 results and 0 failures
[2026-06-06 10:37:42,739][flwr][INFO] - fit progress: (13, 18.5304147079587, {'accuracy': 0.9174}, 880.1888845000003)
[2026-06-06 10:37:42,740][flwr][INFO] - configure_evaluate: strategy sampled 10 clients (out of 10)
[2026-06-06 10:37:47,975][flwr][INFO] - aggregate_evaluate: received 10 results and 0 failures
[2026-06-06 10:37:47,976][flwr][INFO] - 
[2026-06-06 10:37:47,976][flwr][INFO] - [ROUND 14]
[2026-06-06 10:37:47,977][flwr][INFO] - configure_fit: strategy sampled 10 clients (out of 10)
[2026-06-06 10:38:42,174][flwr][INFO] - aggregate_fit: received 10 results and 0 failures
[2026-06-06 10:38:45,540][flwr][INFO] - fit progress: (14, 16.923861972987652, {'accuracy': 0.9253}, 942.9896149000006)
[2026-06-06 10:38:45,540][flwr][INFO] - configure_evaluate: strategy sampled 10 clients (out of 10)
[2026-06-06 10:38:50,855][flwr][INFO] - aggregate_evaluate: received 10 results and 0 failures
[2026-06-06 10:38:50,856][flwr][INFO] - 
[2026-06-06 10:38:50,856][flwr][INFO] - [ROUND 15]
[2026-06-06 10:38:50,857][flwr][INFO] - configure_fit: strategy sampled 10 clients (out of 10)
[2026-06-06 10:39:47,481][flwr][INFO] - aggregate_fit: received 10 results and 0 failures
[2026-06-06 10:39:50,888][flwr][INFO] - fit progress: (15, 16.03042422235012, {'accuracy': 0.9296}, 1008.3380566000005)
[2026-06-06 10:39:50,889][flwr][INFO] - configure_evaluate: strategy sampled 10 clients (out of 10)
[2026-06-06 10:39:56,081][flwr][INFO] - aggregate_evaluate: received 10 results and 0 failures
[2026-06-06 10:39:56,081][flwr][INFO] - 
[2026-06-06 10:39:56,081][flwr][INFO] - [ROUND 16]
[2026-06-06 10:39:56,082][flwr][INFO] - configure_fit: strategy sampled 10 clients (out of 10)
[2026-06-06 10:40:53,758][flwr][INFO] - aggregate_fit: received 10 results and 0 failures
[2026-06-06 10:40:57,184][flwr][INFO] - fit progress: (16, 14.832230046391487, {'accuracy': 0.937}, 1074.6339193000003)
[2026-06-06 10:40:57,185][flwr][INFO] - configure_evaluate: strategy sampled 10 clients (out of 10)
[2026-06-06 10:41:02,734][flwr][INFO] - aggregate_evaluate: received 10 results and 0 failures
[2026-06-06 10:41:02,734][flwr][INFO] - 
[2026-06-06 10:41:02,734][flwr][INFO] - [ROUND 17]
[2026-06-06 10:41:02,735][flwr][INFO] - configure_fit: strategy sampled 10 clients (out of 10)
[2026-06-06 10:41:58,817][flwr][INFO] - aggregate_fit: received 10 results and 0 failures
[2026-06-06 10:42:02,245][flwr][INFO] - fit progress: (17, 14.549922499805689, {'accuracy': 0.9369}, 1139.6945243)
[2026-06-06 10:42:02,245][flwr][INFO] - configure_evaluate: strategy sampled 10 clients (out of 10)
[2026-06-06 10:42:07,470][flwr][INFO] - aggregate_evaluate: received 10 results and 0 failures
[2026-06-06 10:42:07,470][flwr][INFO] - 
[2026-06-06 10:42:07,471][flwr][INFO] - [ROUND 18]
[2026-06-06 10:42:07,471][flwr][INFO] - configure_fit: strategy sampled 10 clients (out of 10)
[2026-06-06 10:43:07,984][flwr][INFO] - aggregate_fit: received 10 results and 0 failures
[2026-06-06 10:43:11,399][flwr][INFO] - fit progress: (18, 13.4831902962178, {'accuracy': 0.9413}, 1208.8495371)
[2026-06-06 10:43:11,400][flwr][INFO] - configure_evaluate: strategy sampled 10 clients (out of 10)
[2026-06-06 10:43:16,629][flwr][INFO] - aggregate_evaluate: received 10 results and 0 failures
[2026-06-06 10:43:16,630][flwr][INFO] - 
[2026-06-06 10:43:16,630][flwr][INFO] - [ROUND 19]
[2026-06-06 10:43:16,631][flwr][INFO] - configure_fit: strategy sampled 10 clients (out of 10)
[2026-06-06 10:44:14,694][flwr][INFO] - aggregate_fit: received 10 results and 0 failures
[2026-06-06 10:44:18,106][flwr][INFO] - fit progress: (19, 13.78335915133357, {'accuracy': 0.9402}, 1275.5557646000007)
[2026-06-06 10:44:18,107][flwr][INFO] - configure_evaluate: strategy sampled 10 clients (out of 10)
[2026-06-06 10:44:23,284][flwr][INFO] - aggregate_evaluate: received 10 results and 0 failures
[2026-06-06 10:44:23,285][flwr][INFO] - 
[2026-06-06 10:44:23,285][flwr][INFO] - [ROUND 20]
[2026-06-06 10:44:23,286][flwr][INFO] - configure_fit: strategy sampled 10 clients (out of 10)
[2026-06-06 10:45:22,564][flwr][INFO] - aggregate_fit: received 10 results and 0 failures
[2026-06-06 10:45:25,974][flwr][INFO] - fit progress: (20, 11.932952361181378, {'accuracy': 0.95}, 1343.4236488000006)
[2026-06-06 10:45:25,974][flwr][INFO] - configure_evaluate: strategy sampled 10 clients (out of 10)
[2026-06-06 10:45:31,235][flwr][INFO] - aggregate_evaluate: received 10 results and 0 failures
[2026-06-06 10:45:31,236][flwr][INFO] - 
[2026-06-06 10:45:31,236][flwr][INFO] - [ROUND 21]
[2026-06-06 10:45:31,236][flwr][INFO] - configure_fit: strategy sampled 10 clients (out of 10)
[2026-06-06 10:46:27,652][flwr][INFO] - aggregate_fit: received 10 results and 0 failures
[2026-06-06 10:46:30,977][flwr][INFO] - fit progress: (21, 11.330780229531229, {'accuracy': 0.9517}, 1408.4267660000005)
[2026-06-06 10:46:30,977][flwr][INFO] - configure_evaluate: strategy sampled 10 clients (out of 10)
[2026-06-06 10:46:36,149][flwr][INFO] - aggregate_evaluate: received 10 results and 0 failures
[2026-06-06 10:46:36,150][flwr][INFO] - 
[2026-06-06 10:46:36,150][flwr][INFO] - [ROUND 22]
[2026-06-06 10:46:36,150][flwr][INFO] - configure_fit: strategy sampled 10 clients (out of 10)
[2026-06-06 10:47:39,507][flwr][INFO] - aggregate_fit: received 10 results and 0 failures
[2026-06-06 10:47:42,903][flwr][INFO] - fit progress: (22, 11.222284971736372, {'accuracy': 0.9538}, 1480.3531157000007)
[2026-06-06 10:47:42,903][flwr][INFO] - configure_evaluate: strategy sampled 10 clients (out of 10)
[2026-06-06 10:47:48,131][flwr][INFO] - aggregate_evaluate: received 10 results and 0 failures
[2026-06-06 10:47:48,132][flwr][INFO] - 
[2026-06-06 10:47:48,132][flwr][INFO] - [ROUND 23]
[2026-06-06 10:47:48,133][flwr][INFO] - configure_fit: strategy sampled 10 clients (out of 10)
[2026-06-06 10:48:46,187][flwr][INFO] - aggregate_fit: received 10 results and 0 failures
[2026-06-06 10:48:49,615][flwr][INFO] - fit progress: (23, 10.741786792874336, {'accuracy': 0.954}, 1547.0655442000007)
[2026-06-06 10:48:49,616][flwr][INFO] - configure_evaluate: strategy sampled 10 clients (out of 10)
[2026-06-06 10:48:54,824][flwr][INFO] - aggregate_evaluate: received 10 results and 0 failures
[2026-06-06 10:48:54,825][flwr][INFO] - 
[2026-06-06 10:48:54,825][flwr][INFO] - [ROUND 24]
[2026-06-06 10:48:54,826][flwr][INFO] - configure_fit: strategy sampled 10 clients (out of 10)
[2026-06-06 10:49:57,319][flwr][INFO] - aggregate_fit: received 10 results and 0 failures
[2026-06-06 10:50:00,660][flwr][INFO] - fit progress: (24, 10.32385021680966, {'accuracy': 0.957}, 1618.1100408000002)
[2026-06-06 10:50:00,661][flwr][INFO] - configure_evaluate: strategy sampled 10 clients (out of 10)
[2026-06-06 10:50:06,211][flwr][INFO] - aggregate_evaluate: received 10 results and 0 failures
[2026-06-06 10:50:06,211][flwr][INFO] - 
[2026-06-06 10:50:06,211][flwr][INFO] - [ROUND 25]
[2026-06-06 10:50:06,212][flwr][INFO] - configure_fit: strategy sampled 10 clients (out of 10)
[2026-06-06 10:51:01,363][flwr][INFO] - aggregate_fit: received 10 results and 0 failures
[2026-06-06 10:51:04,806][flwr][INFO] - fit progress: (25, 10.20160652557388, {'accuracy': 0.9574}, 1682.2555593000006)
[2026-06-06 10:51:04,806][flwr][INFO] - configure_evaluate: strategy sampled 10 clients (out of 10)
[2026-06-06 10:51:10,062][flwr][INFO] - aggregate_evaluate: received 10 results and 0 failures
[2026-06-06 10:51:10,063][flwr][INFO] - 
[2026-06-06 10:51:10,063][flwr][INFO] - [ROUND 26]
[2026-06-06 10:51:10,064][flwr][INFO] - configure_fit: strategy sampled 10 clients (out of 10)
[2026-06-06 10:52:09,830][flwr][INFO] - aggregate_fit: received 10 results and 0 failures
[2026-06-06 10:52:13,184][flwr][INFO] - fit progress: (26, 9.72624622657895, {'accuracy': 0.9602}, 1750.6336105)
[2026-06-06 10:52:13,184][flwr][INFO] - configure_evaluate: strategy sampled 10 clients (out of 10)
[2026-06-06 10:52:18,427][flwr][INFO] - aggregate_evaluate: received 10 results and 0 failures
[2026-06-06 10:52:18,427][flwr][INFO] - 
[2026-06-06 10:52:18,428][flwr][INFO] - [ROUND 27]
[2026-06-06 10:52:18,428][flwr][INFO] - configure_fit: strategy sampled 10 clients (out of 10)
[2026-06-06 10:53:18,549][flwr][INFO] - aggregate_fit: received 10 results and 0 failures
[2026-06-06 10:53:21,970][flwr][INFO] - fit progress: (27, 9.240939608309418, {'accuracy': 0.9623}, 1819.4199419000006)
[2026-06-06 10:53:21,971][flwr][INFO] - configure_evaluate: strategy sampled 10 clients (out of 10)
[2026-06-06 10:53:27,228][flwr][INFO] - aggregate_evaluate: received 10 results and 0 failures
[2026-06-06 10:53:27,229][flwr][INFO] - 
[2026-06-06 10:53:27,229][flwr][INFO] - [ROUND 28]
[2026-06-06 10:53:27,229][flwr][INFO] - configure_fit: strategy sampled 10 clients (out of 10)
[2026-06-06 10:54:25,822][flwr][INFO] - aggregate_fit: received 10 results and 0 failures
[2026-06-06 10:54:29,235][flwr][INFO] - fit progress: (28, 8.97241745190695, {'accuracy': 0.9638}, 1886.6859016000008)
[2026-06-06 10:54:29,236][flwr][INFO] - configure_evaluate: strategy sampled 10 clients (out of 10)
[2026-06-06 10:54:34,440][flwr][INFO] - aggregate_evaluate: received 10 results and 0 failures
[2026-06-06 10:54:34,440][flwr][INFO] - 
[2026-06-06 10:54:34,440][flwr][INFO] - [ROUND 29]
[2026-06-06 10:54:34,441][flwr][INFO] - configure_fit: strategy sampled 10 clients (out of 10)
[2026-06-06 10:55:33,119][flwr][INFO] - aggregate_fit: received 10 results and 0 failures
[2026-06-06 10:55:36,492][flwr][INFO] - fit progress: (29, 8.78779557812959, {'accuracy': 0.9641}, 1953.9419550000011)
[2026-06-06 10:55:36,493][flwr][INFO] - configure_evaluate: strategy sampled 10 clients (out of 10)
[2026-06-06 10:55:41,758][flwr][INFO] - aggregate_evaluate: received 10 results and 0 failures
[2026-06-06 10:55:41,759][flwr][INFO] - 
[2026-06-06 10:55:41,759][flwr][INFO] - [ROUND 30]
[2026-06-06 10:55:41,759][flwr][INFO] - configure_fit: strategy sampled 10 clients (out of 10)
[2026-06-06 10:56:36,614][flwr][INFO] - aggregate_fit: received 10 results and 0 failures
[2026-06-06 10:56:40,011][flwr][INFO] - fit progress: (30, 8.642029751092196, {'accuracy': 0.9651}, 2017.4608875000004)
[2026-06-06 10:56:40,012][flwr][INFO] - configure_evaluate: strategy sampled 10 clients (out of 10)
[2026-06-06 10:56:45,232][flwr][INFO] - aggregate_evaluate: received 10 results and 0 failures
[2026-06-06 10:56:45,233][flwr][INFO] - 
[2026-06-06 10:56:45,233][flwr][INFO] - [ROUND 31]
[2026-06-06 10:56:45,234][flwr][INFO] - configure_fit: strategy sampled 10 clients (out of 10)
[2026-06-06 10:57:43,248][flwr][INFO] - aggregate_fit: received 10 results and 0 failures
[2026-06-06 10:57:46,721][flwr][INFO] - fit progress: (31, 8.48564813286066, {'accuracy': 0.9663}, 2084.1711999999998)
[2026-06-06 10:57:46,722][flwr][INFO] - configure_evaluate: strategy sampled 10 clients (out of 10)
[2026-06-06 10:57:51,949][flwr][INFO] - aggregate_evaluate: received 10 results and 0 failures
[2026-06-06 10:57:51,950][flwr][INFO] - 
[2026-06-06 10:57:51,950][flwr][INFO] - [ROUND 32]
[2026-06-06 10:57:51,951][flwr][INFO] - configure_fit: strategy sampled 10 clients (out of 10)
[2026-06-06 10:58:49,448][flwr][INFO] - aggregate_fit: received 10 results and 0 failures
[2026-06-06 10:58:52,894][flwr][INFO] - fit progress: (32, 8.580880297813565, {'accuracy': 0.965}, 2150.3432416000005)
[2026-06-06 10:58:52,894][flwr][INFO] - configure_evaluate: strategy sampled 10 clients (out of 10)
[2026-06-06 10:58:58,116][flwr][INFO] - aggregate_evaluate: received 10 results and 0 failures
[2026-06-06 10:58:58,117][flwr][INFO] - 
[2026-06-06 10:58:58,117][flwr][INFO] - [ROUND 33]
[2026-06-06 10:58:58,118][flwr][INFO] - configure_fit: strategy sampled 10 clients (out of 10)
[2026-06-06 11:00:03,814][flwr][INFO] - aggregate_fit: received 10 results and 0 failures
[2026-06-06 11:00:07,338][flwr][INFO] - fit progress: (33, 7.985029661795124, {'accuracy': 0.9683}, 2224.7880834)
[2026-06-06 11:00:07,338][flwr][INFO] - configure_evaluate: strategy sampled 10 clients (out of 10)
[2026-06-06 11:00:12,559][flwr][INFO] - aggregate_evaluate: received 10 results and 0 failures
[2026-06-06 11:00:12,559][flwr][INFO] - 
[2026-06-06 11:00:12,560][flwr][INFO] - [ROUND 34]
[2026-06-06 11:00:12,560][flwr][INFO] - configure_fit: strategy sampled 10 clients (out of 10)
[2026-06-06 11:01:10,371][flwr][INFO] - aggregate_fit: received 10 results and 0 failures
[2026-06-06 11:01:13,822][flwr][INFO] - fit progress: (34, 8.296299970475957, {'accuracy': 0.9666}, 2291.2716675)
[2026-06-06 11:01:13,822][flwr][INFO] - configure_evaluate: strategy sampled 10 clients (out of 10)
[2026-06-06 11:01:19,065][flwr][INFO] - aggregate_evaluate: received 10 results and 0 failures
[2026-06-06 11:01:19,065][flwr][INFO] - 
[2026-06-06 11:01:19,066][flwr][INFO] - [ROUND 35]
[2026-06-06 11:01:19,066][flwr][INFO] - configure_fit: strategy sampled 10 clients (out of 10)
[2026-06-06 11:02:24,864][flwr][INFO] - aggregate_fit: received 10 results and 0 failures
[2026-06-06 11:02:28,304][flwr][INFO] - fit progress: (35, 8.46996774058789, {'accuracy': 0.9663}, 2365.7538854999993)
[2026-06-06 11:02:28,304][flwr][INFO] - configure_evaluate: strategy sampled 10 clients (out of 10)
[2026-06-06 11:02:33,539][flwr][INFO] - aggregate_evaluate: received 10 results and 0 failures
[2026-06-06 11:02:33,539][flwr][INFO] - 
[2026-06-06 11:02:33,540][flwr][INFO] - [ROUND 36]
[2026-06-06 11:02:33,540][flwr][INFO] - configure_fit: strategy sampled 10 clients (out of 10)
[2026-06-06 11:03:34,127][flwr][INFO] - aggregate_fit: received 10 results and 0 failures
[2026-06-06 11:03:37,563][flwr][INFO] - fit progress: (36, 7.964553543482907, {'accuracy': 0.9679}, 2435.0127361999994)
[2026-06-06 11:03:37,563][flwr][INFO] - configure_evaluate: strategy sampled 10 clients (out of 10)
[2026-06-06 11:03:42,881][flwr][INFO] - aggregate_evaluate: received 10 results and 0 failures
[2026-06-06 11:03:42,882][flwr][INFO] - 
[2026-06-06 11:03:42,882][flwr][INFO] - [ROUND 37]
[2026-06-06 11:03:42,882][flwr][INFO] - configure_fit: strategy sampled 10 clients (out of 10)
[2026-06-06 11:04:40,468][flwr][INFO] - aggregate_fit: received 10 results and 0 failures
[2026-06-06 11:04:43,901][flwr][INFO] - fit progress: (37, 7.743940755026415, {'accuracy': 0.9681}, 2501.3507271999997)
[2026-06-06 11:04:43,901][flwr][INFO] - configure_evaluate: strategy sampled 10 clients (out of 10)
[2026-06-06 11:04:49,173][flwr][INFO] - aggregate_evaluate: received 10 results and 0 failures
[2026-06-06 11:04:49,173][flwr][INFO] - 
[2026-06-06 11:04:49,174][flwr][INFO] - [ROUND 38]
[2026-06-06 11:04:49,174][flwr][INFO] - configure_fit: strategy sampled 10 clients (out of 10)
[2026-06-06 11:05:45,610][flwr][INFO] - aggregate_fit: received 10 results and 0 failures
[2026-06-06 11:05:49,021][flwr][INFO] - fit progress: (38, 7.401388173690066, {'accuracy': 0.9695}, 2566.4710977000004)
[2026-06-06 11:05:49,021][flwr][INFO] - configure_evaluate: strategy sampled 10 clients (out of 10)
[2026-06-06 11:05:54,250][flwr][INFO] - aggregate_evaluate: received 10 results and 0 failures
[2026-06-06 11:05:54,250][flwr][INFO] - 
[2026-06-06 11:05:54,251][flwr][INFO] - [ROUND 39]
[2026-06-06 11:05:54,251][flwr][INFO] - configure_fit: strategy sampled 10 clients (out of 10)
[2026-06-06 11:06:48,557][flwr][INFO] - aggregate_fit: received 10 results and 0 failures
[2026-06-06 11:06:52,211][flwr][INFO] - fit progress: (39, 7.53204805101268, {'accuracy': 0.9694}, 2629.6611554)
[2026-06-06 11:06:52,211][flwr][INFO] - configure_evaluate: strategy sampled 10 clients (out of 10)
[2026-06-06 11:06:57,454][flwr][INFO] - aggregate_evaluate: received 10 results and 0 failures
[2026-06-06 11:06:57,455][flwr][INFO] - 
[2026-06-06 11:06:57,455][flwr][INFO] - [ROUND 40]
[2026-06-06 11:06:57,456][flwr][INFO] - configure_fit: strategy sampled 10 clients (out of 10)
[2026-06-06 11:07:51,558][flwr][INFO] - aggregate_fit: received 10 results and 0 failures
[2026-06-06 11:07:54,985][flwr][INFO] - fit progress: (40, 7.447399150580168, {'accuracy': 0.9695}, 2692.4347976)
[2026-06-06 11:07:54,986][flwr][INFO] - configure_evaluate: strategy sampled 10 clients (out of 10)
[2026-06-06 11:08:00,322][flwr][INFO] - aggregate_evaluate: received 10 results and 0 failures
[2026-06-06 11:08:00,322][flwr][INFO] - 
[2026-06-06 11:08:00,323][flwr][INFO] - [ROUND 41]
[2026-06-06 11:08:00,323][flwr][INFO] - configure_fit: strategy sampled 10 clients (out of 10)
[2026-06-06 11:08:58,220][flwr][INFO] - aggregate_fit: received 10 results and 0 failures
[2026-06-06 11:09:01,646][flwr][INFO] - fit progress: (41, 7.2293177985120565, {'accuracy': 0.9707}, 2759.0959978)
[2026-06-06 11:09:01,647][flwr][INFO] - configure_evaluate: strategy sampled 10 clients (out of 10)
[2026-06-06 11:09:06,839][flwr][INFO] - aggregate_evaluate: received 10 results and 0 failures
[2026-06-06 11:09:06,840][flwr][INFO] - 
[2026-06-06 11:09:06,840][flwr][INFO] - [ROUND 42]
[2026-06-06 11:09:06,841][flwr][INFO] - configure_fit: strategy sampled 10 clients (out of 10)
[2026-06-06 11:10:12,143][flwr][INFO] - aggregate_fit: received 10 results and 0 failures
[2026-06-06 11:10:15,571][flwr][INFO] - fit progress: (42, 7.456735952291638, {'accuracy': 0.97}, 2833.0216236000006)
[2026-06-06 11:10:15,572][flwr][INFO] - configure_evaluate: strategy sampled 10 clients (out of 10)
[2026-06-06 11:10:21,115][flwr][INFO] - aggregate_evaluate: received 10 results and 0 failures
[2026-06-06 11:10:21,115][flwr][INFO] - 
[2026-06-06 11:10:21,115][flwr][INFO] - [ROUND 43]
[2026-06-06 11:10:21,116][flwr][INFO] - configure_fit: strategy sampled 10 clients (out of 10)
[2026-06-06 11:11:26,286][flwr][INFO] - aggregate_fit: received 10 results and 0 failures
[2026-06-06 11:11:29,735][flwr][INFO] - fit progress: (43, 7.204903915990144, {'accuracy': 0.9702}, 2907.1849235)
[2026-06-06 11:11:29,736][flwr][INFO] - configure_evaluate: strategy sampled 10 clients (out of 10)
[2026-06-06 11:11:34,965][flwr][INFO] - aggregate_evaluate: received 10 results and 0 failures
[2026-06-06 11:11:34,966][flwr][INFO] - 
[2026-06-06 11:11:34,966][flwr][INFO] - [ROUND 44]
[2026-06-06 11:11:34,967][flwr][INFO] - configure_fit: strategy sampled 10 clients (out of 10)
[2026-06-06 11:12:34,722][flwr][INFO] - aggregate_fit: received 10 results and 0 failures
[2026-06-06 11:12:38,141][flwr][INFO] - fit progress: (44, 7.319504120619968, {'accuracy': 0.9711}, 2975.5914304000007)
[2026-06-06 11:12:38,142][flwr][INFO] - configure_evaluate: strategy sampled 10 clients (out of 10)
[2026-06-06 11:12:43,349][flwr][INFO] - aggregate_evaluate: received 10 results and 0 failures
[2026-06-06 11:12:43,350][flwr][INFO] - 
[2026-06-06 11:12:43,350][flwr][INFO] - [ROUND 45]
[2026-06-06 11:12:43,350][flwr][INFO] - configure_fit: strategy sampled 10 clients (out of 10)
[2026-06-06 11:13:42,026][flwr][INFO] - aggregate_fit: received 10 results and 0 failures
[2026-06-06 11:13:45,458][flwr][INFO] - fit progress: (45, 7.181892484310083, {'accuracy': 0.9714}, 3042.9082334999994)
[2026-06-06 11:13:45,458][flwr][INFO] - configure_evaluate: strategy sampled 10 clients (out of 10)
[2026-06-06 11:13:50,660][flwr][INFO] - aggregate_evaluate: received 10 results and 0 failures
[2026-06-06 11:13:50,661][flwr][INFO] - 
[2026-06-06 11:13:50,661][flwr][INFO] - [ROUND 46]
[2026-06-06 11:13:50,661][flwr][INFO] - configure_fit: strategy sampled 10 clients (out of 10)
[2026-06-06 11:14:50,673][flwr][INFO] - aggregate_fit: received 10 results and 0 failures
[2026-06-06 11:14:54,101][flwr][INFO] - fit progress: (46, 7.403604313498363, {'accuracy': 0.9706}, 3111.5513368)
[2026-06-06 11:14:54,101][flwr][INFO] - configure_evaluate: strategy sampled 10 clients (out of 10)
[2026-06-06 11:14:59,312][flwr][INFO] - aggregate_evaluate: received 10 results and 0 failures
[2026-06-06 11:14:59,313][flwr][INFO] - 
[2026-06-06 11:14:59,313][flwr][INFO] - [ROUND 47]
[2026-06-06 11:14:59,314][flwr][INFO] - configure_fit: strategy sampled 10 clients (out of 10)
[2026-06-06 11:15:58,163][flwr][INFO] - aggregate_fit: received 10 results and 0 failures
[2026-06-06 11:16:01,918][flwr][INFO] - fit progress: (47, 7.304420689528342, {'accuracy': 0.9709}, 3179.3684358)
[2026-06-06 11:16:01,919][flwr][INFO] - configure_evaluate: strategy sampled 10 clients (out of 10)
[2026-06-06 11:16:07,207][flwr][INFO] - aggregate_evaluate: received 10 results and 0 failures
[2026-06-06 11:16:07,207][flwr][INFO] - 
[2026-06-06 11:16:07,207][flwr][INFO] - [ROUND 48]
[2026-06-06 11:16:07,208][flwr][INFO] - configure_fit: strategy sampled 10 clients (out of 10)
[2026-06-06 11:17:05,758][flwr][INFO] - aggregate_fit: received 10 results and 0 failures
[2026-06-06 11:17:09,185][flwr][INFO] - fit progress: (48, 6.878219604550395, {'accuracy': 0.972}, 3246.6344517999996)
[2026-06-06 11:17:09,185][flwr][INFO] - configure_evaluate: strategy sampled 10 clients (out of 10)
[2026-06-06 11:17:14,303][flwr][INFO] - aggregate_evaluate: received 10 results and 0 failures
[2026-06-06 11:17:14,304][flwr][INFO] - 
[2026-06-06 11:17:14,304][flwr][INFO] - [ROUND 49]
[2026-06-06 11:17:14,305][flwr][INFO] - configure_fit: strategy sampled 10 clients (out of 10)
[2026-06-06 11:18:07,497][flwr][INFO] - aggregate_fit: received 10 results and 0 failures
[2026-06-06 11:18:10,947][flwr][INFO] - fit progress: (49, 6.845677817822434, {'accuracy': 0.972}, 3308.3970390999993)
[2026-06-06 11:18:10,948][flwr][INFO] - configure_evaluate: strategy sampled 10 clients (out of 10)
[2026-06-06 11:18:16,218][flwr][INFO] - aggregate_evaluate: received 10 results and 0 failures
[2026-06-06 11:18:16,218][flwr][INFO] - 
[2026-06-06 11:18:16,218][flwr][INFO] - [ROUND 50]
[2026-06-06 11:18:16,219][flwr][INFO] - configure_fit: strategy sampled 10 clients (out of 10)
[2026-06-06 11:19:14,151][flwr][INFO] - aggregate_fit: received 10 results and 0 failures
[2026-06-06 11:19:17,560][flwr][INFO] - fit progress: (50, 6.954314995382447, {'accuracy': 0.9722}, 3375.010349000001)
[2026-06-06 11:19:17,561][flwr][INFO] - configure_evaluate: strategy sampled 10 clients (out of 10)
[2026-06-06 11:19:22,739][flwr][INFO] - aggregate_evaluate: received 10 results and 0 failures
[2026-06-06 11:19:22,740][flwr][INFO] - 
[2026-06-06 11:19:22,741][flwr][INFO] - [SUMMARY]
[2026-06-06 11:19:22,741][flwr][INFO] - Run finished 50 round(s) in 3380.19s
[2026-06-06 11:19:22,743][flwr][INFO] - 	History (loss, distributed):
[2026-06-06 11:19:22,743][flwr][INFO] - 		round 1: 64.51458578109741
[2026-06-06 11:19:22,743][flwr][INFO] - 		round 2: 48.35798735022545
[2026-06-06 11:19:22,744][flwr][INFO] - 		round 3: 39.22326338589191
[2026-06-06 11:19:22,744][flwr][INFO] - 		round 4: 28.435114964842796
[2026-06-06 11:19:22,744][flwr][INFO] - 		round 5: 23.2868554353714
[2026-06-06 11:19:22,745][flwr][INFO] - 		round 6: 18.43099341839552
[2026-06-06 11:19:22,745][flwr][INFO] - 		round 7: 14.902815380692482
[2026-06-06 11:19:22,745][flwr][INFO] - 		round 8: 12.080831751972436
[2026-06-06 11:19:22,745][flwr][INFO] - 		round 9: 10.868642480298877
[2026-06-06 11:19:22,746][flwr][INFO] - 		round 10: 9.34174862317741
[2026-06-06 11:19:22,746][flwr][INFO] - 		round 11: 8.167596676200628
[2026-06-06 11:19:22,746][flwr][INFO] - 		round 12: 7.655922169424594
[2026-06-06 11:19:22,746][flwr][INFO] - 		round 13: 7.5065991910174485
[2026-06-06 11:19:22,747][flwr][INFO] - 		round 14: 6.868620262853801
[2026-06-06 11:19:22,747][flwr][INFO] - 		round 15: 6.504961811006069
[2026-06-06 11:19:22,747][flwr][INFO] - 		round 16: 6.0337206208147105
[2026-06-06 11:19:22,747][flwr][INFO] - 		round 17: 5.905095509625971
[2026-06-06 11:19:22,747][flwr][INFO] - 		round 18: 5.482148237433284
[2026-06-06 11:19:22,748][flwr][INFO] - 		round 19: 5.589486318826675
[2026-06-06 11:19:22,748][flwr][INFO] - 		round 20: 4.871614059526474
[2026-06-06 11:19:22,748][flwr][INFO] - 		round 21: 4.622722962033004
[2026-06-06 11:19:22,748][flwr][INFO] - 		round 22: 4.578795115603134
[2026-06-06 11:19:22,748][flwr][INFO] - 		round 23: 4.3865991091355685
[2026-06-06 11:19:22,749][flwr][INFO] - 		round 24: 4.2139440221712
[2026-06-06 11:19:22,749][flwr][INFO] - 		round 25: 4.157810271112249
[2026-06-06 11:19:22,749][flwr][INFO] - 		round 26: 3.9661916233599186
[2026-06-06 11:19:22,749][flwr][INFO] - 		round 27: 3.7778623868245633
[2026-06-06 11:19:22,750][flwr][INFO] - 		round 28: 3.6632238660939036
[2026-06-06 11:19:22,750][flwr][INFO] - 		round 29: 3.578156620077789
[2026-06-06 11:19:22,750][flwr][INFO] - 		round 30: 3.522850186470896
[2026-06-06 11:19:22,750][flwr][INFO] - 		round 31: 3.471498465444893
[2026-06-06 11:19:22,750][flwr][INFO] - 		round 32: 3.4885278011905028
[2026-06-06 11:19:22,751][flwr][INFO] - 		round 33: 3.2570156276691704
[2026-06-06 11:19:22,751][flwr][INFO] - 		round 34: 3.3784630202921107
[2026-06-06 11:19:22,751][flwr][INFO] - 		round 35: 3.450055936933495
[2026-06-06 11:19:22,751][flwr][INFO] - 		round 36: 3.253962791711092
[2026-06-06 11:19:22,751][flwr][INFO] - 		round 37: 3.1675377456704155
[2026-06-06 11:19:22,752][flwr][INFO] - 		round 38: 3.0226846388890407
[2026-06-06 11:19:22,752][flwr][INFO] - 		round 39: 3.0706564537016674
[2026-06-06 11:19:22,752][flwr][INFO] - 		round 40: 3.037620229413733
[2026-06-06 11:19:22,752][flwr][INFO] - 		round 41: 2.945394374895841
[2026-06-06 11:19:22,752][flwr][INFO] - 		round 42: 3.040478462190367
[2026-06-06 11:19:22,753][flwr][INFO] - 		round 43: 2.9486578082083725
[2026-06-06 11:19:22,753][flwr][INFO] - 		round 44: 2.9919538606423886
[2026-06-06 11:19:22,753][flwr][INFO] - 		round 45: 2.942081521631917
[2026-06-06 11:19:22,753][flwr][INFO] - 		round 46: 3.0274299539159983
[2026-06-06 11:19:22,753][flwr][INFO] - 		round 47: 2.9895009882049637
[2026-06-06 11:19:22,754][flwr][INFO] - 		round 48: 2.8116689974674953
[2026-06-06 11:19:22,754][flwr][INFO] - 		round 49: 2.8092273728339934
[2026-06-06 11:19:22,754][flwr][INFO] - 		round 50: 2.8506108317931647
[2026-06-06 11:19:22,754][flwr][INFO] - 	History (loss, centralized):
[2026-06-06 11:19:22,754][flwr][INFO] - 		round 0: 181.97806978225708
[2026-06-06 11:19:22,755][flwr][INFO] - 		round 1: 159.53264570236206
[2026-06-06 11:19:22,755][flwr][INFO] - 		round 2: 119.5071427822113
[2026-06-06 11:19:22,755][flwr][INFO] - 		round 3: 97.04089093208313
[2026-06-06 11:19:22,755][flwr][INFO] - 		round 4: 70.36090439558029
[2026-06-06 11:19:22,756][flwr][INFO] - 		round 5: 57.65598848462105
[2026-06-06 11:19:22,756][flwr][INFO] - 		round 6: 45.644118785858154
[2026-06-06 11:19:22,756][flwr][INFO] - 		round 7: 36.91164028644562
[2026-06-06 11:19:22,756][flwr][INFO] - 		round 8: 29.895755141973495
[2026-06-06 11:19:22,756][flwr][INFO] - 		round 9: 26.872994661331177
[2026-06-06 11:19:22,757][flwr][INFO] - 		round 10: 23.113695807754993
[2026-06-06 11:19:22,757][flwr][INFO] - 		round 11: 20.167562916874886
[2026-06-06 11:19:22,757][flwr][INFO] - 		round 12: 18.880657088011503
[2026-06-06 11:19:22,757][flwr][INFO] - 		round 13: 18.5304147079587
[2026-06-06 11:19:22,757][flwr][INFO] - 		round 14: 16.923861972987652
[2026-06-06 11:19:22,757][flwr][INFO] - 		round 15: 16.03042422235012
[2026-06-06 11:19:22,758][flwr][INFO] - 		round 16: 14.832230046391487
[2026-06-06 11:19:22,758][flwr][INFO] - 		round 17: 14.549922499805689
[2026-06-06 11:19:22,758][flwr][INFO] - 		round 18: 13.4831902962178
[2026-06-06 11:19:22,758][flwr][INFO] - 		round 19: 13.78335915133357
[2026-06-06 11:19:22,758][flwr][INFO] - 		round 20: 11.932952361181378
[2026-06-06 11:19:22,759][flwr][INFO] - 		round 21: 11.330780229531229
[2026-06-06 11:19:22,759][flwr][INFO] - 		round 22: 11.222284971736372
[2026-06-06 11:19:22,759][flwr][INFO] - 		round 23: 10.741786792874336
[2026-06-06 11:19:22,759][flwr][INFO] - 		round 24: 10.32385021680966
[2026-06-06 11:19:22,759][flwr][INFO] - 		round 25: 10.20160652557388
[2026-06-06 11:19:22,760][flwr][INFO] - 		round 26: 9.72624622657895
[2026-06-06 11:19:22,760][flwr][INFO] - 		round 27: 9.240939608309418
[2026-06-06 11:19:22,760][flwr][INFO] - 		round 28: 8.97241745190695
[2026-06-06 11:19:22,760][flwr][INFO] - 		round 29: 8.78779557812959
[2026-06-06 11:19:22,760][flwr][INFO] - 		round 30: 8.642029751092196
[2026-06-06 11:19:22,761][flwr][INFO] - 		round 31: 8.48564813286066
[2026-06-06 11:19:22,761][flwr][INFO] - 		round 32: 8.580880297813565
[2026-06-06 11:19:22,761][flwr][INFO] - 		round 33: 7.985029661795124
[2026-06-06 11:19:22,761][flwr][INFO] - 		round 34: 8.296299970475957
[2026-06-06 11:19:22,761][flwr][INFO] - 		round 35: 8.46996774058789
[2026-06-06 11:19:22,762][flwr][INFO] - 		round 36: 7.964553543482907
[2026-06-06 11:19:22,762][flwr][INFO] - 		round 37: 7.743940755026415
[2026-06-06 11:19:22,762][flwr][INFO] - 		round 38: 7.401388173690066
[2026-06-06 11:19:22,762][flwr][INFO] - 		round 39: 7.53204805101268
[2026-06-06 11:19:22,763][flwr][INFO] - 		round 40: 7.447399150580168
[2026-06-06 11:19:22,763][flwr][INFO] - 		round 41: 7.2293177985120565
[2026-06-06 11:19:22,763][flwr][INFO] - 		round 42: 7.456735952291638
[2026-06-06 11:19:22,763][flwr][INFO] - 		round 43: 7.204903915990144
[2026-06-06 11:19:22,764][flwr][INFO] - 		round 44: 7.319504120619968
[2026-06-06 11:19:22,764][flwr][INFO] - 		round 45: 7.181892484310083
[2026-06-06 11:19:22,764][flwr][INFO] - 		round 46: 7.403604313498363
[2026-06-06 11:19:22,764][flwr][INFO] - 		round 47: 7.304420689528342
[2026-06-06 11:19:22,764][flwr][INFO] - 		round 48: 6.878219604550395
[2026-06-06 11:19:22,765][flwr][INFO] - 		round 49: 6.845677817822434
[2026-06-06 11:19:22,765][flwr][INFO] - 		round 50: 6.954314995382447
[2026-06-06 11:19:22,765][flwr][INFO] - 	History (metrics, centralized):
[2026-06-06 11:19:22,766][flwr][INFO] - 	{'accuracy': [(0, 0.1104),
[2026-06-06 11:19:22,766][flwr][INFO] - 	              (1, 0.3616),
[2026-06-06 11:19:22,766][flwr][INFO] - 	              (2, 0.5648),
[2026-06-06 11:19:22,766][flwr][INFO] - 	              (3, 0.6267),
[2026-06-06 11:19:22,766][flwr][INFO] - 	              (4, 0.6983),
[2026-06-06 11:19:22,767][flwr][INFO] - 	              (5, 0.7584),
[2026-06-06 11:19:22,767][flwr][INFO] - 	              (6, 0.7988),
[2026-06-06 11:19:22,767][flwr][INFO] - 	              (7, 0.8324),
[2026-06-06 11:19:22,767][flwr][INFO] - 	              (8, 0.8618),
[2026-06-06 11:19:22,767][flwr][INFO] - 	              (9, 0.8767),
[2026-06-06 11:19:22,767][flwr][INFO] - 	              (10, 0.8928),
[2026-06-06 11:19:22,768][flwr][INFO] - 	              (11, 0.9098),
[2026-06-06 11:19:22,768][flwr][INFO] - 	              (12, 0.9172),
[2026-06-06 11:19:22,768][flwr][INFO] - 	              (13, 0.9174),
[2026-06-06 11:19:22,768][flwr][INFO] - 	              (14, 0.9253),
[2026-06-06 11:19:22,768][flwr][INFO] - 	              (15, 0.9296),
[2026-06-06 11:19:22,769][flwr][INFO] - 	              (16, 0.937),
[2026-06-06 11:19:22,769][flwr][INFO] - 	              (17, 0.9369),
[2026-06-06 11:19:22,769][flwr][INFO] - 	              (18, 0.9413),
[2026-06-06 11:19:22,769][flwr][INFO] - 	              (19, 0.9402),
[2026-06-06 11:19:22,769][flwr][INFO] - 	              (20, 0.95),
[2026-06-06 11:19:22,770][flwr][INFO] - 	              (21, 0.9517),
[2026-06-06 11:19:22,770][flwr][INFO] - 	              (22, 0.9538),
[2026-06-06 11:19:22,770][flwr][INFO] - 	              (23, 0.954),
[2026-06-06 11:19:22,770][flwr][INFO] - 	              (24, 0.957),
[2026-06-06 11:19:22,770][flwr][INFO] - 	              (25, 0.9574),
[2026-06-06 11:19:22,770][flwr][INFO] - 	              (26, 0.9602),
[2026-06-06 11:19:22,771][flwr][INFO] - 	              (27, 0.9623),
[2026-06-06 11:19:22,771][flwr][INFO] - 	              (28, 0.9638),
[2026-06-06 11:19:22,771][flwr][INFO] - 	              (29, 0.9641),
[2026-06-06 11:19:22,771][flwr][INFO] - 	              (30, 0.9651),
[2026-06-06 11:19:22,772][flwr][INFO] - 	              (31, 0.9663),
[2026-06-06 11:19:22,772][flwr][INFO] - 	              (32, 0.965),
[2026-06-06 11:19:22,772][flwr][INFO] - 	              (33, 0.9683),
[2026-06-06 11:19:22,772][flwr][INFO] - 	              (34, 0.9666),
[2026-06-06 11:19:22,772][flwr][INFO] - 	              (35, 0.9663),
[2026-06-06 11:19:22,773][flwr][INFO] - 	              (36, 0.9679),
[2026-06-06 11:19:22,773][flwr][INFO] - 	              (37, 0.9681),
[2026-06-06 11:19:22,773][flwr][INFO] - 	              (38, 0.9695),
[2026-06-06 11:19:22,773][flwr][INFO] - 	              (39, 0.9694),
[2026-06-06 11:19:22,773][flwr][INFO] - 	              (40, 0.9695),
[2026-06-06 11:19:22,774][flwr][INFO] - 	              (41, 0.9707),
[2026-06-06 11:19:22,774][flwr][INFO] - 	              (42, 0.97),
[2026-06-06 11:19:22,774][flwr][INFO] - 	              (43, 0.9702),
[2026-06-06 11:19:22,774][flwr][INFO] - 	              (44, 0.9711),
[2026-06-06 11:19:22,774][flwr][INFO] - 	              (45, 0.9714),
[2026-06-06 11:19:22,775][flwr][INFO] - 	              (46, 0.9706),
[2026-06-06 11:19:22,775][flwr][INFO] - 	              (47, 0.9709),
[2026-06-06 11:19:22,775][flwr][INFO] - 	              (48, 0.972),
[2026-06-06 11:19:22,775][flwr][INFO] - 	              (49, 0.972),
[2026-06-06 11:19:22,775][flwr][INFO] - 	              (50, 0.9722)]}
[2026-06-06 11:19:22,776][flwr][INFO] - 
