[2026-06-05 16:39:40,973][flwr][WARNING] - DEPRECATED FEATURE: flwr.simulation.start_simulation() is deprecated.
	Instead, use the `flwr run` CLI command to start a local simulation in your Flower app, as shown for example below:

		$ flwr new  # Create a new Flower app from a template

		$ flwr run  # Run the Flower app in Simulation Mode

	Using `start_simulation()` is deprecated.

            This is a deprecated feature. It will be removed
            entirely in future versions of Flower.
        
[2026-06-05 16:39:40,974][flwr][INFO] - Starting Flower simulation, config: num_rounds=20, no round_timeout
[2026-06-05 16:39:45,342][flwr][INFO] - Flower VCE: Ray initialized with resources: {'object_store_memory': 1556786380.0, 'GPU': 1.0, 'memory': 3632501556.0, 'node:__internal_head__': 1.0, 'accelerator_type:G': 1.0, 'node:127.0.0.1': 1.0, 'CPU': 8.0}
[2026-06-05 16:39:45,342][flwr][INFO] - Optimize your simulation with Flower VCE: https://flower.ai/docs/framework/how-to-run-simulations.html
[2026-06-05 16:39:45,342][flwr][INFO] - Flower VCE: Resources for each Virtual Client: {'num_cpus': 1.0, 'num_gpus': 0.25}
[2026-06-05 16:39:45,366][flwr][INFO] - Flower VCE: Creating VirtualClientEngineActorPool with 4 actors
[2026-06-05 16:39:45,366][flwr][INFO] - [INIT]
[2026-06-05 16:39:45,372][flwr][INFO] - Requesting initial parameters from one random client
[2026-06-05 16:39:51,866][flwr][INFO] - Received initial parameters from one random client
[2026-06-05 16:39:51,866][flwr][INFO] - Starting evaluation of initial global parameters
[2026-06-05 16:39:55,473][flwr][INFO] - initial parameters (loss, other metrics): 182.1172811985016, {'accuracy': 0.0983}
[2026-06-05 16:39:55,473][flwr][INFO] - 
[2026-06-05 16:39:55,473][flwr][INFO] - [ROUND 1]
[2026-06-05 16:39:55,483][flwr][INFO] - configure_fit: strategy sampled 5 clients (out of 10)
[2026-06-05 16:40:33,302][flwr][INFO] - aggregate_fit: received 5 results and 0 failures
[2026-06-05 16:40:36,870][flwr][INFO] - fit progress: (1, 187.39299321174622, {'accuracy': 0.1615}, 41.39125419999982)
[2026-06-05 16:40:36,872][flwr][INFO] - configure_evaluate: strategy sampled 10 clients (out of 10)
[2026-06-05 16:40:42,236][flwr][INFO] - aggregate_evaluate: received 10 results and 0 failures
[2026-06-05 16:40:42,236][flwr][WARNING] - No evaluate_metrics_aggregation_fn provided
[2026-06-05 16:40:42,246][flwr][INFO] - 
[2026-06-05 16:40:42,246][flwr][INFO] - [ROUND 2]
[2026-06-05 16:40:42,246][flwr][INFO] - configure_fit: strategy sampled 5 clients (out of 10)
[2026-06-05 16:40:50,466][flwr][INFO] - aggregate_fit: received 5 results and 0 failures
[2026-06-05 16:40:54,031][flwr][INFO] - fit progress: (2, 187.39299321174622, {'accuracy': 0.1615}, 58.5541727000018)
[2026-06-05 16:40:54,031][flwr][INFO] - configure_evaluate: strategy sampled 10 clients (out of 10)
[2026-06-05 16:40:59,741][flwr][INFO] - aggregate_evaluate: received 10 results and 0 failures
[2026-06-05 16:40:59,741][flwr][INFO] - 
[2026-06-05 16:40:59,741][flwr][INFO] - [ROUND 3]
[2026-06-05 16:40:59,741][flwr][INFO] - configure_fit: strategy sampled 5 clients (out of 10)
[2026-06-05 16:41:37,175][flwr][INFO] - aggregate_fit: received 5 results and 0 failures
[2026-06-05 16:41:40,679][flwr][INFO] - fit progress: (3, 193.83920216560364, {'accuracy': 0.1302}, 105.20125370000096)
[2026-06-05 16:41:40,679][flwr][INFO] - configure_evaluate: strategy sampled 10 clients (out of 10)
[2026-06-05 16:41:46,145][flwr][INFO] - aggregate_evaluate: received 10 results and 0 failures
[2026-06-05 16:41:46,145][flwr][INFO] - 
[2026-06-05 16:41:46,145][flwr][INFO] - [ROUND 4]
[2026-06-05 16:41:46,145][flwr][INFO] - configure_fit: strategy sampled 5 clients (out of 10)
[2026-06-05 16:41:53,416][flwr][INFO] - aggregate_fit: received 5 results and 0 failures
[2026-06-05 16:41:57,026][flwr][INFO] - fit progress: (4, 193.83920216560364, {'accuracy': 0.1302}, 121.5479742000025)
[2026-06-05 16:41:57,026][flwr][INFO] - configure_evaluate: strategy sampled 10 clients (out of 10)
[2026-06-05 16:42:02,435][flwr][INFO] - aggregate_evaluate: received 10 results and 0 failures
[2026-06-05 16:42:02,435][flwr][INFO] - 
[2026-06-05 16:42:02,435][flwr][INFO] - [ROUND 5]
[2026-06-05 16:42:02,435][flwr][INFO] - configure_fit: strategy sampled 5 clients (out of 10)
[2026-06-05 16:42:42,524][flwr][INFO] - aggregate_fit: received 5 results and 0 failures
[2026-06-05 16:42:46,098][flwr][INFO] - fit progress: (5, 255.50101375579834, {'accuracy': 0.2021}, 170.62385340000037)
[2026-06-05 16:42:46,098][flwr][INFO] - configure_evaluate: strategy sampled 10 clients (out of 10)
[2026-06-05 16:42:51,515][flwr][INFO] - aggregate_evaluate: received 10 results and 0 failures
[2026-06-05 16:42:51,515][flwr][INFO] - 
[2026-06-05 16:42:51,515][flwr][INFO] - [ROUND 6]
[2026-06-05 16:42:51,518][flwr][INFO] - configure_fit: strategy sampled 5 clients (out of 10)
[2026-06-05 16:43:00,242][flwr][INFO] - aggregate_fit: received 5 results and 0 failures
[2026-06-05 16:43:03,786][flwr][INFO] - fit progress: (6, 255.50101375579834, {'accuracy': 0.2021}, 188.3065142000014)
[2026-06-05 16:43:03,786][flwr][INFO] - configure_evaluate: strategy sampled 10 clients (out of 10)
[2026-06-05 16:43:09,438][flwr][INFO] - aggregate_evaluate: received 10 results and 0 failures
[2026-06-05 16:43:09,438][flwr][INFO] - 
[2026-06-05 16:43:09,438][flwr][INFO] - [ROUND 7]
[2026-06-05 16:43:09,446][flwr][INFO] - configure_fit: strategy sampled 5 clients (out of 10)
[2026-06-05 16:43:45,641][flwr][INFO] - aggregate_fit: received 5 results and 0 failures
[2026-06-05 16:43:49,132][flwr][INFO] - fit progress: (7, 220.05532836914062, {'accuracy': 0.1885}, 233.65436690000206)
[2026-06-05 16:43:49,132][flwr][INFO] - configure_evaluate: strategy sampled 10 clients (out of 10)
[2026-06-05 16:43:54,680][flwr][INFO] - aggregate_evaluate: received 10 results and 0 failures
[2026-06-05 16:43:54,680][flwr][INFO] - 
[2026-06-05 16:43:54,680][flwr][INFO] - [ROUND 8]
[2026-06-05 16:43:54,680][flwr][INFO] - configure_fit: strategy sampled 5 clients (out of 10)
[2026-06-05 16:44:02,174][flwr][INFO] - aggregate_fit: received 5 results and 0 failures
[2026-06-05 16:44:05,640][flwr][INFO] - fit progress: (8, 220.05532836914062, {'accuracy': 0.1885}, 250.1598064000027)
[2026-06-05 16:44:05,640][flwr][INFO] - configure_evaluate: strategy sampled 10 clients (out of 10)
[2026-06-05 16:44:11,128][flwr][INFO] - aggregate_evaluate: received 10 results and 0 failures
[2026-06-05 16:44:11,128][flwr][INFO] - 
[2026-06-05 16:44:11,128][flwr][INFO] - [ROUND 9]
[2026-06-05 16:44:11,136][flwr][INFO] - configure_fit: strategy sampled 5 clients (out of 10)
[2026-06-05 16:44:48,617][flwr][INFO] - aggregate_fit: received 5 results and 0 failures
[2026-06-05 16:44:52,352][flwr][INFO] - fit progress: (9, 253.7362518310547, {'accuracy': 0.2011}, 296.8763046000022)
[2026-06-05 16:44:52,352][flwr][INFO] - configure_evaluate: strategy sampled 10 clients (out of 10)
[2026-06-05 16:44:57,712][flwr][INFO] - aggregate_evaluate: received 10 results and 0 failures
[2026-06-05 16:44:57,712][flwr][INFO] - 
[2026-06-05 16:44:57,712][flwr][INFO] - [ROUND 10]
[2026-06-05 16:44:57,716][flwr][INFO] - configure_fit: strategy sampled 5 clients (out of 10)
[2026-06-05 16:45:05,832][flwr][INFO] - aggregate_fit: received 5 results and 0 failures
[2026-06-05 16:45:09,416][flwr][INFO] - fit progress: (10, 253.7362518310547, {'accuracy': 0.2011}, 313.9370084000002)
[2026-06-05 16:45:09,416][flwr][INFO] - configure_evaluate: strategy sampled 10 clients (out of 10)
[2026-06-05 16:45:14,747][flwr][INFO] - aggregate_evaluate: received 10 results and 0 failures
[2026-06-05 16:45:14,747][flwr][INFO] - 
[2026-06-05 16:45:14,747][flwr][INFO] - [ROUND 11]
[2026-06-05 16:45:14,755][flwr][INFO] - configure_fit: strategy sampled 5 clients (out of 10)
[2026-06-05 16:45:51,422][flwr][INFO] - aggregate_fit: received 5 results and 0 failures
[2026-06-05 16:45:54,872][flwr][INFO] - fit progress: (11, 181.5694718360901, {'accuracy': 0.258}, 359.39836990000185)
[2026-06-05 16:45:54,872][flwr][INFO] - configure_evaluate: strategy sampled 10 clients (out of 10)
[2026-06-05 16:46:00,281][flwr][INFO] - aggregate_evaluate: received 10 results and 0 failures
[2026-06-05 16:46:00,281][flwr][INFO] - 
[2026-06-05 16:46:00,281][flwr][INFO] - [ROUND 12]
[2026-06-05 16:46:00,289][flwr][INFO] - configure_fit: strategy sampled 5 clients (out of 10)
[2026-06-05 16:46:08,118][flwr][INFO] - aggregate_fit: received 5 results and 0 failures
[2026-06-05 16:46:11,635][flwr][INFO] - fit progress: (12, 181.5694718360901, {'accuracy': 0.258}, 376.1566808000025)
[2026-06-05 16:46:11,635][flwr][INFO] - configure_evaluate: strategy sampled 10 clients (out of 10)
[2026-06-05 16:46:17,081][flwr][INFO] - aggregate_evaluate: received 10 results and 0 failures
[2026-06-05 16:46:17,081][flwr][INFO] - 
[2026-06-05 16:46:17,081][flwr][INFO] - [ROUND 13]
[2026-06-05 16:46:17,081][flwr][INFO] - configure_fit: strategy sampled 5 clients (out of 10)
[2026-06-05 16:46:51,677][flwr][INFO] - aggregate_fit: received 5 results and 0 failures
[2026-06-05 16:46:55,155][flwr][INFO] - fit progress: (13, 328.608767747879, {'accuracy': 0.1935}, 419.67634270000053)
[2026-06-05 16:46:55,155][flwr][INFO] - configure_evaluate: strategy sampled 10 clients (out of 10)
[2026-06-05 16:47:00,475][flwr][INFO] - aggregate_evaluate: received 10 results and 0 failures
[2026-06-05 16:47:00,475][flwr][INFO] - 
[2026-06-05 16:47:00,475][flwr][INFO] - [ROUND 14]
[2026-06-05 16:47:00,475][flwr][INFO] - configure_fit: strategy sampled 5 clients (out of 10)
[2026-06-05 16:47:08,166][flwr][INFO] - aggregate_fit: received 5 results and 0 failures
[2026-06-05 16:47:12,073][flwr][INFO] - fit progress: (14, 328.608767747879, {'accuracy': 0.1935}, 436.5934197000024)
[2026-06-05 16:47:12,073][flwr][INFO] - configure_evaluate: strategy sampled 10 clients (out of 10)
[2026-06-05 16:47:17,530][flwr][INFO] - aggregate_evaluate: received 10 results and 0 failures
[2026-06-05 16:47:17,530][flwr][INFO] - 
[2026-06-05 16:47:17,530][flwr][INFO] - [ROUND 15]
[2026-06-05 16:47:17,530][flwr][INFO] - configure_fit: strategy sampled 5 clients (out of 10)
[2026-06-05 16:47:55,160][flwr][INFO] - aggregate_fit: received 5 results and 0 failures
[2026-06-05 16:47:59,516][flwr][INFO] - fit progress: (15, 209.97502732276917, {'accuracy': 0.1548}, 484.0462511000005)
[2026-06-05 16:47:59,516][flwr][INFO] - configure_evaluate: strategy sampled 10 clients (out of 10)
[2026-06-05 16:48:06,316][flwr][INFO] - aggregate_evaluate: received 10 results and 0 failures
[2026-06-05 16:48:06,317][flwr][INFO] - 
[2026-06-05 16:48:06,318][flwr][INFO] - [ROUND 16]
[2026-06-05 16:48:06,323][flwr][INFO] - configure_fit: strategy sampled 5 clients (out of 10)
[2026-06-05 16:48:15,645][flwr][INFO] - aggregate_fit: received 5 results and 0 failures
[2026-06-05 16:48:19,411][flwr][INFO] - fit progress: (16, 209.97502732276917, {'accuracy': 0.1548}, 503.93086400000175)
[2026-06-05 16:48:19,411][flwr][INFO] - configure_evaluate: strategy sampled 10 clients (out of 10)
[2026-06-05 16:48:25,636][flwr][INFO] - aggregate_evaluate: received 10 results and 0 failures
[2026-06-05 16:48:25,637][flwr][INFO] - 
[2026-06-05 16:48:25,637][flwr][INFO] - [ROUND 17]
[2026-06-05 16:48:25,640][flwr][INFO] - configure_fit: strategy sampled 5 clients (out of 10)
[2026-06-05 16:49:12,257][flwr][INFO] - aggregate_fit: received 5 results and 0 failures
[2026-06-05 16:49:15,790][flwr][INFO] - fit progress: (17, 227.2674732208252, {'accuracy': 0.2658}, 560.3129679000012)
[2026-06-05 16:49:15,790][flwr][INFO] - configure_evaluate: strategy sampled 10 clients (out of 10)
[2026-06-05 16:49:21,454][flwr][INFO] - aggregate_evaluate: received 10 results and 0 failures
[2026-06-05 16:49:21,454][flwr][INFO] - 
[2026-06-05 16:49:21,455][flwr][INFO] - [ROUND 18]
[2026-06-05 16:49:21,458][flwr][INFO] - configure_fit: strategy sampled 5 clients (out of 10)
[2026-06-05 16:49:28,142][flwr][INFO] - aggregate_fit: received 5 results and 0 failures
[2026-06-05 16:49:31,647][flwr][INFO] - fit progress: (18, 227.2674732208252, {'accuracy': 0.2658}, 576.1738987000026)
[2026-06-05 16:49:31,655][flwr][INFO] - configure_evaluate: strategy sampled 10 clients (out of 10)
[2026-06-05 16:49:37,059][flwr][INFO] - aggregate_evaluate: received 10 results and 0 failures
[2026-06-05 16:49:37,059][flwr][INFO] - 
[2026-06-05 16:49:37,059][flwr][INFO] - [ROUND 19]
[2026-06-05 16:49:37,066][flwr][INFO] - configure_fit: strategy sampled 5 clients (out of 10)
[2026-06-05 16:50:14,694][flwr][INFO] - aggregate_fit: received 5 results and 0 failures
[2026-06-05 16:50:18,174][flwr][INFO] - fit progress: (19, 166.68182694911957, {'accuracy': 0.272}, 622.6938408000024)
[2026-06-05 16:50:18,174][flwr][INFO] - configure_evaluate: strategy sampled 10 clients (out of 10)
[2026-06-05 16:50:23,745][flwr][INFO] - aggregate_evaluate: received 10 results and 0 failures
[2026-06-05 16:50:23,745][flwr][INFO] - 
[2026-06-05 16:50:23,745][flwr][INFO] - [ROUND 20]
[2026-06-05 16:50:23,745][flwr][INFO] - configure_fit: strategy sampled 5 clients (out of 10)
[2026-06-05 16:50:32,746][flwr][INFO] - aggregate_fit: received 5 results and 0 failures
[2026-06-05 16:50:36,308][flwr][INFO] - fit progress: (20, 166.68182694911957, {'accuracy': 0.272}, 640.8289681999995)
[2026-06-05 16:50:36,308][flwr][INFO] - configure_evaluate: strategy sampled 10 clients (out of 10)
[2026-06-05 16:50:41,799][flwr][INFO] - aggregate_evaluate: received 10 results and 0 failures
[2026-06-05 16:50:41,807][flwr][INFO] - 
[2026-06-05 16:50:41,807][flwr][INFO] - [SUMMARY]
[2026-06-05 16:50:41,807][flwr][INFO] - Run finished 20 round(s) in 646.33s
[2026-06-05 16:50:41,807][flwr][INFO] - 	History (loss, distributed):
[2026-06-05 16:50:41,807][flwr][INFO] - 		round 1: 75.87345983982087
[2026-06-05 16:50:41,807][flwr][INFO] - 		round 2: 75.87345983982087
[2026-06-05 16:50:41,807][flwr][INFO] - 		round 3: 78.29135999679565
[2026-06-05 16:50:41,807][flwr][INFO] - 		round 4: 78.29135999679565
[2026-06-05 16:50:41,807][flwr][INFO] - 		round 5: 103.24530274868012
[2026-06-05 16:50:41,807][flwr][INFO] - 		round 6: 103.24530274868012
[2026-06-05 16:50:41,807][flwr][INFO] - 		round 7: 88.9717975616455
[2026-06-05 16:50:41,807][flwr][INFO] - 		round 8: 88.9717975616455
[2026-06-05 16:50:41,807][flwr][INFO] - 		round 9: 102.55171990394592
[2026-06-05 16:50:41,807][flwr][INFO] - 		round 10: 102.55171990394592
[2026-06-05 16:50:41,807][flwr][INFO] - 		round 11: 73.37793862819672
[2026-06-05 16:50:41,807][flwr][INFO] - 		round 12: 73.37793862819672
[2026-06-05 16:50:41,807][flwr][INFO] - 		round 13: 132.4553994178772
[2026-06-05 16:50:41,807][flwr][INFO] - 		round 14: 132.4553994178772
[2026-06-05 16:50:41,807][flwr][INFO] - 		round 15: 84.77762489318847
[2026-06-05 16:50:41,813][flwr][INFO] - 		round 16: 84.77762489318847
[2026-06-05 16:50:41,813][flwr][INFO] - 		round 17: 92.12128396034241
[2026-06-05 16:50:41,813][flwr][INFO] - 		round 18: 92.12128396034241
[2026-06-05 16:50:41,814][flwr][INFO] - 		round 19: 67.55102237462998
[2026-06-05 16:50:41,814][flwr][INFO] - 		round 20: 67.55102237462998
[2026-06-05 16:50:41,814][flwr][INFO] - 	History (loss, centralized):
[2026-06-05 16:50:41,814][flwr][INFO] - 		round 0: 182.1172811985016
[2026-06-05 16:50:41,815][flwr][INFO] - 		round 1: 187.39299321174622
[2026-06-05 16:50:41,816][flwr][INFO] - 		round 2: 187.39299321174622
[2026-06-05 16:50:41,816][flwr][INFO] - 		round 3: 193.83920216560364
[2026-06-05 16:50:41,816][flwr][INFO] - 		round 4: 193.83920216560364
[2026-06-05 16:50:41,817][flwr][INFO] - 		round 5: 255.50101375579834
[2026-06-05 16:50:41,817][flwr][INFO] - 		round 6: 255.50101375579834
[2026-06-05 16:50:41,817][flwr][INFO] - 		round 7: 220.05532836914062
[2026-06-05 16:50:41,817][flwr][INFO] - 		round 8: 220.05532836914062
[2026-06-05 16:50:41,818][flwr][INFO] - 		round 9: 253.7362518310547
[2026-06-05 16:50:41,818][flwr][INFO] - 		round 10: 253.7362518310547
[2026-06-05 16:50:41,818][flwr][INFO] - 		round 11: 181.5694718360901
[2026-06-05 16:50:41,818][flwr][INFO] - 		round 12: 181.5694718360901
[2026-06-05 16:50:41,818][flwr][INFO] - 		round 13: 328.608767747879
[2026-06-05 16:50:41,818][flwr][INFO] - 		round 14: 328.608767747879
[2026-06-05 16:50:41,818][flwr][INFO] - 		round 15: 209.97502732276917
[2026-06-05 16:50:41,818][flwr][INFO] - 		round 16: 209.97502732276917
[2026-06-05 16:50:41,818][flwr][INFO] - 		round 17: 227.2674732208252
[2026-06-05 16:50:41,818][flwr][INFO] - 		round 18: 227.2674732208252
[2026-06-05 16:50:41,818][flwr][INFO] - 		round 19: 166.68182694911957
[2026-06-05 16:50:41,818][flwr][INFO] - 		round 20: 166.68182694911957
[2026-06-05 16:50:41,818][flwr][INFO] - 	History (metrics, centralized):
[2026-06-05 16:50:41,818][flwr][INFO] - 	{'accuracy': [(0, 0.0983),
[2026-06-05 16:50:41,818][flwr][INFO] - 	              (1, 0.1615),
[2026-06-05 16:50:41,818][flwr][INFO] - 	              (2, 0.1615),
[2026-06-05 16:50:41,818][flwr][INFO] - 	              (3, 0.1302),
[2026-06-05 16:50:41,818][flwr][INFO] - 	              (4, 0.1302),
[2026-06-05 16:50:41,818][flwr][INFO] - 	              (5, 0.2021),
[2026-06-05 16:50:41,818][flwr][INFO] - 	              (6, 0.2021),
[2026-06-05 16:50:41,823][flwr][INFO] - 	              (7, 0.1885),
[2026-06-05 16:50:41,823][flwr][INFO] - 	              (8, 0.1885),
[2026-06-05 16:50:41,823][flwr][INFO] - 	              (9, 0.2011),
[2026-06-05 16:50:41,823][flwr][INFO] - 	              (10, 0.2011),
[2026-06-05 16:50:41,824][flwr][INFO] - 	              (11, 0.258),
[2026-06-05 16:50:41,824][flwr][INFO] - 	              (12, 0.258),
[2026-06-05 16:50:41,824][flwr][INFO] - 	              (13, 0.1935),
[2026-06-05 16:50:41,825][flwr][INFO] - 	              (14, 0.1935),
[2026-06-05 16:50:41,825][flwr][INFO] - 	              (15, 0.1548),
[2026-06-05 16:50:41,825][flwr][INFO] - 	              (16, 0.1548),
[2026-06-05 16:50:41,825][flwr][INFO] - 	              (17, 0.2658),
[2026-06-05 16:50:41,826][flwr][INFO] - 	              (18, 0.2658),
[2026-06-05 16:50:41,826][flwr][INFO] - 	              (19, 0.272),
[2026-06-05 16:50:41,826][flwr][INFO] - 	              (20, 0.272)]}
[2026-06-05 16:50:41,827][flwr][INFO] - 
