[2026-05-29 23:09:33,594][flwr][WARNING] - DEPRECATED FEATURE: flwr.simulation.start_simulation() is deprecated.
	Instead, use the `flwr run` CLI command to start a local simulation in your Flower app, as shown for example below:

		$ flwr new  # Create a new Flower app from a template

		$ flwr run  # Run the Flower app in Simulation Mode

	Using `start_simulation()` is deprecated.

            This is a deprecated feature. It will be removed
            entirely in future versions of Flower.
        
[2026-05-29 23:09:33,594][flwr][INFO] - Starting Flower simulation, config: num_rounds=10, no round_timeout
[2026-05-29 23:09:39,685][flwr][INFO] - Flower VCE: Ray initialized with resources: {'object_store_memory': 1487629516.0, 'GPU': 1.0, 'memory': 3471135540.0, 'accelerator_type:G': 1.0, 'node:__internal_head__': 1.0, 'node:127.0.0.1': 1.0, 'CPU': 8.0}
[2026-05-29 23:09:39,685][flwr][INFO] - Optimize your simulation with Flower VCE: https://flower.ai/docs/framework/how-to-run-simulations.html
[2026-05-29 23:09:39,685][flwr][INFO] - Flower VCE: Resources for each Virtual Client: {'num_cpus': 1.0, 'num_gpus': 0.25}
[2026-05-29 23:09:39,730][flwr][INFO] - Flower VCE: Creating VirtualClientEngineActorPool with 4 actors
[2026-05-29 23:09:39,730][flwr][INFO] - [INIT]
[2026-05-29 23:09:39,730][flwr][INFO] - Requesting initial parameters from one random client
[2026-05-29 23:09:46,456][flwr][INFO] - Received initial parameters from one random client
[2026-05-29 23:09:46,456][flwr][INFO] - Starting evaluation of initial global parameters
[2026-05-29 23:09:51,077][flwr][INFO] - initial parameters (loss, other metrics): 181.92824864387512, {'accuracy': 0.0955}
[2026-05-29 23:09:51,077][flwr][INFO] - 
[2026-05-29 23:09:51,077][flwr][INFO] - [ROUND 1]
[2026-05-29 23:09:51,077][flwr][INFO] - configure_fit: strategy sampled 10 clients (out of 10)
[2026-05-29 23:10:16,988][flwr][ERROR] - Traceback (most recent call last):
  File "d:\PROGRAMACAO\ML\FL\Modelo_teste\env\lib\site-packages\flwr\simulation\ray_transport\ray_client_proxy.py", line 90, in _submit_job
    out_mssg, updated_context = self.actor_pool.get_client_result(
  File "d:\PROGRAMACAO\ML\FL\Modelo_teste\env\lib\site-packages\flwr\simulation\ray_transport\ray_actor.py", line 400, in get_client_result
    return self._fetch_future_result(cid)
  File "d:\PROGRAMACAO\ML\FL\Modelo_teste\env\lib\site-packages\flwr\simulation\ray_transport\ray_actor.py", line 281, in _fetch_future_result
    res_cid, out_mssg, updated_context = ray.get(
  File "d:\PROGRAMACAO\ML\FL\Modelo_teste\env\lib\site-packages\ray\_private\auto_init_hook.py", line 22, in auto_init_wrapper
    return fn(*args, **kwargs)
  File "d:\PROGRAMACAO\ML\FL\Modelo_teste\env\lib\site-packages\ray\_private\client_mode_hook.py", line 104, in wrapper
    return func(*args, **kwargs)
  File "d:\PROGRAMACAO\ML\FL\Modelo_teste\env\lib\site-packages\ray\_private\worker.py", line 2961, in get
    values, debugger_breakpoint = worker.get_objects(
  File "d:\PROGRAMACAO\ML\FL\Modelo_teste\env\lib\site-packages\ray\_private\worker.py", line 1026, in get_objects
    raise value.as_instanceof_cause()
ray.exceptions.RayTaskError(ClientAppException): [36mray::ClientAppActor.run()[39m (pid=10324, ip=127.0.0.1, actor_id=c5ee6ef70dfbcb5a0fcdeaf401000000, repr=<flwr.simulation.ray_transport.ray_actor.ClientAppActor object at 0x000000006643EC50>)
  File "d:\PROGRAMACAO\ML\FL\Modelo_teste\env\lib\site-packages\flwr\clientapp\client_app.py", line 144, in __call__
    return self._call(message, context)
  File "d:\PROGRAMACAO\ML\FL\Modelo_teste\env\lib\site-packages\flwr\clientapp\client_app.py", line 128, in ffn
    out_message = handle_legacy_message_from_msgtype(
  File "d:\PROGRAMACAO\ML\FL\Modelo_teste\env\lib\site-packages\flwr\client\message_handler\message_handler.py", line 133, in handle_legacy_message_from_msgtype
    out_recorddict = fitres_to_recorddict(fit_res, keep_input=False)
  File "d:\PROGRAMACAO\ML\FL\Modelo_teste\env\lib\site-packages\flwr\common\recorddict_compat.py", line 233, in fitres_to_recorddict
    recorddict.config_records[f"{res_str}.metrics"] = ConfigRecord(
  File "d:\PROGRAMACAO\ML\FL\Modelo_teste\env\lib\site-packages\flwr\common\record\configrecord.py", line 135, in __init__
    self[k] = config_dict[k]
  File "d:\PROGRAMACAO\ML\FL\Modelo_teste\env\lib\site-packages\flwr\common\record\typeddict.py", line 48, in __setitem__
    cast(Callable[[V], None], self.__dict__["_check_value_fn"])(value)
  File "d:\PROGRAMACAO\ML\FL\Modelo_teste\env\lib\site-packages\flwr\common\record\configrecord.py", line 63, in _check_value
    is_valid(value[0])
  File "d:\PROGRAMACAO\ML\FL\Modelo_teste\env\lib\site-packages\flwr\common\record\configrecord.py", line 51, in is_valid
    raise TypeError(
TypeError: Not all values are of valid type. Expected `int | float | str | bytes | bool | list[int] | list[float] | list[str] | list[bytes] | list[bool]` but `<class 'numpy.ndarray'>` was passed.

The above exception was the direct cause of the following exception:

[36mray::ClientAppActor.run()[39m (pid=10324, ip=127.0.0.1, actor_id=c5ee6ef70dfbcb5a0fcdeaf401000000, repr=<flwr.simulation.ray_transport.ray_actor.ClientAppActor object at 0x000000006643EC50>)
  File "python\\ray\\_raylet.pyx", line 1982, in ray._raylet.execute_task
  File "python\\ray\\_raylet.pyx", line 2093, in ray._raylet.execute_task
  File "python\\ray\\_raylet.pyx", line 1989, in ray._raylet.execute_task
  File "python\\ray\\_raylet.pyx", line 1932, in ray._raylet.execute_task.function_executor
  File "d:\PROGRAMACAO\ML\FL\Modelo_teste\env\lib\site-packages\ray\_private\function_manager.py", line 693, in actor_method_executor
    return method(__ray_actor, *args, **kwargs)
  File "d:\PROGRAMACAO\ML\FL\Modelo_teste\env\lib\site-packages\ray\util\tracing\tracing_helper.py", line 461, in _resume_span
    return method(self, *_args, **_kwargs)
  File "d:\PROGRAMACAO\ML\FL\Modelo_teste\env\lib\site-packages\flwr\simulation\ray_transport\ray_actor.py", line 65, in run
    raise ClientAppException(str(ex)) from ex
flwr.clientapp.client_app.ClientAppException: 
Exception ClientAppException occurred. Message: Not all values are of valid type. Expected `int | float | str | bytes | bool | list[int] | list[float] | list[str] | list[bytes] | list[bool]` but `<class 'numpy.ndarray'>` was passed.

[2026-05-29 23:10:16,988][flwr][ERROR] - [36mray::ClientAppActor.run()[39m (pid=10324, ip=127.0.0.1, actor_id=c5ee6ef70dfbcb5a0fcdeaf401000000, repr=<flwr.simulation.ray_transport.ray_actor.ClientAppActor object at 0x000000006643EC50>)
  File "d:\PROGRAMACAO\ML\FL\Modelo_teste\env\lib\site-packages\flwr\clientapp\client_app.py", line 144, in __call__
    return self._call(message, context)
  File "d:\PROGRAMACAO\ML\FL\Modelo_teste\env\lib\site-packages\flwr\clientapp\client_app.py", line 128, in ffn
    out_message = handle_legacy_message_from_msgtype(
  File "d:\PROGRAMACAO\ML\FL\Modelo_teste\env\lib\site-packages\flwr\client\message_handler\message_handler.py", line 133, in handle_legacy_message_from_msgtype
    out_recorddict = fitres_to_recorddict(fit_res, keep_input=False)
  File "d:\PROGRAMACAO\ML\FL\Modelo_teste\env\lib\site-packages\flwr\common\recorddict_compat.py", line 233, in fitres_to_recorddict
    recorddict.config_records[f"{res_str}.metrics"] = ConfigRecord(
  File "d:\PROGRAMACAO\ML\FL\Modelo_teste\env\lib\site-packages\flwr\common\record\configrecord.py", line 135, in __init__
    self[k] = config_dict[k]
  File "d:\PROGRAMACAO\ML\FL\Modelo_teste\env\lib\site-packages\flwr\common\record\typeddict.py", line 48, in __setitem__
    cast(Callable[[V], None], self.__dict__["_check_value_fn"])(value)
  File "d:\PROGRAMACAO\ML\FL\Modelo_teste\env\lib\site-packages\flwr\common\record\configrecord.py", line 63, in _check_value
    is_valid(value[0])
  File "d:\PROGRAMACAO\ML\FL\Modelo_teste\env\lib\site-packages\flwr\common\record\configrecord.py", line 51, in is_valid
    raise TypeError(
TypeError: Not all values are of valid type. Expected `int | float | str | bytes | bool | list[int] | list[float] | list[str] | list[bytes] | list[bool]` but `<class 'numpy.ndarray'>` was passed.

The above exception was the direct cause of the following exception:

[36mray::ClientAppActor.run()[39m (pid=10324, ip=127.0.0.1, actor_id=c5ee6ef70dfbcb5a0fcdeaf401000000, repr=<flwr.simulation.ray_transport.ray_actor.ClientAppActor object at 0x000000006643EC50>)
  File "python\\ray\\_raylet.pyx", line 1982, in ray._raylet.execute_task
  File "python\\ray\\_raylet.pyx", line 2093, in ray._raylet.execute_task
  File "python\\ray\\_raylet.pyx", line 1989, in ray._raylet.execute_task
  File "python\\ray\\_raylet.pyx", line 1932, in ray._raylet.execute_task.function_executor
  File "d:\PROGRAMACAO\ML\FL\Modelo_teste\env\lib\site-packages\ray\_private\function_manager.py", line 693, in actor_method_executor
    return method(__ray_actor, *args, **kwargs)
  File "d:\PROGRAMACAO\ML\FL\Modelo_teste\env\lib\site-packages\ray\util\tracing\tracing_helper.py", line 461, in _resume_span
    return method(self, *_args, **_kwargs)
  File "d:\PROGRAMACAO\ML\FL\Modelo_teste\env\lib\site-packages\flwr\simulation\ray_transport\ray_actor.py", line 65, in run
    raise ClientAppException(str(ex)) from ex
flwr.clientapp.client_app.ClientAppException: 
Exception ClientAppException occurred. Message: Not all values are of valid type. Expected `int | float | str | bytes | bool | list[int] | list[float] | list[str] | list[bytes] | list[bool]` but `<class 'numpy.ndarray'>` was passed.
[2026-05-29 23:10:21,752][flwr][ERROR] - Traceback (most recent call last):
  File "d:\PROGRAMACAO\ML\FL\Modelo_teste\env\lib\site-packages\flwr\simulation\ray_transport\ray_client_proxy.py", line 90, in _submit_job
    out_mssg, updated_context = self.actor_pool.get_client_result(
  File "d:\PROGRAMACAO\ML\FL\Modelo_teste\env\lib\site-packages\flwr\simulation\ray_transport\ray_actor.py", line 400, in get_client_result
    return self._fetch_future_result(cid)
  File "d:\PROGRAMACAO\ML\FL\Modelo_teste\env\lib\site-packages\flwr\simulation\ray_transport\ray_actor.py", line 281, in _fetch_future_result
    res_cid, out_mssg, updated_context = ray.get(
  File "d:\PROGRAMACAO\ML\FL\Modelo_teste\env\lib\site-packages\ray\_private\auto_init_hook.py", line 22, in auto_init_wrapper
    return fn(*args, **kwargs)
  File "d:\PROGRAMACAO\ML\FL\Modelo_teste\env\lib\site-packages\ray\_private\client_mode_hook.py", line 104, in wrapper
    return func(*args, **kwargs)
  File "d:\PROGRAMACAO\ML\FL\Modelo_teste\env\lib\site-packages\ray\_private\worker.py", line 2961, in get
    values, debugger_breakpoint = worker.get_objects(
  File "d:\PROGRAMACAO\ML\FL\Modelo_teste\env\lib\site-packages\ray\_private\worker.py", line 1026, in get_objects
    raise value.as_instanceof_cause()
ray.exceptions.RayTaskError(ClientAppException): [36mray::ClientAppActor.run()[39m (pid=13308, ip=127.0.0.1, actor_id=d269593a67513d036fad023601000000, repr=<flwr.simulation.ray_transport.ray_actor.ClientAppActor object at 0x000000006663ECB0>)
  File "d:\PROGRAMACAO\ML\FL\Modelo_teste\env\lib\site-packages\flwr\clientapp\client_app.py", line 144, in __call__
    return self._call(message, context)
  File "d:\PROGRAMACAO\ML\FL\Modelo_teste\env\lib\site-packages\flwr\clientapp\client_app.py", line 128, in ffn
    out_message = handle_legacy_message_from_msgtype(
  File "d:\PROGRAMACAO\ML\FL\Modelo_teste\env\lib\site-packages\flwr\client\message_handler\message_handler.py", line 133, in handle_legacy_message_from_msgtype
    out_recorddict = fitres_to_recorddict(fit_res, keep_input=False)
  File "d:\PROGRAMACAO\ML\FL\Modelo_teste\env\lib\site-packages\flwr\common\recorddict_compat.py", line 233, in fitres_to_recorddict
    recorddict.config_records[f"{res_str}.metrics"] = ConfigRecord(
  File "d:\PROGRAMACAO\ML\FL\Modelo_teste\env\lib\site-packages\flwr\common\record\configrecord.py", line 135, in __init__
    self[k] = config_dict[k]
  File "d:\PROGRAMACAO\ML\FL\Modelo_teste\env\lib\site-packages\flwr\common\record\typeddict.py", line 48, in __setitem__
    cast(Callable[[V], None], self.__dict__["_check_value_fn"])(value)
  File "d:\PROGRAMACAO\ML\FL\Modelo_teste\env\lib\site-packages\flwr\common\record\configrecord.py", line 63, in _check_value
    is_valid(value[0])
  File "d:\PROGRAMACAO\ML\FL\Modelo_teste\env\lib\site-packages\flwr\common\record\configrecord.py", line 51, in is_valid
    raise TypeError(
TypeError: Not all values are of valid type. Expected `int | float | str | bytes | bool | list[int] | list[float] | list[str] | list[bytes] | list[bool]` but `<class 'numpy.ndarray'>` was passed.

The above exception was the direct cause of the following exception:

[36mray::ClientAppActor.run()[39m (pid=13308, ip=127.0.0.1, actor_id=d269593a67513d036fad023601000000, repr=<flwr.simulation.ray_transport.ray_actor.ClientAppActor object at 0x000000006663ECB0>)
  File "python\\ray\\_raylet.pyx", line 1982, in ray._raylet.execute_task
  File "python\\ray\\_raylet.pyx", line 2093, in ray._raylet.execute_task
  File "python\\ray\\_raylet.pyx", line 1989, in ray._raylet.execute_task
  File "python\\ray\\_raylet.pyx", line 1932, in ray._raylet.execute_task.function_executor
  File "d:\PROGRAMACAO\ML\FL\Modelo_teste\env\lib\site-packages\ray\_private\function_manager.py", line 693, in actor_method_executor
    return method(__ray_actor, *args, **kwargs)
  File "d:\PROGRAMACAO\ML\FL\Modelo_teste\env\lib\site-packages\ray\util\tracing\tracing_helper.py", line 461, in _resume_span
    return method(self, *_args, **_kwargs)
  File "d:\PROGRAMACAO\ML\FL\Modelo_teste\env\lib\site-packages\flwr\simulation\ray_transport\ray_actor.py", line 65, in run
    raise ClientAppException(str(ex)) from ex
flwr.clientapp.client_app.ClientAppException: 
Exception ClientAppException occurred. Message: Not all values are of valid type. Expected `int | float | str | bytes | bool | list[int] | list[float] | list[str] | list[bytes] | list[bool]` but `<class 'numpy.ndarray'>` was passed.

[2026-05-29 23:10:21,752][flwr][ERROR] - [36mray::ClientAppActor.run()[39m (pid=13308, ip=127.0.0.1, actor_id=d269593a67513d036fad023601000000, repr=<flwr.simulation.ray_transport.ray_actor.ClientAppActor object at 0x000000006663ECB0>)
  File "d:\PROGRAMACAO\ML\FL\Modelo_teste\env\lib\site-packages\flwr\clientapp\client_app.py", line 144, in __call__
    return self._call(message, context)
  File "d:\PROGRAMACAO\ML\FL\Modelo_teste\env\lib\site-packages\flwr\clientapp\client_app.py", line 128, in ffn
    out_message = handle_legacy_message_from_msgtype(
  File "d:\PROGRAMACAO\ML\FL\Modelo_teste\env\lib\site-packages\flwr\client\message_handler\message_handler.py", line 133, in handle_legacy_message_from_msgtype
    out_recorddict = fitres_to_recorddict(fit_res, keep_input=False)
  File "d:\PROGRAMACAO\ML\FL\Modelo_teste\env\lib\site-packages\flwr\common\recorddict_compat.py", line 233, in fitres_to_recorddict
    recorddict.config_records[f"{res_str}.metrics"] = ConfigRecord(
  File "d:\PROGRAMACAO\ML\FL\Modelo_teste\env\lib\site-packages\flwr\common\record\configrecord.py", line 135, in __init__
    self[k] = config_dict[k]
  File "d:\PROGRAMACAO\ML\FL\Modelo_teste\env\lib\site-packages\flwr\common\record\typeddict.py", line 48, in __setitem__
    cast(Callable[[V], None], self.__dict__["_check_value_fn"])(value)
  File "d:\PROGRAMACAO\ML\FL\Modelo_teste\env\lib\site-packages\flwr\common\record\configrecord.py", line 63, in _check_value
    is_valid(value[0])
  File "d:\PROGRAMACAO\ML\FL\Modelo_teste\env\lib\site-packages\flwr\common\record\configrecord.py", line 51, in is_valid
    raise TypeError(
TypeError: Not all values are of valid type. Expected `int | float | str | bytes | bool | list[int] | list[float] | list[str] | list[bytes] | list[bool]` but `<class 'numpy.ndarray'>` was passed.

The above exception was the direct cause of the following exception:

[36mray::ClientAppActor.run()[39m (pid=13308, ip=127.0.0.1, actor_id=d269593a67513d036fad023601000000, repr=<flwr.simulation.ray_transport.ray_actor.ClientAppActor object at 0x000000006663ECB0>)
  File "python\\ray\\_raylet.pyx", line 1982, in ray._raylet.execute_task
  File "python\\ray\\_raylet.pyx", line 2093, in ray._raylet.execute_task
  File "python\\ray\\_raylet.pyx", line 1989, in ray._raylet.execute_task
  File "python\\ray\\_raylet.pyx", line 1932, in ray._raylet.execute_task.function_executor
  File "d:\PROGRAMACAO\ML\FL\Modelo_teste\env\lib\site-packages\ray\_private\function_manager.py", line 693, in actor_method_executor
    return method(__ray_actor, *args, **kwargs)
  File "d:\PROGRAMACAO\ML\FL\Modelo_teste\env\lib\site-packages\ray\util\tracing\tracing_helper.py", line 461, in _resume_span
    return method(self, *_args, **_kwargs)
  File "d:\PROGRAMACAO\ML\FL\Modelo_teste\env\lib\site-packages\flwr\simulation\ray_transport\ray_actor.py", line 65, in run
    raise ClientAppException(str(ex)) from ex
flwr.clientapp.client_app.ClientAppException: 
Exception ClientAppException occurred. Message: Not all values are of valid type. Expected `int | float | str | bytes | bool | list[int] | list[float] | list[str] | list[bytes] | list[bool]` but `<class 'numpy.ndarray'>` was passed.
[2026-05-29 23:10:29,046][flwr][ERROR] - Traceback (most recent call last):
  File "d:\PROGRAMACAO\ML\FL\Modelo_teste\env\lib\site-packages\flwr\simulation\ray_transport\ray_client_proxy.py", line 90, in _submit_job
    out_mssg, updated_context = self.actor_pool.get_client_result(
  File "d:\PROGRAMACAO\ML\FL\Modelo_teste\env\lib\site-packages\flwr\simulation\ray_transport\ray_actor.py", line 400, in get_client_result
    return self._fetch_future_result(cid)
  File "d:\PROGRAMACAO\ML\FL\Modelo_teste\env\lib\site-packages\flwr\simulation\ray_transport\ray_actor.py", line 281, in _fetch_future_result
    res_cid, out_mssg, updated_context = ray.get(
  File "d:\PROGRAMACAO\ML\FL\Modelo_teste\env\lib\site-packages\ray\_private\auto_init_hook.py", line 22, in auto_init_wrapper
    return fn(*args, **kwargs)
  File "d:\PROGRAMACAO\ML\FL\Modelo_teste\env\lib\site-packages\ray\_private\client_mode_hook.py", line 104, in wrapper
    return func(*args, **kwargs)
  File "d:\PROGRAMACAO\ML\FL\Modelo_teste\env\lib\site-packages\ray\_private\worker.py", line 2961, in get
    values, debugger_breakpoint = worker.get_objects(
  File "d:\PROGRAMACAO\ML\FL\Modelo_teste\env\lib\site-packages\ray\_private\worker.py", line 1026, in get_objects
    raise value.as_instanceof_cause()
ray.exceptions.RayTaskError(ClientAppException): [36mray::ClientAppActor.run()[39m (pid=4516, ip=127.0.0.1, actor_id=0c3b8ba532016fd7644aa92201000000, repr=<flwr.simulation.ray_transport.ray_actor.ClientAppActor object at 0x000000006663EC20>)
  File "d:\PROGRAMACAO\ML\FL\Modelo_teste\env\lib\site-packages\flwr\clientapp\client_app.py", line 144, in __call__
    return self._call(message, context)
  File "d:\PROGRAMACAO\ML\FL\Modelo_teste\env\lib\site-packages\flwr\clientapp\client_app.py", line 128, in ffn
    out_message = handle_legacy_message_from_msgtype(
  File "d:\PROGRAMACAO\ML\FL\Modelo_teste\env\lib\site-packages\flwr\client\message_handler\message_handler.py", line 133, in handle_legacy_message_from_msgtype
    out_recorddict = fitres_to_recorddict(fit_res, keep_input=False)
  File "d:\PROGRAMACAO\ML\FL\Modelo_teste\env\lib\site-packages\flwr\common\recorddict_compat.py", line 233, in fitres_to_recorddict
    recorddict.config_records[f"{res_str}.metrics"] = ConfigRecord(
  File "d:\PROGRAMACAO\ML\FL\Modelo_teste\env\lib\site-packages\flwr\common\record\configrecord.py", line 135, in __init__
    self[k] = config_dict[k]
  File "d:\PROGRAMACAO\ML\FL\Modelo_teste\env\lib\site-packages\flwr\common\record\typeddict.py", line 48, in __setitem__
    cast(Callable[[V], None], self.__dict__["_check_value_fn"])(value)
  File "d:\PROGRAMACAO\ML\FL\Modelo_teste\env\lib\site-packages\flwr\common\record\configrecord.py", line 63, in _check_value
    is_valid(value[0])
  File "d:\PROGRAMACAO\ML\FL\Modelo_teste\env\lib\site-packages\flwr\common\record\configrecord.py", line 51, in is_valid
    raise TypeError(
TypeError: Not all values are of valid type. Expected `int | float | str | bytes | bool | list[int] | list[float] | list[str] | list[bytes] | list[bool]` but `<class 'numpy.ndarray'>` was passed.

The above exception was the direct cause of the following exception:

[36mray::ClientAppActor.run()[39m (pid=4516, ip=127.0.0.1, actor_id=0c3b8ba532016fd7644aa92201000000, repr=<flwr.simulation.ray_transport.ray_actor.ClientAppActor object at 0x000000006663EC20>)
  File "python\\ray\\_raylet.pyx", line 1982, in ray._raylet.execute_task
  File "python\\ray\\_raylet.pyx", line 2093, in ray._raylet.execute_task
  File "python\\ray\\_raylet.pyx", line 1989, in ray._raylet.execute_task
  File "python\\ray\\_raylet.pyx", line 1932, in ray._raylet.execute_task.function_executor
  File "d:\PROGRAMACAO\ML\FL\Modelo_teste\env\lib\site-packages\ray\_private\function_manager.py", line 693, in actor_method_executor
    return method(__ray_actor, *args, **kwargs)
  File "d:\PROGRAMACAO\ML\FL\Modelo_teste\env\lib\site-packages\ray\util\tracing\tracing_helper.py", line 461, in _resume_span
    return method(self, *_args, **_kwargs)
  File "d:\PROGRAMACAO\ML\FL\Modelo_teste\env\lib\site-packages\flwr\simulation\ray_transport\ray_actor.py", line 65, in run
    raise ClientAppException(str(ex)) from ex
flwr.clientapp.client_app.ClientAppException: 
Exception ClientAppException occurred. Message: Not all values are of valid type. Expected `int | float | str | bytes | bool | list[int] | list[float] | list[str] | list[bytes] | list[bool]` but `<class 'numpy.ndarray'>` was passed.

[2026-05-29 23:10:29,046][flwr][ERROR] - [36mray::ClientAppActor.run()[39m (pid=4516, ip=127.0.0.1, actor_id=0c3b8ba532016fd7644aa92201000000, repr=<flwr.simulation.ray_transport.ray_actor.ClientAppActor object at 0x000000006663EC20>)
  File "d:\PROGRAMACAO\ML\FL\Modelo_teste\env\lib\site-packages\flwr\clientapp\client_app.py", line 144, in __call__
    return self._call(message, context)
  File "d:\PROGRAMACAO\ML\FL\Modelo_teste\env\lib\site-packages\flwr\clientapp\client_app.py", line 128, in ffn
    out_message = handle_legacy_message_from_msgtype(
  File "d:\PROGRAMACAO\ML\FL\Modelo_teste\env\lib\site-packages\flwr\client\message_handler\message_handler.py", line 133, in handle_legacy_message_from_msgtype
    out_recorddict = fitres_to_recorddict(fit_res, keep_input=False)
  File "d:\PROGRAMACAO\ML\FL\Modelo_teste\env\lib\site-packages\flwr\common\recorddict_compat.py", line 233, in fitres_to_recorddict
    recorddict.config_records[f"{res_str}.metrics"] = ConfigRecord(
  File "d:\PROGRAMACAO\ML\FL\Modelo_teste\env\lib\site-packages\flwr\common\record\configrecord.py", line 135, in __init__
    self[k] = config_dict[k]
  File "d:\PROGRAMACAO\ML\FL\Modelo_teste\env\lib\site-packages\flwr\common\record\typeddict.py", line 48, in __setitem__
    cast(Callable[[V], None], self.__dict__["_check_value_fn"])(value)
  File "d:\PROGRAMACAO\ML\FL\Modelo_teste\env\lib\site-packages\flwr\common\record\configrecord.py", line 63, in _check_value
    is_valid(value[0])
  File "d:\PROGRAMACAO\ML\FL\Modelo_teste\env\lib\site-packages\flwr\common\record\configrecord.py", line 51, in is_valid
    raise TypeError(
TypeError: Not all values are of valid type. Expected `int | float | str | bytes | bool | list[int] | list[float] | list[str] | list[bytes] | list[bool]` but `<class 'numpy.ndarray'>` was passed.

The above exception was the direct cause of the following exception:

[36mray::ClientAppActor.run()[39m (pid=4516, ip=127.0.0.1, actor_id=0c3b8ba532016fd7644aa92201000000, repr=<flwr.simulation.ray_transport.ray_actor.ClientAppActor object at 0x000000006663EC20>)
  File "python\\ray\\_raylet.pyx", line 1982, in ray._raylet.execute_task
  File "python\\ray\\_raylet.pyx", line 2093, in ray._raylet.execute_task
  File "python\\ray\\_raylet.pyx", line 1989, in ray._raylet.execute_task
  File "python\\ray\\_raylet.pyx", line 1932, in ray._raylet.execute_task.function_executor
  File "d:\PROGRAMACAO\ML\FL\Modelo_teste\env\lib\site-packages\ray\_private\function_manager.py", line 693, in actor_method_executor
    return method(__ray_actor, *args, **kwargs)
  File "d:\PROGRAMACAO\ML\FL\Modelo_teste\env\lib\site-packages\ray\util\tracing\tracing_helper.py", line 461, in _resume_span
    return method(self, *_args, **_kwargs)
  File "d:\PROGRAMACAO\ML\FL\Modelo_teste\env\lib\site-packages\flwr\simulation\ray_transport\ray_actor.py", line 65, in run
    raise ClientAppException(str(ex)) from ex
flwr.clientapp.client_app.ClientAppException: 
Exception ClientAppException occurred. Message: Not all values are of valid type. Expected `int | float | str | bytes | bool | list[int] | list[float] | list[str] | list[bytes] | list[bool]` but `<class 'numpy.ndarray'>` was passed.
[2026-05-29 23:10:29,734][flwr][ERROR] - Traceback (most recent call last):
  File "d:\PROGRAMACAO\ML\FL\Modelo_teste\env\lib\site-packages\flwr\simulation\ray_transport\ray_client_proxy.py", line 90, in _submit_job
    out_mssg, updated_context = self.actor_pool.get_client_result(
  File "d:\PROGRAMACAO\ML\FL\Modelo_teste\env\lib\site-packages\flwr\simulation\ray_transport\ray_actor.py", line 400, in get_client_result
    return self._fetch_future_result(cid)
  File "d:\PROGRAMACAO\ML\FL\Modelo_teste\env\lib\site-packages\flwr\simulation\ray_transport\ray_actor.py", line 281, in _fetch_future_result
    res_cid, out_mssg, updated_context = ray.get(
  File "d:\PROGRAMACAO\ML\FL\Modelo_teste\env\lib\site-packages\ray\_private\auto_init_hook.py", line 22, in auto_init_wrapper
    return fn(*args, **kwargs)
  File "d:\PROGRAMACAO\ML\FL\Modelo_teste\env\lib\site-packages\ray\_private\client_mode_hook.py", line 104, in wrapper
    return func(*args, **kwargs)
  File "d:\PROGRAMACAO\ML\FL\Modelo_teste\env\lib\site-packages\ray\_private\worker.py", line 2961, in get
    values, debugger_breakpoint = worker.get_objects(
  File "d:\PROGRAMACAO\ML\FL\Modelo_teste\env\lib\site-packages\ray\_private\worker.py", line 1026, in get_objects
    raise value.as_instanceof_cause()
ray.exceptions.RayTaskError(ClientAppException): [36mray::ClientAppActor.run()[39m (pid=784, ip=127.0.0.1, actor_id=2566e1bacf56a28e154ecb0a01000000, repr=<flwr.simulation.ray_transport.ray_actor.ClientAppActor object at 0x000000006663EC50>)
  File "d:\PROGRAMACAO\ML\FL\Modelo_teste\env\lib\site-packages\flwr\clientapp\client_app.py", line 144, in __call__
    return self._call(message, context)
  File "d:\PROGRAMACAO\ML\FL\Modelo_teste\env\lib\site-packages\flwr\clientapp\client_app.py", line 128, in ffn
    out_message = handle_legacy_message_from_msgtype(
  File "d:\PROGRAMACAO\ML\FL\Modelo_teste\env\lib\site-packages\flwr\client\message_handler\message_handler.py", line 133, in handle_legacy_message_from_msgtype
    out_recorddict = fitres_to_recorddict(fit_res, keep_input=False)
  File "d:\PROGRAMACAO\ML\FL\Modelo_teste\env\lib\site-packages\flwr\common\recorddict_compat.py", line 233, in fitres_to_recorddict
    recorddict.config_records[f"{res_str}.metrics"] = ConfigRecord(
  File "d:\PROGRAMACAO\ML\FL\Modelo_teste\env\lib\site-packages\flwr\common\record\configrecord.py", line 135, in __init__
    self[k] = config_dict[k]
  File "d:\PROGRAMACAO\ML\FL\Modelo_teste\env\lib\site-packages\flwr\common\record\typeddict.py", line 48, in __setitem__
    cast(Callable[[V], None], self.__dict__["_check_value_fn"])(value)
  File "d:\PROGRAMACAO\ML\FL\Modelo_teste\env\lib\site-packages\flwr\common\record\configrecord.py", line 63, in _check_value
    is_valid(value[0])
  File "d:\PROGRAMACAO\ML\FL\Modelo_teste\env\lib\site-packages\flwr\common\record\configrecord.py", line 51, in is_valid
    raise TypeError(
TypeError: Not all values are of valid type. Expected `int | float | str | bytes | bool | list[int] | list[float] | list[str] | list[bytes] | list[bool]` but `<class 'numpy.ndarray'>` was passed.

The above exception was the direct cause of the following exception:

[36mray::ClientAppActor.run()[39m (pid=784, ip=127.0.0.1, actor_id=2566e1bacf56a28e154ecb0a01000000, repr=<flwr.simulation.ray_transport.ray_actor.ClientAppActor object at 0x000000006663EC50>)
  File "python\\ray\\_raylet.pyx", line 1982, in ray._raylet.execute_task
  File "python\\ray\\_raylet.pyx", line 2093, in ray._raylet.execute_task
  File "python\\ray\\_raylet.pyx", line 1989, in ray._raylet.execute_task
  File "python\\ray\\_raylet.pyx", line 1932, in ray._raylet.execute_task.function_executor
  File "d:\PROGRAMACAO\ML\FL\Modelo_teste\env\lib\site-packages\ray\_private\function_manager.py", line 693, in actor_method_executor
    return method(__ray_actor, *args, **kwargs)
  File "d:\PROGRAMACAO\ML\FL\Modelo_teste\env\lib\site-packages\ray\util\tracing\tracing_helper.py", line 461, in _resume_span
    return method(self, *_args, **_kwargs)
  File "d:\PROGRAMACAO\ML\FL\Modelo_teste\env\lib\site-packages\flwr\simulation\ray_transport\ray_actor.py", line 65, in run
    raise ClientAppException(str(ex)) from ex
flwr.clientapp.client_app.ClientAppException: 
Exception ClientAppException occurred. Message: Not all values are of valid type. Expected `int | float | str | bytes | bool | list[int] | list[float] | list[str] | list[bytes] | list[bool]` but `<class 'numpy.ndarray'>` was passed.

[2026-05-29 23:10:29,736][flwr][ERROR] - [36mray::ClientAppActor.run()[39m (pid=784, ip=127.0.0.1, actor_id=2566e1bacf56a28e154ecb0a01000000, repr=<flwr.simulation.ray_transport.ray_actor.ClientAppActor object at 0x000000006663EC50>)
  File "d:\PROGRAMACAO\ML\FL\Modelo_teste\env\lib\site-packages\flwr\clientapp\client_app.py", line 144, in __call__
    return self._call(message, context)
  File "d:\PROGRAMACAO\ML\FL\Modelo_teste\env\lib\site-packages\flwr\clientapp\client_app.py", line 128, in ffn
    out_message = handle_legacy_message_from_msgtype(
  File "d:\PROGRAMACAO\ML\FL\Modelo_teste\env\lib\site-packages\flwr\client\message_handler\message_handler.py", line 133, in handle_legacy_message_from_msgtype
    out_recorddict = fitres_to_recorddict(fit_res, keep_input=False)
  File "d:\PROGRAMACAO\ML\FL\Modelo_teste\env\lib\site-packages\flwr\common\recorddict_compat.py", line 233, in fitres_to_recorddict
    recorddict.config_records[f"{res_str}.metrics"] = ConfigRecord(
  File "d:\PROGRAMACAO\ML\FL\Modelo_teste\env\lib\site-packages\flwr\common\record\configrecord.py", line 135, in __init__
    self[k] = config_dict[k]
  File "d:\PROGRAMACAO\ML\FL\Modelo_teste\env\lib\site-packages\flwr\common\record\typeddict.py", line 48, in __setitem__
    cast(Callable[[V], None], self.__dict__["_check_value_fn"])(value)
  File "d:\PROGRAMACAO\ML\FL\Modelo_teste\env\lib\site-packages\flwr\common\record\configrecord.py", line 63, in _check_value
    is_valid(value[0])
  File "d:\PROGRAMACAO\ML\FL\Modelo_teste\env\lib\site-packages\flwr\common\record\configrecord.py", line 51, in is_valid
    raise TypeError(
TypeError: Not all values are of valid type. Expected `int | float | str | bytes | bool | list[int] | list[float] | list[str] | list[bytes] | list[bool]` but `<class 'numpy.ndarray'>` was passed.

The above exception was the direct cause of the following exception:

[36mray::ClientAppActor.run()[39m (pid=784, ip=127.0.0.1, actor_id=2566e1bacf56a28e154ecb0a01000000, repr=<flwr.simulation.ray_transport.ray_actor.ClientAppActor object at 0x000000006663EC50>)
  File "python\\ray\\_raylet.pyx", line 1982, in ray._raylet.execute_task
  File "python\\ray\\_raylet.pyx", line 2093, in ray._raylet.execute_task
  File "python\\ray\\_raylet.pyx", line 1989, in ray._raylet.execute_task
  File "python\\ray\\_raylet.pyx", line 1932, in ray._raylet.execute_task.function_executor
  File "d:\PROGRAMACAO\ML\FL\Modelo_teste\env\lib\site-packages\ray\_private\function_manager.py", line 693, in actor_method_executor
    return method(__ray_actor, *args, **kwargs)
  File "d:\PROGRAMACAO\ML\FL\Modelo_teste\env\lib\site-packages\ray\util\tracing\tracing_helper.py", line 461, in _resume_span
    return method(self, *_args, **_kwargs)
  File "d:\PROGRAMACAO\ML\FL\Modelo_teste\env\lib\site-packages\flwr\simulation\ray_transport\ray_actor.py", line 65, in run
    raise ClientAppException(str(ex)) from ex
flwr.clientapp.client_app.ClientAppException: 
Exception ClientAppException occurred. Message: Not all values are of valid type. Expected `int | float | str | bytes | bool | list[int] | list[float] | list[str] | list[bytes] | list[bool]` but `<class 'numpy.ndarray'>` was passed.
[2026-05-29 23:10:31,626][flwr][ERROR] - Traceback (most recent call last):
  File "d:\PROGRAMACAO\ML\FL\Modelo_teste\env\lib\site-packages\flwr\simulation\ray_transport\ray_client_proxy.py", line 90, in _submit_job
    out_mssg, updated_context = self.actor_pool.get_client_result(
  File "d:\PROGRAMACAO\ML\FL\Modelo_teste\env\lib\site-packages\flwr\simulation\ray_transport\ray_actor.py", line 400, in get_client_result
    return self._fetch_future_result(cid)
  File "d:\PROGRAMACAO\ML\FL\Modelo_teste\env\lib\site-packages\flwr\simulation\ray_transport\ray_actor.py", line 281, in _fetch_future_result
    res_cid, out_mssg, updated_context = ray.get(
  File "d:\PROGRAMACAO\ML\FL\Modelo_teste\env\lib\site-packages\ray\_private\auto_init_hook.py", line 22, in auto_init_wrapper
    return fn(*args, **kwargs)
  File "d:\PROGRAMACAO\ML\FL\Modelo_teste\env\lib\site-packages\ray\_private\client_mode_hook.py", line 104, in wrapper
    return func(*args, **kwargs)
  File "d:\PROGRAMACAO\ML\FL\Modelo_teste\env\lib\site-packages\ray\_private\worker.py", line 2961, in get
    values, debugger_breakpoint = worker.get_objects(
  File "d:\PROGRAMACAO\ML\FL\Modelo_teste\env\lib\site-packages\ray\_private\worker.py", line 1026, in get_objects
    raise value.as_instanceof_cause()
ray.exceptions.RayTaskError(ClientAppException): [36mray::ClientAppActor.run()[39m (pid=10324, ip=127.0.0.1, actor_id=c5ee6ef70dfbcb5a0fcdeaf401000000, repr=<flwr.simulation.ray_transport.ray_actor.ClientAppActor object at 0x000000006643EC50>)
  File "d:\PROGRAMACAO\ML\FL\Modelo_teste\env\lib\site-packages\flwr\clientapp\client_app.py", line 144, in __call__
    return self._call(message, context)
  File "d:\PROGRAMACAO\ML\FL\Modelo_teste\env\lib\site-packages\flwr\clientapp\client_app.py", line 128, in ffn
    out_message = handle_legacy_message_from_msgtype(
  File "d:\PROGRAMACAO\ML\FL\Modelo_teste\env\lib\site-packages\flwr\client\message_handler\message_handler.py", line 133, in handle_legacy_message_from_msgtype
    out_recorddict = fitres_to_recorddict(fit_res, keep_input=False)
  File "d:\PROGRAMACAO\ML\FL\Modelo_teste\env\lib\site-packages\flwr\common\recorddict_compat.py", line 233, in fitres_to_recorddict
    recorddict.config_records[f"{res_str}.metrics"] = ConfigRecord(
  File "d:\PROGRAMACAO\ML\FL\Modelo_teste\env\lib\site-packages\flwr\common\record\configrecord.py", line 135, in __init__
    self[k] = config_dict[k]
  File "d:\PROGRAMACAO\ML\FL\Modelo_teste\env\lib\site-packages\flwr\common\record\typeddict.py", line 48, in __setitem__
    cast(Callable[[V], None], self.__dict__["_check_value_fn"])(value)
  File "d:\PROGRAMACAO\ML\FL\Modelo_teste\env\lib\site-packages\flwr\common\record\configrecord.py", line 63, in _check_value
    is_valid(value[0])
  File "d:\PROGRAMACAO\ML\FL\Modelo_teste\env\lib\site-packages\flwr\common\record\configrecord.py", line 51, in is_valid
    raise TypeError(
TypeError: Not all values are of valid type. Expected `int | float | str | bytes | bool | list[int] | list[float] | list[str] | list[bytes] | list[bool]` but `<class 'numpy.ndarray'>` was passed.

The above exception was the direct cause of the following exception:

[36mray::ClientAppActor.run()[39m (pid=10324, ip=127.0.0.1, actor_id=c5ee6ef70dfbcb5a0fcdeaf401000000, repr=<flwr.simulation.ray_transport.ray_actor.ClientAppActor object at 0x000000006643EC50>)
  File "python\\ray\\_raylet.pyx", line 1982, in ray._raylet.execute_task
  File "python\\ray\\_raylet.pyx", line 2093, in ray._raylet.execute_task
  File "python\\ray\\_raylet.pyx", line 1989, in ray._raylet.execute_task
  File "python\\ray\\_raylet.pyx", line 1932, in ray._raylet.execute_task.function_executor
  File "d:\PROGRAMACAO\ML\FL\Modelo_teste\env\lib\site-packages\ray\_private\function_manager.py", line 693, in actor_method_executor
    return method(__ray_actor, *args, **kwargs)
  File "d:\PROGRAMACAO\ML\FL\Modelo_teste\env\lib\site-packages\ray\util\tracing\tracing_helper.py", line 461, in _resume_span
    return method(self, *_args, **_kwargs)
  File "d:\PROGRAMACAO\ML\FL\Modelo_teste\env\lib\site-packages\flwr\simulation\ray_transport\ray_actor.py", line 65, in run
    raise ClientAppException(str(ex)) from ex
flwr.clientapp.client_app.ClientAppException: 
Exception ClientAppException occurred. Message: Not all values are of valid type. Expected `int | float | str | bytes | bool | list[int] | list[float] | list[str] | list[bytes] | list[bool]` but `<class 'numpy.ndarray'>` was passed.

[2026-05-29 23:10:31,626][flwr][ERROR] - [36mray::ClientAppActor.run()[39m (pid=10324, ip=127.0.0.1, actor_id=c5ee6ef70dfbcb5a0fcdeaf401000000, repr=<flwr.simulation.ray_transport.ray_actor.ClientAppActor object at 0x000000006643EC50>)
  File "d:\PROGRAMACAO\ML\FL\Modelo_teste\env\lib\site-packages\flwr\clientapp\client_app.py", line 144, in __call__
    return self._call(message, context)
  File "d:\PROGRAMACAO\ML\FL\Modelo_teste\env\lib\site-packages\flwr\clientapp\client_app.py", line 128, in ffn
    out_message = handle_legacy_message_from_msgtype(
  File "d:\PROGRAMACAO\ML\FL\Modelo_teste\env\lib\site-packages\flwr\client\message_handler\message_handler.py", line 133, in handle_legacy_message_from_msgtype
    out_recorddict = fitres_to_recorddict(fit_res, keep_input=False)
  File "d:\PROGRAMACAO\ML\FL\Modelo_teste\env\lib\site-packages\flwr\common\recorddict_compat.py", line 233, in fitres_to_recorddict
    recorddict.config_records[f"{res_str}.metrics"] = ConfigRecord(
  File "d:\PROGRAMACAO\ML\FL\Modelo_teste\env\lib\site-packages\flwr\common\record\configrecord.py", line 135, in __init__
    self[k] = config_dict[k]
  File "d:\PROGRAMACAO\ML\FL\Modelo_teste\env\lib\site-packages\flwr\common\record\typeddict.py", line 48, in __setitem__
    cast(Callable[[V], None], self.__dict__["_check_value_fn"])(value)
  File "d:\PROGRAMACAO\ML\FL\Modelo_teste\env\lib\site-packages\flwr\common\record\configrecord.py", line 63, in _check_value
    is_valid(value[0])
  File "d:\PROGRAMACAO\ML\FL\Modelo_teste\env\lib\site-packages\flwr\common\record\configrecord.py", line 51, in is_valid
    raise TypeError(
TypeError: Not all values are of valid type. Expected `int | float | str | bytes | bool | list[int] | list[float] | list[str] | list[bytes] | list[bool]` but `<class 'numpy.ndarray'>` was passed.

The above exception was the direct cause of the following exception:

[36mray::ClientAppActor.run()[39m (pid=10324, ip=127.0.0.1, actor_id=c5ee6ef70dfbcb5a0fcdeaf401000000, repr=<flwr.simulation.ray_transport.ray_actor.ClientAppActor object at 0x000000006643EC50>)
  File "python\\ray\\_raylet.pyx", line 1982, in ray._raylet.execute_task
  File "python\\ray\\_raylet.pyx", line 2093, in ray._raylet.execute_task
  File "python\\ray\\_raylet.pyx", line 1989, in ray._raylet.execute_task
  File "python\\ray\\_raylet.pyx", line 1932, in ray._raylet.execute_task.function_executor
  File "d:\PROGRAMACAO\ML\FL\Modelo_teste\env\lib\site-packages\ray\_private\function_manager.py", line 693, in actor_method_executor
    return method(__ray_actor, *args, **kwargs)
  File "d:\PROGRAMACAO\ML\FL\Modelo_teste\env\lib\site-packages\ray\util\tracing\tracing_helper.py", line 461, in _resume_span
    return method(self, *_args, **_kwargs)
  File "d:\PROGRAMACAO\ML\FL\Modelo_teste\env\lib\site-packages\flwr\simulation\ray_transport\ray_actor.py", line 65, in run
    raise ClientAppException(str(ex)) from ex
flwr.clientapp.client_app.ClientAppException: 
Exception ClientAppException occurred. Message: Not all values are of valid type. Expected `int | float | str | bytes | bool | list[int] | list[float] | list[str] | list[bytes] | list[bool]` but `<class 'numpy.ndarray'>` was passed.
[2026-05-29 23:10:40,371][flwr][ERROR] - Traceback (most recent call last):
  File "d:\PROGRAMACAO\ML\FL\Modelo_teste\env\lib\site-packages\flwr\simulation\ray_transport\ray_client_proxy.py", line 90, in _submit_job
    out_mssg, updated_context = self.actor_pool.get_client_result(
  File "d:\PROGRAMACAO\ML\FL\Modelo_teste\env\lib\site-packages\flwr\simulation\ray_transport\ray_actor.py", line 400, in get_client_result
    return self._fetch_future_result(cid)
  File "d:\PROGRAMACAO\ML\FL\Modelo_teste\env\lib\site-packages\flwr\simulation\ray_transport\ray_actor.py", line 281, in _fetch_future_result
    res_cid, out_mssg, updated_context = ray.get(
  File "d:\PROGRAMACAO\ML\FL\Modelo_teste\env\lib\site-packages\ray\_private\auto_init_hook.py", line 22, in auto_init_wrapper
    return fn(*args, **kwargs)
  File "d:\PROGRAMACAO\ML\FL\Modelo_teste\env\lib\site-packages\ray\_private\client_mode_hook.py", line 104, in wrapper
    return func(*args, **kwargs)
  File "d:\PROGRAMACAO\ML\FL\Modelo_teste\env\lib\site-packages\ray\_private\worker.py", line 2961, in get
    values, debugger_breakpoint = worker.get_objects(
  File "d:\PROGRAMACAO\ML\FL\Modelo_teste\env\lib\site-packages\ray\_private\worker.py", line 1026, in get_objects
    raise value.as_instanceof_cause()
ray.exceptions.RayTaskError(ClientAppException): [36mray::ClientAppActor.run()[39m (pid=13308, ip=127.0.0.1, actor_id=d269593a67513d036fad023601000000, repr=<flwr.simulation.ray_transport.ray_actor.ClientAppActor object at 0x000000006663ECB0>)
  File "d:\PROGRAMACAO\ML\FL\Modelo_teste\env\lib\site-packages\flwr\clientapp\client_app.py", line 144, in __call__
    return self._call(message, context)
  File "d:\PROGRAMACAO\ML\FL\Modelo_teste\env\lib\site-packages\flwr\clientapp\client_app.py", line 128, in ffn
    out_message = handle_legacy_message_from_msgtype(
  File "d:\PROGRAMACAO\ML\FL\Modelo_teste\env\lib\site-packages\flwr\client\message_handler\message_handler.py", line 133, in handle_legacy_message_from_msgtype
    out_recorddict = fitres_to_recorddict(fit_res, keep_input=False)
  File "d:\PROGRAMACAO\ML\FL\Modelo_teste\env\lib\site-packages\flwr\common\recorddict_compat.py", line 233, in fitres_to_recorddict
    recorddict.config_records[f"{res_str}.metrics"] = ConfigRecord(
  File "d:\PROGRAMACAO\ML\FL\Modelo_teste\env\lib\site-packages\flwr\common\record\configrecord.py", line 135, in __init__
    self[k] = config_dict[k]
  File "d:\PROGRAMACAO\ML\FL\Modelo_teste\env\lib\site-packages\flwr\common\record\typeddict.py", line 48, in __setitem__
    cast(Callable[[V], None], self.__dict__["_check_value_fn"])(value)
  File "d:\PROGRAMACAO\ML\FL\Modelo_teste\env\lib\site-packages\flwr\common\record\configrecord.py", line 63, in _check_value
    is_valid(value[0])
  File "d:\PROGRAMACAO\ML\FL\Modelo_teste\env\lib\site-packages\flwr\common\record\configrecord.py", line 51, in is_valid
    raise TypeError(
TypeError: Not all values are of valid type. Expected `int | float | str | bytes | bool | list[int] | list[float] | list[str] | list[bytes] | list[bool]` but `<class 'numpy.ndarray'>` was passed.

The above exception was the direct cause of the following exception:

[36mray::ClientAppActor.run()[39m (pid=13308, ip=127.0.0.1, actor_id=d269593a67513d036fad023601000000, repr=<flwr.simulation.ray_transport.ray_actor.ClientAppActor object at 0x000000006663ECB0>)
  File "python\\ray\\_raylet.pyx", line 1982, in ray._raylet.execute_task
  File "python\\ray\\_raylet.pyx", line 2093, in ray._raylet.execute_task
  File "python\\ray\\_raylet.pyx", line 1989, in ray._raylet.execute_task
  File "python\\ray\\_raylet.pyx", line 1932, in ray._raylet.execute_task.function_executor
  File "d:\PROGRAMACAO\ML\FL\Modelo_teste\env\lib\site-packages\ray\_private\function_manager.py", line 693, in actor_method_executor
    return method(__ray_actor, *args, **kwargs)
  File "d:\PROGRAMACAO\ML\FL\Modelo_teste\env\lib\site-packages\ray\util\tracing\tracing_helper.py", line 461, in _resume_span
    return method(self, *_args, **_kwargs)
  File "d:\PROGRAMACAO\ML\FL\Modelo_teste\env\lib\site-packages\flwr\simulation\ray_transport\ray_actor.py", line 65, in run
    raise ClientAppException(str(ex)) from ex
flwr.clientapp.client_app.ClientAppException: 
Exception ClientAppException occurred. Message: Not all values are of valid type. Expected `int | float | str | bytes | bool | list[int] | list[float] | list[str] | list[bytes] | list[bool]` but `<class 'numpy.ndarray'>` was passed.

[2026-05-29 23:10:40,372][flwr][ERROR] - [36mray::ClientAppActor.run()[39m (pid=13308, ip=127.0.0.1, actor_id=d269593a67513d036fad023601000000, repr=<flwr.simulation.ray_transport.ray_actor.ClientAppActor object at 0x000000006663ECB0>)
  File "d:\PROGRAMACAO\ML\FL\Modelo_teste\env\lib\site-packages\flwr\clientapp\client_app.py", line 144, in __call__
    return self._call(message, context)
  File "d:\PROGRAMACAO\ML\FL\Modelo_teste\env\lib\site-packages\flwr\clientapp\client_app.py", line 128, in ffn
    out_message = handle_legacy_message_from_msgtype(
  File "d:\PROGRAMACAO\ML\FL\Modelo_teste\env\lib\site-packages\flwr\client\message_handler\message_handler.py", line 133, in handle_legacy_message_from_msgtype
    out_recorddict = fitres_to_recorddict(fit_res, keep_input=False)
  File "d:\PROGRAMACAO\ML\FL\Modelo_teste\env\lib\site-packages\flwr\common\recorddict_compat.py", line 233, in fitres_to_recorddict
    recorddict.config_records[f"{res_str}.metrics"] = ConfigRecord(
  File "d:\PROGRAMACAO\ML\FL\Modelo_teste\env\lib\site-packages\flwr\common\record\configrecord.py", line 135, in __init__
    self[k] = config_dict[k]
  File "d:\PROGRAMACAO\ML\FL\Modelo_teste\env\lib\site-packages\flwr\common\record\typeddict.py", line 48, in __setitem__
    cast(Callable[[V], None], self.__dict__["_check_value_fn"])(value)
  File "d:\PROGRAMACAO\ML\FL\Modelo_teste\env\lib\site-packages\flwr\common\record\configrecord.py", line 63, in _check_value
    is_valid(value[0])
  File "d:\PROGRAMACAO\ML\FL\Modelo_teste\env\lib\site-packages\flwr\common\record\configrecord.py", line 51, in is_valid
    raise TypeError(
TypeError: Not all values are of valid type. Expected `int | float | str | bytes | bool | list[int] | list[float] | list[str] | list[bytes] | list[bool]` but `<class 'numpy.ndarray'>` was passed.

The above exception was the direct cause of the following exception:

[36mray::ClientAppActor.run()[39m (pid=13308, ip=127.0.0.1, actor_id=d269593a67513d036fad023601000000, repr=<flwr.simulation.ray_transport.ray_actor.ClientAppActor object at 0x000000006663ECB0>)
  File "python\\ray\\_raylet.pyx", line 1982, in ray._raylet.execute_task
  File "python\\ray\\_raylet.pyx", line 2093, in ray._raylet.execute_task
  File "python\\ray\\_raylet.pyx", line 1989, in ray._raylet.execute_task
  File "python\\ray\\_raylet.pyx", line 1932, in ray._raylet.execute_task.function_executor
  File "d:\PROGRAMACAO\ML\FL\Modelo_teste\env\lib\site-packages\ray\_private\function_manager.py", line 693, in actor_method_executor
    return method(__ray_actor, *args, **kwargs)
  File "d:\PROGRAMACAO\ML\FL\Modelo_teste\env\lib\site-packages\ray\util\tracing\tracing_helper.py", line 461, in _resume_span
    return method(self, *_args, **_kwargs)
  File "d:\PROGRAMACAO\ML\FL\Modelo_teste\env\lib\site-packages\flwr\simulation\ray_transport\ray_actor.py", line 65, in run
    raise ClientAppException(str(ex)) from ex
flwr.clientapp.client_app.ClientAppException: 
Exception ClientAppException occurred. Message: Not all values are of valid type. Expected `int | float | str | bytes | bool | list[int] | list[float] | list[str] | list[bytes] | list[bool]` but `<class 'numpy.ndarray'>` was passed.
[2026-05-29 23:10:43,455][flwr][ERROR] - Traceback (most recent call last):
  File "d:\PROGRAMACAO\ML\FL\Modelo_teste\env\lib\site-packages\flwr\simulation\ray_transport\ray_client_proxy.py", line 90, in _submit_job
    out_mssg, updated_context = self.actor_pool.get_client_result(
  File "d:\PROGRAMACAO\ML\FL\Modelo_teste\env\lib\site-packages\flwr\simulation\ray_transport\ray_actor.py", line 400, in get_client_result
    return self._fetch_future_result(cid)
  File "d:\PROGRAMACAO\ML\FL\Modelo_teste\env\lib\site-packages\flwr\simulation\ray_transport\ray_actor.py", line 281, in _fetch_future_result
    res_cid, out_mssg, updated_context = ray.get(
  File "d:\PROGRAMACAO\ML\FL\Modelo_teste\env\lib\site-packages\ray\_private\auto_init_hook.py", line 22, in auto_init_wrapper
    return fn(*args, **kwargs)
  File "d:\PROGRAMACAO\ML\FL\Modelo_teste\env\lib\site-packages\ray\_private\client_mode_hook.py", line 104, in wrapper
    return func(*args, **kwargs)
  File "d:\PROGRAMACAO\ML\FL\Modelo_teste\env\lib\site-packages\ray\_private\worker.py", line 2961, in get
    values, debugger_breakpoint = worker.get_objects(
  File "d:\PROGRAMACAO\ML\FL\Modelo_teste\env\lib\site-packages\ray\_private\worker.py", line 1026, in get_objects
    raise value.as_instanceof_cause()
ray.exceptions.RayTaskError(ClientAppException): [36mray::ClientAppActor.run()[39m (pid=10324, ip=127.0.0.1, actor_id=c5ee6ef70dfbcb5a0fcdeaf401000000, repr=<flwr.simulation.ray_transport.ray_actor.ClientAppActor object at 0x000000006643EC50>)
  File "d:\PROGRAMACAO\ML\FL\Modelo_teste\env\lib\site-packages\flwr\clientapp\client_app.py", line 144, in __call__
    return self._call(message, context)
  File "d:\PROGRAMACAO\ML\FL\Modelo_teste\env\lib\site-packages\flwr\clientapp\client_app.py", line 128, in ffn
    out_message = handle_legacy_message_from_msgtype(
  File "d:\PROGRAMACAO\ML\FL\Modelo_teste\env\lib\site-packages\flwr\client\message_handler\message_handler.py", line 133, in handle_legacy_message_from_msgtype
    out_recorddict = fitres_to_recorddict(fit_res, keep_input=False)
  File "d:\PROGRAMACAO\ML\FL\Modelo_teste\env\lib\site-packages\flwr\common\recorddict_compat.py", line 233, in fitres_to_recorddict
    recorddict.config_records[f"{res_str}.metrics"] = ConfigRecord(
  File "d:\PROGRAMACAO\ML\FL\Modelo_teste\env\lib\site-packages\flwr\common\record\configrecord.py", line 135, in __init__
    self[k] = config_dict[k]
  File "d:\PROGRAMACAO\ML\FL\Modelo_teste\env\lib\site-packages\flwr\common\record\typeddict.py", line 48, in __setitem__
    cast(Callable[[V], None], self.__dict__["_check_value_fn"])(value)
  File "d:\PROGRAMACAO\ML\FL\Modelo_teste\env\lib\site-packages\flwr\common\record\configrecord.py", line 63, in _check_value
    is_valid(value[0])
  File "d:\PROGRAMACAO\ML\FL\Modelo_teste\env\lib\site-packages\flwr\common\record\configrecord.py", line 51, in is_valid
    raise TypeError(
TypeError: Not all values are of valid type. Expected `int | float | str | bytes | bool | list[int] | list[float] | list[str] | list[bytes] | list[bool]` but `<class 'numpy.ndarray'>` was passed.

The above exception was the direct cause of the following exception:

[36mray::ClientAppActor.run()[39m (pid=10324, ip=127.0.0.1, actor_id=c5ee6ef70dfbcb5a0fcdeaf401000000, repr=<flwr.simulation.ray_transport.ray_actor.ClientAppActor object at 0x000000006643EC50>)
  File "python\\ray\\_raylet.pyx", line 1982, in ray._raylet.execute_task
  File "python\\ray\\_raylet.pyx", line 2093, in ray._raylet.execute_task
  File "python\\ray\\_raylet.pyx", line 1989, in ray._raylet.execute_task
  File "python\\ray\\_raylet.pyx", line 1932, in ray._raylet.execute_task.function_executor
  File "d:\PROGRAMACAO\ML\FL\Modelo_teste\env\lib\site-packages\ray\_private\function_manager.py", line 693, in actor_method_executor
    return method(__ray_actor, *args, **kwargs)
  File "d:\PROGRAMACAO\ML\FL\Modelo_teste\env\lib\site-packages\ray\util\tracing\tracing_helper.py", line 461, in _resume_span
    return method(self, *_args, **_kwargs)
  File "d:\PROGRAMACAO\ML\FL\Modelo_teste\env\lib\site-packages\flwr\simulation\ray_transport\ray_actor.py", line 65, in run
    raise ClientAppException(str(ex)) from ex
flwr.clientapp.client_app.ClientAppException: 
Exception ClientAppException occurred. Message: Not all values are of valid type. Expected `int | float | str | bytes | bool | list[int] | list[float] | list[str] | list[bytes] | list[bool]` but `<class 'numpy.ndarray'>` was passed.

[2026-05-29 23:10:43,455][flwr][ERROR] - [36mray::ClientAppActor.run()[39m (pid=10324, ip=127.0.0.1, actor_id=c5ee6ef70dfbcb5a0fcdeaf401000000, repr=<flwr.simulation.ray_transport.ray_actor.ClientAppActor object at 0x000000006643EC50>)
  File "d:\PROGRAMACAO\ML\FL\Modelo_teste\env\lib\site-packages\flwr\clientapp\client_app.py", line 144, in __call__
    return self._call(message, context)
  File "d:\PROGRAMACAO\ML\FL\Modelo_teste\env\lib\site-packages\flwr\clientapp\client_app.py", line 128, in ffn
    out_message = handle_legacy_message_from_msgtype(
  File "d:\PROGRAMACAO\ML\FL\Modelo_teste\env\lib\site-packages\flwr\client\message_handler\message_handler.py", line 133, in handle_legacy_message_from_msgtype
    out_recorddict = fitres_to_recorddict(fit_res, keep_input=False)
  File "d:\PROGRAMACAO\ML\FL\Modelo_teste\env\lib\site-packages\flwr\common\recorddict_compat.py", line 233, in fitres_to_recorddict
    recorddict.config_records[f"{res_str}.metrics"] = ConfigRecord(
  File "d:\PROGRAMACAO\ML\FL\Modelo_teste\env\lib\site-packages\flwr\common\record\configrecord.py", line 135, in __init__
    self[k] = config_dict[k]
  File "d:\PROGRAMACAO\ML\FL\Modelo_teste\env\lib\site-packages\flwr\common\record\typeddict.py", line 48, in __setitem__
    cast(Callable[[V], None], self.__dict__["_check_value_fn"])(value)
  File "d:\PROGRAMACAO\ML\FL\Modelo_teste\env\lib\site-packages\flwr\common\record\configrecord.py", line 63, in _check_value
    is_valid(value[0])
  File "d:\PROGRAMACAO\ML\FL\Modelo_teste\env\lib\site-packages\flwr\common\record\configrecord.py", line 51, in is_valid
    raise TypeError(
TypeError: Not all values are of valid type. Expected `int | float | str | bytes | bool | list[int] | list[float] | list[str] | list[bytes] | list[bool]` but `<class 'numpy.ndarray'>` was passed.

The above exception was the direct cause of the following exception:

[36mray::ClientAppActor.run()[39m (pid=10324, ip=127.0.0.1, actor_id=c5ee6ef70dfbcb5a0fcdeaf401000000, repr=<flwr.simulation.ray_transport.ray_actor.ClientAppActor object at 0x000000006643EC50>)
  File "python\\ray\\_raylet.pyx", line 1982, in ray._raylet.execute_task
  File "python\\ray\\_raylet.pyx", line 2093, in ray._raylet.execute_task
  File "python\\ray\\_raylet.pyx", line 1989, in ray._raylet.execute_task
  File "python\\ray\\_raylet.pyx", line 1932, in ray._raylet.execute_task.function_executor
  File "d:\PROGRAMACAO\ML\FL\Modelo_teste\env\lib\site-packages\ray\_private\function_manager.py", line 693, in actor_method_executor
    return method(__ray_actor, *args, **kwargs)
  File "d:\PROGRAMACAO\ML\FL\Modelo_teste\env\lib\site-packages\ray\util\tracing\tracing_helper.py", line 461, in _resume_span
    return method(self, *_args, **_kwargs)
  File "d:\PROGRAMACAO\ML\FL\Modelo_teste\env\lib\site-packages\flwr\simulation\ray_transport\ray_actor.py", line 65, in run
    raise ClientAppException(str(ex)) from ex
flwr.clientapp.client_app.ClientAppException: 
Exception ClientAppException occurred. Message: Not all values are of valid type. Expected `int | float | str | bytes | bool | list[int] | list[float] | list[str] | list[bytes] | list[bool]` but `<class 'numpy.ndarray'>` was passed.
[2026-05-29 23:10:51,141][flwr][ERROR] - Traceback (most recent call last):
  File "d:\PROGRAMACAO\ML\FL\Modelo_teste\env\lib\site-packages\flwr\simulation\ray_transport\ray_client_proxy.py", line 90, in _submit_job
    out_mssg, updated_context = self.actor_pool.get_client_result(
  File "d:\PROGRAMACAO\ML\FL\Modelo_teste\env\lib\site-packages\flwr\simulation\ray_transport\ray_actor.py", line 400, in get_client_result
    return self._fetch_future_result(cid)
  File "d:\PROGRAMACAO\ML\FL\Modelo_teste\env\lib\site-packages\flwr\simulation\ray_transport\ray_actor.py", line 281, in _fetch_future_result
    res_cid, out_mssg, updated_context = ray.get(
  File "d:\PROGRAMACAO\ML\FL\Modelo_teste\env\lib\site-packages\ray\_private\auto_init_hook.py", line 22, in auto_init_wrapper
    return fn(*args, **kwargs)
  File "d:\PROGRAMACAO\ML\FL\Modelo_teste\env\lib\site-packages\ray\_private\client_mode_hook.py", line 104, in wrapper
    return func(*args, **kwargs)
  File "d:\PROGRAMACAO\ML\FL\Modelo_teste\env\lib\site-packages\ray\_private\worker.py", line 2961, in get
    values, debugger_breakpoint = worker.get_objects(
  File "d:\PROGRAMACAO\ML\FL\Modelo_teste\env\lib\site-packages\ray\_private\worker.py", line 1026, in get_objects
    raise value.as_instanceof_cause()
ray.exceptions.RayTaskError(ClientAppException): [36mray::ClientAppActor.run()[39m (pid=4516, ip=127.0.0.1, actor_id=0c3b8ba532016fd7644aa92201000000, repr=<flwr.simulation.ray_transport.ray_actor.ClientAppActor object at 0x000000006663EC20>)
  File "d:\PROGRAMACAO\ML\FL\Modelo_teste\env\lib\site-packages\flwr\clientapp\client_app.py", line 144, in __call__
    return self._call(message, context)
  File "d:\PROGRAMACAO\ML\FL\Modelo_teste\env\lib\site-packages\flwr\clientapp\client_app.py", line 128, in ffn
    out_message = handle_legacy_message_from_msgtype(
  File "d:\PROGRAMACAO\ML\FL\Modelo_teste\env\lib\site-packages\flwr\client\message_handler\message_handler.py", line 133, in handle_legacy_message_from_msgtype
    out_recorddict = fitres_to_recorddict(fit_res, keep_input=False)
  File "d:\PROGRAMACAO\ML\FL\Modelo_teste\env\lib\site-packages\flwr\common\recorddict_compat.py", line 233, in fitres_to_recorddict
    recorddict.config_records[f"{res_str}.metrics"] = ConfigRecord(
  File "d:\PROGRAMACAO\ML\FL\Modelo_teste\env\lib\site-packages\flwr\common\record\configrecord.py", line 135, in __init__
    self[k] = config_dict[k]
  File "d:\PROGRAMACAO\ML\FL\Modelo_teste\env\lib\site-packages\flwr\common\record\typeddict.py", line 48, in __setitem__
    cast(Callable[[V], None], self.__dict__["_check_value_fn"])(value)
  File "d:\PROGRAMACAO\ML\FL\Modelo_teste\env\lib\site-packages\flwr\common\record\configrecord.py", line 63, in _check_value
    is_valid(value[0])
  File "d:\PROGRAMACAO\ML\FL\Modelo_teste\env\lib\site-packages\flwr\common\record\configrecord.py", line 51, in is_valid
    raise TypeError(
TypeError: Not all values are of valid type. Expected `int | float | str | bytes | bool | list[int] | list[float] | list[str] | list[bytes] | list[bool]` but `<class 'numpy.ndarray'>` was passed.

The above exception was the direct cause of the following exception:

[36mray::ClientAppActor.run()[39m (pid=4516, ip=127.0.0.1, actor_id=0c3b8ba532016fd7644aa92201000000, repr=<flwr.simulation.ray_transport.ray_actor.ClientAppActor object at 0x000000006663EC20>)
  File "python\\ray\\_raylet.pyx", line 1982, in ray._raylet.execute_task
  File "python\\ray\\_raylet.pyx", line 2093, in ray._raylet.execute_task
  File "python\\ray\\_raylet.pyx", line 1989, in ray._raylet.execute_task
  File "python\\ray\\_raylet.pyx", line 1932, in ray._raylet.execute_task.function_executor
  File "d:\PROGRAMACAO\ML\FL\Modelo_teste\env\lib\site-packages\ray\_private\function_manager.py", line 693, in actor_method_executor
    return method(__ray_actor, *args, **kwargs)
  File "d:\PROGRAMACAO\ML\FL\Modelo_teste\env\lib\site-packages\ray\util\tracing\tracing_helper.py", line 461, in _resume_span
    return method(self, *_args, **_kwargs)
  File "d:\PROGRAMACAO\ML\FL\Modelo_teste\env\lib\site-packages\flwr\simulation\ray_transport\ray_actor.py", line 65, in run
    raise ClientAppException(str(ex)) from ex
flwr.clientapp.client_app.ClientAppException: 
Exception ClientAppException occurred. Message: Not all values are of valid type. Expected `int | float | str | bytes | bool | list[int] | list[float] | list[str] | list[bytes] | list[bool]` but `<class 'numpy.ndarray'>` was passed.

[2026-05-29 23:10:51,141][flwr][ERROR] - [36mray::ClientAppActor.run()[39m (pid=4516, ip=127.0.0.1, actor_id=0c3b8ba532016fd7644aa92201000000, repr=<flwr.simulation.ray_transport.ray_actor.ClientAppActor object at 0x000000006663EC20>)
  File "d:\PROGRAMACAO\ML\FL\Modelo_teste\env\lib\site-packages\flwr\clientapp\client_app.py", line 144, in __call__
    return self._call(message, context)
  File "d:\PROGRAMACAO\ML\FL\Modelo_teste\env\lib\site-packages\flwr\clientapp\client_app.py", line 128, in ffn
    out_message = handle_legacy_message_from_msgtype(
  File "d:\PROGRAMACAO\ML\FL\Modelo_teste\env\lib\site-packages\flwr\client\message_handler\message_handler.py", line 133, in handle_legacy_message_from_msgtype
    out_recorddict = fitres_to_recorddict(fit_res, keep_input=False)
  File "d:\PROGRAMACAO\ML\FL\Modelo_teste\env\lib\site-packages\flwr\common\recorddict_compat.py", line 233, in fitres_to_recorddict
    recorddict.config_records[f"{res_str}.metrics"] = ConfigRecord(
  File "d:\PROGRAMACAO\ML\FL\Modelo_teste\env\lib\site-packages\flwr\common\record\configrecord.py", line 135, in __init__
    self[k] = config_dict[k]
  File "d:\PROGRAMACAO\ML\FL\Modelo_teste\env\lib\site-packages\flwr\common\record\typeddict.py", line 48, in __setitem__
    cast(Callable[[V], None], self.__dict__["_check_value_fn"])(value)
  File "d:\PROGRAMACAO\ML\FL\Modelo_teste\env\lib\site-packages\flwr\common\record\configrecord.py", line 63, in _check_value
    is_valid(value[0])
  File "d:\PROGRAMACAO\ML\FL\Modelo_teste\env\lib\site-packages\flwr\common\record\configrecord.py", line 51, in is_valid
    raise TypeError(
TypeError: Not all values are of valid type. Expected `int | float | str | bytes | bool | list[int] | list[float] | list[str] | list[bytes] | list[bool]` but `<class 'numpy.ndarray'>` was passed.

The above exception was the direct cause of the following exception:

[36mray::ClientAppActor.run()[39m (pid=4516, ip=127.0.0.1, actor_id=0c3b8ba532016fd7644aa92201000000, repr=<flwr.simulation.ray_transport.ray_actor.ClientAppActor object at 0x000000006663EC20>)
  File "python\\ray\\_raylet.pyx", line 1982, in ray._raylet.execute_task
  File "python\\ray\\_raylet.pyx", line 2093, in ray._raylet.execute_task
  File "python\\ray\\_raylet.pyx", line 1989, in ray._raylet.execute_task
  File "python\\ray\\_raylet.pyx", line 1932, in ray._raylet.execute_task.function_executor
  File "d:\PROGRAMACAO\ML\FL\Modelo_teste\env\lib\site-packages\ray\_private\function_manager.py", line 693, in actor_method_executor
    return method(__ray_actor, *args, **kwargs)
  File "d:\PROGRAMACAO\ML\FL\Modelo_teste\env\lib\site-packages\ray\util\tracing\tracing_helper.py", line 461, in _resume_span
    return method(self, *_args, **_kwargs)
  File "d:\PROGRAMACAO\ML\FL\Modelo_teste\env\lib\site-packages\flwr\simulation\ray_transport\ray_actor.py", line 65, in run
    raise ClientAppException(str(ex)) from ex
flwr.clientapp.client_app.ClientAppException: 
Exception ClientAppException occurred. Message: Not all values are of valid type. Expected `int | float | str | bytes | bool | list[int] | list[float] | list[str] | list[bytes] | list[bool]` but `<class 'numpy.ndarray'>` was passed.
[2026-05-29 23:10:51,680][flwr][ERROR] - Traceback (most recent call last):
  File "d:\PROGRAMACAO\ML\FL\Modelo_teste\env\lib\site-packages\flwr\simulation\ray_transport\ray_client_proxy.py", line 90, in _submit_job
    out_mssg, updated_context = self.actor_pool.get_client_result(
  File "d:\PROGRAMACAO\ML\FL\Modelo_teste\env\lib\site-packages\flwr\simulation\ray_transport\ray_actor.py", line 400, in get_client_result
    return self._fetch_future_result(cid)
  File "d:\PROGRAMACAO\ML\FL\Modelo_teste\env\lib\site-packages\flwr\simulation\ray_transport\ray_actor.py", line 281, in _fetch_future_result
    res_cid, out_mssg, updated_context = ray.get(
  File "d:\PROGRAMACAO\ML\FL\Modelo_teste\env\lib\site-packages\ray\_private\auto_init_hook.py", line 22, in auto_init_wrapper
    return fn(*args, **kwargs)
  File "d:\PROGRAMACAO\ML\FL\Modelo_teste\env\lib\site-packages\ray\_private\client_mode_hook.py", line 104, in wrapper
    return func(*args, **kwargs)
  File "d:\PROGRAMACAO\ML\FL\Modelo_teste\env\lib\site-packages\ray\_private\worker.py", line 2961, in get
    values, debugger_breakpoint = worker.get_objects(
  File "d:\PROGRAMACAO\ML\FL\Modelo_teste\env\lib\site-packages\ray\_private\worker.py", line 1026, in get_objects
    raise value.as_instanceof_cause()
ray.exceptions.RayTaskError(ClientAppException): [36mray::ClientAppActor.run()[39m (pid=784, ip=127.0.0.1, actor_id=2566e1bacf56a28e154ecb0a01000000, repr=<flwr.simulation.ray_transport.ray_actor.ClientAppActor object at 0x000000006663EC50>)
  File "d:\PROGRAMACAO\ML\FL\Modelo_teste\env\lib\site-packages\flwr\clientapp\client_app.py", line 144, in __call__
    return self._call(message, context)
  File "d:\PROGRAMACAO\ML\FL\Modelo_teste\env\lib\site-packages\flwr\clientapp\client_app.py", line 128, in ffn
    out_message = handle_legacy_message_from_msgtype(
  File "d:\PROGRAMACAO\ML\FL\Modelo_teste\env\lib\site-packages\flwr\client\message_handler\message_handler.py", line 133, in handle_legacy_message_from_msgtype
    out_recorddict = fitres_to_recorddict(fit_res, keep_input=False)
  File "d:\PROGRAMACAO\ML\FL\Modelo_teste\env\lib\site-packages\flwr\common\recorddict_compat.py", line 233, in fitres_to_recorddict
    recorddict.config_records[f"{res_str}.metrics"] = ConfigRecord(
  File "d:\PROGRAMACAO\ML\FL\Modelo_teste\env\lib\site-packages\flwr\common\record\configrecord.py", line 135, in __init__
    self[k] = config_dict[k]
  File "d:\PROGRAMACAO\ML\FL\Modelo_teste\env\lib\site-packages\flwr\common\record\typeddict.py", line 48, in __setitem__
    cast(Callable[[V], None], self.__dict__["_check_value_fn"])(value)
  File "d:\PROGRAMACAO\ML\FL\Modelo_teste\env\lib\site-packages\flwr\common\record\configrecord.py", line 63, in _check_value
    is_valid(value[0])
  File "d:\PROGRAMACAO\ML\FL\Modelo_teste\env\lib\site-packages\flwr\common\record\configrecord.py", line 51, in is_valid
    raise TypeError(
TypeError: Not all values are of valid type. Expected `int | float | str | bytes | bool | list[int] | list[float] | list[str] | list[bytes] | list[bool]` but `<class 'numpy.ndarray'>` was passed.

The above exception was the direct cause of the following exception:

[36mray::ClientAppActor.run()[39m (pid=784, ip=127.0.0.1, actor_id=2566e1bacf56a28e154ecb0a01000000, repr=<flwr.simulation.ray_transport.ray_actor.ClientAppActor object at 0x000000006663EC50>)
  File "python\\ray\\_raylet.pyx", line 1982, in ray._raylet.execute_task
  File "python\\ray\\_raylet.pyx", line 2093, in ray._raylet.execute_task
  File "python\\ray\\_raylet.pyx", line 1989, in ray._raylet.execute_task
  File "python\\ray\\_raylet.pyx", line 1932, in ray._raylet.execute_task.function_executor
  File "d:\PROGRAMACAO\ML\FL\Modelo_teste\env\lib\site-packages\ray\_private\function_manager.py", line 693, in actor_method_executor
    return method(__ray_actor, *args, **kwargs)
  File "d:\PROGRAMACAO\ML\FL\Modelo_teste\env\lib\site-packages\ray\util\tracing\tracing_helper.py", line 461, in _resume_span
    return method(self, *_args, **_kwargs)
  File "d:\PROGRAMACAO\ML\FL\Modelo_teste\env\lib\site-packages\flwr\simulation\ray_transport\ray_actor.py", line 65, in run
    raise ClientAppException(str(ex)) from ex
flwr.clientapp.client_app.ClientAppException: 
Exception ClientAppException occurred. Message: Not all values are of valid type. Expected `int | float | str | bytes | bool | list[int] | list[float] | list[str] | list[bytes] | list[bool]` but `<class 'numpy.ndarray'>` was passed.

[2026-05-29 23:10:51,680][flwr][ERROR] - [36mray::ClientAppActor.run()[39m (pid=784, ip=127.0.0.1, actor_id=2566e1bacf56a28e154ecb0a01000000, repr=<flwr.simulation.ray_transport.ray_actor.ClientAppActor object at 0x000000006663EC50>)
  File "d:\PROGRAMACAO\ML\FL\Modelo_teste\env\lib\site-packages\flwr\clientapp\client_app.py", line 144, in __call__
    return self._call(message, context)
  File "d:\PROGRAMACAO\ML\FL\Modelo_teste\env\lib\site-packages\flwr\clientapp\client_app.py", line 128, in ffn
    out_message = handle_legacy_message_from_msgtype(
  File "d:\PROGRAMACAO\ML\FL\Modelo_teste\env\lib\site-packages\flwr\client\message_handler\message_handler.py", line 133, in handle_legacy_message_from_msgtype
    out_recorddict = fitres_to_recorddict(fit_res, keep_input=False)
  File "d:\PROGRAMACAO\ML\FL\Modelo_teste\env\lib\site-packages\flwr\common\recorddict_compat.py", line 233, in fitres_to_recorddict
    recorddict.config_records[f"{res_str}.metrics"] = ConfigRecord(
  File "d:\PROGRAMACAO\ML\FL\Modelo_teste\env\lib\site-packages\flwr\common\record\configrecord.py", line 135, in __init__
    self[k] = config_dict[k]
  File "d:\PROGRAMACAO\ML\FL\Modelo_teste\env\lib\site-packages\flwr\common\record\typeddict.py", line 48, in __setitem__
    cast(Callable[[V], None], self.__dict__["_check_value_fn"])(value)
  File "d:\PROGRAMACAO\ML\FL\Modelo_teste\env\lib\site-packages\flwr\common\record\configrecord.py", line 63, in _check_value
    is_valid(value[0])
  File "d:\PROGRAMACAO\ML\FL\Modelo_teste\env\lib\site-packages\flwr\common\record\configrecord.py", line 51, in is_valid
    raise TypeError(
TypeError: Not all values are of valid type. Expected `int | float | str | bytes | bool | list[int] | list[float] | list[str] | list[bytes] | list[bool]` but `<class 'numpy.ndarray'>` was passed.

The above exception was the direct cause of the following exception:

[36mray::ClientAppActor.run()[39m (pid=784, ip=127.0.0.1, actor_id=2566e1bacf56a28e154ecb0a01000000, repr=<flwr.simulation.ray_transport.ray_actor.ClientAppActor object at 0x000000006663EC50>)
  File "python\\ray\\_raylet.pyx", line 1982, in ray._raylet.execute_task
  File "python\\ray\\_raylet.pyx", line 2093, in ray._raylet.execute_task
  File "python\\ray\\_raylet.pyx", line 1989, in ray._raylet.execute_task
  File "python\\ray\\_raylet.pyx", line 1932, in ray._raylet.execute_task.function_executor
  File "d:\PROGRAMACAO\ML\FL\Modelo_teste\env\lib\site-packages\ray\_private\function_manager.py", line 693, in actor_method_executor
    return method(__ray_actor, *args, **kwargs)
  File "d:\PROGRAMACAO\ML\FL\Modelo_teste\env\lib\site-packages\ray\util\tracing\tracing_helper.py", line 461, in _resume_span
    return method(self, *_args, **_kwargs)
  File "d:\PROGRAMACAO\ML\FL\Modelo_teste\env\lib\site-packages\flwr\simulation\ray_transport\ray_actor.py", line 65, in run
    raise ClientAppException(str(ex)) from ex
flwr.clientapp.client_app.ClientAppException: 
Exception ClientAppException occurred. Message: Not all values are of valid type. Expected `int | float | str | bytes | bool | list[int] | list[float] | list[str] | list[bytes] | list[bool]` but `<class 'numpy.ndarray'>` was passed.
[2026-05-29 23:11:03,102][flwr][ERROR] - Traceback (most recent call last):
  File "d:\PROGRAMACAO\ML\FL\Modelo_teste\env\lib\site-packages\flwr\simulation\ray_transport\ray_client_proxy.py", line 90, in _submit_job
    out_mssg, updated_context = self.actor_pool.get_client_result(
  File "d:\PROGRAMACAO\ML\FL\Modelo_teste\env\lib\site-packages\flwr\simulation\ray_transport\ray_actor.py", line 400, in get_client_result
    return self._fetch_future_result(cid)
  File "d:\PROGRAMACAO\ML\FL\Modelo_teste\env\lib\site-packages\flwr\simulation\ray_transport\ray_actor.py", line 281, in _fetch_future_result
    res_cid, out_mssg, updated_context = ray.get(
  File "d:\PROGRAMACAO\ML\FL\Modelo_teste\env\lib\site-packages\ray\_private\auto_init_hook.py", line 22, in auto_init_wrapper
    return fn(*args, **kwargs)
  File "d:\PROGRAMACAO\ML\FL\Modelo_teste\env\lib\site-packages\ray\_private\client_mode_hook.py", line 104, in wrapper
    return func(*args, **kwargs)
  File "d:\PROGRAMACAO\ML\FL\Modelo_teste\env\lib\site-packages\ray\_private\worker.py", line 2961, in get
    values, debugger_breakpoint = worker.get_objects(
  File "d:\PROGRAMACAO\ML\FL\Modelo_teste\env\lib\site-packages\ray\_private\worker.py", line 1026, in get_objects
    raise value.as_instanceof_cause()
ray.exceptions.RayTaskError(ClientAppException): [36mray::ClientAppActor.run()[39m (pid=13308, ip=127.0.0.1, actor_id=d269593a67513d036fad023601000000, repr=<flwr.simulation.ray_transport.ray_actor.ClientAppActor object at 0x000000006663ECB0>)
  File "d:\PROGRAMACAO\ML\FL\Modelo_teste\env\lib\site-packages\flwr\clientapp\client_app.py", line 144, in __call__
    return self._call(message, context)
  File "d:\PROGRAMACAO\ML\FL\Modelo_teste\env\lib\site-packages\flwr\clientapp\client_app.py", line 128, in ffn
    out_message = handle_legacy_message_from_msgtype(
  File "d:\PROGRAMACAO\ML\FL\Modelo_teste\env\lib\site-packages\flwr\client\message_handler\message_handler.py", line 133, in handle_legacy_message_from_msgtype
    out_recorddict = fitres_to_recorddict(fit_res, keep_input=False)
  File "d:\PROGRAMACAO\ML\FL\Modelo_teste\env\lib\site-packages\flwr\common\recorddict_compat.py", line 233, in fitres_to_recorddict
    recorddict.config_records[f"{res_str}.metrics"] = ConfigRecord(
  File "d:\PROGRAMACAO\ML\FL\Modelo_teste\env\lib\site-packages\flwr\common\record\configrecord.py", line 135, in __init__
    self[k] = config_dict[k]
  File "d:\PROGRAMACAO\ML\FL\Modelo_teste\env\lib\site-packages\flwr\common\record\typeddict.py", line 48, in __setitem__
    cast(Callable[[V], None], self.__dict__["_check_value_fn"])(value)
  File "d:\PROGRAMACAO\ML\FL\Modelo_teste\env\lib\site-packages\flwr\common\record\configrecord.py", line 63, in _check_value
    is_valid(value[0])
  File "d:\PROGRAMACAO\ML\FL\Modelo_teste\env\lib\site-packages\flwr\common\record\configrecord.py", line 51, in is_valid
    raise TypeError(
TypeError: Not all values are of valid type. Expected `int | float | str | bytes | bool | list[int] | list[float] | list[str] | list[bytes] | list[bool]` but `<class 'numpy.ndarray'>` was passed.

The above exception was the direct cause of the following exception:

[36mray::ClientAppActor.run()[39m (pid=13308, ip=127.0.0.1, actor_id=d269593a67513d036fad023601000000, repr=<flwr.simulation.ray_transport.ray_actor.ClientAppActor object at 0x000000006663ECB0>)
  File "python\\ray\\_raylet.pyx", line 1982, in ray._raylet.execute_task
  File "python\\ray\\_raylet.pyx", line 2093, in ray._raylet.execute_task
  File "python\\ray\\_raylet.pyx", line 1989, in ray._raylet.execute_task
  File "python\\ray\\_raylet.pyx", line 1932, in ray._raylet.execute_task.function_executor
  File "d:\PROGRAMACAO\ML\FL\Modelo_teste\env\lib\site-packages\ray\_private\function_manager.py", line 693, in actor_method_executor
    return method(__ray_actor, *args, **kwargs)
  File "d:\PROGRAMACAO\ML\FL\Modelo_teste\env\lib\site-packages\ray\util\tracing\tracing_helper.py", line 461, in _resume_span
    return method(self, *_args, **_kwargs)
  File "d:\PROGRAMACAO\ML\FL\Modelo_teste\env\lib\site-packages\flwr\simulation\ray_transport\ray_actor.py", line 65, in run
    raise ClientAppException(str(ex)) from ex
flwr.clientapp.client_app.ClientAppException: 
Exception ClientAppException occurred. Message: Not all values are of valid type. Expected `int | float | str | bytes | bool | list[int] | list[float] | list[str] | list[bytes] | list[bool]` but `<class 'numpy.ndarray'>` was passed.

[2026-05-29 23:11:03,102][flwr][ERROR] - [36mray::ClientAppActor.run()[39m (pid=13308, ip=127.0.0.1, actor_id=d269593a67513d036fad023601000000, repr=<flwr.simulation.ray_transport.ray_actor.ClientAppActor object at 0x000000006663ECB0>)
  File "d:\PROGRAMACAO\ML\FL\Modelo_teste\env\lib\site-packages\flwr\clientapp\client_app.py", line 144, in __call__
    return self._call(message, context)
  File "d:\PROGRAMACAO\ML\FL\Modelo_teste\env\lib\site-packages\flwr\clientapp\client_app.py", line 128, in ffn
    out_message = handle_legacy_message_from_msgtype(
  File "d:\PROGRAMACAO\ML\FL\Modelo_teste\env\lib\site-packages\flwr\client\message_handler\message_handler.py", line 133, in handle_legacy_message_from_msgtype
    out_recorddict = fitres_to_recorddict(fit_res, keep_input=False)
  File "d:\PROGRAMACAO\ML\FL\Modelo_teste\env\lib\site-packages\flwr\common\recorddict_compat.py", line 233, in fitres_to_recorddict
    recorddict.config_records[f"{res_str}.metrics"] = ConfigRecord(
  File "d:\PROGRAMACAO\ML\FL\Modelo_teste\env\lib\site-packages\flwr\common\record\configrecord.py", line 135, in __init__
    self[k] = config_dict[k]
  File "d:\PROGRAMACAO\ML\FL\Modelo_teste\env\lib\site-packages\flwr\common\record\typeddict.py", line 48, in __setitem__
    cast(Callable[[V], None], self.__dict__["_check_value_fn"])(value)
  File "d:\PROGRAMACAO\ML\FL\Modelo_teste\env\lib\site-packages\flwr\common\record\configrecord.py", line 63, in _check_value
    is_valid(value[0])
  File "d:\PROGRAMACAO\ML\FL\Modelo_teste\env\lib\site-packages\flwr\common\record\configrecord.py", line 51, in is_valid
    raise TypeError(
TypeError: Not all values are of valid type. Expected `int | float | str | bytes | bool | list[int] | list[float] | list[str] | list[bytes] | list[bool]` but `<class 'numpy.ndarray'>` was passed.

The above exception was the direct cause of the following exception:

[36mray::ClientAppActor.run()[39m (pid=13308, ip=127.0.0.1, actor_id=d269593a67513d036fad023601000000, repr=<flwr.simulation.ray_transport.ray_actor.ClientAppActor object at 0x000000006663ECB0>)
  File "python\\ray\\_raylet.pyx", line 1982, in ray._raylet.execute_task
  File "python\\ray\\_raylet.pyx", line 2093, in ray._raylet.execute_task
  File "python\\ray\\_raylet.pyx", line 1989, in ray._raylet.execute_task
  File "python\\ray\\_raylet.pyx", line 1932, in ray._raylet.execute_task.function_executor
  File "d:\PROGRAMACAO\ML\FL\Modelo_teste\env\lib\site-packages\ray\_private\function_manager.py", line 693, in actor_method_executor
    return method(__ray_actor, *args, **kwargs)
  File "d:\PROGRAMACAO\ML\FL\Modelo_teste\env\lib\site-packages\ray\util\tracing\tracing_helper.py", line 461, in _resume_span
    return method(self, *_args, **_kwargs)
  File "d:\PROGRAMACAO\ML\FL\Modelo_teste\env\lib\site-packages\flwr\simulation\ray_transport\ray_actor.py", line 65, in run
    raise ClientAppException(str(ex)) from ex
flwr.clientapp.client_app.ClientAppException: 
Exception ClientAppException occurred. Message: Not all values are of valid type. Expected `int | float | str | bytes | bool | list[int] | list[float] | list[str] | list[bytes] | list[bool]` but `<class 'numpy.ndarray'>` was passed.
[2026-05-29 23:11:03,102][flwr][INFO] - aggregate_fit: received 0 results and 10 failures
[2026-05-29 23:11:03,102][flwr][ERROR] - AlgoritmoFedADAP.aggregate_fit() missing 1 required positional argument: 'failures'
[2026-05-29 23:11:03,118][flwr][ERROR] - Traceback (most recent call last):
  File "d:\PROGRAMACAO\ML\FL\Modelo_teste\env\lib\site-packages\flwr\simulation\legacy_app.py", line 361, in start_simulation
    hist = run_fl(
  File "d:\PROGRAMACAO\ML\FL\Modelo_teste\env\lib\site-packages\flwr\server\server.py", line 487, in run_fl
    hist, elapsed_time = server.fit(
  File "d:\PROGRAMACAO\ML\FL\Modelo_teste\env\lib\site-packages\flwr\server\server.py", line 114, in fit
    res_fit = self.fit_round(
  File "d:\PROGRAMACAO\ML\FL\Modelo_teste\env\lib\site-packages\flwr\server\server.py", line 246, in fit_round
    ] = self.strategy.aggregate_fit(server_round, results, failures)
TypeError: AlgoritmoFedADAP.aggregate_fit() missing 1 required positional argument: 'failures'

[2026-05-29 23:11:03,118][flwr][ERROR] - Your simulation crashed :(. This could be because of several reasons. The most common are: 
	 > Sometimes, issues in the simulation code itself can cause crashes. It's always a good idea to double-check your code for any potential bugs or inconsistencies that might be contributing to the problem. For example: 
		 - You might be using a class attribute in your clients that hasn't been defined.
		 - There could be an incorrect method call to a 3rd party library (e.g., PyTorch).
		 - The return types of methods in your clients/strategies might be incorrect.
	 > Your system couldn't fit a single VirtualClient: try lowering `client_resources`.
	 > All the actors in your pool crashed. This could be because: 
		 - You clients hit an out-of-memory (OOM) error and actors couldn't recover from it. Try launching your simulation with more generous `client_resources` setting (i.e. it seems {'num_cpus': 1.0, 'num_gpus': 0.25} is not enough for your run). Use fewer concurrent actors. 
		 - You were running a multi-node simulation and all worker nodes disconnected. The head node might still be alive but cannot accommodate any actor with resources: {'num_cpus': 1.0, 'num_gpus': 0.25}.
Take a look at the Flower simulation examples for guidance <https://flower.ai/docs/framework/how-to-run-simulations.html>.
