[2026-05-31 11:42:55,136][flwr][WARNING] - DEPRECATED FEATURE: flwr.simulation.start_simulation() is deprecated.
	Instead, use the `flwr run` CLI command to start a local simulation in your Flower app, as shown for example below:

		$ flwr new  # Create a new Flower app from a template

		$ flwr run  # Run the Flower app in Simulation Mode

	Using `start_simulation()` is deprecated.

            This is a deprecated feature. It will be removed
            entirely in future versions of Flower.
        
[2026-05-31 11:42:55,136][flwr][INFO] - Starting Flower simulation, config: num_rounds=10, no round_timeout
[2026-05-31 11:43:01,766][flwr][INFO] - Flower VCE: Ray initialized with resources: {'object_store_memory': 2548064256.0, 'GPU': 1.0, 'memory': 5945483264.0, 'accelerator_type:G': 1.0, 'node:__internal_head__': 1.0, 'node:127.0.0.1': 1.0, 'CPU': 8.0}
[2026-05-31 11:43:01,767][flwr][INFO] - Optimize your simulation with Flower VCE: https://flower.ai/docs/framework/how-to-run-simulations.html
[2026-05-31 11:43:01,767][flwr][INFO] - Flower VCE: Resources for each Virtual Client: {'num_cpus': 1.0, 'num_gpus': 0.25}
[2026-05-31 11:43:01,826][flwr][INFO] - Flower VCE: Creating VirtualClientEngineActorPool with 4 actors
[2026-05-31 11:43:01,827][flwr][INFO] - [INIT]
[2026-05-31 11:43:01,827][flwr][INFO] - Requesting initial parameters from one random client
[2026-05-31 11:43:08,556][flwr][INFO] - Received initial parameters from one random client
[2026-05-31 11:43:08,556][flwr][INFO] - Starting evaluation of initial global parameters
[2026-05-31 11:43:12,972][flwr][INFO] - initial parameters (loss, other metrics): 182.43321681022644, {'accuracy': 0.1063}
[2026-05-31 11:43:12,972][flwr][INFO] - 
[2026-05-31 11:43:12,972][flwr][INFO] - [ROUND 1]
[2026-05-31 11:43:12,972][flwr][INFO] - configure_fit: strategy sampled 10 clients (out of 10)
[2026-05-31 11:44:23,431][flwr][INFO] - aggregate_fit: received 10 results and 0 failures
[2026-05-31 11:44:27,081][flwr][INFO] - fit progress: (1, 159.7616242170334, {'accuracy': 0.2874}, 74.1072251000005)
[2026-05-31 11:44:27,081][flwr][INFO] - configure_evaluate: strategy sampled 10 clients (out of 10)
[2026-05-31 11:44:32,507][flwr][INFO] - aggregate_evaluate: received 10 results and 0 failures
[2026-05-31 11:44:32,507][flwr][WARNING] - No evaluate_metrics_aggregation_fn provided
[2026-05-31 11:44:32,507][flwr][INFO] - 
[2026-05-31 11:44:32,507][flwr][INFO] - [ROUND 2]
[2026-05-31 11:44:32,507][flwr][INFO] - configure_fit: strategy sampled 10 clients (out of 10)
[2026-05-31 11:45:36,556][flwr][INFO] - aggregate_fit: received 10 results and 0 failures
[2026-05-31 11:45:40,122][flwr][INFO] - fit progress: (2, 131.50804376602173, {'accuracy': 0.5447}, 147.14775110000028)
[2026-05-31 11:45:40,122][flwr][INFO] - configure_evaluate: strategy sampled 10 clients (out of 10)
[2026-05-31 11:45:45,431][flwr][INFO] - aggregate_evaluate: received 10 results and 0 failures
[2026-05-31 11:45:45,431][flwr][INFO] - 
[2026-05-31 11:45:45,431][flwr][INFO] - [ROUND 3]
[2026-05-31 11:45:45,431][flwr][INFO] - configure_fit: strategy sampled 10 clients (out of 10)
[2026-05-31 11:46:50,472][flwr][INFO] - aggregate_fit: received 10 results and 0 failures
[2026-05-31 11:46:53,972][flwr][INFO] - fit progress: (3, 104.93416047096252, {'accuracy': 0.6613}, 221.00109429999975)
[2026-05-31 11:46:53,972][flwr][INFO] - configure_evaluate: strategy sampled 10 clients (out of 10)
[2026-05-31 11:46:59,231][flwr][INFO] - aggregate_evaluate: received 10 results and 0 failures
[2026-05-31 11:46:59,231][flwr][INFO] - 
[2026-05-31 11:46:59,231][flwr][INFO] - [ROUND 4]
[2026-05-31 11:46:59,231][flwr][INFO] - configure_fit: strategy sampled 10 clients (out of 10)
[2026-05-31 11:48:02,907][flwr][INFO] - aggregate_fit: received 10 results and 0 failures
[2026-05-31 11:48:06,392][flwr][INFO] - fit progress: (4, 83.55183100700378, {'accuracy': 0.7134}, 293.4154061999998)
[2026-05-31 11:48:06,393][flwr][INFO] - configure_evaluate: strategy sampled 10 clients (out of 10)
[2026-05-31 11:48:12,026][flwr][INFO] - aggregate_evaluate: received 10 results and 0 failures
[2026-05-31 11:48:12,027][flwr][INFO] - 
[2026-05-31 11:48:12,027][flwr][INFO] - [ROUND 5]
[2026-05-31 11:48:12,028][flwr][INFO] - configure_fit: strategy sampled 10 clients (out of 10)
[2026-05-31 11:49:17,145][flwr][INFO] - aggregate_fit: received 10 results and 0 failures
[2026-05-31 11:49:20,877][flwr][INFO] - fit progress: (5, 73.35088020563126, {'accuracy': 0.7259}, 367.8993264999999)
[2026-05-31 11:49:20,877][flwr][INFO] - configure_evaluate: strategy sampled 10 clients (out of 10)
[2026-05-31 11:49:26,205][flwr][INFO] - aggregate_evaluate: received 10 results and 0 failures
[2026-05-31 11:49:26,206][flwr][INFO] - 
[2026-05-31 11:49:26,207][flwr][INFO] - [ROUND 6]
[2026-05-31 11:49:26,208][flwr][INFO] - configure_fit: strategy sampled 10 clients (out of 10)
[2026-05-31 11:50:34,073][flwr][INFO] - aggregate_fit: received 10 results and 0 failures
[2026-05-31 11:50:37,673][flwr][INFO] - fit progress: (6, 62.73430407047272, {'accuracy': 0.7548}, 444.69567449999977)
[2026-05-31 11:50:37,673][flwr][INFO] - configure_evaluate: strategy sampled 10 clients (out of 10)
[2026-05-31 11:50:43,176][flwr][INFO] - aggregate_evaluate: received 10 results and 0 failures
[2026-05-31 11:50:43,177][flwr][INFO] - 
[2026-05-31 11:50:43,177][flwr][INFO] - [ROUND 7]
[2026-05-31 11:50:43,177][flwr][INFO] - configure_fit: strategy sampled 10 clients (out of 10)
[2026-05-31 11:51:47,091][flwr][INFO] - aggregate_fit: received 10 results and 0 failures
[2026-05-31 11:51:50,852][flwr][INFO] - fit progress: (7, 52.57262572646141, {'accuracy': 0.7626}, 517.8747979)
[2026-05-31 11:51:50,853][flwr][INFO] - configure_evaluate: strategy sampled 10 clients (out of 10)
[2026-05-31 11:51:56,325][flwr][INFO] - aggregate_evaluate: received 10 results and 0 failures
[2026-05-31 11:51:56,326][flwr][INFO] - 
[2026-05-31 11:51:56,326][flwr][INFO] - [ROUND 8]
[2026-05-31 11:51:56,327][flwr][INFO] - configure_fit: strategy sampled 10 clients (out of 10)
[2026-05-31 11:53:03,206][flwr][INFO] - aggregate_fit: received 10 results and 0 failures
[2026-05-31 11:53:06,706][flwr][INFO] - fit progress: (8, 41.139249324798584, {'accuracy': 0.7987}, 593.7337841999997)
[2026-05-31 11:53:06,706][flwr][INFO] - configure_evaluate: strategy sampled 10 clients (out of 10)
[2026-05-31 11:53:12,024][flwr][INFO] - aggregate_evaluate: received 10 results and 0 failures
[2026-05-31 11:53:12,024][flwr][INFO] - 
[2026-05-31 11:53:12,025][flwr][INFO] - [ROUND 9]
[2026-05-31 11:53:12,025][flwr][INFO] - configure_fit: strategy sampled 10 clients (out of 10)
[2026-05-31 11:54:14,657][flwr][INFO] - aggregate_fit: received 10 results and 0 failures
[2026-05-31 11:54:18,346][flwr][INFO] - fit progress: (9, 39.63017137348652, {'accuracy': 0.8119}, 665.3690725000006)
[2026-05-31 11:54:18,346][flwr][INFO] - configure_evaluate: strategy sampled 10 clients (out of 10)
[2026-05-31 11:54:23,822][flwr][INFO] - aggregate_evaluate: received 10 results and 0 failures
[2026-05-31 11:54:23,822][flwr][INFO] - 
[2026-05-31 11:54:23,822][flwr][INFO] - [ROUND 10]
[2026-05-31 11:54:23,822][flwr][INFO] - configure_fit: strategy sampled 10 clients (out of 10)
[2026-05-31 11:55:31,935][flwr][INFO] - aggregate_fit: received 10 results and 0 failures
[2026-05-31 11:55:35,705][flwr][INFO] - fit progress: (10, 37.75594291090965, {'accuracy': 0.8193}, 742.7428399)
[2026-05-31 11:55:35,721][flwr][INFO] - configure_evaluate: strategy sampled 10 clients (out of 10)
[2026-05-31 11:55:40,993][flwr][INFO] - aggregate_evaluate: received 10 results and 0 failures
[2026-05-31 11:55:40,994][flwr][INFO] - 
[2026-05-31 11:55:40,994][flwr][INFO] - [SUMMARY]
[2026-05-31 11:55:40,995][flwr][INFO] - Run finished 10 round(s) in 748.02s
[2026-05-31 11:55:40,996][flwr][INFO] - 	History (loss, distributed):
[2026-05-31 11:55:40,996][flwr][INFO] - 		round 1: 64.69577964544297
[2026-05-31 11:55:40,996][flwr][INFO] - 		round 2: 53.196769165992734
[2026-05-31 11:55:40,996][flwr][INFO] - 		round 3: 42.43614732325077
[2026-05-31 11:55:40,997][flwr][INFO] - 		round 4: 33.73285169601441
[2026-05-31 11:55:40,997][flwr][INFO] - 		round 5: 29.622696734964848
[2026-05-31 11:55:40,997][flwr][INFO] - 		round 6: 25.327868995070457
[2026-05-31 11:55:40,997][flwr][INFO] - 		round 7: 21.220423762500285
[2026-05-31 11:55:40,997][flwr][INFO] - 		round 8: 16.648275768011807
[2026-05-31 11:55:40,997][flwr][INFO] - 		round 9: 16.003679186105728
[2026-05-31 11:55:40,997][flwr][INFO] - 		round 10: 15.258735240250825
[2026-05-31 11:55:40,997][flwr][INFO] - 	History (loss, centralized):
[2026-05-31 11:55:40,997][flwr][INFO] - 		round 0: 182.43321681022644
[2026-05-31 11:55:40,997][flwr][INFO] - 		round 1: 159.7616242170334
[2026-05-31 11:55:40,997][flwr][INFO] - 		round 2: 131.50804376602173
[2026-05-31 11:55:40,997][flwr][INFO] - 		round 3: 104.93416047096252
[2026-05-31 11:55:40,997][flwr][INFO] - 		round 4: 83.55183100700378
[2026-05-31 11:55:40,999][flwr][INFO] - 		round 5: 73.35088020563126
[2026-05-31 11:55:40,999][flwr][INFO] - 		round 6: 62.73430407047272
[2026-05-31 11:55:40,999][flwr][INFO] - 		round 7: 52.57262572646141
[2026-05-31 11:55:40,999][flwr][INFO] - 		round 8: 41.139249324798584
[2026-05-31 11:55:41,999][flwr][INFO] - 		round 9: 39.63017137348652
[2026-05-31 11:55:41,000][flwr][INFO] - 		round 10: 37.75594291090965
[2026-05-31 11:55:41,000][flwr][INFO] - 	History (metrics, centralized):
[2026-05-31 11:55:41,000][flwr][INFO] - 	{'accuracy': [(0, 0.1063),
[2026-05-31 11:55:41,000][flwr][INFO] - 	              (1, 0.2874),
[2026-05-31 11:55:41,001][flwr][INFO] - 	              (2, 0.5447),
[2026-05-31 11:55:41,002][flwr][INFO] - 	              (3, 0.6613),
[2026-05-31 11:55:41,002][flwr][INFO] - 	              (4, 0.7134),
[2026-05-31 11:55:41,002][flwr][INFO] - 	              (5, 0.7259),
[2026-05-31 11:55:41,003][flwr][INFO] - 	              (6, 0.7548),
[2026-05-31 11:55:41,003][flwr][INFO] - 	              (7, 0.7626),
[2026-05-31 11:55:41,003][flwr][INFO] - 	              (8, 0.7987),
[2026-05-31 11:55:41,003][flwr][INFO] - 	              (9, 0.8119),
[2026-05-31 11:55:41,004][flwr][INFO] - 	              (10, 0.8193)]}
[2026-05-31 11:55:41,004][flwr][INFO] - 
