[2026-05-31 12:28:13,256][flwr][WARNING] - DEPRECATED FEATURE: flwr.simulation.start_simulation() is deprecated.
	Instead, use the `flwr run` CLI command to start a local simulation in your Flower app, as shown for example below:

		$ flwr new  # Create a new Flower app from a template

		$ flwr run  # Run the Flower app in Simulation Mode

	Using `start_simulation()` is deprecated.

            This is a deprecated feature. It will be removed
            entirely in future versions of Flower.
        
[2026-05-31 12:28:13,257][flwr][INFO] - Starting Flower simulation, config: num_rounds=10, no round_timeout
[2026-05-31 12:28:17,975][flwr][INFO] - Flower VCE: Ray initialized with resources: {'object_store_memory': 2621819289.0, 'GPU': 1.0, 'memory': 6117578343.0, 'accelerator_type:G': 1.0, 'node:__internal_head__': 1.0, 'node:127.0.0.1': 1.0, 'CPU': 8.0}
[2026-05-31 12:28:17,979][flwr][INFO] - Optimize your simulation with Flower VCE: https://flower.ai/docs/framework/how-to-run-simulations.html
[2026-05-31 12:28:17,979][flwr][INFO] - Flower VCE: Resources for each Virtual Client: {'num_cpus': 1.0, 'num_gpus': 0.25}
[2026-05-31 12:28:18,005][flwr][INFO] - Flower VCE: Creating VirtualClientEngineActorPool with 4 actors
[2026-05-31 12:28:18,006][flwr][INFO] - [INIT]
[2026-05-31 12:28:18,006][flwr][INFO] - Requesting initial parameters from one random client
[2026-05-31 12:28:25,070][flwr][INFO] - Received initial parameters from one random client
[2026-05-31 12:28:25,070][flwr][INFO] - Starting evaluation of initial global parameters
[2026-05-31 12:28:29,101][flwr][INFO] - initial parameters (loss, other metrics): 182.243821144104, {'accuracy': 0.1135}
[2026-05-31 12:28:29,101][flwr][INFO] - 
[2026-05-31 12:28:29,102][flwr][INFO] - [ROUND 1]
[2026-05-31 12:28:29,102][flwr][INFO] - configure_fit: strategy sampled 10 clients (out of 10)
[2026-05-31 12:29:40,956][flwr][INFO] - aggregate_fit: received 10 results and 0 failures
[2026-05-31 12:29:44,706][flwr][INFO] - fit progress: (1, 155.38871693611145, {'accuracy': 0.3285}, 75.61250219999965)
[2026-05-31 12:29:44,706][flwr][INFO] - configure_evaluate: strategy sampled 10 clients (out of 10)
[2026-05-31 12:29:50,263][flwr][INFO] - aggregate_evaluate: received 10 results and 0 failures
[2026-05-31 12:29:50,263][flwr][WARNING] - No evaluate_metrics_aggregation_fn provided
[2026-05-31 12:29:50,263][flwr][INFO] - 
[2026-05-31 12:29:50,263][flwr][INFO] - [ROUND 2]
[2026-05-31 12:29:50,263][flwr][INFO] - configure_fit: strategy sampled 10 clients (out of 10)
[2026-05-31 12:30:54,824][flwr][INFO] - aggregate_fit: received 10 results and 0 failures
[2026-05-31 12:30:58,412][flwr][INFO] - fit progress: (2, 125.92848372459412, {'accuracy': 0.5694}, 149.3100009000009)
[2026-05-31 12:30:58,412][flwr][INFO] - configure_evaluate: strategy sampled 10 clients (out of 10)
[2026-05-31 12:31:03,954][flwr][INFO] - aggregate_evaluate: received 10 results and 0 failures
[2026-05-31 12:31:03,954][flwr][INFO] - 
[2026-05-31 12:31:03,955][flwr][INFO] - [ROUND 3]
[2026-05-31 12:31:03,955][flwr][INFO] - configure_fit: strategy sampled 10 clients (out of 10)
[2026-05-31 12:32:13,696][flwr][INFO] - aggregate_fit: received 10 results and 0 failures
[2026-05-31 12:32:17,433][flwr][INFO] - fit progress: (3, 110.36124730110168, {'accuracy': 0.685}, 228.3315352999998)
[2026-05-31 12:32:17,433][flwr][INFO] - configure_evaluate: strategy sampled 10 clients (out of 10)
[2026-05-31 12:32:23,099][flwr][INFO] - aggregate_evaluate: received 10 results and 0 failures
[2026-05-31 12:32:23,100][flwr][INFO] - 
[2026-05-31 12:32:23,100][flwr][INFO] - [ROUND 4]
[2026-05-31 12:32:23,100][flwr][INFO] - configure_fit: strategy sampled 10 clients (out of 10)
[2026-05-31 12:33:29,980][flwr][INFO] - aggregate_fit: received 10 results and 0 failures
[2026-05-31 12:33:33,793][flwr][INFO] - fit progress: (4, 95.54587984085083, {'accuracy': 0.6842}, 304.6917231000007)
[2026-05-31 12:33:33,793][flwr][INFO] - configure_evaluate: strategy sampled 10 clients (out of 10)
[2026-05-31 12:33:39,162][flwr][INFO] - aggregate_evaluate: received 10 results and 0 failures
[2026-05-31 12:33:39,163][flwr][INFO] - 
[2026-05-31 12:33:39,163][flwr][INFO] - [ROUND 5]
[2026-05-31 12:33:39,164][flwr][INFO] - configure_fit: strategy sampled 10 clients (out of 10)
[2026-05-31 12:34:43,957][flwr][INFO] - aggregate_fit: received 10 results and 0 failures
[2026-05-31 12:34:47,734][flwr][INFO] - fit progress: (5, 71.14855444431305, {'accuracy': 0.76}, 378.6322572000008)
[2026-05-31 12:34:47,734][flwr][INFO] - configure_evaluate: strategy sampled 10 clients (out of 10)
[2026-05-31 12:34:53,127][flwr][INFO] - aggregate_evaluate: received 10 results and 0 failures
[2026-05-31 12:34:53,127][flwr][INFO] - 
[2026-05-31 12:34:53,128][flwr][INFO] - [ROUND 6]
[2026-05-31 12:34:53,128][flwr][INFO] - configure_fit: strategy sampled 10 clients (out of 10)
[2026-05-31 12:36:07,268][flwr][INFO] - aggregate_fit: received 10 results and 0 failures
[2026-05-31 12:36:11,017][flwr][INFO] - fit progress: (6, 59.89681747555733, {'accuracy': 0.7838}, 461.91588500000034)
[2026-05-31 12:36:11,018][flwr][INFO] - configure_evaluate: strategy sampled 10 clients (out of 10)
[2026-05-31 12:36:16,335][flwr][INFO] - aggregate_evaluate: received 10 results and 0 failures
[2026-05-31 12:36:16,336][flwr][INFO] - 
[2026-05-31 12:36:16,336][flwr][INFO] - [ROUND 7]
[2026-05-31 12:36:16,337][flwr][INFO] - configure_fit: strategy sampled 10 clients (out of 10)
[2026-05-31 12:37:21,446][flwr][INFO] - aggregate_fit: received 10 results and 0 failures
[2026-05-31 12:37:24,980][flwr][INFO] - fit progress: (7, 50.90341305732727, {'accuracy': 0.7975}, 535.8932124999992)
[2026-05-31 12:37:24,980][flwr][INFO] - configure_evaluate: strategy sampled 10 clients (out of 10)
[2026-05-31 12:37:30,856][flwr][INFO] - aggregate_evaluate: received 10 results and 0 failures
[2026-05-31 12:37:30,856][flwr][INFO] - 
[2026-05-31 12:37:30,856][flwr][INFO] - [ROUND 8]
[2026-05-31 12:37:30,856][flwr][INFO] - configure_fit: strategy sampled 10 clients (out of 10)
[2026-05-31 12:38:33,272][flwr][INFO] - aggregate_fit: received 10 results and 0 failures
[2026-05-31 12:38:36,822][flwr][INFO] - fit progress: (8, 44.92913261055946, {'accuracy': 0.805}, 607.7248184)
[2026-05-31 12:38:36,822][flwr][INFO] - configure_evaluate: strategy sampled 10 clients (out of 10)
[2026-05-31 12:38:42,106][flwr][INFO] - aggregate_evaluate: received 10 results and 0 failures
[2026-05-31 12:38:42,106][flwr][INFO] - 
[2026-05-31 12:38:42,106][flwr][INFO] - [ROUND 9]
[2026-05-31 12:38:42,122][flwr][INFO] - configure_fit: strategy sampled 10 clients (out of 10)
[2026-05-31 12:39:41,081][flwr][INFO] - aggregate_fit: received 10 results and 0 failures
[2026-05-31 12:39:44,650][flwr][INFO] - fit progress: (9, 41.44351102411747, {'accuracy': 0.8221}, 675.5480506000004)
[2026-05-31 12:39:44,650][flwr][INFO] - configure_evaluate: strategy sampled 10 clients (out of 10)
[2026-05-31 12:39:50,047][flwr][INFO] - aggregate_evaluate: received 10 results and 0 failures
[2026-05-31 12:39:50,047][flwr][INFO] - 
[2026-05-31 12:39:50,047][flwr][INFO] - [ROUND 10]
[2026-05-31 12:39:50,047][flwr][INFO] - configure_fit: strategy sampled 10 clients (out of 10)
[2026-05-31 12:40:54,908][flwr][INFO] - aggregate_fit: received 10 results and 0 failures
[2026-05-31 12:40:58,481][flwr][INFO] - fit progress: (10, 36.46407613158226, {'accuracy': 0.8435}, 749.3940908000004)
[2026-05-31 12:40:58,496][flwr][INFO] - configure_evaluate: strategy sampled 10 clients (out of 10)
[2026-05-31 12:41:03,934][flwr][INFO] - aggregate_evaluate: received 10 results and 0 failures
[2026-05-31 12:41:03,935][flwr][INFO] - 
[2026-05-31 12:41:03,936][flwr][INFO] - [SUMMARY]
[2026-05-31 12:41:03,936][flwr][INFO] - Run finished 10 round(s) in 754.83s
[2026-05-31 12:41:03,937][flwr][INFO] - 	History (loss, distributed):
[2026-05-31 12:41:03,937][flwr][INFO] - 		round 1: 62.95892733335495
[2026-05-31 12:41:03,937][flwr][INFO] - 		round 2: 50.92441686987877
[2026-05-31 12:41:03,937][flwr][INFO] - 		round 3: 44.60091503858566
[2026-05-31 12:41:03,937][flwr][INFO] - 		round 4: 38.62199603319168
[2026-05-31 12:41:03,939][flwr][INFO] - 		round 5: 28.78104860186577
[2026-05-31 12:41:03,939][flwr][INFO] - 		round 6: 24.277186354994775
[2026-05-31 12:41:03,939][flwr][INFO] - 		round 7: 20.625448939949273
[2026-05-31 12:41:03,939][flwr][INFO] - 		round 8: 18.19504082351923
[2026-05-31 12:41:03,939][flwr][INFO] - 		round 9: 16.806331530958413
[2026-05-31 12:41:03,939][flwr][INFO] - 		round 10: 14.76519492715597
[2026-05-31 12:41:03,940][flwr][INFO] - 	History (loss, centralized):
[2026-05-31 12:41:03,940][flwr][INFO] - 		round 0: 182.243821144104
[2026-05-31 12:41:03,940][flwr][INFO] - 		round 1: 155.38871693611145
[2026-05-31 12:41:03,940][flwr][INFO] - 		round 2: 125.92848372459412
[2026-05-31 12:41:03,940][flwr][INFO] - 		round 3: 110.36124730110168
[2026-05-31 12:41:03,941][flwr][INFO] - 		round 4: 95.54587984085083
[2026-05-31 12:41:03,941][flwr][INFO] - 		round 5: 71.14855444431305
[2026-05-31 12:41:03,941][flwr][INFO] - 		round 6: 59.89681747555733
[2026-05-31 12:41:03,942][flwr][INFO] - 		round 7: 50.90341305732727
[2026-05-31 12:41:03,942][flwr][INFO] - 		round 8: 44.92913261055946
[2026-05-31 12:41:03,942][flwr][INFO] - 		round 9: 41.44351102411747
[2026-05-31 12:41:03,943][flwr][INFO] - 		round 10: 36.46407613158226
[2026-05-31 12:41:03,943][flwr][INFO] - 	History (metrics, centralized):
[2026-05-31 12:41:03,943][flwr][INFO] - 	{'accuracy': [(0, 0.1135),
[2026-05-31 12:41:03,943][flwr][INFO] - 	              (1, 0.3285),
[2026-05-31 12:41:03,943][flwr][INFO] - 	              (2, 0.5694),
[2026-05-31 12:41:03,943][flwr][INFO] - 	              (3, 0.685),
[2026-05-31 12:41:03,944][flwr][INFO] - 	              (4, 0.6842),
[2026-05-31 12:41:03,944][flwr][INFO] - 	              (5, 0.76),
[2026-05-31 12:41:03,945][flwr][INFO] - 	              (6, 0.7838),
[2026-05-31 12:41:03,945][flwr][INFO] - 	              (7, 0.7975),
[2026-05-31 12:41:03,945][flwr][INFO] - 	              (8, 0.805),
[2026-05-31 12:41:03,945][flwr][INFO] - 	              (9, 0.8221),
[2026-05-31 12:41:03,945][flwr][INFO] - 	              (10, 0.8435)]}
[2026-05-31 12:41:03,945][flwr][INFO] - 
