[2026-06-06 23:55:24,391][flwr][WARNING] - DEPRECATED FEATURE: flwr.simulation.start_simulation() is deprecated.
	Instead, use the `flwr run` CLI command to start a local simulation in your Flower app, as shown for example below:

		$ flwr new  # Create a new Flower app from a template

		$ flwr run  # Run the Flower app in Simulation Mode

	Using `start_simulation()` is deprecated.

            This is a deprecated feature. It will be removed
            entirely in future versions of Flower.
        
[2026-06-06 23:55:24,391][flwr][INFO] - Starting Flower simulation, config: num_rounds=6, no round_timeout
[2026-06-06 23:55:28,717][flwr][INFO] - Flower VCE: Ray initialized with resources: {'node:127.0.0.1': 1.0, 'GPU': 1.0, 'memory': 5822408704.0, 'node:__internal_head__': 1.0, 'object_store_memory': 2495318016.0, 'accelerator_type:G': 1.0, 'CPU': 8.0}
[2026-06-06 23:55:28,717][flwr][INFO] - Optimize your simulation with Flower VCE: https://flower.ai/docs/framework/how-to-run-simulations.html
[2026-06-06 23:55:28,717][flwr][INFO] - Flower VCE: Resources for each Virtual Client: {'num_cpus': 1.0, 'num_gpus': 0.25}
[2026-06-06 23:55:28,746][flwr][INFO] - Flower VCE: Creating VirtualClientEngineActorPool with 4 actors
[2026-06-06 23:55:28,746][flwr][INFO] - [INIT]
[2026-06-06 23:55:28,746][flwr][INFO] - Requesting initial parameters from one random client
[2026-06-06 23:55:35,191][flwr][INFO] - Received initial parameters from one random client
[2026-06-06 23:55:35,191][flwr][INFO] - Starting evaluation of initial global parameters
[2026-06-06 23:55:38,807][flwr][INFO] - initial parameters (loss, other metrics): 181.9987485408783, {'accuracy': 0.1094}
[2026-06-06 23:55:38,807][flwr][INFO] - 
[2026-06-06 23:55:38,807][flwr][INFO] - [ROUND 1]
[2026-06-06 23:55:38,807][flwr][INFO] - configure_fit: strategy sampled 10 clients (out of 10)
[2026-06-06 23:55:58,333][flwr][INFO] - aggregate_fit: received 10 results and 0 failures
[2026-06-06 23:56:01,957][flwr][INFO] - fit progress: (1, 181.0785927772522, {'accuracy': 0.1066}, 23.153982700001507)
[2026-06-06 23:56:01,957][flwr][INFO] - configure_evaluate: strategy sampled 10 clients (out of 10)
[2026-06-06 23:56:07,717][flwr][INFO] - aggregate_evaluate: received 10 results and 0 failures
[2026-06-06 23:56:07,717][flwr][WARNING] - No evaluate_metrics_aggregation_fn provided
[2026-06-06 23:56:07,717][flwr][INFO] - 
[2026-06-06 23:56:07,717][flwr][INFO] - [ROUND 2]
[2026-06-06 23:56:07,717][flwr][INFO] - configure_fit: strategy sampled 10 clients (out of 10)
[2026-06-06 23:56:22,541][flwr][INFO] - aggregate_fit: received 10 results and 0 failures
[2026-06-06 23:56:26,116][flwr][INFO] - fit progress: (2, 181.0785927772522, {'accuracy': 0.1066}, 47.3152998000005)
[2026-06-06 23:56:26,116][flwr][INFO] - configure_evaluate: strategy sampled 10 clients (out of 10)
[2026-06-06 23:56:31,307][flwr][INFO] - aggregate_evaluate: received 10 results and 0 failures
[2026-06-06 23:56:31,307][flwr][INFO] - 
[2026-06-06 23:56:31,307][flwr][INFO] - [ROUND 3]
[2026-06-06 23:56:31,323][flwr][INFO] - configure_fit: strategy sampled 10 clients (out of 10)
[2026-06-06 23:56:47,041][flwr][INFO] - aggregate_fit: received 10 results and 0 failures
[2026-06-06 23:56:50,482][flwr][INFO] - fit progress: (3, 177.99960589408875, {'accuracy': 0.1504}, 71.68010109999886)
[2026-06-06 23:56:50,482][flwr][INFO] - configure_evaluate: strategy sampled 10 clients (out of 10)
[2026-06-06 23:56:55,891][flwr][INFO] - aggregate_evaluate: received 10 results and 0 failures
[2026-06-06 23:56:55,891][flwr][INFO] - 
[2026-06-06 23:56:55,891][flwr][INFO] - [ROUND 4]
[2026-06-06 23:56:55,891][flwr][INFO] - configure_fit: strategy sampled 10 clients (out of 10)
[2026-06-06 23:57:10,991][flwr][INFO] - aggregate_fit: received 10 results and 0 failures
[2026-06-06 23:57:14,541][flwr][INFO] - fit progress: (4, 177.99960589408875, {'accuracy': 0.1504}, 95.73882500000036)
[2026-06-06 23:57:14,541][flwr][INFO] - configure_evaluate: strategy sampled 10 clients (out of 10)
[2026-06-06 23:57:19,767][flwr][INFO] - aggregate_evaluate: received 10 results and 0 failures
[2026-06-06 23:57:19,767][flwr][INFO] - 
[2026-06-06 23:57:19,767][flwr][INFO] - [ROUND 5]
[2026-06-06 23:57:19,767][flwr][INFO] - configure_fit: strategy sampled 10 clients (out of 10)
[2026-06-06 23:57:35,067][flwr][INFO] - aggregate_fit: received 10 results and 0 failures
[2026-06-06 23:57:38,510][flwr][INFO] - fit progress: (5, 174.89750957489014, {'accuracy': 0.3012}, 119.71371329999965)
[2026-06-06 23:57:38,510][flwr][INFO] - configure_evaluate: strategy sampled 10 clients (out of 10)
[2026-06-06 23:57:43,796][flwr][INFO] - aggregate_evaluate: received 10 results and 0 failures
[2026-06-06 23:57:43,796][flwr][INFO] - 
[2026-06-06 23:57:43,796][flwr][INFO] - [ROUND 6]
[2026-06-06 23:57:43,800][flwr][INFO] - configure_fit: strategy sampled 10 clients (out of 10)
[2026-06-06 23:57:58,160][flwr][INFO] - aggregate_fit: received 10 results and 0 failures
[2026-06-06 23:58:01,757][flwr][INFO] - fit progress: (6, 174.89750957489014, {'accuracy': 0.3012}, 142.95257960000163)
[2026-06-06 23:58:01,757][flwr][INFO] - configure_evaluate: strategy sampled 10 clients (out of 10)
[2026-06-06 23:58:07,417][flwr][INFO] - aggregate_evaluate: received 10 results and 0 failures
[2026-06-06 23:58:07,417][flwr][INFO] - 
[2026-06-06 23:58:07,417][flwr][INFO] - [SUMMARY]
[2026-06-06 23:58:07,417][flwr][INFO] - Run finished 6 round(s) in 148.62s
[2026-06-06 23:58:07,417][flwr][INFO] - 	History (loss, distributed):
[2026-06-06 23:58:07,417][flwr][INFO] - 		round 1: 73.34028651714326
[2026-06-06 23:58:07,417][flwr][INFO] - 		round 2: 73.34028651714326
[2026-06-06 23:58:07,417][flwr][INFO] - 		round 3: 72.086141705513
[2026-06-06 23:58:07,417][flwr][INFO] - 		round 4: 72.086141705513
[2026-06-06 23:58:07,417][flwr][INFO] - 		round 5: 70.82891702651978
[2026-06-06 23:58:07,417][flwr][INFO] - 		round 6: 70.82891702651978
[2026-06-06 23:58:07,417][flwr][INFO] - 	History (loss, centralized):
[2026-06-06 23:58:07,417][flwr][INFO] - 		round 0: 181.9987485408783
[2026-06-06 23:58:07,417][flwr][INFO] - 		round 1: 181.0785927772522
[2026-06-06 23:58:07,417][flwr][INFO] - 		round 2: 181.0785927772522
[2026-06-06 23:58:07,417][flwr][INFO] - 		round 3: 177.99960589408875
[2026-06-06 23:58:07,417][flwr][INFO] - 		round 4: 177.99960589408875
[2026-06-06 23:58:07,417][flwr][INFO] - 		round 5: 174.89750957489014
[2026-06-06 23:58:07,417][flwr][INFO] - 		round 6: 174.89750957489014
[2026-06-06 23:58:07,417][flwr][INFO] - 	History (metrics, centralized):
[2026-06-06 23:58:07,429][flwr][INFO] - 	{'accuracy': [(0, 0.1094),
[2026-06-06 23:58:07,429][flwr][INFO] - 	              (1, 0.1066),
[2026-06-06 23:58:07,429][flwr][INFO] - 	              (2, 0.1066),
[2026-06-06 23:58:07,429][flwr][INFO] - 	              (3, 0.1504),
[2026-06-06 23:58:07,430][flwr][INFO] - 	              (4, 0.1504),
[2026-06-06 23:58:07,430][flwr][INFO] - 	              (5, 0.3012),
[2026-06-06 23:58:07,430][flwr][INFO] - 	              (6, 0.3012)]}
[2026-06-06 23:58:07,430][flwr][INFO] - 
