[2026-05-20 17:55:52,858][flwr][WARNING] - DEPRECATED FEATURE: flwr.simulation.start_simulation() is deprecated.
	Instead, use the `flwr run` CLI command to start a local simulation in your Flower app, as shown for example below:

		$ flwr new  # Create a new Flower app from a template

		$ flwr run  # Run the Flower app in Simulation Mode

	Using `start_simulation()` is deprecated.

            This is a deprecated feature. It will be removed
            entirely in future versions of Flower.
        
[2026-05-20 17:55:52,860][flwr][INFO] - Starting Flower simulation, config: num_rounds=10, no round_timeout
[2026-05-20 17:55:57,398][flwr][INFO] - Flower VCE: Ray initialized with resources: {'object_store_memory': 1864576204.0, 'GPU': 1.0, 'memory': 4350677812.0, 'node:__internal_head__': 1.0, 'accelerator_type:G': 1.0, 'node:127.0.0.1': 1.0, 'CPU': 8.0}
[2026-05-20 17:55:57,399][flwr][INFO] - Optimize your simulation with Flower VCE: https://flower.ai/docs/framework/how-to-run-simulations.html
[2026-05-20 17:55:57,399][flwr][INFO] - Flower VCE: Resources for each Virtual Client: {'num_cpus': 1.0, 'num_gpus': 0.25}
[2026-05-20 17:55:57,424][flwr][INFO] - Flower VCE: Creating VirtualClientEngineActorPool with 4 actors
[2026-05-20 17:55:57,425][flwr][INFO] - [INIT]
[2026-05-20 17:55:57,425][flwr][INFO] - Requesting initial parameters from one random client
[2026-05-20 17:56:04,426][flwr][INFO] - Received initial parameters from one random client
[2026-05-20 17:56:04,427][flwr][INFO] - Starting evaluation of initial global parameters
[2026-05-20 17:56:08,223][flwr][INFO] - initial parameters (loss, other metrics): 181.67302989959717, {'accuracy': 0.1383}
[2026-05-20 17:56:08,223][flwr][INFO] - 
[2026-05-20 17:56:08,223][flwr][INFO] - [ROUND 1]
[2026-05-20 17:56:08,224][flwr][INFO] - configure_fit: strategy sampled 10 clients (out of 10)
[2026-05-20 17:56:29,954][flwr][INFO] - aggregate_fit: received 10 results and 0 failures
[2026-05-20 17:56:29,968][flwr][WARNING] - No fit_metrics_aggregation_fn provided
[2026-05-20 17:56:33,711][flwr][INFO] - fit progress: (1, 172.2694320678711, {'accuracy': 0.2331}, 25.488240400001814)
[2026-05-20 17:56:33,712][flwr][INFO] - configure_evaluate: strategy sampled 10 clients (out of 10)
[2026-05-20 17:56:39,800][flwr][INFO] - aggregate_evaluate: received 10 results and 0 failures
[2026-05-20 17:56:39,801][flwr][WARNING] - No evaluate_metrics_aggregation_fn provided
[2026-05-20 17:56:39,801][flwr][INFO] - 
[2026-05-20 17:56:39,801][flwr][INFO] - [ROUND 2]
[2026-05-20 17:56:39,802][flwr][INFO] - configure_fit: strategy sampled 10 clients (out of 10)
[2026-05-20 17:56:55,635][flwr][INFO] - aggregate_fit: received 10 results and 0 failures
[2026-05-20 17:56:59,669][flwr][INFO] - fit progress: (2, 138.70885300636292, {'accuracy': 0.3526}, 51.446673099999316)
[2026-05-20 17:56:59,670][flwr][INFO] - configure_evaluate: strategy sampled 10 clients (out of 10)
[2026-05-20 17:57:05,651][flwr][INFO] - aggregate_evaluate: received 10 results and 0 failures
[2026-05-20 17:57:05,652][flwr][INFO] - 
[2026-05-20 17:57:05,652][flwr][INFO] - [ROUND 3]
[2026-05-20 17:57:05,652][flwr][INFO] - configure_fit: strategy sampled 10 clients (out of 10)
[2026-05-20 17:57:23,138][flwr][INFO] - aggregate_fit: received 10 results and 0 failures
[2026-05-20 17:57:27,038][flwr][INFO] - fit progress: (3, 93.27094238996506, {'accuracy': 0.6224}, 78.81589900000108)
[2026-05-20 17:57:27,039][flwr][INFO] - configure_evaluate: strategy sampled 10 clients (out of 10)
[2026-05-20 17:57:32,702][flwr][INFO] - aggregate_evaluate: received 10 results and 0 failures
[2026-05-20 17:57:32,703][flwr][INFO] - 
[2026-05-20 17:57:32,703][flwr][INFO] - [ROUND 4]
[2026-05-20 17:57:32,703][flwr][INFO] - configure_fit: strategy sampled 10 clients (out of 10)
[2026-05-20 17:57:48,919][flwr][INFO] - aggregate_fit: received 10 results and 0 failures
[2026-05-20 17:57:52,590][flwr][INFO] - fit progress: (4, 80.21485877037048, {'accuracy': 0.6598}, 104.3670654000016)
[2026-05-20 17:57:52,591][flwr][INFO] - configure_evaluate: strategy sampled 10 clients (out of 10)
[2026-05-20 17:57:58,228][flwr][INFO] - aggregate_evaluate: received 10 results and 0 failures
[2026-05-20 17:57:58,229][flwr][INFO] - 
[2026-05-20 17:57:58,229][flwr][INFO] - [ROUND 5]
[2026-05-20 17:57:58,229][flwr][INFO] - configure_fit: strategy sampled 10 clients (out of 10)
[2026-05-20 17:58:13,853][flwr][INFO] - aggregate_fit: received 10 results and 0 failures
[2026-05-20 17:58:17,552][flwr][INFO] - fit progress: (5, 66.33692860603333, {'accuracy': 0.6843}, 129.32908540000062)
[2026-05-20 17:58:17,553][flwr][INFO] - configure_evaluate: strategy sampled 10 clients (out of 10)
[2026-05-20 17:58:23,931][flwr][INFO] - aggregate_evaluate: received 10 results and 0 failures
[2026-05-20 17:58:23,932][flwr][INFO] - 
[2026-05-20 17:58:23,932][flwr][INFO] - [ROUND 6]
[2026-05-20 17:58:23,932][flwr][INFO] - configure_fit: strategy sampled 10 clients (out of 10)
[2026-05-20 17:58:40,053][flwr][INFO] - aggregate_fit: received 10 results and 0 failures
[2026-05-20 17:58:43,937][flwr][INFO] - fit progress: (6, 59.727054953575134, {'accuracy': 0.7352}, 155.7145300000011)
[2026-05-20 17:58:43,937][flwr][INFO] - configure_evaluate: strategy sampled 10 clients (out of 10)
[2026-05-20 17:58:50,260][flwr][INFO] - aggregate_evaluate: received 10 results and 0 failures
[2026-05-20 17:58:50,261][flwr][INFO] - 
[2026-05-20 17:58:50,261][flwr][INFO] - [ROUND 7]
[2026-05-20 17:58:50,261][flwr][INFO] - configure_fit: strategy sampled 10 clients (out of 10)
[2026-05-20 17:59:10,189][flwr][INFO] - aggregate_fit: received 10 results and 0 failures
[2026-05-20 17:59:14,175][flwr][INFO] - fit progress: (7, 52.32248845696449, {'accuracy': 0.7487}, 185.95166590000008)
[2026-05-20 17:59:14,175][flwr][INFO] - configure_evaluate: strategy sampled 10 clients (out of 10)
[2026-05-20 17:59:19,923][flwr][INFO] - aggregate_evaluate: received 10 results and 0 failures
[2026-05-20 17:59:19,924][flwr][INFO] - 
[2026-05-20 17:59:19,924][flwr][INFO] - [ROUND 8]
[2026-05-20 17:59:19,924][flwr][INFO] - configure_fit: strategy sampled 10 clients (out of 10)
[2026-05-20 17:59:35,915][flwr][INFO] - aggregate_fit: received 10 results and 0 failures
[2026-05-20 17:59:39,678][flwr][INFO] - fit progress: (8, 47.91667082905769, {'accuracy': 0.7771}, 211.45471330000146)
[2026-05-20 17:59:39,678][flwr][INFO] - configure_evaluate: strategy sampled 10 clients (out of 10)
[2026-05-20 17:59:45,465][flwr][INFO] - aggregate_evaluate: received 10 results and 0 failures
[2026-05-20 17:59:45,465][flwr][INFO] - 
[2026-05-20 17:59:45,465][flwr][INFO] - [ROUND 9]
[2026-05-20 17:59:45,466][flwr][INFO] - configure_fit: strategy sampled 10 clients (out of 10)
[2026-05-20 18:00:01,259][flwr][INFO] - aggregate_fit: received 10 results and 0 failures
[2026-05-20 18:00:05,156][flwr][INFO] - fit progress: (9, 40.459136351943016, {'accuracy': 0.8107}, 236.93323529999907)
[2026-05-20 18:00:05,157][flwr][INFO] - configure_evaluate: strategy sampled 10 clients (out of 10)
[2026-05-20 18:00:10,904][flwr][INFO] - aggregate_evaluate: received 10 results and 0 failures
[2026-05-20 18:00:10,905][flwr][INFO] - 
[2026-05-20 18:00:10,905][flwr][INFO] - [ROUND 10]
[2026-05-20 18:00:10,905][flwr][INFO] - configure_fit: strategy sampled 10 clients (out of 10)
[2026-05-20 18:00:28,396][flwr][INFO] - aggregate_fit: received 10 results and 0 failures
[2026-05-20 18:00:32,316][flwr][INFO] - fit progress: (10, 39.32211200892925, {'accuracy': 0.8146}, 264.0937072000015)
[2026-05-20 18:00:32,317][flwr][INFO] - configure_evaluate: strategy sampled 10 clients (out of 10)
[2026-05-20 18:00:38,111][flwr][INFO] - aggregate_evaluate: received 10 results and 0 failures
[2026-05-20 18:00:38,112][flwr][INFO] - 
[2026-05-20 18:00:38,112][flwr][INFO] - [SUMMARY]
[2026-05-20 18:00:38,112][flwr][INFO] - Run finished 10 round(s) in 269.89s
[2026-05-20 18:00:38,113][flwr][INFO] - 	History (loss, distributed):
[2026-05-20 18:00:38,113][flwr][INFO] - 		round 1: 69.75359241962433
[2026-05-20 18:00:38,113][flwr][INFO] - 		round 2: 56.078857254982
[2026-05-20 18:00:38,114][flwr][INFO] - 		round 3: 37.789266633987424
[2026-05-20 18:00:38,114][flwr][INFO] - 		round 4: 32.53635213971138
[2026-05-20 18:00:38,114][flwr][INFO] - 		round 5: 26.962017059326172
[2026-05-20 18:00:38,114][flwr][INFO] - 		round 6: 24.28587373197079
[2026-05-20 18:00:38,114][flwr][INFO] - 		round 7: 21.307980670034887
[2026-05-20 18:00:38,115][flwr][INFO] - 		round 8: 19.48883969783783
[2026-05-20 18:00:38,115][flwr][INFO] - 		round 9: 16.49642881602049
[2026-05-20 18:00:38,115][flwr][INFO] - 		round 10: 16.032258012890814
[2026-05-20 18:00:38,116][flwr][INFO] - 	History (loss, centralized):
[2026-05-20 18:00:38,116][flwr][INFO] - 		round 0: 181.67302989959717
[2026-05-20 18:00:38,116][flwr][INFO] - 		round 1: 172.2694320678711
[2026-05-20 18:00:38,116][flwr][INFO] - 		round 2: 138.70885300636292
[2026-05-20 18:00:38,117][flwr][INFO] - 		round 3: 93.27094238996506
[2026-05-20 18:00:38,117][flwr][INFO] - 		round 4: 80.21485877037048
[2026-05-20 18:00:38,117][flwr][INFO] - 		round 5: 66.33692860603333
[2026-05-20 18:00:38,118][flwr][INFO] - 		round 6: 59.727054953575134
[2026-05-20 18:00:38,118][flwr][INFO] - 		round 7: 52.32248845696449
[2026-05-20 18:00:38,118][flwr][INFO] - 		round 8: 47.91667082905769
[2026-05-20 18:00:38,119][flwr][INFO] - 		round 9: 40.459136351943016
[2026-05-20 18:00:38,119][flwr][INFO] - 		round 10: 39.32211200892925
[2026-05-20 18:00:38,119][flwr][INFO] - 	History (metrics, centralized):
[2026-05-20 18:00:38,119][flwr][INFO] - 	{'accuracy': [(0, 0.1383),
[2026-05-20 18:00:38,120][flwr][INFO] - 	              (1, 0.2331),
[2026-05-20 18:00:38,120][flwr][INFO] - 	              (2, 0.3526),
[2026-05-20 18:00:38,120][flwr][INFO] - 	              (3, 0.6224),
[2026-05-20 18:00:38,121][flwr][INFO] - 	              (4, 0.6598),
[2026-05-20 18:00:38,121][flwr][INFO] - 	              (5, 0.6843),
[2026-05-20 18:00:38,121][flwr][INFO] - 	              (6, 0.7352),
[2026-05-20 18:00:38,121][flwr][INFO] - 	              (7, 0.7487),
[2026-05-20 18:00:38,122][flwr][INFO] - 	              (8, 0.7771),
[2026-05-20 18:00:38,122][flwr][INFO] - 	              (9, 0.8107),
[2026-05-20 18:00:38,123][flwr][INFO] - 	              (10, 0.8146)]}
[2026-05-20 18:00:38,123][flwr][INFO] - 
