[2026-06-05 10:25:03,881][flwr][WARNING] - DEPRECATED FEATURE: flwr.simulation.start_simulation() is deprecated.
	Instead, use the `flwr run` CLI command to start a local simulation in your Flower app, as shown for example below:

		$ flwr new  # Create a new Flower app from a template

		$ flwr run  # Run the Flower app in Simulation Mode

	Using `start_simulation()` is deprecated.

            This is a deprecated feature. It will be removed
            entirely in future versions of Flower.
        
[2026-06-05 10:25:03,882][flwr][INFO] - Starting Flower simulation, config: num_rounds=10, no round_timeout
[2026-06-05 10:25:08,966][flwr][INFO] - Flower VCE: Ray initialized with resources: {'node:127.0.0.1': 1.0, 'GPU': 1.0, 'memory': 4864055706.0, 'node:__internal_head__': 1.0, 'accelerator_type:G': 1.0, 'object_store_memory': 2084595302.0, 'CPU': 8.0}
[2026-06-05 10:25:08,966][flwr][INFO] - Optimize your simulation with Flower VCE: https://flower.ai/docs/framework/how-to-run-simulations.html
[2026-06-05 10:25:08,967][flwr][INFO] - Flower VCE: Resources for each Virtual Client: {'num_cpus': 1.0, 'num_gpus': 0.25}
[2026-06-05 10:25:08,986][flwr][INFO] - Flower VCE: Creating VirtualClientEngineActorPool with 4 actors
[2026-06-05 10:25:08,987][flwr][INFO] - [INIT]
[2026-06-05 10:25:08,987][flwr][INFO] - Requesting initial parameters from one random client
[2026-06-05 10:25:16,615][flwr][INFO] - Received initial parameters from one random client
[2026-06-05 10:25:16,615][flwr][INFO] - Starting evaluation of initial global parameters
[2026-06-05 10:25:20,279][flwr][INFO] - initial parameters (loss, other metrics): 182.26509737968445, {'accuracy': 0.0852}
[2026-06-05 10:25:20,279][flwr][INFO] - 
[2026-06-05 10:25:20,280][flwr][INFO] - [ROUND 1]
[2026-06-05 10:25:20,280][flwr][INFO] - configure_fit: strategy sampled 10 clients (out of 10)
[2026-06-05 10:27:30,082][flwr][INFO] - aggregate_fit: received 10 results and 0 failures
[2026-06-05 10:27:33,606][flwr][INFO] - fit progress: (1, 178.22814786434174, {'accuracy': 0.4846}, 133.32674719999977)
[2026-06-05 10:27:33,607][flwr][INFO] - configure_evaluate: strategy sampled 10 clients (out of 10)
[2026-06-05 10:27:39,063][flwr][INFO] - aggregate_evaluate: received 10 results and 0 failures
[2026-06-05 10:27:39,063][flwr][WARNING] - No evaluate_metrics_aggregation_fn provided
[2026-06-05 10:27:39,063][flwr][INFO] - 
[2026-06-05 10:27:39,063][flwr][INFO] - [ROUND 2]
[2026-06-05 10:27:39,064][flwr][INFO] - configure_fit: strategy sampled 10 clients (out of 10)
[2026-06-05 10:29:49,266][flwr][INFO] - aggregate_fit: received 10 results and 0 failures
[2026-06-05 10:29:52,996][flwr][INFO] - fit progress: (2, 259.10556507110596, {'accuracy': 0.5698}, 272.7162994)
[2026-06-05 10:29:52,997][flwr][INFO] - configure_evaluate: strategy sampled 10 clients (out of 10)
[2026-06-05 10:29:58,341][flwr][INFO] - aggregate_evaluate: received 10 results and 0 failures
[2026-06-05 10:29:58,342][flwr][INFO] - 
[2026-06-05 10:29:58,342][flwr][INFO] - [ROUND 3]
[2026-06-05 10:29:58,343][flwr][INFO] - configure_fit: strategy sampled 10 clients (out of 10)
[2026-06-05 10:31:56,473][flwr][INFO] - aggregate_fit: received 10 results and 0 failures
[2026-06-05 10:32:00,209][flwr][INFO] - fit progress: (3, 268.3634624481201, {'accuracy': 0.6016}, 399.93007450000005)
[2026-06-05 10:32:00,210][flwr][INFO] - configure_evaluate: strategy sampled 10 clients (out of 10)
[2026-06-05 10:32:05,645][flwr][INFO] - aggregate_evaluate: received 10 results and 0 failures
[2026-06-05 10:32:05,645][flwr][INFO] - 
[2026-06-05 10:32:05,645][flwr][INFO] - [ROUND 4]
[2026-06-05 10:32:05,646][flwr][INFO] - configure_fit: strategy sampled 10 clients (out of 10)
[2026-06-05 10:34:09,190][flwr][INFO] - aggregate_fit: received 10 results and 0 failures
[2026-06-05 10:34:12,565][flwr][INFO] - fit progress: (4, 281.9861207008362, {'accuracy': 0.6228}, 532.2853250999997)
[2026-06-05 10:34:12,565][flwr][INFO] - configure_evaluate: strategy sampled 10 clients (out of 10)
[2026-06-05 10:34:17,885][flwr][INFO] - aggregate_evaluate: received 10 results and 0 failures
[2026-06-05 10:34:17,885][flwr][INFO] - 
[2026-06-05 10:34:17,886][flwr][INFO] - [ROUND 5]
[2026-06-05 10:34:17,886][flwr][INFO] - configure_fit: strategy sampled 10 clients (out of 10)
[2026-06-05 10:36:09,977][flwr][INFO] - aggregate_fit: received 10 results and 0 failures
[2026-06-05 10:36:13,396][flwr][INFO] - fit progress: (5, 295.5906071662903, {'accuracy': 0.6444}, 653.1168291999993)
[2026-06-05 10:36:13,397][flwr][INFO] - configure_evaluate: strategy sampled 10 clients (out of 10)
[2026-06-05 10:36:18,662][flwr][INFO] - aggregate_evaluate: received 10 results and 0 failures
[2026-06-05 10:36:18,663][flwr][INFO] - 
[2026-06-05 10:36:18,663][flwr][INFO] - [ROUND 6]
[2026-06-05 10:36:18,663][flwr][INFO] - configure_fit: strategy sampled 10 clients (out of 10)
[2026-06-05 10:38:19,604][flwr][INFO] - aggregate_fit: received 10 results and 0 failures
[2026-06-05 10:38:22,995][flwr][INFO] - fit progress: (6, 221.19159936904907, {'accuracy': 0.6705}, 782.7160703999998)
[2026-06-05 10:38:22,996][flwr][INFO] - configure_evaluate: strategy sampled 10 clients (out of 10)
[2026-06-05 10:38:28,322][flwr][INFO] - aggregate_evaluate: received 10 results and 0 failures
[2026-06-05 10:38:28,323][flwr][INFO] - 
[2026-06-05 10:38:28,323][flwr][INFO] - [ROUND 7]
[2026-06-05 10:38:28,323][flwr][INFO] - configure_fit: strategy sampled 10 clients (out of 10)
[2026-06-05 10:40:31,261][flwr][INFO] - aggregate_fit: received 10 results and 0 failures
[2026-06-05 10:40:34,713][flwr][INFO] - fit progress: (7, 218.4147765636444, {'accuracy': 0.6697}, 914.4339885999998)
[2026-06-05 10:40:34,714][flwr][INFO] - configure_evaluate: strategy sampled 10 clients (out of 10)
[2026-06-05 10:40:40,110][flwr][INFO] - aggregate_evaluate: received 10 results and 0 failures
[2026-06-05 10:40:40,110][flwr][INFO] - 
[2026-06-05 10:40:40,111][flwr][INFO] - [ROUND 8]
[2026-06-05 10:40:40,111][flwr][INFO] - configure_fit: strategy sampled 10 clients (out of 10)
[2026-06-05 10:42:49,830][flwr][INFO] - aggregate_fit: received 10 results and 0 failures
[2026-06-05 10:42:53,282][flwr][INFO] - fit progress: (8, 202.62722861766815, {'accuracy': 0.7027}, 1053.0028981999994)
[2026-06-05 10:42:53,283][flwr][INFO] - configure_evaluate: strategy sampled 10 clients (out of 10)
[2026-06-05 10:42:58,581][flwr][INFO] - aggregate_evaluate: received 10 results and 0 failures
[2026-06-05 10:42:58,581][flwr][INFO] - 
[2026-06-05 10:42:58,581][flwr][INFO] - [ROUND 9]
[2026-06-05 10:42:58,582][flwr][INFO] - configure_fit: strategy sampled 10 clients (out of 10)
[2026-06-05 10:44:54,554][flwr][INFO] - aggregate_fit: received 10 results and 0 failures
[2026-06-05 10:44:57,973][flwr][INFO] - fit progress: (9, 174.36048245429993, {'accuracy': 0.771}, 1177.6930838999997)
[2026-06-05 10:44:57,973][flwr][INFO] - configure_evaluate: strategy sampled 10 clients (out of 10)
[2026-06-05 10:45:03,166][flwr][INFO] - aggregate_evaluate: received 10 results and 0 failures
[2026-06-05 10:45:03,167][flwr][INFO] - 
[2026-06-05 10:45:03,167][flwr][INFO] - [ROUND 10]
[2026-06-05 10:45:03,168][flwr][INFO] - configure_fit: strategy sampled 10 clients (out of 10)
[2026-06-05 10:46:58,880][flwr][INFO] - aggregate_fit: received 10 results and 0 failures
[2026-06-05 10:47:02,216][flwr][INFO] - fit progress: (10, 158.50015091896057, {'accuracy': 0.7824}, 1301.9362211999996)
[2026-06-05 10:47:02,216][flwr][INFO] - configure_evaluate: strategy sampled 10 clients (out of 10)
[2026-06-05 10:47:07,497][flwr][INFO] - aggregate_evaluate: received 10 results and 0 failures
[2026-06-05 10:47:07,497][flwr][INFO] - 
[2026-06-05 10:47:07,497][flwr][INFO] - [SUMMARY]
[2026-06-05 10:47:07,498][flwr][INFO] - Run finished 10 round(s) in 1307.22s
[2026-06-05 10:47:07,499][flwr][INFO] - 	History (loss, distributed):
[2026-06-05 10:47:07,499][flwr][INFO] - 		round 1: 71.99197472333908
[2026-06-05 10:47:07,499][flwr][INFO] - 		round 2: 104.54703861474991
[2026-06-05 10:47:07,500][flwr][INFO] - 		round 3: 108.18121087551117
[2026-06-05 10:47:07,500][flwr][INFO] - 		round 4: 113.68694367408753
[2026-06-05 10:47:07,500][flwr][INFO] - 		round 5: 119.17262057065963
[2026-06-05 10:47:07,501][flwr][INFO] - 		round 6: 89.24634512662888
[2026-06-05 10:47:07,501][flwr][INFO] - 		round 7: 88.13057046234607
[2026-06-05 10:47:07,501][flwr][INFO] - 		round 8: 81.76527772843838
[2026-06-05 10:47:07,501][flwr][INFO] - 		round 9: 70.36360463574529
[2026-06-05 10:47:07,501][flwr][INFO] - 		round 10: 63.95216781916097
[2026-06-05 10:47:07,502][flwr][INFO] - 	History (loss, centralized):
[2026-06-05 10:47:07,502][flwr][INFO] - 		round 0: 182.26509737968445
[2026-06-05 10:47:07,502][flwr][INFO] - 		round 1: 178.22814786434174
[2026-06-05 10:47:07,502][flwr][INFO] - 		round 2: 259.10556507110596
[2026-06-05 10:47:07,502][flwr][INFO] - 		round 3: 268.3634624481201
[2026-06-05 10:47:07,503][flwr][INFO] - 		round 4: 281.9861207008362
[2026-06-05 10:47:07,503][flwr][INFO] - 		round 5: 295.5906071662903
[2026-06-05 10:47:07,503][flwr][INFO] - 		round 6: 221.19159936904907
[2026-06-05 10:47:07,503][flwr][INFO] - 		round 7: 218.4147765636444
[2026-06-05 10:47:07,504][flwr][INFO] - 		round 8: 202.62722861766815
[2026-06-05 10:47:07,504][flwr][INFO] - 		round 9: 174.36048245429993
[2026-06-05 10:47:07,504][flwr][INFO] - 		round 10: 158.50015091896057
[2026-06-05 10:47:07,504][flwr][INFO] - 	History (metrics, distributed, fit):
[2026-06-05 10:47:07,504][flwr][INFO] - 	{'delta_norm': [(1, 0.6191852688789368),
[2026-06-05 10:47:07,505][flwr][INFO] - 	                (2, 0.38261833786964417),
[2026-06-05 10:47:07,505][flwr][INFO] - 	                (3, 0.17371444404125214),
[2026-06-05 10:47:07,505][flwr][INFO] - 	                (4, 0.1173090934753418),
[2026-06-05 10:47:07,505][flwr][INFO] - 	                (5, 0.09027911722660065),
[2026-06-05 10:47:07,505][flwr][INFO] - 	                (6, 0.08037912845611572),
[2026-06-05 10:47:07,506][flwr][INFO] - 	                (7, 0.0647701546549797),
[2026-06-05 10:47:07,506][flwr][INFO] - 	                (8, 0.05286044999957085),
[2026-06-05 10:47:07,506][flwr][INFO] - 	                (9, 0.05261902138590813),
[2026-06-05 10:47:07,506][flwr][INFO] - 	                (10, 0.04729362577199936)]}
[2026-06-05 10:47:07,507][flwr][INFO] - 	History (metrics, centralized):
[2026-06-05 10:47:07,507][flwr][INFO] - 	{'accuracy': [(0, 0.0852),
[2026-06-05 10:47:07,507][flwr][INFO] - 	              (1, 0.4846),
[2026-06-05 10:47:07,507][flwr][INFO] - 	              (2, 0.5698),
[2026-06-05 10:47:07,507][flwr][INFO] - 	              (3, 0.6016),
[2026-06-05 10:47:07,508][flwr][INFO] - 	              (4, 0.6228),
[2026-06-05 10:47:07,508][flwr][INFO] - 	              (5, 0.6444),
[2026-06-05 10:47:07,508][flwr][INFO] - 	              (6, 0.6705),
[2026-06-05 10:47:07,508][flwr][INFO] - 	              (7, 0.6697),
[2026-06-05 10:47:07,509][flwr][INFO] - 	              (8, 0.7027),
[2026-06-05 10:47:07,509][flwr][INFO] - 	              (9, 0.771),
[2026-06-05 10:47:07,509][flwr][INFO] - 	              (10, 0.7824)]}
[2026-06-05 10:47:07,510][flwr][INFO] - 
