[2026-05-24 13:04:35,379][flwr][WARNING] - DEPRECATED FEATURE: flwr.simulation.start_simulation() is deprecated.
	Instead, use the `flwr run` CLI command to start a local simulation in your Flower app, as shown for example below:

		$ flwr new  # Create a new Flower app from a template

		$ flwr run  # Run the Flower app in Simulation Mode

	Using `start_simulation()` is deprecated.

            This is a deprecated feature. It will be removed
            entirely in future versions of Flower.
        
[2026-05-24 13:04:35,380][flwr][INFO] - Starting Flower simulation, config: num_rounds=10, no round_timeout
[2026-05-24 13:04:39,841][flwr][INFO] - Flower VCE: Ray initialized with resources: {'node:127.0.0.1': 1.0, 'GPU': 1.0, 'memory': 5289528116.0, 'accelerator_type:G': 1.0, 'node:__internal_head__': 1.0, 'object_store_memory': 2266940620.0, 'CPU': 8.0}
[2026-05-24 13:04:39,842][flwr][INFO] - Optimize your simulation with Flower VCE: https://flower.ai/docs/framework/how-to-run-simulations.html
[2026-05-24 13:04:39,842][flwr][INFO] - Flower VCE: Resources for each Virtual Client: {'num_cpus': 1.0, 'num_gpus': 0.25}
[2026-05-24 13:04:39,861][flwr][INFO] - Flower VCE: Creating VirtualClientEngineActorPool with 4 actors
[2026-05-24 13:04:39,863][flwr][INFO] - [INIT]
[2026-05-24 13:04:39,864][flwr][INFO] - Requesting initial parameters from one random client
[2026-05-24 13:04:46,642][flwr][INFO] - Received initial parameters from one random client
[2026-05-24 13:04:46,642][flwr][INFO] - Starting evaluation of initial global parameters
[2026-05-24 13:04:51,304][flwr][INFO] - initial parameters (loss, other metrics): 181.95023131370544, {'accuracy': 0.097}
[2026-05-24 13:04:51,305][flwr][INFO] - 
[2026-05-24 13:04:51,305][flwr][INFO] - [ROUND 1]
[2026-05-24 13:04:51,306][flwr][INFO] - configure_fit: strategy sampled 5 clients (out of 10)
[2026-05-24 13:05:06,455][flwr][INFO] - aggregate_fit: received 5 results and 0 failures
[2026-05-24 13:05:10,388][flwr][INFO] - fit progress: (1, 190.26885294914246, {'accuracy': 0.2105}, 19.083301200000278)
[2026-05-24 13:05:10,388][flwr][INFO] - configure_evaluate: strategy sampled 10 clients (out of 10)
[2026-05-24 13:05:15,847][flwr][INFO] - aggregate_evaluate: received 10 results and 0 failures
[2026-05-24 13:05:15,847][flwr][WARNING] - No evaluate_metrics_aggregation_fn provided
[2026-05-24 13:05:15,848][flwr][INFO] - 
[2026-05-24 13:05:15,848][flwr][INFO] - [ROUND 2]
[2026-05-24 13:05:15,848][flwr][INFO] - configure_fit: strategy sampled 5 clients (out of 10)
[2026-05-24 13:05:24,138][flwr][INFO] - aggregate_fit: received 5 results and 0 failures
[2026-05-24 13:05:27,599][flwr][INFO] - fit progress: (2, 178.34015202522278, {'accuracy': 0.2317}, 36.294386000000486)
[2026-05-24 13:05:27,600][flwr][INFO] - configure_evaluate: strategy sampled 10 clients (out of 10)
[2026-05-24 13:05:32,893][flwr][INFO] - aggregate_evaluate: received 10 results and 0 failures
[2026-05-24 13:05:32,893][flwr][INFO] - 
[2026-05-24 13:05:32,893][flwr][INFO] - [ROUND 3]
[2026-05-24 13:05:32,894][flwr][INFO] - configure_fit: strategy sampled 5 clients (out of 10)
[2026-05-24 13:05:41,507][flwr][INFO] - aggregate_fit: received 5 results and 0 failures
[2026-05-24 13:05:44,996][flwr][INFO] - fit progress: (3, 253.06204175949097, {'accuracy': 0.309}, 53.69168230000014)
[2026-05-24 13:05:44,997][flwr][INFO] - configure_evaluate: strategy sampled 10 clients (out of 10)
[2026-05-24 13:05:50,226][flwr][INFO] - aggregate_evaluate: received 10 results and 0 failures
[2026-05-24 13:05:50,227][flwr][INFO] - 
[2026-05-24 13:05:50,227][flwr][INFO] - [ROUND 4]
[2026-05-24 13:05:50,228][flwr][INFO] - configure_fit: strategy sampled 5 clients (out of 10)
[2026-05-24 13:05:57,358][flwr][INFO] - aggregate_fit: received 5 results and 0 failures
[2026-05-24 13:06:00,732][flwr][INFO] - fit progress: (4, 174.9514880180359, {'accuracy': 0.4233}, 69.42773900000066)
[2026-05-24 13:06:00,733][flwr][INFO] - configure_evaluate: strategy sampled 10 clients (out of 10)
[2026-05-24 13:06:05,961][flwr][INFO] - aggregate_evaluate: received 10 results and 0 failures
[2026-05-24 13:06:05,962][flwr][INFO] - 
[2026-05-24 13:06:05,962][flwr][INFO] - [ROUND 5]
[2026-05-24 13:06:05,963][flwr][INFO] - configure_fit: strategy sampled 5 clients (out of 10)
[2026-05-24 13:06:15,228][flwr][INFO] - aggregate_fit: received 5 results and 0 failures
[2026-05-24 13:06:18,646][flwr][INFO] - fit progress: (5, 126.28674805164337, {'accuracy': 0.618}, 87.34120910000001)
[2026-05-24 13:06:18,646][flwr][INFO] - configure_evaluate: strategy sampled 10 clients (out of 10)
[2026-05-24 13:06:23,770][flwr][INFO] - aggregate_evaluate: received 10 results and 0 failures
[2026-05-24 13:06:23,771][flwr][INFO] - 
[2026-05-24 13:06:23,771][flwr][INFO] - [ROUND 6]
[2026-05-24 13:06:23,771][flwr][INFO] - configure_fit: strategy sampled 5 clients (out of 10)
[2026-05-24 13:06:32,422][flwr][INFO] - aggregate_fit: received 5 results and 0 failures
[2026-05-24 13:06:35,861][flwr][INFO] - fit progress: (6, 172.18234038352966, {'accuracy': 0.5969}, 104.5564103000006)
[2026-05-24 13:06:35,862][flwr][INFO] - configure_evaluate: strategy sampled 10 clients (out of 10)
[2026-05-24 13:06:40,967][flwr][INFO] - aggregate_evaluate: received 10 results and 0 failures
[2026-05-24 13:06:40,968][flwr][INFO] - 
[2026-05-24 13:06:40,968][flwr][INFO] - [ROUND 7]
[2026-05-24 13:06:40,969][flwr][INFO] - configure_fit: strategy sampled 5 clients (out of 10)
[2026-05-24 13:06:49,064][flwr][INFO] - aggregate_fit: received 5 results and 0 failures
[2026-05-24 13:06:52,587][flwr][INFO] - fit progress: (7, 160.64864814281464, {'accuracy': 0.6166}, 121.2822200999999)
[2026-05-24 13:06:52,588][flwr][INFO] - configure_evaluate: strategy sampled 10 clients (out of 10)
[2026-05-24 13:06:57,757][flwr][INFO] - aggregate_evaluate: received 10 results and 0 failures
[2026-05-24 13:06:57,757][flwr][INFO] - 
[2026-05-24 13:06:57,757][flwr][INFO] - [ROUND 8]
[2026-05-24 13:06:57,758][flwr][INFO] - configure_fit: strategy sampled 5 clients (out of 10)
[2026-05-24 13:07:05,375][flwr][INFO] - aggregate_fit: received 5 results and 0 failures
[2026-05-24 13:07:08,886][flwr][INFO] - fit progress: (8, 80.4160670042038, {'accuracy': 0.6804}, 137.5814878000001)
[2026-05-24 13:07:08,886][flwr][INFO] - configure_evaluate: strategy sampled 10 clients (out of 10)
[2026-05-24 13:07:14,004][flwr][INFO] - aggregate_evaluate: received 10 results and 0 failures
[2026-05-24 13:07:14,005][flwr][INFO] - 
[2026-05-24 13:07:14,005][flwr][INFO] - [ROUND 9]
[2026-05-24 13:07:14,005][flwr][INFO] - configure_fit: strategy sampled 5 clients (out of 10)
[2026-05-24 13:07:22,428][flwr][INFO] - aggregate_fit: received 5 results and 0 failures
[2026-05-24 13:07:25,877][flwr][INFO] - fit progress: (9, 53.02577045559883, {'accuracy': 0.7664}, 154.57222249999995)
[2026-05-24 13:07:25,878][flwr][INFO] - configure_evaluate: strategy sampled 10 clients (out of 10)
[2026-05-24 13:07:30,980][flwr][INFO] - aggregate_evaluate: received 10 results and 0 failures
[2026-05-24 13:07:30,981][flwr][INFO] - 
[2026-05-24 13:07:30,981][flwr][INFO] - [ROUND 10]
[2026-05-24 13:07:30,981][flwr][INFO] - configure_fit: strategy sampled 5 clients (out of 10)
[2026-05-24 13:07:39,281][flwr][INFO] - aggregate_fit: received 5 results and 0 failures
[2026-05-24 13:07:42,698][flwr][INFO] - fit progress: (10, 66.88365370035172, {'accuracy': 0.7541}, 171.39346269999987)
[2026-05-24 13:07:42,699][flwr][INFO] - configure_evaluate: strategy sampled 10 clients (out of 10)
[2026-05-24 13:07:47,892][flwr][INFO] - aggregate_evaluate: received 10 results and 0 failures
[2026-05-24 13:07:47,893][flwr][INFO] - 
[2026-05-24 13:07:47,893][flwr][INFO] - [SUMMARY]
[2026-05-24 13:07:47,893][flwr][INFO] - Run finished 10 round(s) in 176.59s
[2026-05-24 13:07:47,894][flwr][INFO] - 	History (loss, distributed):
[2026-05-24 13:07:47,894][flwr][INFO] - 		round 1: 76.93530958890915
[2026-05-24 13:07:47,894][flwr][INFO] - 		round 2: 72.31048473119736
[2026-05-24 13:07:47,894][flwr][INFO] - 		round 3: 101.81495088338852
[2026-05-24 13:07:47,895][flwr][INFO] - 		round 4: 70.77261083126068
[2026-05-24 13:07:47,895][flwr][INFO] - 		round 5: 51.05741010904312
[2026-05-24 13:07:47,895][flwr][INFO] - 		round 6: 69.80383235216141
[2026-05-24 13:07:47,895][flwr][INFO] - 		round 7: 64.76242035031319
[2026-05-24 13:07:47,895][flwr][INFO] - 		round 8: 32.77518292069435
[2026-05-24 13:07:47,896][flwr][INFO] - 		round 9: 21.568271759152413
[2026-05-24 13:07:47,896][flwr][INFO] - 		round 10: 27.158186876773833
[2026-05-24 13:07:47,896][flwr][INFO] - 	History (loss, centralized):
[2026-05-24 13:07:47,896][flwr][INFO] - 		round 0: 181.95023131370544
[2026-05-24 13:07:47,897][flwr][INFO] - 		round 1: 190.26885294914246
[2026-05-24 13:07:47,897][flwr][INFO] - 		round 2: 178.34015202522278
[2026-05-24 13:07:47,897][flwr][INFO] - 		round 3: 253.06204175949097
[2026-05-24 13:07:47,897][flwr][INFO] - 		round 4: 174.9514880180359
[2026-05-24 13:07:47,897][flwr][INFO] - 		round 5: 126.28674805164337
[2026-05-24 13:07:47,898][flwr][INFO] - 		round 6: 172.18234038352966
[2026-05-24 13:07:47,898][flwr][INFO] - 		round 7: 160.64864814281464
[2026-05-24 13:07:47,898][flwr][INFO] - 		round 8: 80.4160670042038
[2026-05-24 13:07:47,898][flwr][INFO] - 		round 9: 53.02577045559883
[2026-05-24 13:07:47,899][flwr][INFO] - 		round 10: 66.88365370035172
[2026-05-24 13:07:47,899][flwr][INFO] - 	History (metrics, centralized):
[2026-05-24 13:07:47,899][flwr][INFO] - 	{'accuracy': [(0, 0.097),
[2026-05-24 13:07:47,899][flwr][INFO] - 	              (1, 0.2105),
[2026-05-24 13:07:47,899][flwr][INFO] - 	              (2, 0.2317),
[2026-05-24 13:07:47,900][flwr][INFO] - 	              (3, 0.309),
[2026-05-24 13:07:47,900][flwr][INFO] - 	              (4, 0.4233),
[2026-05-24 13:07:47,900][flwr][INFO] - 	              (5, 0.618),
[2026-05-24 13:07:47,900][flwr][INFO] - 	              (6, 0.5969),
[2026-05-24 13:07:47,901][flwr][INFO] - 	              (7, 0.6166),
[2026-05-24 13:07:47,901][flwr][INFO] - 	              (8, 0.6804),
[2026-05-24 13:07:47,901][flwr][INFO] - 	              (9, 0.7664),
[2026-05-24 13:07:47,901][flwr][INFO] - 	              (10, 0.7541)]}
[2026-05-24 13:07:47,901][flwr][INFO] - 
