[2026-05-24 22:30:16,435][flwr][WARNING] - DEPRECATED FEATURE: flwr.simulation.start_simulation() is deprecated.
	Instead, use the `flwr run` CLI command to start a local simulation in your Flower app, as shown for example below:

		$ flwr new  # Create a new Flower app from a template

		$ flwr run  # Run the Flower app in Simulation Mode

	Using `start_simulation()` is deprecated.

            This is a deprecated feature. It will be removed
            entirely in future versions of Flower.
        
[2026-05-24 22:30:16,436][flwr][INFO] - Starting Flower simulation, config: num_rounds=10, no round_timeout
[2026-05-24 22:30:20,744][flwr][INFO] - Flower VCE: Ray initialized with resources: {'node:127.0.0.1': 1.0, 'GPU': 1.0, 'memory': 3849052570.0, 'accelerator_type:G': 1.0, 'object_store_memory': 1649593958.0, 'node:__internal_head__': 1.0, 'CPU': 8.0}
[2026-05-24 22:30:20,745][flwr][INFO] - Optimize your simulation with Flower VCE: https://flower.ai/docs/framework/how-to-run-simulations.html
[2026-05-24 22:30:20,745][flwr][INFO] - Flower VCE: Resources for each Virtual Client: {'num_cpus': 1, 'num_gpus': 0.0}
[2026-05-24 22:30:20,770][flwr][INFO] - Flower VCE: Creating VirtualClientEngineActorPool with 8 actors
[2026-05-24 22:30:20,771][flwr][INFO] - [INIT]
[2026-05-24 22:30:20,771][flwr][INFO] - Requesting initial parameters from one random client
[2026-05-24 22:30:28,143][flwr][INFO] - Received initial parameters from one random client
[2026-05-24 22:30:28,143][flwr][INFO] - Starting evaluation of initial global parameters
[2026-05-24 22:30:31,814][flwr][INFO] - initial parameters (loss, other metrics): 181.9136655330658, {'accuracy': 0.1247}
[2026-05-24 22:30:31,815][flwr][INFO] - 
[2026-05-24 22:30:31,815][flwr][INFO] - [ROUND 1]
[2026-05-24 22:30:31,817][flwr][INFO] - configure_fit: strategy sampled 5 clients (out of 10)
[2026-05-24 22:31:09,373][flwr][INFO] - aggregate_fit: received 5 results and 0 failures
[2026-05-24 22:31:12,944][flwr][INFO] - fit progress: (1, 154.74558544158936, {'accuracy': 0.2953}, 41.129351799994765)
[2026-05-24 22:31:12,945][flwr][INFO] - configure_evaluate: strategy sampled 10 clients (out of 10)
[2026-05-24 22:31:23,062][flwr][INFO] - aggregate_evaluate: received 10 results and 0 failures
[2026-05-24 22:31:23,063][flwr][WARNING] - No evaluate_metrics_aggregation_fn provided
[2026-05-24 22:31:23,063][flwr][INFO] - 
[2026-05-24 22:31:23,063][flwr][INFO] - [ROUND 2]
[2026-05-24 22:31:23,065][flwr][INFO] - configure_fit: strategy sampled 5 clients (out of 10)
[2026-05-24 22:31:48,252][flwr][INFO] - aggregate_fit: received 5 results and 0 failures
[2026-05-24 22:31:51,946][flwr][INFO] - fit progress: (2, 177.36787116527557, {'accuracy': 0.4638}, 80.13044149999769)
[2026-05-24 22:31:51,946][flwr][INFO] - configure_evaluate: strategy sampled 10 clients (out of 10)
[2026-05-24 22:31:57,156][flwr][INFO] - aggregate_evaluate: received 10 results and 0 failures
[2026-05-24 22:31:57,156][flwr][INFO] - 
[2026-05-24 22:31:57,156][flwr][INFO] - [ROUND 3]
[2026-05-24 22:31:57,158][flwr][INFO] - configure_fit: strategy sampled 5 clients (out of 10)
[2026-05-24 22:32:27,277][flwr][INFO] - aggregate_fit: received 5 results and 0 failures
[2026-05-24 22:32:30,800][flwr][INFO] - fit progress: (3, 197.63943719863892, {'accuracy': 0.6282}, 118.98532580000028)
[2026-05-24 22:32:30,801][flwr][INFO] - configure_evaluate: strategy sampled 10 clients (out of 10)
[2026-05-24 22:32:36,011][flwr][INFO] - aggregate_evaluate: received 10 results and 0 failures
[2026-05-24 22:32:36,012][flwr][INFO] - 
[2026-05-24 22:32:36,012][flwr][INFO] - [ROUND 4]
[2026-05-24 22:32:36,014][flwr][INFO] - configure_fit: strategy sampled 5 clients (out of 10)
[2026-05-24 22:33:04,444][flwr][INFO] - aggregate_fit: received 5 results and 0 failures
[2026-05-24 22:33:08,015][flwr][INFO] - fit progress: (4, 95.87282973527908, {'accuracy': 0.7857}, 156.20028069999535)
[2026-05-24 22:33:08,016][flwr][INFO] - configure_evaluate: strategy sampled 10 clients (out of 10)
[2026-05-24 22:33:13,317][flwr][INFO] - aggregate_evaluate: received 10 results and 0 failures
[2026-05-24 22:33:13,317][flwr][INFO] - 
[2026-05-24 22:33:13,318][flwr][INFO] - [ROUND 5]
[2026-05-24 22:33:13,321][flwr][INFO] - configure_fit: strategy sampled 5 clients (out of 10)
[2026-05-24 22:33:17,452][flwr][ERROR] - Traceback (most recent call last):
  File "d:\PROGRAMACAO\ML\FL\Modelo_teste\env\lib\site-packages\flwr\simulation\ray_transport\ray_client_proxy.py", line 90, in _submit_job
    out_mssg, updated_context = self.actor_pool.get_client_result(
  File "d:\PROGRAMACAO\ML\FL\Modelo_teste\env\lib\site-packages\flwr\simulation\ray_transport\ray_actor.py", line 400, in get_client_result
    return self._fetch_future_result(cid)
  File "d:\PROGRAMACAO\ML\FL\Modelo_teste\env\lib\site-packages\flwr\simulation\ray_transport\ray_actor.py", line 281, in _fetch_future_result
    res_cid, out_mssg, updated_context = ray.get(
  File "d:\PROGRAMACAO\ML\FL\Modelo_teste\env\lib\site-packages\ray\_private\auto_init_hook.py", line 22, in auto_init_wrapper
    return fn(*args, **kwargs)
  File "d:\PROGRAMACAO\ML\FL\Modelo_teste\env\lib\site-packages\ray\_private\client_mode_hook.py", line 104, in wrapper
    return func(*args, **kwargs)
  File "d:\PROGRAMACAO\ML\FL\Modelo_teste\env\lib\site-packages\ray\_private\worker.py", line 2961, in get
    values, debugger_breakpoint = worker.get_objects(
  File "d:\PROGRAMACAO\ML\FL\Modelo_teste\env\lib\site-packages\ray\_private\worker.py", line 1026, in get_objects
    raise value.as_instanceof_cause()
ray.exceptions.RayTaskError(ClientAppException): [36mray::ClientAppActor.run()[39m (pid=4996, ip=127.0.0.1, actor_id=3f0691abc515f5b3e781758001000000, repr=<flwr.simulation.ray_transport.ray_actor.ClientAppActor object at 0x000000000DBBEBF0>)
  File "d:\PROGRAMACAO\ML\FL\Modelo_teste\env\lib\site-packages\flwr\clientapp\client_app.py", line 144, in __call__
    return self._call(message, context)
  File "d:\PROGRAMACAO\ML\FL\Modelo_teste\env\lib\site-packages\flwr\clientapp\client_app.py", line 128, in ffn
    out_message = handle_legacy_message_from_msgtype(
  File "d:\PROGRAMACAO\ML\FL\Modelo_teste\env\lib\site-packages\flwr\client\message_handler\message_handler.py", line 129, in handle_legacy_message_from_msgtype
    fit_res = maybe_call_fit(
  File "d:\PROGRAMACAO\ML\FL\Modelo_teste\env\lib\site-packages\flwr\client\client.py", line 224, in maybe_call_fit
    return client.fit(fit_ins)
  File "d:\PROGRAMACAO\ML\FL\Modelo_teste\env\lib\site-packages\flwr\client\numpy_client.py", line 234, in _fit
    raise TypeError(EXCEPTION_MESSAGE_WRONG_RETURN_TYPE_FIT)
TypeError: 
NumPyClient.fit did not return a tuple with 3 elements.
The returned values should have the following type signature:

    Tuple[NDArrays, int, Dict[str, Scalar]]

Example
-------

    model.get_weights(), 10, {"accuracy": 0.95}



The above exception was the direct cause of the following exception:

[36mray::ClientAppActor.run()[39m (pid=4996, ip=127.0.0.1, actor_id=3f0691abc515f5b3e781758001000000, repr=<flwr.simulation.ray_transport.ray_actor.ClientAppActor object at 0x000000000DBBEBF0>)
  File "python\\ray\\_raylet.pyx", line 1982, in ray._raylet.execute_task
  File "python\\ray\\_raylet.pyx", line 2093, in ray._raylet.execute_task
  File "python\\ray\\_raylet.pyx", line 1989, in ray._raylet.execute_task
  File "python\\ray\\_raylet.pyx", line 1932, in ray._raylet.execute_task.function_executor
  File "d:\PROGRAMACAO\ML\FL\Modelo_teste\env\lib\site-packages\ray\_private\function_manager.py", line 693, in actor_method_executor
    return method(__ray_actor, *args, **kwargs)
  File "d:\PROGRAMACAO\ML\FL\Modelo_teste\env\lib\site-packages\ray\util\tracing\tracing_helper.py", line 461, in _resume_span
    return method(self, *_args, **_kwargs)
  File "d:\PROGRAMACAO\ML\FL\Modelo_teste\env\lib\site-packages\flwr\simulation\ray_transport\ray_actor.py", line 65, in run
    raise ClientAppException(str(ex)) from ex
flwr.clientapp.client_app.ClientAppException: 
Exception ClientAppException occurred. Message: 
NumPyClient.fit did not return a tuple with 3 elements.
The returned values should have the following type signature:

    Tuple[NDArrays, int, Dict[str, Scalar]]

Example
-------

    model.get_weights(), 10, {"accuracy": 0.95}

[2026-05-24 22:33:17,453][flwr][ERROR] - [36mray::ClientAppActor.run()[39m (pid=4996, ip=127.0.0.1, actor_id=3f0691abc515f5b3e781758001000000, repr=<flwr.simulation.ray_transport.ray_actor.ClientAppActor object at 0x000000000DBBEBF0>)
  File "d:\PROGRAMACAO\ML\FL\Modelo_teste\env\lib\site-packages\flwr\clientapp\client_app.py", line 144, in __call__
    return self._call(message, context)
  File "d:\PROGRAMACAO\ML\FL\Modelo_teste\env\lib\site-packages\flwr\clientapp\client_app.py", line 128, in ffn
    out_message = handle_legacy_message_from_msgtype(
  File "d:\PROGRAMACAO\ML\FL\Modelo_teste\env\lib\site-packages\flwr\client\message_handler\message_handler.py", line 129, in handle_legacy_message_from_msgtype
    fit_res = maybe_call_fit(
  File "d:\PROGRAMACAO\ML\FL\Modelo_teste\env\lib\site-packages\flwr\client\client.py", line 224, in maybe_call_fit
    return client.fit(fit_ins)
  File "d:\PROGRAMACAO\ML\FL\Modelo_teste\env\lib\site-packages\flwr\client\numpy_client.py", line 234, in _fit
    raise TypeError(EXCEPTION_MESSAGE_WRONG_RETURN_TYPE_FIT)
TypeError: 
NumPyClient.fit did not return a tuple with 3 elements.
The returned values should have the following type signature:

    Tuple[NDArrays, int, Dict[str, Scalar]]

Example
-------

    model.get_weights(), 10, {"accuracy": 0.95}



The above exception was the direct cause of the following exception:

[36mray::ClientAppActor.run()[39m (pid=4996, ip=127.0.0.1, actor_id=3f0691abc515f5b3e781758001000000, repr=<flwr.simulation.ray_transport.ray_actor.ClientAppActor object at 0x000000000DBBEBF0>)
  File "python\\ray\\_raylet.pyx", line 1982, in ray._raylet.execute_task
  File "python\\ray\\_raylet.pyx", line 2093, in ray._raylet.execute_task
  File "python\\ray\\_raylet.pyx", line 1989, in ray._raylet.execute_task
  File "python\\ray\\_raylet.pyx", line 1932, in ray._raylet.execute_task.function_executor
  File "d:\PROGRAMACAO\ML\FL\Modelo_teste\env\lib\site-packages\ray\_private\function_manager.py", line 693, in actor_method_executor
    return method(__ray_actor, *args, **kwargs)
  File "d:\PROGRAMACAO\ML\FL\Modelo_teste\env\lib\site-packages\ray\util\tracing\tracing_helper.py", line 461, in _resume_span
    return method(self, *_args, **_kwargs)
  File "d:\PROGRAMACAO\ML\FL\Modelo_teste\env\lib\site-packages\flwr\simulation\ray_transport\ray_actor.py", line 65, in run
    raise ClientAppException(str(ex)) from ex
flwr.clientapp.client_app.ClientAppException: 
Exception ClientAppException occurred. Message: 
NumPyClient.fit did not return a tuple with 3 elements.
The returned values should have the following type signature:

    Tuple[NDArrays, int, Dict[str, Scalar]]

Example
-------

    model.get_weights(), 10, {"accuracy": 0.95}
[2026-05-24 22:33:17,901][flwr][ERROR] - Traceback (most recent call last):
  File "d:\PROGRAMACAO\ML\FL\Modelo_teste\env\lib\site-packages\flwr\simulation\ray_transport\ray_client_proxy.py", line 90, in _submit_job
    out_mssg, updated_context = self.actor_pool.get_client_result(
  File "d:\PROGRAMACAO\ML\FL\Modelo_teste\env\lib\site-packages\flwr\simulation\ray_transport\ray_actor.py", line 400, in get_client_result
    return self._fetch_future_result(cid)
  File "d:\PROGRAMACAO\ML\FL\Modelo_teste\env\lib\site-packages\flwr\simulation\ray_transport\ray_actor.py", line 281, in _fetch_future_result
    res_cid, out_mssg, updated_context = ray.get(
  File "d:\PROGRAMACAO\ML\FL\Modelo_teste\env\lib\site-packages\ray\_private\auto_init_hook.py", line 22, in auto_init_wrapper
    return fn(*args, **kwargs)
  File "d:\PROGRAMACAO\ML\FL\Modelo_teste\env\lib\site-packages\ray\_private\client_mode_hook.py", line 104, in wrapper
    return func(*args, **kwargs)
  File "d:\PROGRAMACAO\ML\FL\Modelo_teste\env\lib\site-packages\ray\_private\worker.py", line 2961, in get
    values, debugger_breakpoint = worker.get_objects(
  File "d:\PROGRAMACAO\ML\FL\Modelo_teste\env\lib\site-packages\ray\_private\worker.py", line 1026, in get_objects
    raise value.as_instanceof_cause()
ray.exceptions.RayTaskError(ClientAppException): [36mray::ClientAppActor.run()[39m (pid=13768, ip=127.0.0.1, actor_id=28f48d2fc59e7a0d48f2a8b301000000, repr=<flwr.simulation.ray_transport.ray_actor.ClientAppActor object at 0x000000000DB6EC20>)
  File "d:\PROGRAMACAO\ML\FL\Modelo_teste\env\lib\site-packages\flwr\clientapp\client_app.py", line 144, in __call__
    return self._call(message, context)
  File "d:\PROGRAMACAO\ML\FL\Modelo_teste\env\lib\site-packages\flwr\clientapp\client_app.py", line 128, in ffn
    out_message = handle_legacy_message_from_msgtype(
  File "d:\PROGRAMACAO\ML\FL\Modelo_teste\env\lib\site-packages\flwr\client\message_handler\message_handler.py", line 129, in handle_legacy_message_from_msgtype
    fit_res = maybe_call_fit(
  File "d:\PROGRAMACAO\ML\FL\Modelo_teste\env\lib\site-packages\flwr\client\client.py", line 224, in maybe_call_fit
    return client.fit(fit_ins)
  File "d:\PROGRAMACAO\ML\FL\Modelo_teste\env\lib\site-packages\flwr\client\numpy_client.py", line 234, in _fit
    raise TypeError(EXCEPTION_MESSAGE_WRONG_RETURN_TYPE_FIT)
TypeError: 
NumPyClient.fit did not return a tuple with 3 elements.
The returned values should have the following type signature:

    Tuple[NDArrays, int, Dict[str, Scalar]]

Example
-------

    model.get_weights(), 10, {"accuracy": 0.95}



The above exception was the direct cause of the following exception:

[36mray::ClientAppActor.run()[39m (pid=13768, ip=127.0.0.1, actor_id=28f48d2fc59e7a0d48f2a8b301000000, repr=<flwr.simulation.ray_transport.ray_actor.ClientAppActor object at 0x000000000DB6EC20>)
  File "python\\ray\\_raylet.pyx", line 1982, in ray._raylet.execute_task
  File "python\\ray\\_raylet.pyx", line 2093, in ray._raylet.execute_task
  File "python\\ray\\_raylet.pyx", line 1989, in ray._raylet.execute_task
  File "python\\ray\\_raylet.pyx", line 1932, in ray._raylet.execute_task.function_executor
  File "d:\PROGRAMACAO\ML\FL\Modelo_teste\env\lib\site-packages\ray\_private\function_manager.py", line 693, in actor_method_executor
    return method(__ray_actor, *args, **kwargs)
  File "d:\PROGRAMACAO\ML\FL\Modelo_teste\env\lib\site-packages\ray\util\tracing\tracing_helper.py", line 461, in _resume_span
    return method(self, *_args, **_kwargs)
  File "d:\PROGRAMACAO\ML\FL\Modelo_teste\env\lib\site-packages\flwr\simulation\ray_transport\ray_actor.py", line 65, in run
    raise ClientAppException(str(ex)) from ex
flwr.clientapp.client_app.ClientAppException: 
Exception ClientAppException occurred. Message: 
NumPyClient.fit did not return a tuple with 3 elements.
The returned values should have the following type signature:

    Tuple[NDArrays, int, Dict[str, Scalar]]

Example
-------

    model.get_weights(), 10, {"accuracy": 0.95}

[2026-05-24 22:33:17,902][flwr][ERROR] - [36mray::ClientAppActor.run()[39m (pid=13768, ip=127.0.0.1, actor_id=28f48d2fc59e7a0d48f2a8b301000000, repr=<flwr.simulation.ray_transport.ray_actor.ClientAppActor object at 0x000000000DB6EC20>)
  File "d:\PROGRAMACAO\ML\FL\Modelo_teste\env\lib\site-packages\flwr\clientapp\client_app.py", line 144, in __call__
    return self._call(message, context)
  File "d:\PROGRAMACAO\ML\FL\Modelo_teste\env\lib\site-packages\flwr\clientapp\client_app.py", line 128, in ffn
    out_message = handle_legacy_message_from_msgtype(
  File "d:\PROGRAMACAO\ML\FL\Modelo_teste\env\lib\site-packages\flwr\client\message_handler\message_handler.py", line 129, in handle_legacy_message_from_msgtype
    fit_res = maybe_call_fit(
  File "d:\PROGRAMACAO\ML\FL\Modelo_teste\env\lib\site-packages\flwr\client\client.py", line 224, in maybe_call_fit
    return client.fit(fit_ins)
  File "d:\PROGRAMACAO\ML\FL\Modelo_teste\env\lib\site-packages\flwr\client\numpy_client.py", line 234, in _fit
    raise TypeError(EXCEPTION_MESSAGE_WRONG_RETURN_TYPE_FIT)
TypeError: 
NumPyClient.fit did not return a tuple with 3 elements.
The returned values should have the following type signature:

    Tuple[NDArrays, int, Dict[str, Scalar]]

Example
-------

    model.get_weights(), 10, {"accuracy": 0.95}



The above exception was the direct cause of the following exception:

[36mray::ClientAppActor.run()[39m (pid=13768, ip=127.0.0.1, actor_id=28f48d2fc59e7a0d48f2a8b301000000, repr=<flwr.simulation.ray_transport.ray_actor.ClientAppActor object at 0x000000000DB6EC20>)
  File "python\\ray\\_raylet.pyx", line 1982, in ray._raylet.execute_task
  File "python\\ray\\_raylet.pyx", line 2093, in ray._raylet.execute_task
  File "python\\ray\\_raylet.pyx", line 1989, in ray._raylet.execute_task
  File "python\\ray\\_raylet.pyx", line 1932, in ray._raylet.execute_task.function_executor
  File "d:\PROGRAMACAO\ML\FL\Modelo_teste\env\lib\site-packages\ray\_private\function_manager.py", line 693, in actor_method_executor
    return method(__ray_actor, *args, **kwargs)
  File "d:\PROGRAMACAO\ML\FL\Modelo_teste\env\lib\site-packages\ray\util\tracing\tracing_helper.py", line 461, in _resume_span
    return method(self, *_args, **_kwargs)
  File "d:\PROGRAMACAO\ML\FL\Modelo_teste\env\lib\site-packages\flwr\simulation\ray_transport\ray_actor.py", line 65, in run
    raise ClientAppException(str(ex)) from ex
flwr.clientapp.client_app.ClientAppException: 
Exception ClientAppException occurred. Message: 
NumPyClient.fit did not return a tuple with 3 elements.
The returned values should have the following type signature:

    Tuple[NDArrays, int, Dict[str, Scalar]]

Example
-------

    model.get_weights(), 10, {"accuracy": 0.95}
[2026-05-24 22:33:18,741][flwr][ERROR] - Traceback (most recent call last):
  File "d:\PROGRAMACAO\ML\FL\Modelo_teste\env\lib\site-packages\flwr\simulation\ray_transport\ray_client_proxy.py", line 90, in _submit_job
    out_mssg, updated_context = self.actor_pool.get_client_result(
  File "d:\PROGRAMACAO\ML\FL\Modelo_teste\env\lib\site-packages\flwr\simulation\ray_transport\ray_actor.py", line 400, in get_client_result
    return self._fetch_future_result(cid)
  File "d:\PROGRAMACAO\ML\FL\Modelo_teste\env\lib\site-packages\flwr\simulation\ray_transport\ray_actor.py", line 281, in _fetch_future_result
    res_cid, out_mssg, updated_context = ray.get(
  File "d:\PROGRAMACAO\ML\FL\Modelo_teste\env\lib\site-packages\ray\_private\auto_init_hook.py", line 22, in auto_init_wrapper
    return fn(*args, **kwargs)
  File "d:\PROGRAMACAO\ML\FL\Modelo_teste\env\lib\site-packages\ray\_private\client_mode_hook.py", line 104, in wrapper
    return func(*args, **kwargs)
  File "d:\PROGRAMACAO\ML\FL\Modelo_teste\env\lib\site-packages\ray\_private\worker.py", line 2961, in get
    values, debugger_breakpoint = worker.get_objects(
  File "d:\PROGRAMACAO\ML\FL\Modelo_teste\env\lib\site-packages\ray\_private\worker.py", line 1026, in get_objects
    raise value.as_instanceof_cause()
ray.exceptions.RayTaskError(ClientAppException): [36mray::ClientAppActor.run()[39m (pid=10336, ip=127.0.0.1, actor_id=6bfcef2916a0efc28728c99a01000000, repr=<flwr.simulation.ray_transport.ray_actor.ClientAppActor object at 0x000000000DB6EC20>)
  File "d:\PROGRAMACAO\ML\FL\Modelo_teste\env\lib\site-packages\flwr\clientapp\client_app.py", line 144, in __call__
    return self._call(message, context)
  File "d:\PROGRAMACAO\ML\FL\Modelo_teste\env\lib\site-packages\flwr\clientapp\client_app.py", line 128, in ffn
    out_message = handle_legacy_message_from_msgtype(
  File "d:\PROGRAMACAO\ML\FL\Modelo_teste\env\lib\site-packages\flwr\client\message_handler\message_handler.py", line 129, in handle_legacy_message_from_msgtype
    fit_res = maybe_call_fit(
  File "d:\PROGRAMACAO\ML\FL\Modelo_teste\env\lib\site-packages\flwr\client\client.py", line 224, in maybe_call_fit
    return client.fit(fit_ins)
  File "d:\PROGRAMACAO\ML\FL\Modelo_teste\env\lib\site-packages\flwr\client\numpy_client.py", line 234, in _fit
    raise TypeError(EXCEPTION_MESSAGE_WRONG_RETURN_TYPE_FIT)
TypeError: 
NumPyClient.fit did not return a tuple with 3 elements.
The returned values should have the following type signature:

    Tuple[NDArrays, int, Dict[str, Scalar]]

Example
-------

    model.get_weights(), 10, {"accuracy": 0.95}



The above exception was the direct cause of the following exception:

[36mray::ClientAppActor.run()[39m (pid=10336, ip=127.0.0.1, actor_id=6bfcef2916a0efc28728c99a01000000, repr=<flwr.simulation.ray_transport.ray_actor.ClientAppActor object at 0x000000000DB6EC20>)
  File "python\\ray\\_raylet.pyx", line 1982, in ray._raylet.execute_task
  File "python\\ray\\_raylet.pyx", line 2093, in ray._raylet.execute_task
  File "python\\ray\\_raylet.pyx", line 1989, in ray._raylet.execute_task
  File "python\\ray\\_raylet.pyx", line 1932, in ray._raylet.execute_task.function_executor
  File "d:\PROGRAMACAO\ML\FL\Modelo_teste\env\lib\site-packages\ray\_private\function_manager.py", line 693, in actor_method_executor
    return method(__ray_actor, *args, **kwargs)
  File "d:\PROGRAMACAO\ML\FL\Modelo_teste\env\lib\site-packages\ray\util\tracing\tracing_helper.py", line 461, in _resume_span
    return method(self, *_args, **_kwargs)
  File "d:\PROGRAMACAO\ML\FL\Modelo_teste\env\lib\site-packages\flwr\simulation\ray_transport\ray_actor.py", line 65, in run
    raise ClientAppException(str(ex)) from ex
flwr.clientapp.client_app.ClientAppException: 
Exception ClientAppException occurred. Message: 
NumPyClient.fit did not return a tuple with 3 elements.
The returned values should have the following type signature:

    Tuple[NDArrays, int, Dict[str, Scalar]]

Example
-------

    model.get_weights(), 10, {"accuracy": 0.95}

[2026-05-24 22:33:18,742][flwr][ERROR] - [36mray::ClientAppActor.run()[39m (pid=10336, ip=127.0.0.1, actor_id=6bfcef2916a0efc28728c99a01000000, repr=<flwr.simulation.ray_transport.ray_actor.ClientAppActor object at 0x000000000DB6EC20>)
  File "d:\PROGRAMACAO\ML\FL\Modelo_teste\env\lib\site-packages\flwr\clientapp\client_app.py", line 144, in __call__
    return self._call(message, context)
  File "d:\PROGRAMACAO\ML\FL\Modelo_teste\env\lib\site-packages\flwr\clientapp\client_app.py", line 128, in ffn
    out_message = handle_legacy_message_from_msgtype(
  File "d:\PROGRAMACAO\ML\FL\Modelo_teste\env\lib\site-packages\flwr\client\message_handler\message_handler.py", line 129, in handle_legacy_message_from_msgtype
    fit_res = maybe_call_fit(
  File "d:\PROGRAMACAO\ML\FL\Modelo_teste\env\lib\site-packages\flwr\client\client.py", line 224, in maybe_call_fit
    return client.fit(fit_ins)
  File "d:\PROGRAMACAO\ML\FL\Modelo_teste\env\lib\site-packages\flwr\client\numpy_client.py", line 234, in _fit
    raise TypeError(EXCEPTION_MESSAGE_WRONG_RETURN_TYPE_FIT)
TypeError: 
NumPyClient.fit did not return a tuple with 3 elements.
The returned values should have the following type signature:

    Tuple[NDArrays, int, Dict[str, Scalar]]

Example
-------

    model.get_weights(), 10, {"accuracy": 0.95}



The above exception was the direct cause of the following exception:

[36mray::ClientAppActor.run()[39m (pid=10336, ip=127.0.0.1, actor_id=6bfcef2916a0efc28728c99a01000000, repr=<flwr.simulation.ray_transport.ray_actor.ClientAppActor object at 0x000000000DB6EC20>)
  File "python\\ray\\_raylet.pyx", line 1982, in ray._raylet.execute_task
  File "python\\ray\\_raylet.pyx", line 2093, in ray._raylet.execute_task
  File "python\\ray\\_raylet.pyx", line 1989, in ray._raylet.execute_task
  File "python\\ray\\_raylet.pyx", line 1932, in ray._raylet.execute_task.function_executor
  File "d:\PROGRAMACAO\ML\FL\Modelo_teste\env\lib\site-packages\ray\_private\function_manager.py", line 693, in actor_method_executor
    return method(__ray_actor, *args, **kwargs)
  File "d:\PROGRAMACAO\ML\FL\Modelo_teste\env\lib\site-packages\ray\util\tracing\tracing_helper.py", line 461, in _resume_span
    return method(self, *_args, **_kwargs)
  File "d:\PROGRAMACAO\ML\FL\Modelo_teste\env\lib\site-packages\flwr\simulation\ray_transport\ray_actor.py", line 65, in run
    raise ClientAppException(str(ex)) from ex
flwr.clientapp.client_app.ClientAppException: 
Exception ClientAppException occurred. Message: 
NumPyClient.fit did not return a tuple with 3 elements.
The returned values should have the following type signature:

    Tuple[NDArrays, int, Dict[str, Scalar]]

Example
-------

    model.get_weights(), 10, {"accuracy": 0.95}
[2026-05-24 22:33:19,212][flwr][ERROR] - Traceback (most recent call last):
  File "d:\PROGRAMACAO\ML\FL\Modelo_teste\env\lib\site-packages\flwr\simulation\ray_transport\ray_client_proxy.py", line 90, in _submit_job
    out_mssg, updated_context = self.actor_pool.get_client_result(
  File "d:\PROGRAMACAO\ML\FL\Modelo_teste\env\lib\site-packages\flwr\simulation\ray_transport\ray_actor.py", line 400, in get_client_result
    return self._fetch_future_result(cid)
  File "d:\PROGRAMACAO\ML\FL\Modelo_teste\env\lib\site-packages\flwr\simulation\ray_transport\ray_actor.py", line 281, in _fetch_future_result
    res_cid, out_mssg, updated_context = ray.get(
  File "d:\PROGRAMACAO\ML\FL\Modelo_teste\env\lib\site-packages\ray\_private\auto_init_hook.py", line 22, in auto_init_wrapper
    return fn(*args, **kwargs)
  File "d:\PROGRAMACAO\ML\FL\Modelo_teste\env\lib\site-packages\ray\_private\client_mode_hook.py", line 104, in wrapper
    return func(*args, **kwargs)
  File "d:\PROGRAMACAO\ML\FL\Modelo_teste\env\lib\site-packages\ray\_private\worker.py", line 2961, in get
    values, debugger_breakpoint = worker.get_objects(
  File "d:\PROGRAMACAO\ML\FL\Modelo_teste\env\lib\site-packages\ray\_private\worker.py", line 1026, in get_objects
    raise value.as_instanceof_cause()
ray.exceptions.RayTaskError(ClientAppException): [36mray::ClientAppActor.run()[39m (pid=7420, ip=127.0.0.1, actor_id=7cc849e9a23e117d6db0324201000000, repr=<flwr.simulation.ray_transport.ray_actor.ClientAppActor object at 0x000000000D97EC20>)
  File "d:\PROGRAMACAO\ML\FL\Modelo_teste\env\lib\site-packages\flwr\clientapp\client_app.py", line 144, in __call__
    return self._call(message, context)
  File "d:\PROGRAMACAO\ML\FL\Modelo_teste\env\lib\site-packages\flwr\clientapp\client_app.py", line 128, in ffn
    out_message = handle_legacy_message_from_msgtype(
  File "d:\PROGRAMACAO\ML\FL\Modelo_teste\env\lib\site-packages\flwr\client\message_handler\message_handler.py", line 129, in handle_legacy_message_from_msgtype
    fit_res = maybe_call_fit(
  File "d:\PROGRAMACAO\ML\FL\Modelo_teste\env\lib\site-packages\flwr\client\client.py", line 224, in maybe_call_fit
    return client.fit(fit_ins)
  File "d:\PROGRAMACAO\ML\FL\Modelo_teste\env\lib\site-packages\flwr\client\numpy_client.py", line 234, in _fit
    raise TypeError(EXCEPTION_MESSAGE_WRONG_RETURN_TYPE_FIT)
TypeError: 
NumPyClient.fit did not return a tuple with 3 elements.
The returned values should have the following type signature:

    Tuple[NDArrays, int, Dict[str, Scalar]]

Example
-------

    model.get_weights(), 10, {"accuracy": 0.95}



The above exception was the direct cause of the following exception:

[36mray::ClientAppActor.run()[39m (pid=7420, ip=127.0.0.1, actor_id=7cc849e9a23e117d6db0324201000000, repr=<flwr.simulation.ray_transport.ray_actor.ClientAppActor object at 0x000000000D97EC20>)
  File "python\\ray\\_raylet.pyx", line 1982, in ray._raylet.execute_task
  File "python\\ray\\_raylet.pyx", line 2093, in ray._raylet.execute_task
  File "python\\ray\\_raylet.pyx", line 1989, in ray._raylet.execute_task
  File "python\\ray\\_raylet.pyx", line 1932, in ray._raylet.execute_task.function_executor
  File "d:\PROGRAMACAO\ML\FL\Modelo_teste\env\lib\site-packages\ray\_private\function_manager.py", line 693, in actor_method_executor
    return method(__ray_actor, *args, **kwargs)
  File "d:\PROGRAMACAO\ML\FL\Modelo_teste\env\lib\site-packages\ray\util\tracing\tracing_helper.py", line 461, in _resume_span
    return method(self, *_args, **_kwargs)
  File "d:\PROGRAMACAO\ML\FL\Modelo_teste\env\lib\site-packages\flwr\simulation\ray_transport\ray_actor.py", line 65, in run
    raise ClientAppException(str(ex)) from ex
flwr.clientapp.client_app.ClientAppException: 
Exception ClientAppException occurred. Message: 
NumPyClient.fit did not return a tuple with 3 elements.
The returned values should have the following type signature:

    Tuple[NDArrays, int, Dict[str, Scalar]]

Example
-------

    model.get_weights(), 10, {"accuracy": 0.95}

[2026-05-24 22:33:19,213][flwr][ERROR] - [36mray::ClientAppActor.run()[39m (pid=7420, ip=127.0.0.1, actor_id=7cc849e9a23e117d6db0324201000000, repr=<flwr.simulation.ray_transport.ray_actor.ClientAppActor object at 0x000000000D97EC20>)
  File "d:\PROGRAMACAO\ML\FL\Modelo_teste\env\lib\site-packages\flwr\clientapp\client_app.py", line 144, in __call__
    return self._call(message, context)
  File "d:\PROGRAMACAO\ML\FL\Modelo_teste\env\lib\site-packages\flwr\clientapp\client_app.py", line 128, in ffn
    out_message = handle_legacy_message_from_msgtype(
  File "d:\PROGRAMACAO\ML\FL\Modelo_teste\env\lib\site-packages\flwr\client\message_handler\message_handler.py", line 129, in handle_legacy_message_from_msgtype
    fit_res = maybe_call_fit(
  File "d:\PROGRAMACAO\ML\FL\Modelo_teste\env\lib\site-packages\flwr\client\client.py", line 224, in maybe_call_fit
    return client.fit(fit_ins)
  File "d:\PROGRAMACAO\ML\FL\Modelo_teste\env\lib\site-packages\flwr\client\numpy_client.py", line 234, in _fit
    raise TypeError(EXCEPTION_MESSAGE_WRONG_RETURN_TYPE_FIT)
TypeError: 
NumPyClient.fit did not return a tuple with 3 elements.
The returned values should have the following type signature:

    Tuple[NDArrays, int, Dict[str, Scalar]]

Example
-------

    model.get_weights(), 10, {"accuracy": 0.95}



The above exception was the direct cause of the following exception:

[36mray::ClientAppActor.run()[39m (pid=7420, ip=127.0.0.1, actor_id=7cc849e9a23e117d6db0324201000000, repr=<flwr.simulation.ray_transport.ray_actor.ClientAppActor object at 0x000000000D97EC20>)
  File "python\\ray\\_raylet.pyx", line 1982, in ray._raylet.execute_task
  File "python\\ray\\_raylet.pyx", line 2093, in ray._raylet.execute_task
  File "python\\ray\\_raylet.pyx", line 1989, in ray._raylet.execute_task
  File "python\\ray\\_raylet.pyx", line 1932, in ray._raylet.execute_task.function_executor
  File "d:\PROGRAMACAO\ML\FL\Modelo_teste\env\lib\site-packages\ray\_private\function_manager.py", line 693, in actor_method_executor
    return method(__ray_actor, *args, **kwargs)
  File "d:\PROGRAMACAO\ML\FL\Modelo_teste\env\lib\site-packages\ray\util\tracing\tracing_helper.py", line 461, in _resume_span
    return method(self, *_args, **_kwargs)
  File "d:\PROGRAMACAO\ML\FL\Modelo_teste\env\lib\site-packages\flwr\simulation\ray_transport\ray_actor.py", line 65, in run
    raise ClientAppException(str(ex)) from ex
flwr.clientapp.client_app.ClientAppException: 
Exception ClientAppException occurred. Message: 
NumPyClient.fit did not return a tuple with 3 elements.
The returned values should have the following type signature:

    Tuple[NDArrays, int, Dict[str, Scalar]]

Example
-------

    model.get_weights(), 10, {"accuracy": 0.95}
[2026-05-24 22:33:21,202][flwr][ERROR] - Traceback (most recent call last):
  File "d:\PROGRAMACAO\ML\FL\Modelo_teste\env\lib\site-packages\flwr\simulation\ray_transport\ray_client_proxy.py", line 90, in _submit_job
    out_mssg, updated_context = self.actor_pool.get_client_result(
  File "d:\PROGRAMACAO\ML\FL\Modelo_teste\env\lib\site-packages\flwr\simulation\ray_transport\ray_actor.py", line 400, in get_client_result
    return self._fetch_future_result(cid)
  File "d:\PROGRAMACAO\ML\FL\Modelo_teste\env\lib\site-packages\flwr\simulation\ray_transport\ray_actor.py", line 281, in _fetch_future_result
    res_cid, out_mssg, updated_context = ray.get(
  File "d:\PROGRAMACAO\ML\FL\Modelo_teste\env\lib\site-packages\ray\_private\auto_init_hook.py", line 22, in auto_init_wrapper
    return fn(*args, **kwargs)
  File "d:\PROGRAMACAO\ML\FL\Modelo_teste\env\lib\site-packages\ray\_private\client_mode_hook.py", line 104, in wrapper
    return func(*args, **kwargs)
  File "d:\PROGRAMACAO\ML\FL\Modelo_teste\env\lib\site-packages\ray\_private\worker.py", line 2961, in get
    values, debugger_breakpoint = worker.get_objects(
  File "d:\PROGRAMACAO\ML\FL\Modelo_teste\env\lib\site-packages\ray\_private\worker.py", line 1026, in get_objects
    raise value.as_instanceof_cause()
ray.exceptions.RayTaskError(ClientAppException): [36mray::ClientAppActor.run()[39m (pid=5584, ip=127.0.0.1, actor_id=13c62017b8a3bcf95ae1459f01000000, repr=<flwr.simulation.ray_transport.ray_actor.ClientAppActor object at 0x000000000DB6EC50>)
  File "d:\PROGRAMACAO\ML\FL\Modelo_teste\env\lib\site-packages\flwr\clientapp\client_app.py", line 144, in __call__
    return self._call(message, context)
  File "d:\PROGRAMACAO\ML\FL\Modelo_teste\env\lib\site-packages\flwr\clientapp\client_app.py", line 128, in ffn
    out_message = handle_legacy_message_from_msgtype(
  File "d:\PROGRAMACAO\ML\FL\Modelo_teste\env\lib\site-packages\flwr\client\message_handler\message_handler.py", line 129, in handle_legacy_message_from_msgtype
    fit_res = maybe_call_fit(
  File "d:\PROGRAMACAO\ML\FL\Modelo_teste\env\lib\site-packages\flwr\client\client.py", line 224, in maybe_call_fit
    return client.fit(fit_ins)
  File "d:\PROGRAMACAO\ML\FL\Modelo_teste\env\lib\site-packages\flwr\client\numpy_client.py", line 234, in _fit
    raise TypeError(EXCEPTION_MESSAGE_WRONG_RETURN_TYPE_FIT)
TypeError: 
NumPyClient.fit did not return a tuple with 3 elements.
The returned values should have the following type signature:

    Tuple[NDArrays, int, Dict[str, Scalar]]

Example
-------

    model.get_weights(), 10, {"accuracy": 0.95}



The above exception was the direct cause of the following exception:

[36mray::ClientAppActor.run()[39m (pid=5584, ip=127.0.0.1, actor_id=13c62017b8a3bcf95ae1459f01000000, repr=<flwr.simulation.ray_transport.ray_actor.ClientAppActor object at 0x000000000DB6EC50>)
  File "python\\ray\\_raylet.pyx", line 1982, in ray._raylet.execute_task
  File "python\\ray\\_raylet.pyx", line 2093, in ray._raylet.execute_task
  File "python\\ray\\_raylet.pyx", line 1989, in ray._raylet.execute_task
  File "python\\ray\\_raylet.pyx", line 1932, in ray._raylet.execute_task.function_executor
  File "d:\PROGRAMACAO\ML\FL\Modelo_teste\env\lib\site-packages\ray\_private\function_manager.py", line 693, in actor_method_executor
    return method(__ray_actor, *args, **kwargs)
  File "d:\PROGRAMACAO\ML\FL\Modelo_teste\env\lib\site-packages\ray\util\tracing\tracing_helper.py", line 461, in _resume_span
    return method(self, *_args, **_kwargs)
  File "d:\PROGRAMACAO\ML\FL\Modelo_teste\env\lib\site-packages\flwr\simulation\ray_transport\ray_actor.py", line 65, in run
    raise ClientAppException(str(ex)) from ex
flwr.clientapp.client_app.ClientAppException: 
Exception ClientAppException occurred. Message: 
NumPyClient.fit did not return a tuple with 3 elements.
The returned values should have the following type signature:

    Tuple[NDArrays, int, Dict[str, Scalar]]

Example
-------

    model.get_weights(), 10, {"accuracy": 0.95}

[2026-05-24 22:33:21,202][flwr][ERROR] - [36mray::ClientAppActor.run()[39m (pid=5584, ip=127.0.0.1, actor_id=13c62017b8a3bcf95ae1459f01000000, repr=<flwr.simulation.ray_transport.ray_actor.ClientAppActor object at 0x000000000DB6EC50>)
  File "d:\PROGRAMACAO\ML\FL\Modelo_teste\env\lib\site-packages\flwr\clientapp\client_app.py", line 144, in __call__
    return self._call(message, context)
  File "d:\PROGRAMACAO\ML\FL\Modelo_teste\env\lib\site-packages\flwr\clientapp\client_app.py", line 128, in ffn
    out_message = handle_legacy_message_from_msgtype(
  File "d:\PROGRAMACAO\ML\FL\Modelo_teste\env\lib\site-packages\flwr\client\message_handler\message_handler.py", line 129, in handle_legacy_message_from_msgtype
    fit_res = maybe_call_fit(
  File "d:\PROGRAMACAO\ML\FL\Modelo_teste\env\lib\site-packages\flwr\client\client.py", line 224, in maybe_call_fit
    return client.fit(fit_ins)
  File "d:\PROGRAMACAO\ML\FL\Modelo_teste\env\lib\site-packages\flwr\client\numpy_client.py", line 234, in _fit
    raise TypeError(EXCEPTION_MESSAGE_WRONG_RETURN_TYPE_FIT)
TypeError: 
NumPyClient.fit did not return a tuple with 3 elements.
The returned values should have the following type signature:

    Tuple[NDArrays, int, Dict[str, Scalar]]

Example
-------

    model.get_weights(), 10, {"accuracy": 0.95}



The above exception was the direct cause of the following exception:

[36mray::ClientAppActor.run()[39m (pid=5584, ip=127.0.0.1, actor_id=13c62017b8a3bcf95ae1459f01000000, repr=<flwr.simulation.ray_transport.ray_actor.ClientAppActor object at 0x000000000DB6EC50>)
  File "python\\ray\\_raylet.pyx", line 1982, in ray._raylet.execute_task
  File "python\\ray\\_raylet.pyx", line 2093, in ray._raylet.execute_task
  File "python\\ray\\_raylet.pyx", line 1989, in ray._raylet.execute_task
  File "python\\ray\\_raylet.pyx", line 1932, in ray._raylet.execute_task.function_executor
  File "d:\PROGRAMACAO\ML\FL\Modelo_teste\env\lib\site-packages\ray\_private\function_manager.py", line 693, in actor_method_executor
    return method(__ray_actor, *args, **kwargs)
  File "d:\PROGRAMACAO\ML\FL\Modelo_teste\env\lib\site-packages\ray\util\tracing\tracing_helper.py", line 461, in _resume_span
    return method(self, *_args, **_kwargs)
  File "d:\PROGRAMACAO\ML\FL\Modelo_teste\env\lib\site-packages\flwr\simulation\ray_transport\ray_actor.py", line 65, in run
    raise ClientAppException(str(ex)) from ex
flwr.clientapp.client_app.ClientAppException: 
Exception ClientAppException occurred. Message: 
NumPyClient.fit did not return a tuple with 3 elements.
The returned values should have the following type signature:

    Tuple[NDArrays, int, Dict[str, Scalar]]

Example
-------

    model.get_weights(), 10, {"accuracy": 0.95}
[2026-05-24 22:33:21,203][flwr][INFO] - aggregate_fit: received 0 results and 5 failures
[2026-05-24 22:33:24,679][flwr][INFO] - fit progress: (5, 95.87282973527908, {'accuracy': 0.7857}, 172.86445289999392)
[2026-05-24 22:33:24,680][flwr][INFO] - configure_evaluate: strategy sampled 10 clients (out of 10)
[2026-05-24 22:33:29,911][flwr][INFO] - aggregate_evaluate: received 10 results and 0 failures
[2026-05-24 22:33:29,911][flwr][INFO] - 
[2026-05-24 22:33:29,911][flwr][INFO] - [ROUND 6]
[2026-05-24 22:33:29,913][flwr][INFO] - configure_fit: strategy sampled 5 clients (out of 10)
[2026-05-24 22:33:57,209][flwr][INFO] - aggregate_fit: received 5 results and 0 failures
[2026-05-24 22:34:00,682][flwr][INFO] - fit progress: (6, 162.36012208461761, {'accuracy': 0.6114}, 208.86643859999458)
[2026-05-24 22:34:00,682][flwr][INFO] - configure_evaluate: strategy sampled 10 clients (out of 10)
[2026-05-24 22:34:05,880][flwr][INFO] - aggregate_evaluate: received 10 results and 0 failures
[2026-05-24 22:34:05,881][flwr][INFO] - 
[2026-05-24 22:34:05,881][flwr][INFO] - [ROUND 7]
[2026-05-24 22:34:05,883][flwr][INFO] - configure_fit: strategy sampled 5 clients (out of 10)
[2026-05-24 22:34:34,806][flwr][INFO] - aggregate_fit: received 5 results and 0 failures
[2026-05-24 22:34:38,260][flwr][INFO] - fit progress: (7, 95.28769254684448, {'accuracy': 0.8268}, 246.4450299999953)
[2026-05-24 22:34:38,261][flwr][INFO] - configure_evaluate: strategy sampled 10 clients (out of 10)
[2026-05-24 22:34:43,514][flwr][INFO] - aggregate_evaluate: received 10 results and 0 failures
[2026-05-24 22:34:43,515][flwr][INFO] - 
[2026-05-24 22:34:43,515][flwr][INFO] - [ROUND 8]
[2026-05-24 22:34:43,516][flwr][INFO] - configure_fit: strategy sampled 5 clients (out of 10)
[2026-05-24 22:35:11,895][flwr][INFO] - aggregate_fit: received 5 results and 0 failures
[2026-05-24 22:35:15,435][flwr][INFO] - fit progress: (8, 54.62974187731743, {'accuracy': 0.8222}, 283.620018900001)
[2026-05-24 22:35:15,436][flwr][INFO] - configure_evaluate: strategy sampled 10 clients (out of 10)
[2026-05-24 22:35:20,612][flwr][INFO] - aggregate_evaluate: received 10 results and 0 failures
[2026-05-24 22:35:20,613][flwr][INFO] - 
[2026-05-24 22:35:20,613][flwr][INFO] - [ROUND 9]
[2026-05-24 22:35:20,615][flwr][INFO] - configure_fit: strategy sampled 5 clients (out of 10)
[2026-05-24 22:35:49,066][flwr][INFO] - aggregate_fit: received 5 results and 0 failures
[2026-05-24 22:35:52,527][flwr][INFO] - fit progress: (9, 41.06707340478897, {'accuracy': 0.8291}, 320.71223149999423)
[2026-05-24 22:35:52,527][flwr][INFO] - configure_evaluate: strategy sampled 10 clients (out of 10)
[2026-05-24 22:35:57,704][flwr][INFO] - aggregate_evaluate: received 10 results and 0 failures
[2026-05-24 22:35:57,705][flwr][INFO] - 
[2026-05-24 22:35:57,705][flwr][INFO] - [ROUND 10]
[2026-05-24 22:35:57,708][flwr][INFO] - configure_fit: strategy sampled 5 clients (out of 10)
[2026-05-24 22:36:00,409][flwr][ERROR] - Traceback (most recent call last):
  File "d:\PROGRAMACAO\ML\FL\Modelo_teste\env\lib\site-packages\flwr\simulation\ray_transport\ray_client_proxy.py", line 90, in _submit_job
    out_mssg, updated_context = self.actor_pool.get_client_result(
  File "d:\PROGRAMACAO\ML\FL\Modelo_teste\env\lib\site-packages\flwr\simulation\ray_transport\ray_actor.py", line 400, in get_client_result
    return self._fetch_future_result(cid)
  File "d:\PROGRAMACAO\ML\FL\Modelo_teste\env\lib\site-packages\flwr\simulation\ray_transport\ray_actor.py", line 281, in _fetch_future_result
    res_cid, out_mssg, updated_context = ray.get(
  File "d:\PROGRAMACAO\ML\FL\Modelo_teste\env\lib\site-packages\ray\_private\auto_init_hook.py", line 22, in auto_init_wrapper
    return fn(*args, **kwargs)
  File "d:\PROGRAMACAO\ML\FL\Modelo_teste\env\lib\site-packages\ray\_private\client_mode_hook.py", line 104, in wrapper
    return func(*args, **kwargs)
  File "d:\PROGRAMACAO\ML\FL\Modelo_teste\env\lib\site-packages\ray\_private\worker.py", line 2961, in get
    values, debugger_breakpoint = worker.get_objects(
  File "d:\PROGRAMACAO\ML\FL\Modelo_teste\env\lib\site-packages\ray\_private\worker.py", line 1026, in get_objects
    raise value.as_instanceof_cause()
ray.exceptions.RayTaskError(ClientAppException): [36mray::ClientAppActor.run()[39m (pid=7848, ip=127.0.0.1, actor_id=7974cff7013d01c5320672e701000000, repr=<flwr.simulation.ray_transport.ray_actor.ClientAppActor object at 0x000000000DB5EC80>)
  File "d:\PROGRAMACAO\ML\FL\Modelo_teste\env\lib\site-packages\flwr\clientapp\client_app.py", line 144, in __call__
    return self._call(message, context)
  File "d:\PROGRAMACAO\ML\FL\Modelo_teste\env\lib\site-packages\flwr\clientapp\client_app.py", line 128, in ffn
    out_message = handle_legacy_message_from_msgtype(
  File "d:\PROGRAMACAO\ML\FL\Modelo_teste\env\lib\site-packages\flwr\client\message_handler\message_handler.py", line 129, in handle_legacy_message_from_msgtype
    fit_res = maybe_call_fit(
  File "d:\PROGRAMACAO\ML\FL\Modelo_teste\env\lib\site-packages\flwr\client\client.py", line 224, in maybe_call_fit
    return client.fit(fit_ins)
  File "d:\PROGRAMACAO\ML\FL\Modelo_teste\env\lib\site-packages\flwr\client\numpy_client.py", line 234, in _fit
    raise TypeError(EXCEPTION_MESSAGE_WRONG_RETURN_TYPE_FIT)
TypeError: 
NumPyClient.fit did not return a tuple with 3 elements.
The returned values should have the following type signature:

    Tuple[NDArrays, int, Dict[str, Scalar]]

Example
-------

    model.get_weights(), 10, {"accuracy": 0.95}



The above exception was the direct cause of the following exception:

[36mray::ClientAppActor.run()[39m (pid=7848, ip=127.0.0.1, actor_id=7974cff7013d01c5320672e701000000, repr=<flwr.simulation.ray_transport.ray_actor.ClientAppActor object at 0x000000000DB5EC80>)
  File "python\\ray\\_raylet.pyx", line 1982, in ray._raylet.execute_task
  File "python\\ray\\_raylet.pyx", line 2093, in ray._raylet.execute_task
  File "python\\ray\\_raylet.pyx", line 1989, in ray._raylet.execute_task
  File "python\\ray\\_raylet.pyx", line 1932, in ray._raylet.execute_task.function_executor
  File "d:\PROGRAMACAO\ML\FL\Modelo_teste\env\lib\site-packages\ray\_private\function_manager.py", line 693, in actor_method_executor
    return method(__ray_actor, *args, **kwargs)
  File "d:\PROGRAMACAO\ML\FL\Modelo_teste\env\lib\site-packages\ray\util\tracing\tracing_helper.py", line 461, in _resume_span
    return method(self, *_args, **_kwargs)
  File "d:\PROGRAMACAO\ML\FL\Modelo_teste\env\lib\site-packages\flwr\simulation\ray_transport\ray_actor.py", line 65, in run
    raise ClientAppException(str(ex)) from ex
flwr.clientapp.client_app.ClientAppException: 
Exception ClientAppException occurred. Message: 
NumPyClient.fit did not return a tuple with 3 elements.
The returned values should have the following type signature:

    Tuple[NDArrays, int, Dict[str, Scalar]]

Example
-------

    model.get_weights(), 10, {"accuracy": 0.95}

[2026-05-24 22:36:00,410][flwr][ERROR] - [36mray::ClientAppActor.run()[39m (pid=7848, ip=127.0.0.1, actor_id=7974cff7013d01c5320672e701000000, repr=<flwr.simulation.ray_transport.ray_actor.ClientAppActor object at 0x000000000DB5EC80>)
  File "d:\PROGRAMACAO\ML\FL\Modelo_teste\env\lib\site-packages\flwr\clientapp\client_app.py", line 144, in __call__
    return self._call(message, context)
  File "d:\PROGRAMACAO\ML\FL\Modelo_teste\env\lib\site-packages\flwr\clientapp\client_app.py", line 128, in ffn
    out_message = handle_legacy_message_from_msgtype(
  File "d:\PROGRAMACAO\ML\FL\Modelo_teste\env\lib\site-packages\flwr\client\message_handler\message_handler.py", line 129, in handle_legacy_message_from_msgtype
    fit_res = maybe_call_fit(
  File "d:\PROGRAMACAO\ML\FL\Modelo_teste\env\lib\site-packages\flwr\client\client.py", line 224, in maybe_call_fit
    return client.fit(fit_ins)
  File "d:\PROGRAMACAO\ML\FL\Modelo_teste\env\lib\site-packages\flwr\client\numpy_client.py", line 234, in _fit
    raise TypeError(EXCEPTION_MESSAGE_WRONG_RETURN_TYPE_FIT)
TypeError: 
NumPyClient.fit did not return a tuple with 3 elements.
The returned values should have the following type signature:

    Tuple[NDArrays, int, Dict[str, Scalar]]

Example
-------

    model.get_weights(), 10, {"accuracy": 0.95}



The above exception was the direct cause of the following exception:

[36mray::ClientAppActor.run()[39m (pid=7848, ip=127.0.0.1, actor_id=7974cff7013d01c5320672e701000000, repr=<flwr.simulation.ray_transport.ray_actor.ClientAppActor object at 0x000000000DB5EC80>)
  File "python\\ray\\_raylet.pyx", line 1982, in ray._raylet.execute_task
  File "python\\ray\\_raylet.pyx", line 2093, in ray._raylet.execute_task
  File "python\\ray\\_raylet.pyx", line 1989, in ray._raylet.execute_task
  File "python\\ray\\_raylet.pyx", line 1932, in ray._raylet.execute_task.function_executor
  File "d:\PROGRAMACAO\ML\FL\Modelo_teste\env\lib\site-packages\ray\_private\function_manager.py", line 693, in actor_method_executor
    return method(__ray_actor, *args, **kwargs)
  File "d:\PROGRAMACAO\ML\FL\Modelo_teste\env\lib\site-packages\ray\util\tracing\tracing_helper.py", line 461, in _resume_span
    return method(self, *_args, **_kwargs)
  File "d:\PROGRAMACAO\ML\FL\Modelo_teste\env\lib\site-packages\flwr\simulation\ray_transport\ray_actor.py", line 65, in run
    raise ClientAppException(str(ex)) from ex
flwr.clientapp.client_app.ClientAppException: 
Exception ClientAppException occurred. Message: 
NumPyClient.fit did not return a tuple with 3 elements.
The returned values should have the following type signature:

    Tuple[NDArrays, int, Dict[str, Scalar]]

Example
-------

    model.get_weights(), 10, {"accuracy": 0.95}
[2026-05-24 22:36:02,618][flwr][ERROR] - Traceback (most recent call last):
  File "d:\PROGRAMACAO\ML\FL\Modelo_teste\env\lib\site-packages\flwr\simulation\ray_transport\ray_client_proxy.py", line 90, in _submit_job
    out_mssg, updated_context = self.actor_pool.get_client_result(
  File "d:\PROGRAMACAO\ML\FL\Modelo_teste\env\lib\site-packages\flwr\simulation\ray_transport\ray_actor.py", line 400, in get_client_result
    return self._fetch_future_result(cid)
  File "d:\PROGRAMACAO\ML\FL\Modelo_teste\env\lib\site-packages\flwr\simulation\ray_transport\ray_actor.py", line 281, in _fetch_future_result
    res_cid, out_mssg, updated_context = ray.get(
  File "d:\PROGRAMACAO\ML\FL\Modelo_teste\env\lib\site-packages\ray\_private\auto_init_hook.py", line 22, in auto_init_wrapper
    return fn(*args, **kwargs)
  File "d:\PROGRAMACAO\ML\FL\Modelo_teste\env\lib\site-packages\ray\_private\client_mode_hook.py", line 104, in wrapper
    return func(*args, **kwargs)
  File "d:\PROGRAMACAO\ML\FL\Modelo_teste\env\lib\site-packages\ray\_private\worker.py", line 2961, in get
    values, debugger_breakpoint = worker.get_objects(
  File "d:\PROGRAMACAO\ML\FL\Modelo_teste\env\lib\site-packages\ray\_private\worker.py", line 1026, in get_objects
    raise value.as_instanceof_cause()
ray.exceptions.RayTaskError(ClientAppException): [36mray::ClientAppActor.run()[39m (pid=10336, ip=127.0.0.1, actor_id=6bfcef2916a0efc28728c99a01000000, repr=<flwr.simulation.ray_transport.ray_actor.ClientAppActor object at 0x000000000DB6EC20>)
  File "d:\PROGRAMACAO\ML\FL\Modelo_teste\env\lib\site-packages\flwr\clientapp\client_app.py", line 144, in __call__
    return self._call(message, context)
  File "d:\PROGRAMACAO\ML\FL\Modelo_teste\env\lib\site-packages\flwr\clientapp\client_app.py", line 128, in ffn
    out_message = handle_legacy_message_from_msgtype(
  File "d:\PROGRAMACAO\ML\FL\Modelo_teste\env\lib\site-packages\flwr\client\message_handler\message_handler.py", line 129, in handle_legacy_message_from_msgtype
    fit_res = maybe_call_fit(
  File "d:\PROGRAMACAO\ML\FL\Modelo_teste\env\lib\site-packages\flwr\client\client.py", line 224, in maybe_call_fit
    return client.fit(fit_ins)
  File "d:\PROGRAMACAO\ML\FL\Modelo_teste\env\lib\site-packages\flwr\client\numpy_client.py", line 234, in _fit
    raise TypeError(EXCEPTION_MESSAGE_WRONG_RETURN_TYPE_FIT)
TypeError: 
NumPyClient.fit did not return a tuple with 3 elements.
The returned values should have the following type signature:

    Tuple[NDArrays, int, Dict[str, Scalar]]

Example
-------

    model.get_weights(), 10, {"accuracy": 0.95}



The above exception was the direct cause of the following exception:

[36mray::ClientAppActor.run()[39m (pid=10336, ip=127.0.0.1, actor_id=6bfcef2916a0efc28728c99a01000000, repr=<flwr.simulation.ray_transport.ray_actor.ClientAppActor object at 0x000000000DB6EC20>)
  File "python\\ray\\_raylet.pyx", line 1982, in ray._raylet.execute_task
  File "python\\ray\\_raylet.pyx", line 2093, in ray._raylet.execute_task
  File "python\\ray\\_raylet.pyx", line 1989, in ray._raylet.execute_task
  File "python\\ray\\_raylet.pyx", line 1932, in ray._raylet.execute_task.function_executor
  File "d:\PROGRAMACAO\ML\FL\Modelo_teste\env\lib\site-packages\ray\_private\function_manager.py", line 693, in actor_method_executor
    return method(__ray_actor, *args, **kwargs)
  File "d:\PROGRAMACAO\ML\FL\Modelo_teste\env\lib\site-packages\ray\util\tracing\tracing_helper.py", line 461, in _resume_span
    return method(self, *_args, **_kwargs)
  File "d:\PROGRAMACAO\ML\FL\Modelo_teste\env\lib\site-packages\flwr\simulation\ray_transport\ray_actor.py", line 65, in run
    raise ClientAppException(str(ex)) from ex
flwr.clientapp.client_app.ClientAppException: 
Exception ClientAppException occurred. Message: 
NumPyClient.fit did not return a tuple with 3 elements.
The returned values should have the following type signature:

    Tuple[NDArrays, int, Dict[str, Scalar]]

Example
-------

    model.get_weights(), 10, {"accuracy": 0.95}

[2026-05-24 22:36:02,619][flwr][ERROR] - [36mray::ClientAppActor.run()[39m (pid=10336, ip=127.0.0.1, actor_id=6bfcef2916a0efc28728c99a01000000, repr=<flwr.simulation.ray_transport.ray_actor.ClientAppActor object at 0x000000000DB6EC20>)
  File "d:\PROGRAMACAO\ML\FL\Modelo_teste\env\lib\site-packages\flwr\clientapp\client_app.py", line 144, in __call__
    return self._call(message, context)
  File "d:\PROGRAMACAO\ML\FL\Modelo_teste\env\lib\site-packages\flwr\clientapp\client_app.py", line 128, in ffn
    out_message = handle_legacy_message_from_msgtype(
  File "d:\PROGRAMACAO\ML\FL\Modelo_teste\env\lib\site-packages\flwr\client\message_handler\message_handler.py", line 129, in handle_legacy_message_from_msgtype
    fit_res = maybe_call_fit(
  File "d:\PROGRAMACAO\ML\FL\Modelo_teste\env\lib\site-packages\flwr\client\client.py", line 224, in maybe_call_fit
    return client.fit(fit_ins)
  File "d:\PROGRAMACAO\ML\FL\Modelo_teste\env\lib\site-packages\flwr\client\numpy_client.py", line 234, in _fit
    raise TypeError(EXCEPTION_MESSAGE_WRONG_RETURN_TYPE_FIT)
TypeError: 
NumPyClient.fit did not return a tuple with 3 elements.
The returned values should have the following type signature:

    Tuple[NDArrays, int, Dict[str, Scalar]]

Example
-------

    model.get_weights(), 10, {"accuracy": 0.95}



The above exception was the direct cause of the following exception:

[36mray::ClientAppActor.run()[39m (pid=10336, ip=127.0.0.1, actor_id=6bfcef2916a0efc28728c99a01000000, repr=<flwr.simulation.ray_transport.ray_actor.ClientAppActor object at 0x000000000DB6EC20>)
  File "python\\ray\\_raylet.pyx", line 1982, in ray._raylet.execute_task
  File "python\\ray\\_raylet.pyx", line 2093, in ray._raylet.execute_task
  File "python\\ray\\_raylet.pyx", line 1989, in ray._raylet.execute_task
  File "python\\ray\\_raylet.pyx", line 1932, in ray._raylet.execute_task.function_executor
  File "d:\PROGRAMACAO\ML\FL\Modelo_teste\env\lib\site-packages\ray\_private\function_manager.py", line 693, in actor_method_executor
    return method(__ray_actor, *args, **kwargs)
  File "d:\PROGRAMACAO\ML\FL\Modelo_teste\env\lib\site-packages\ray\util\tracing\tracing_helper.py", line 461, in _resume_span
    return method(self, *_args, **_kwargs)
  File "d:\PROGRAMACAO\ML\FL\Modelo_teste\env\lib\site-packages\flwr\simulation\ray_transport\ray_actor.py", line 65, in run
    raise ClientAppException(str(ex)) from ex
flwr.clientapp.client_app.ClientAppException: 
Exception ClientAppException occurred. Message: 
NumPyClient.fit did not return a tuple with 3 elements.
The returned values should have the following type signature:

    Tuple[NDArrays, int, Dict[str, Scalar]]

Example
-------

    model.get_weights(), 10, {"accuracy": 0.95}
[2026-05-24 22:36:03,510][flwr][ERROR] - Traceback (most recent call last):
  File "d:\PROGRAMACAO\ML\FL\Modelo_teste\env\lib\site-packages\flwr\simulation\ray_transport\ray_client_proxy.py", line 90, in _submit_job
    out_mssg, updated_context = self.actor_pool.get_client_result(
  File "d:\PROGRAMACAO\ML\FL\Modelo_teste\env\lib\site-packages\flwr\simulation\ray_transport\ray_actor.py", line 400, in get_client_result
    return self._fetch_future_result(cid)
  File "d:\PROGRAMACAO\ML\FL\Modelo_teste\env\lib\site-packages\flwr\simulation\ray_transport\ray_actor.py", line 281, in _fetch_future_result
    res_cid, out_mssg, updated_context = ray.get(
  File "d:\PROGRAMACAO\ML\FL\Modelo_teste\env\lib\site-packages\ray\_private\auto_init_hook.py", line 22, in auto_init_wrapper
    return fn(*args, **kwargs)
  File "d:\PROGRAMACAO\ML\FL\Modelo_teste\env\lib\site-packages\ray\_private\client_mode_hook.py", line 104, in wrapper
    return func(*args, **kwargs)
  File "d:\PROGRAMACAO\ML\FL\Modelo_teste\env\lib\site-packages\ray\_private\worker.py", line 2961, in get
    values, debugger_breakpoint = worker.get_objects(
  File "d:\PROGRAMACAO\ML\FL\Modelo_teste\env\lib\site-packages\ray\_private\worker.py", line 1026, in get_objects
    raise value.as_instanceof_cause()
ray.exceptions.RayTaskError(ClientAppException): [36mray::ClientAppActor.run()[39m (pid=13768, ip=127.0.0.1, actor_id=28f48d2fc59e7a0d48f2a8b301000000, repr=<flwr.simulation.ray_transport.ray_actor.ClientAppActor object at 0x000000000DB6EC20>)
  File "d:\PROGRAMACAO\ML\FL\Modelo_teste\env\lib\site-packages\flwr\clientapp\client_app.py", line 144, in __call__
    return self._call(message, context)
  File "d:\PROGRAMACAO\ML\FL\Modelo_teste\env\lib\site-packages\flwr\clientapp\client_app.py", line 128, in ffn
    out_message = handle_legacy_message_from_msgtype(
  File "d:\PROGRAMACAO\ML\FL\Modelo_teste\env\lib\site-packages\flwr\client\message_handler\message_handler.py", line 129, in handle_legacy_message_from_msgtype
    fit_res = maybe_call_fit(
  File "d:\PROGRAMACAO\ML\FL\Modelo_teste\env\lib\site-packages\flwr\client\client.py", line 224, in maybe_call_fit
    return client.fit(fit_ins)
  File "d:\PROGRAMACAO\ML\FL\Modelo_teste\env\lib\site-packages\flwr\client\numpy_client.py", line 234, in _fit
    raise TypeError(EXCEPTION_MESSAGE_WRONG_RETURN_TYPE_FIT)
TypeError: 
NumPyClient.fit did not return a tuple with 3 elements.
The returned values should have the following type signature:

    Tuple[NDArrays, int, Dict[str, Scalar]]

Example
-------

    model.get_weights(), 10, {"accuracy": 0.95}



The above exception was the direct cause of the following exception:

[36mray::ClientAppActor.run()[39m (pid=13768, ip=127.0.0.1, actor_id=28f48d2fc59e7a0d48f2a8b301000000, repr=<flwr.simulation.ray_transport.ray_actor.ClientAppActor object at 0x000000000DB6EC20>)
  File "python\\ray\\_raylet.pyx", line 1982, in ray._raylet.execute_task
  File "python\\ray\\_raylet.pyx", line 2093, in ray._raylet.execute_task
  File "python\\ray\\_raylet.pyx", line 1989, in ray._raylet.execute_task
  File "python\\ray\\_raylet.pyx", line 1932, in ray._raylet.execute_task.function_executor
  File "d:\PROGRAMACAO\ML\FL\Modelo_teste\env\lib\site-packages\ray\_private\function_manager.py", line 693, in actor_method_executor
    return method(__ray_actor, *args, **kwargs)
  File "d:\PROGRAMACAO\ML\FL\Modelo_teste\env\lib\site-packages\ray\util\tracing\tracing_helper.py", line 461, in _resume_span
    return method(self, *_args, **_kwargs)
  File "d:\PROGRAMACAO\ML\FL\Modelo_teste\env\lib\site-packages\flwr\simulation\ray_transport\ray_actor.py", line 65, in run
    raise ClientAppException(str(ex)) from ex
flwr.clientapp.client_app.ClientAppException: 
Exception ClientAppException occurred. Message: 
NumPyClient.fit did not return a tuple with 3 elements.
The returned values should have the following type signature:

    Tuple[NDArrays, int, Dict[str, Scalar]]

Example
-------

    model.get_weights(), 10, {"accuracy": 0.95}

[2026-05-24 22:36:03,511][flwr][ERROR] - [36mray::ClientAppActor.run()[39m (pid=13768, ip=127.0.0.1, actor_id=28f48d2fc59e7a0d48f2a8b301000000, repr=<flwr.simulation.ray_transport.ray_actor.ClientAppActor object at 0x000000000DB6EC20>)
  File "d:\PROGRAMACAO\ML\FL\Modelo_teste\env\lib\site-packages\flwr\clientapp\client_app.py", line 144, in __call__
    return self._call(message, context)
  File "d:\PROGRAMACAO\ML\FL\Modelo_teste\env\lib\site-packages\flwr\clientapp\client_app.py", line 128, in ffn
    out_message = handle_legacy_message_from_msgtype(
  File "d:\PROGRAMACAO\ML\FL\Modelo_teste\env\lib\site-packages\flwr\client\message_handler\message_handler.py", line 129, in handle_legacy_message_from_msgtype
    fit_res = maybe_call_fit(
  File "d:\PROGRAMACAO\ML\FL\Modelo_teste\env\lib\site-packages\flwr\client\client.py", line 224, in maybe_call_fit
    return client.fit(fit_ins)
  File "d:\PROGRAMACAO\ML\FL\Modelo_teste\env\lib\site-packages\flwr\client\numpy_client.py", line 234, in _fit
    raise TypeError(EXCEPTION_MESSAGE_WRONG_RETURN_TYPE_FIT)
TypeError: 
NumPyClient.fit did not return a tuple with 3 elements.
The returned values should have the following type signature:

    Tuple[NDArrays, int, Dict[str, Scalar]]

Example
-------

    model.get_weights(), 10, {"accuracy": 0.95}



The above exception was the direct cause of the following exception:

[36mray::ClientAppActor.run()[39m (pid=13768, ip=127.0.0.1, actor_id=28f48d2fc59e7a0d48f2a8b301000000, repr=<flwr.simulation.ray_transport.ray_actor.ClientAppActor object at 0x000000000DB6EC20>)
  File "python\\ray\\_raylet.pyx", line 1982, in ray._raylet.execute_task
  File "python\\ray\\_raylet.pyx", line 2093, in ray._raylet.execute_task
  File "python\\ray\\_raylet.pyx", line 1989, in ray._raylet.execute_task
  File "python\\ray\\_raylet.pyx", line 1932, in ray._raylet.execute_task.function_executor
  File "d:\PROGRAMACAO\ML\FL\Modelo_teste\env\lib\site-packages\ray\_private\function_manager.py", line 693, in actor_method_executor
    return method(__ray_actor, *args, **kwargs)
  File "d:\PROGRAMACAO\ML\FL\Modelo_teste\env\lib\site-packages\ray\util\tracing\tracing_helper.py", line 461, in _resume_span
    return method(self, *_args, **_kwargs)
  File "d:\PROGRAMACAO\ML\FL\Modelo_teste\env\lib\site-packages\flwr\simulation\ray_transport\ray_actor.py", line 65, in run
    raise ClientAppException(str(ex)) from ex
flwr.clientapp.client_app.ClientAppException: 
Exception ClientAppException occurred. Message: 
NumPyClient.fit did not return a tuple with 3 elements.
The returned values should have the following type signature:

    Tuple[NDArrays, int, Dict[str, Scalar]]

Example
-------

    model.get_weights(), 10, {"accuracy": 0.95}
[2026-05-24 22:36:03,958][flwr][ERROR] - Traceback (most recent call last):
  File "d:\PROGRAMACAO\ML\FL\Modelo_teste\env\lib\site-packages\flwr\simulation\ray_transport\ray_client_proxy.py", line 90, in _submit_job
    out_mssg, updated_context = self.actor_pool.get_client_result(
  File "d:\PROGRAMACAO\ML\FL\Modelo_teste\env\lib\site-packages\flwr\simulation\ray_transport\ray_actor.py", line 400, in get_client_result
    return self._fetch_future_result(cid)
  File "d:\PROGRAMACAO\ML\FL\Modelo_teste\env\lib\site-packages\flwr\simulation\ray_transport\ray_actor.py", line 281, in _fetch_future_result
    res_cid, out_mssg, updated_context = ray.get(
  File "d:\PROGRAMACAO\ML\FL\Modelo_teste\env\lib\site-packages\ray\_private\auto_init_hook.py", line 22, in auto_init_wrapper
    return fn(*args, **kwargs)
  File "d:\PROGRAMACAO\ML\FL\Modelo_teste\env\lib\site-packages\ray\_private\client_mode_hook.py", line 104, in wrapper
    return func(*args, **kwargs)
  File "d:\PROGRAMACAO\ML\FL\Modelo_teste\env\lib\site-packages\ray\_private\worker.py", line 2961, in get
    values, debugger_breakpoint = worker.get_objects(
  File "d:\PROGRAMACAO\ML\FL\Modelo_teste\env\lib\site-packages\ray\_private\worker.py", line 1026, in get_objects
    raise value.as_instanceof_cause()
ray.exceptions.RayTaskError(ClientAppException): [36mray::ClientAppActor.run()[39m (pid=7712, ip=127.0.0.1, actor_id=003a35d34dce91c9e7d8c04901000000, repr=<flwr.simulation.ray_transport.ray_actor.ClientAppActor object at 0x000000000DB5ECB0>)
  File "d:\PROGRAMACAO\ML\FL\Modelo_teste\env\lib\site-packages\flwr\clientapp\client_app.py", line 144, in __call__
    return self._call(message, context)
  File "d:\PROGRAMACAO\ML\FL\Modelo_teste\env\lib\site-packages\flwr\clientapp\client_app.py", line 128, in ffn
    out_message = handle_legacy_message_from_msgtype(
  File "d:\PROGRAMACAO\ML\FL\Modelo_teste\env\lib\site-packages\flwr\client\message_handler\message_handler.py", line 129, in handle_legacy_message_from_msgtype
    fit_res = maybe_call_fit(
  File "d:\PROGRAMACAO\ML\FL\Modelo_teste\env\lib\site-packages\flwr\client\client.py", line 224, in maybe_call_fit
    return client.fit(fit_ins)
  File "d:\PROGRAMACAO\ML\FL\Modelo_teste\env\lib\site-packages\flwr\client\numpy_client.py", line 234, in _fit
    raise TypeError(EXCEPTION_MESSAGE_WRONG_RETURN_TYPE_FIT)
TypeError: 
NumPyClient.fit did not return a tuple with 3 elements.
The returned values should have the following type signature:

    Tuple[NDArrays, int, Dict[str, Scalar]]

Example
-------

    model.get_weights(), 10, {"accuracy": 0.95}



The above exception was the direct cause of the following exception:

[36mray::ClientAppActor.run()[39m (pid=7712, ip=127.0.0.1, actor_id=003a35d34dce91c9e7d8c04901000000, repr=<flwr.simulation.ray_transport.ray_actor.ClientAppActor object at 0x000000000DB5ECB0>)
  File "python\\ray\\_raylet.pyx", line 1982, in ray._raylet.execute_task
  File "python\\ray\\_raylet.pyx", line 2093, in ray._raylet.execute_task
  File "python\\ray\\_raylet.pyx", line 1989, in ray._raylet.execute_task
  File "python\\ray\\_raylet.pyx", line 1932, in ray._raylet.execute_task.function_executor
  File "d:\PROGRAMACAO\ML\FL\Modelo_teste\env\lib\site-packages\ray\_private\function_manager.py", line 693, in actor_method_executor
    return method(__ray_actor, *args, **kwargs)
  File "d:\PROGRAMACAO\ML\FL\Modelo_teste\env\lib\site-packages\ray\util\tracing\tracing_helper.py", line 461, in _resume_span
    return method(self, *_args, **_kwargs)
  File "d:\PROGRAMACAO\ML\FL\Modelo_teste\env\lib\site-packages\flwr\simulation\ray_transport\ray_actor.py", line 65, in run
    raise ClientAppException(str(ex)) from ex
flwr.clientapp.client_app.ClientAppException: 
Exception ClientAppException occurred. Message: 
NumPyClient.fit did not return a tuple with 3 elements.
The returned values should have the following type signature:

    Tuple[NDArrays, int, Dict[str, Scalar]]

Example
-------

    model.get_weights(), 10, {"accuracy": 0.95}

[2026-05-24 22:36:03,958][flwr][ERROR] - [36mray::ClientAppActor.run()[39m (pid=7712, ip=127.0.0.1, actor_id=003a35d34dce91c9e7d8c04901000000, repr=<flwr.simulation.ray_transport.ray_actor.ClientAppActor object at 0x000000000DB5ECB0>)
  File "d:\PROGRAMACAO\ML\FL\Modelo_teste\env\lib\site-packages\flwr\clientapp\client_app.py", line 144, in __call__
    return self._call(message, context)
  File "d:\PROGRAMACAO\ML\FL\Modelo_teste\env\lib\site-packages\flwr\clientapp\client_app.py", line 128, in ffn
    out_message = handle_legacy_message_from_msgtype(
  File "d:\PROGRAMACAO\ML\FL\Modelo_teste\env\lib\site-packages\flwr\client\message_handler\message_handler.py", line 129, in handle_legacy_message_from_msgtype
    fit_res = maybe_call_fit(
  File "d:\PROGRAMACAO\ML\FL\Modelo_teste\env\lib\site-packages\flwr\client\client.py", line 224, in maybe_call_fit
    return client.fit(fit_ins)
  File "d:\PROGRAMACAO\ML\FL\Modelo_teste\env\lib\site-packages\flwr\client\numpy_client.py", line 234, in _fit
    raise TypeError(EXCEPTION_MESSAGE_WRONG_RETURN_TYPE_FIT)
TypeError: 
NumPyClient.fit did not return a tuple with 3 elements.
The returned values should have the following type signature:

    Tuple[NDArrays, int, Dict[str, Scalar]]

Example
-------

    model.get_weights(), 10, {"accuracy": 0.95}



The above exception was the direct cause of the following exception:

[36mray::ClientAppActor.run()[39m (pid=7712, ip=127.0.0.1, actor_id=003a35d34dce91c9e7d8c04901000000, repr=<flwr.simulation.ray_transport.ray_actor.ClientAppActor object at 0x000000000DB5ECB0>)
  File "python\\ray\\_raylet.pyx", line 1982, in ray._raylet.execute_task
  File "python\\ray\\_raylet.pyx", line 2093, in ray._raylet.execute_task
  File "python\\ray\\_raylet.pyx", line 1989, in ray._raylet.execute_task
  File "python\\ray\\_raylet.pyx", line 1932, in ray._raylet.execute_task.function_executor
  File "d:\PROGRAMACAO\ML\FL\Modelo_teste\env\lib\site-packages\ray\_private\function_manager.py", line 693, in actor_method_executor
    return method(__ray_actor, *args, **kwargs)
  File "d:\PROGRAMACAO\ML\FL\Modelo_teste\env\lib\site-packages\ray\util\tracing\tracing_helper.py", line 461, in _resume_span
    return method(self, *_args, **_kwargs)
  File "d:\PROGRAMACAO\ML\FL\Modelo_teste\env\lib\site-packages\flwr\simulation\ray_transport\ray_actor.py", line 65, in run
    raise ClientAppException(str(ex)) from ex
flwr.clientapp.client_app.ClientAppException: 
Exception ClientAppException occurred. Message: 
NumPyClient.fit did not return a tuple with 3 elements.
The returned values should have the following type signature:

    Tuple[NDArrays, int, Dict[str, Scalar]]

Example
-------

    model.get_weights(), 10, {"accuracy": 0.95}
[2026-05-24 22:36:05,399][flwr][ERROR] - Traceback (most recent call last):
  File "d:\PROGRAMACAO\ML\FL\Modelo_teste\env\lib\site-packages\flwr\simulation\ray_transport\ray_client_proxy.py", line 90, in _submit_job
    out_mssg, updated_context = self.actor_pool.get_client_result(
  File "d:\PROGRAMACAO\ML\FL\Modelo_teste\env\lib\site-packages\flwr\simulation\ray_transport\ray_actor.py", line 400, in get_client_result
    return self._fetch_future_result(cid)
  File "d:\PROGRAMACAO\ML\FL\Modelo_teste\env\lib\site-packages\flwr\simulation\ray_transport\ray_actor.py", line 281, in _fetch_future_result
    res_cid, out_mssg, updated_context = ray.get(
  File "d:\PROGRAMACAO\ML\FL\Modelo_teste\env\lib\site-packages\ray\_private\auto_init_hook.py", line 22, in auto_init_wrapper
    return fn(*args, **kwargs)
  File "d:\PROGRAMACAO\ML\FL\Modelo_teste\env\lib\site-packages\ray\_private\client_mode_hook.py", line 104, in wrapper
    return func(*args, **kwargs)
  File "d:\PROGRAMACAO\ML\FL\Modelo_teste\env\lib\site-packages\ray\_private\worker.py", line 2961, in get
    values, debugger_breakpoint = worker.get_objects(
  File "d:\PROGRAMACAO\ML\FL\Modelo_teste\env\lib\site-packages\ray\_private\worker.py", line 1026, in get_objects
    raise value.as_instanceof_cause()
ray.exceptions.RayTaskError(ClientAppException): [36mray::ClientAppActor.run()[39m (pid=7420, ip=127.0.0.1, actor_id=7cc849e9a23e117d6db0324201000000, repr=<flwr.simulation.ray_transport.ray_actor.ClientAppActor object at 0x000000000D97EC20>)
  File "d:\PROGRAMACAO\ML\FL\Modelo_teste\env\lib\site-packages\flwr\clientapp\client_app.py", line 144, in __call__
    return self._call(message, context)
  File "d:\PROGRAMACAO\ML\FL\Modelo_teste\env\lib\site-packages\flwr\clientapp\client_app.py", line 128, in ffn
    out_message = handle_legacy_message_from_msgtype(
  File "d:\PROGRAMACAO\ML\FL\Modelo_teste\env\lib\site-packages\flwr\client\message_handler\message_handler.py", line 129, in handle_legacy_message_from_msgtype
    fit_res = maybe_call_fit(
  File "d:\PROGRAMACAO\ML\FL\Modelo_teste\env\lib\site-packages\flwr\client\client.py", line 224, in maybe_call_fit
    return client.fit(fit_ins)
  File "d:\PROGRAMACAO\ML\FL\Modelo_teste\env\lib\site-packages\flwr\client\numpy_client.py", line 234, in _fit
    raise TypeError(EXCEPTION_MESSAGE_WRONG_RETURN_TYPE_FIT)
TypeError: 
NumPyClient.fit did not return a tuple with 3 elements.
The returned values should have the following type signature:

    Tuple[NDArrays, int, Dict[str, Scalar]]

Example
-------

    model.get_weights(), 10, {"accuracy": 0.95}



The above exception was the direct cause of the following exception:

[36mray::ClientAppActor.run()[39m (pid=7420, ip=127.0.0.1, actor_id=7cc849e9a23e117d6db0324201000000, repr=<flwr.simulation.ray_transport.ray_actor.ClientAppActor object at 0x000000000D97EC20>)
  File "python\\ray\\_raylet.pyx", line 1982, in ray._raylet.execute_task
  File "python\\ray\\_raylet.pyx", line 2093, in ray._raylet.execute_task
  File "python\\ray\\_raylet.pyx", line 1989, in ray._raylet.execute_task
  File "python\\ray\\_raylet.pyx", line 1932, in ray._raylet.execute_task.function_executor
  File "d:\PROGRAMACAO\ML\FL\Modelo_teste\env\lib\site-packages\ray\_private\function_manager.py", line 693, in actor_method_executor
    return method(__ray_actor, *args, **kwargs)
  File "d:\PROGRAMACAO\ML\FL\Modelo_teste\env\lib\site-packages\ray\util\tracing\tracing_helper.py", line 461, in _resume_span
    return method(self, *_args, **_kwargs)
  File "d:\PROGRAMACAO\ML\FL\Modelo_teste\env\lib\site-packages\flwr\simulation\ray_transport\ray_actor.py", line 65, in run
    raise ClientAppException(str(ex)) from ex
flwr.clientapp.client_app.ClientAppException: 
Exception ClientAppException occurred. Message: 
NumPyClient.fit did not return a tuple with 3 elements.
The returned values should have the following type signature:

    Tuple[NDArrays, int, Dict[str, Scalar]]

Example
-------

    model.get_weights(), 10, {"accuracy": 0.95}

[2026-05-24 22:36:05,400][flwr][ERROR] - [36mray::ClientAppActor.run()[39m (pid=7420, ip=127.0.0.1, actor_id=7cc849e9a23e117d6db0324201000000, repr=<flwr.simulation.ray_transport.ray_actor.ClientAppActor object at 0x000000000D97EC20>)
  File "d:\PROGRAMACAO\ML\FL\Modelo_teste\env\lib\site-packages\flwr\clientapp\client_app.py", line 144, in __call__
    return self._call(message, context)
  File "d:\PROGRAMACAO\ML\FL\Modelo_teste\env\lib\site-packages\flwr\clientapp\client_app.py", line 128, in ffn
    out_message = handle_legacy_message_from_msgtype(
  File "d:\PROGRAMACAO\ML\FL\Modelo_teste\env\lib\site-packages\flwr\client\message_handler\message_handler.py", line 129, in handle_legacy_message_from_msgtype
    fit_res = maybe_call_fit(
  File "d:\PROGRAMACAO\ML\FL\Modelo_teste\env\lib\site-packages\flwr\client\client.py", line 224, in maybe_call_fit
    return client.fit(fit_ins)
  File "d:\PROGRAMACAO\ML\FL\Modelo_teste\env\lib\site-packages\flwr\client\numpy_client.py", line 234, in _fit
    raise TypeError(EXCEPTION_MESSAGE_WRONG_RETURN_TYPE_FIT)
TypeError: 
NumPyClient.fit did not return a tuple with 3 elements.
The returned values should have the following type signature:

    Tuple[NDArrays, int, Dict[str, Scalar]]

Example
-------

    model.get_weights(), 10, {"accuracy": 0.95}



The above exception was the direct cause of the following exception:

[36mray::ClientAppActor.run()[39m (pid=7420, ip=127.0.0.1, actor_id=7cc849e9a23e117d6db0324201000000, repr=<flwr.simulation.ray_transport.ray_actor.ClientAppActor object at 0x000000000D97EC20>)
  File "python\\ray\\_raylet.pyx", line 1982, in ray._raylet.execute_task
  File "python\\ray\\_raylet.pyx", line 2093, in ray._raylet.execute_task
  File "python\\ray\\_raylet.pyx", line 1989, in ray._raylet.execute_task
  File "python\\ray\\_raylet.pyx", line 1932, in ray._raylet.execute_task.function_executor
  File "d:\PROGRAMACAO\ML\FL\Modelo_teste\env\lib\site-packages\ray\_private\function_manager.py", line 693, in actor_method_executor
    return method(__ray_actor, *args, **kwargs)
  File "d:\PROGRAMACAO\ML\FL\Modelo_teste\env\lib\site-packages\ray\util\tracing\tracing_helper.py", line 461, in _resume_span
    return method(self, *_args, **_kwargs)
  File "d:\PROGRAMACAO\ML\FL\Modelo_teste\env\lib\site-packages\flwr\simulation\ray_transport\ray_actor.py", line 65, in run
    raise ClientAppException(str(ex)) from ex
flwr.clientapp.client_app.ClientAppException: 
Exception ClientAppException occurred. Message: 
NumPyClient.fit did not return a tuple with 3 elements.
The returned values should have the following type signature:

    Tuple[NDArrays, int, Dict[str, Scalar]]

Example
-------

    model.get_weights(), 10, {"accuracy": 0.95}
[2026-05-24 22:36:05,401][flwr][INFO] - aggregate_fit: received 0 results and 5 failures
[2026-05-24 22:36:08,859][flwr][INFO] - fit progress: (10, 41.06707340478897, {'accuracy': 0.8291}, 337.04385270000057)
[2026-05-24 22:36:08,859][flwr][INFO] - configure_evaluate: strategy sampled 10 clients (out of 10)
[2026-05-24 22:36:14,052][flwr][INFO] - aggregate_evaluate: received 10 results and 0 failures
[2026-05-24 22:36:14,052][flwr][INFO] - 
[2026-05-24 22:36:14,053][flwr][INFO] - [SUMMARY]
[2026-05-24 22:36:14,053][flwr][INFO] - Run finished 10 round(s) in 342.24s
[2026-05-24 22:36:14,054][flwr][INFO] - 	History (loss, distributed):
[2026-05-24 22:36:14,054][flwr][INFO] - 		round 1: 62.69470621347428
[2026-05-24 22:36:14,054][flwr][INFO] - 		round 2: 71.86546349525452
[2026-05-24 22:36:14,054][flwr][INFO] - 		round 3: 79.56280053853989
[2026-05-24 22:36:14,055][flwr][INFO] - 		round 4: 38.807043646276
[2026-05-24 22:36:14,055][flwr][INFO] - 		round 5: 38.807043646276
[2026-05-24 22:36:14,055][flwr][INFO] - 		round 6: 65.53140978217125
[2026-05-24 22:36:14,055][flwr][INFO] - 		round 7: 38.53471560627222
[2026-05-24 22:36:14,056][flwr][INFO] - 		round 8: 22.094021973013877
[2026-05-24 22:36:14,056][flwr][INFO] - 		round 9: 16.60199109762907
[2026-05-24 22:36:14,056][flwr][INFO] - 		round 10: 16.60199109762907
[2026-05-24 22:36:14,056][flwr][INFO] - 	History (loss, centralized):
[2026-05-24 22:36:14,056][flwr][INFO] - 		round 0: 181.9136655330658
[2026-05-24 22:36:14,057][flwr][INFO] - 		round 1: 154.74558544158936
[2026-05-24 22:36:14,057][flwr][INFO] - 		round 2: 177.36787116527557
[2026-05-24 22:36:14,057][flwr][INFO] - 		round 3: 197.63943719863892
[2026-05-24 22:36:14,057][flwr][INFO] - 		round 4: 95.87282973527908
[2026-05-24 22:36:14,057][flwr][INFO] - 		round 5: 95.87282973527908
[2026-05-24 22:36:14,058][flwr][INFO] - 		round 6: 162.36012208461761
[2026-05-24 22:36:14,058][flwr][INFO] - 		round 7: 95.28769254684448
[2026-05-24 22:36:14,058][flwr][INFO] - 		round 8: 54.62974187731743
[2026-05-24 22:36:14,058][flwr][INFO] - 		round 9: 41.06707340478897
[2026-05-24 22:36:14,059][flwr][INFO] - 		round 10: 41.06707340478897
[2026-05-24 22:36:14,059][flwr][INFO] - 	History (metrics, centralized):
[2026-05-24 22:36:14,059][flwr][INFO] - 	{'accuracy': [(0, 0.1247),
[2026-05-24 22:36:14,059][flwr][INFO] - 	              (1, 0.2953),
[2026-05-24 22:36:14,059][flwr][INFO] - 	              (2, 0.4638),
[2026-05-24 22:36:14,060][flwr][INFO] - 	              (3, 0.6282),
[2026-05-24 22:36:14,060][flwr][INFO] - 	              (4, 0.7857),
[2026-05-24 22:36:14,060][flwr][INFO] - 	              (5, 0.7857),
[2026-05-24 22:36:14,061][flwr][INFO] - 	              (6, 0.6114),
[2026-05-24 22:36:14,061][flwr][INFO] - 	              (7, 0.8268),
[2026-05-24 22:36:14,061][flwr][INFO] - 	              (8, 0.8222),
[2026-05-24 22:36:14,061][flwr][INFO] - 	              (9, 0.8291),
[2026-05-24 22:36:14,062][flwr][INFO] - 	              (10, 0.8291)]}
[2026-05-24 22:36:14,062][flwr][INFO] - 
