[2026-06-02 17:02:03,923][flwr][WARNING] - DEPRECATED FEATURE: flwr.simulation.start_simulation() is deprecated.
	Instead, use the `flwr run` CLI command to start a local simulation in your Flower app, as shown for example below:

		$ flwr new  # Create a new Flower app from a template

		$ flwr run  # Run the Flower app in Simulation Mode

	Using `start_simulation()` is deprecated.

            This is a deprecated feature. It will be removed
            entirely in future versions of Flower.
        
[2026-06-02 17:02:03,925][flwr][INFO] - Starting Flower simulation, config: num_rounds=10, no round_timeout
[2026-06-02 17:02:08,466][flwr][INFO] - Flower VCE: Ray initialized with resources: {'node:127.0.0.1': 1.0, 'GPU': 1.0, 'memory': 3673531188.0, 'accelerator_type:G': 1.0, 'node:__internal_head__': 1.0, 'object_store_memory': 1574370508.0, 'CPU': 8.0}
[2026-06-02 17:02:08,467][flwr][INFO] - Optimize your simulation with Flower VCE: https://flower.ai/docs/framework/how-to-run-simulations.html
[2026-06-02 17:02:08,467][flwr][INFO] - Flower VCE: Resources for each Virtual Client: {'num_cpus': 1.0, 'num_gpus': 0.25}
[2026-06-02 17:02:08,487][flwr][INFO] - Flower VCE: Creating VirtualClientEngineActorPool with 4 actors
[2026-06-02 17:02:08,489][flwr][INFO] - [INIT]
[2026-06-02 17:02:08,490][flwr][INFO] - Requesting initial parameters from one random client
[2026-06-02 17:02:15,126][flwr][INFO] - Received initial parameters from one random client
[2026-06-02 17:02:15,127][flwr][INFO] - Starting evaluation of initial global parameters
[2026-06-02 17:02:18,918][flwr][INFO] - initial parameters (loss, other metrics): 181.87926602363586, {'accuracy': 0.1596}
[2026-06-02 17:02:18,919][flwr][INFO] - 
[2026-06-02 17:02:18,919][flwr][INFO] - [ROUND 1]
[2026-06-02 17:02:18,920][flwr][INFO] - configure_fit: strategy sampled 10 clients (out of 10)
[2026-06-02 17:04:40,092][flwr][INFO] - aggregate_fit: received 10 results and 0 failures
[2026-06-02 17:04:43,597][flwr][INFO] - fit progress: (1, 223.67905187606812, {'accuracy': 0.3242}, 144.67818089999855)
[2026-06-02 17:04:43,597][flwr][INFO] - configure_evaluate: strategy sampled 10 clients (out of 10)
[2026-06-02 17:04:49,063][flwr][INFO] - aggregate_evaluate: received 10 results and 0 failures
[2026-06-02 17:04:49,064][flwr][WARNING] - No evaluate_metrics_aggregation_fn provided
[2026-06-02 17:04:49,064][flwr][INFO] - 
[2026-06-02 17:04:49,064][flwr][INFO] - [ROUND 2]
[2026-06-02 17:04:49,065][flwr][INFO] - configure_fit: strategy sampled 10 clients (out of 10)
[2026-06-02 17:07:02,015][flwr][INFO] - aggregate_fit: received 10 results and 0 failures
[2026-06-02 17:07:05,850][flwr][INFO] - fit progress: (2, 241.21473455429077, {'accuracy': 0.5616}, 286.9313688000002)
[2026-06-02 17:07:05,850][flwr][INFO] - configure_evaluate: strategy sampled 10 clients (out of 10)
[2026-06-02 17:07:12,037][flwr][INFO] - aggregate_evaluate: received 10 results and 0 failures
[2026-06-02 17:07:12,037][flwr][INFO] - 
[2026-06-02 17:07:12,038][flwr][INFO] - [ROUND 3]
[2026-06-02 17:07:12,038][flwr][INFO] - configure_fit: strategy sampled 10 clients (out of 10)
[2026-06-02 17:09:43,848][flwr][INFO] - aggregate_fit: received 10 results and 0 failures
[2026-06-02 17:09:47,647][flwr][INFO] - fit progress: (3, 244.24178862571716, {'accuracy': 0.6031}, 448.72784129999854)
[2026-06-02 17:09:47,647][flwr][INFO] - configure_evaluate: strategy sampled 10 clients (out of 10)
[2026-06-02 17:09:53,165][flwr][INFO] - aggregate_evaluate: received 10 results and 0 failures
[2026-06-02 17:09:53,165][flwr][INFO] - 
[2026-06-02 17:09:53,166][flwr][INFO] - [ROUND 4]
[2026-06-02 17:09:53,166][flwr][INFO] - configure_fit: strategy sampled 10 clients (out of 10)
[2026-06-02 17:12:16,297][flwr][INFO] - aggregate_fit: received 10 results and 0 failures
[2026-06-02 17:12:19,936][flwr][INFO] - fit progress: (4, 244.94062042236328, {'accuracy': 0.6406}, 601.0166062999997)
[2026-06-02 17:12:19,936][flwr][INFO] - configure_evaluate: strategy sampled 10 clients (out of 10)
[2026-06-02 17:12:25,517][flwr][INFO] - aggregate_evaluate: received 10 results and 0 failures
[2026-06-02 17:12:25,518][flwr][INFO] - 
[2026-06-02 17:12:25,518][flwr][INFO] - [ROUND 5]
[2026-06-02 17:12:25,519][flwr][INFO] - configure_fit: strategy sampled 10 clients (out of 10)
[2026-06-02 17:14:45,563][flwr][INFO] - aggregate_fit: received 10 results and 0 failures
[2026-06-02 17:14:50,066][flwr][INFO] - fit progress: (5, 234.69066500663757, {'accuracy': 0.7172}, 751.1475838000006)
[2026-06-02 17:14:50,068][flwr][INFO] - configure_evaluate: strategy sampled 10 clients (out of 10)
[2026-06-02 17:14:57,011][flwr][INFO] - aggregate_evaluate: received 10 results and 0 failures
[2026-06-02 17:14:57,012][flwr][INFO] - 
[2026-06-02 17:14:57,012][flwr][INFO] - [ROUND 6]
[2026-06-02 17:14:57,013][flwr][INFO] - configure_fit: strategy sampled 10 clients (out of 10)
[2026-06-02 17:17:19,407][flwr][INFO] - aggregate_fit: received 10 results and 0 failures
[2026-06-02 17:17:22,905][flwr][INFO] - fit progress: (6, 239.53305006027222, {'accuracy': 0.7469}, 903.9880269999994)
[2026-06-02 17:17:22,905][flwr][INFO] - configure_evaluate: strategy sampled 10 clients (out of 10)
[2026-06-02 17:17:28,240][flwr][INFO] - aggregate_evaluate: received 10 results and 0 failures
[2026-06-02 17:17:28,248][flwr][INFO] - 
[2026-06-02 17:17:28,248][flwr][INFO] - [ROUND 7]
[2026-06-02 17:17:28,248][flwr][INFO] - configure_fit: strategy sampled 10 clients (out of 10)
[2026-06-02 17:19:41,546][flwr][INFO] - aggregate_fit: received 10 results and 0 failures
[2026-06-02 17:19:45,141][flwr][INFO] - fit progress: (7, 241.75132203102112, {'accuracy': 0.7598}, 1046.2220610000004)
[2026-06-02 17:19:45,142][flwr][INFO] - configure_evaluate: strategy sampled 10 clients (out of 10)
[2026-06-02 17:19:50,796][flwr][INFO] - aggregate_evaluate: received 10 results and 0 failures
[2026-06-02 17:19:50,796][flwr][INFO] - 
[2026-06-02 17:19:50,796][flwr][INFO] - [ROUND 8]
[2026-06-02 17:19:50,796][flwr][INFO] - configure_fit: strategy sampled 10 clients (out of 10)
[2026-06-02 17:22:04,573][flwr][INFO] - aggregate_fit: received 10 results and 0 failures
[2026-06-02 17:22:08,305][flwr][INFO] - fit progress: (8, 184.03564715385437, {'accuracy': 0.7776}, 1189.3879392999988)
[2026-06-02 17:22:08,305][flwr][INFO] - configure_evaluate: strategy sampled 10 clients (out of 10)
[2026-06-02 17:22:13,665][flwr][INFO] - aggregate_evaluate: received 10 results and 0 failures
[2026-06-02 17:22:13,665][flwr][INFO] - 
[2026-06-02 17:22:13,665][flwr][INFO] - [ROUND 9]
[2026-06-02 17:22:13,665][flwr][INFO] - configure_fit: strategy sampled 10 clients (out of 10)
[2026-06-02 17:24:17,819][flwr][INFO] - aggregate_fit: received 10 results and 0 failures
[2026-06-02 17:24:21,301][flwr][INFO] - fit progress: (9, 208.23945879936218, {'accuracy': 0.7734}, 1322.3815809999978)
[2026-06-02 17:24:21,301][flwr][INFO] - configure_evaluate: strategy sampled 10 clients (out of 10)
[2026-06-02 17:24:26,646][flwr][INFO] - aggregate_evaluate: received 10 results and 0 failures
[2026-06-02 17:24:26,646][flwr][INFO] - 
[2026-06-02 17:24:26,646][flwr][INFO] - [ROUND 10]
[2026-06-02 17:24:26,646][flwr][INFO] - configure_fit: strategy sampled 10 clients (out of 10)
[2026-06-02 17:26:44,504][flwr][INFO] - aggregate_fit: received 10 results and 0 failures
[2026-06-02 17:26:48,042][flwr][INFO] - fit progress: (10, 210.5906754732132, {'accuracy': 0.7735}, 1469.1289677999994)
[2026-06-02 17:26:48,042][flwr][INFO] - configure_evaluate: strategy sampled 10 clients (out of 10)
[2026-06-02 17:26:53,396][flwr][INFO] - aggregate_evaluate: received 10 results and 0 failures
[2026-06-02 17:26:53,396][flwr][INFO] - 
[2026-06-02 17:26:53,396][flwr][INFO] - [SUMMARY]
[2026-06-02 17:26:53,396][flwr][INFO] - Run finished 10 round(s) in 1474.48s
[2026-06-02 17:26:53,396][flwr][INFO] - 	History (loss, distributed):
[2026-06-02 17:26:53,396][flwr][INFO] - 		round 1: 90.27905507087708
[2026-06-02 17:26:53,396][flwr][INFO] - 		round 2: 97.13902911543846
[2026-06-02 17:26:53,396][flwr][INFO] - 		round 3: 98.32662006020546
[2026-06-02 17:26:53,396][flwr][INFO] - 		round 4: 98.63318094015122
[2026-06-02 17:26:53,396][flwr][INFO] - 		round 5: 94.54842474162578
[2026-06-02 17:26:53,396][flwr][INFO] - 		round 6: 96.52251774743199
[2026-06-02 17:26:53,396][flwr][INFO] - 		round 7: 97.43447883203626
[2026-06-02 17:26:53,396][flwr][INFO] - 		round 8: 74.20225228145719
[2026-06-02 17:26:53,396][flwr][INFO] - 		round 9: 83.97062743082643
[2026-06-02 17:26:53,396][flwr][INFO] - 		round 10: 84.92137998323888
[2026-06-02 17:26:53,396][flwr][INFO] - 	History (loss, centralized):
[2026-06-02 17:26:53,396][flwr][INFO] - 		round 0: 181.87926602363586
[2026-06-02 17:26:53,396][flwr][INFO] - 		round 1: 223.67905187606812
[2026-06-02 17:26:53,396][flwr][INFO] - 		round 2: 241.21473455429077
[2026-06-02 17:26:53,396][flwr][INFO] - 		round 3: 244.24178862571716
[2026-06-02 17:26:53,396][flwr][INFO] - 		round 4: 244.94062042236328
[2026-06-02 17:26:53,402][flwr][INFO] - 		round 5: 234.69066500663757
[2026-06-02 17:26:53,402][flwr][INFO] - 		round 6: 239.53305006027222
[2026-06-02 17:26:53,402][flwr][INFO] - 		round 7: 241.75132203102112
[2026-06-02 17:26:53,402][flwr][INFO] - 		round 8: 184.03564715385437
[2026-06-02 17:26:53,403][flwr][INFO] - 		round 9: 208.23945879936218
[2026-06-02 17:26:53,403][flwr][INFO] - 		round 10: 210.5906754732132
[2026-06-02 17:26:53,403][flwr][INFO] - 	History (metrics, distributed, fit):
[2026-06-02 17:26:53,403][flwr][INFO] - 	{'delta_norm': [(1, 0.3836354911327362),
[2026-06-02 17:26:53,403][flwr][INFO] - 	                (2, 0.3902282416820526),
[2026-06-02 17:26:53,404][flwr][INFO] - 	                (3, 0.1932823210954666),
[2026-06-02 17:26:53,404][flwr][INFO] - 	                (4, 0.12302923947572708),
[2026-06-02 17:26:53,404][flwr][INFO] - 	                (5, 0.09767884761095047),
[2026-06-02 17:26:53,404][flwr][INFO] - 	                (6, 0.08017244935035706),
[2026-06-02 17:26:53,405][flwr][INFO] - 	                (7, 0.06861668825149536),
[2026-06-02 17:26:53,405][flwr][INFO] - 	                (8, 0.05548606440424919),
[2026-06-02 17:26:53,405][flwr][INFO] - 	                (9, 0.055789485573768616),
[2026-06-02 17:26:53,405][flwr][INFO] - 	                (10, 0.04784417152404785)]}
[2026-06-02 17:26:53,405][flwr][INFO] - 	History (metrics, centralized):
[2026-06-02 17:26:53,406][flwr][INFO] - 	{'accuracy': [(0, 0.1596),
[2026-06-02 17:26:53,406][flwr][INFO] - 	              (1, 0.3242),
[2026-06-02 17:26:53,406][flwr][INFO] - 	              (2, 0.5616),
[2026-06-02 17:26:53,406][flwr][INFO] - 	              (3, 0.6031),
[2026-06-02 17:26:53,406][flwr][INFO] - 	              (4, 0.6406),
[2026-06-02 17:26:53,406][flwr][INFO] - 	              (5, 0.7172),
[2026-06-02 17:26:53,406][flwr][INFO] - 	              (6, 0.7469),
[2026-06-02 17:26:53,406][flwr][INFO] - 	              (7, 0.7598),
[2026-06-02 17:26:53,406][flwr][INFO] - 	              (8, 0.7776),
[2026-06-02 17:26:53,406][flwr][INFO] - 	              (9, 0.7734),
[2026-06-02 17:26:53,406][flwr][INFO] - 	              (10, 0.7735)]}
[2026-06-02 17:26:53,406][flwr][INFO] - 
