[2026-06-06 22:01:29,791][flwr][WARNING] - DEPRECATED FEATURE: flwr.simulation.start_simulation() is deprecated.
	Instead, use the `flwr run` CLI command to start a local simulation in your Flower app, as shown for example below:

		$ flwr new  # Create a new Flower app from a template

		$ flwr run  # Run the Flower app in Simulation Mode

	Using `start_simulation()` is deprecated.

            This is a deprecated feature. It will be removed
            entirely in future versions of Flower.
        
[2026-06-06 22:01:29,791][flwr][INFO] - Starting Flower simulation, config: num_rounds=6, no round_timeout
[2026-06-06 22:01:34,291][flwr][INFO] - Flower VCE: Ray initialized with resources: {'object_store_memory': 2535559987.0, 'GPU': 1.0, 'memory': 5916306637.0, 'accelerator_type:G': 1.0, 'node:127.0.0.1': 1.0, 'node:__internal_head__': 1.0, 'CPU': 8.0}
[2026-06-06 22:01:34,291][flwr][INFO] - Optimize your simulation with Flower VCE: https://flower.ai/docs/framework/how-to-run-simulations.html
[2026-06-06 22:01:34,291][flwr][INFO] - Flower VCE: Resources for each Virtual Client: {'num_cpus': 1.0, 'num_gpus': 0.25}
[2026-06-06 22:01:34,313][flwr][INFO] - Flower VCE: Creating VirtualClientEngineActorPool with 4 actors
[2026-06-06 22:01:34,314][flwr][INFO] - [INIT]
[2026-06-06 22:01:34,314][flwr][INFO] - Requesting initial parameters from one random client
[2026-06-06 22:01:41,167][flwr][INFO] - Received initial parameters from one random client
[2026-06-06 22:01:41,167][flwr][INFO] - Starting evaluation of initial global parameters
[2026-06-06 22:01:45,041][flwr][INFO] - initial parameters (loss, other metrics): 182.37722086906433, {'accuracy': 0.1029}
[2026-06-06 22:01:45,041][flwr][INFO] - 
[2026-06-06 22:01:45,041][flwr][INFO] - [ROUND 1]
[2026-06-06 22:01:45,041][flwr][INFO] - configure_fit: strategy sampled 10 clients (out of 10)
[2026-06-06 22:02:57,188][flwr][INFO] - aggregate_fit: received 10 results and 0 failures
[2026-06-06 22:03:00,799][flwr][INFO] - fit progress: (1, 151.5242167711258, {'accuracy': 0.3223}, 75.75827770000615)
[2026-06-06 22:03:00,799][flwr][INFO] - configure_evaluate: strategy sampled 10 clients (out of 10)
[2026-06-06 22:03:06,335][flwr][INFO] - aggregate_evaluate: received 10 results and 0 failures
[2026-06-06 22:03:06,336][flwr][WARNING] - No evaluate_metrics_aggregation_fn provided
[2026-06-06 22:03:06,336][flwr][INFO] - 
[2026-06-06 22:03:06,337][flwr][INFO] - [ROUND 2]
[2026-06-06 22:03:06,339][flwr][INFO] - configure_fit: strategy sampled 10 clients (out of 10)
[2026-06-06 22:03:22,631][flwr][INFO] - aggregate_fit: received 10 results and 0 failures
[2026-06-06 22:03:26,581][flwr][INFO] - fit progress: (2, 151.5242167711258, {'accuracy': 0.3223}, 101.53997460000392)
[2026-06-06 22:03:26,582][flwr][INFO] - configure_evaluate: strategy sampled 10 clients (out of 10)
[2026-06-06 22:03:31,962][flwr][INFO] - aggregate_evaluate: received 10 results and 0 failures
[2026-06-06 22:03:31,963][flwr][INFO] - 
[2026-06-06 22:03:31,963][flwr][INFO] - [ROUND 3]
[2026-06-06 22:03:31,965][flwr][INFO] - configure_fit: strategy sampled 10 clients (out of 10)
[2026-06-06 22:04:44,541][flwr][INFO] - aggregate_fit: received 10 results and 0 failures
[2026-06-06 22:04:47,917][flwr][INFO] - fit progress: (3, 294.5952146053314, {'accuracy': 0.1325}, 182.88484120000066)
[2026-06-06 22:04:47,917][flwr][INFO] - configure_evaluate: strategy sampled 10 clients (out of 10)
[2026-06-06 22:04:53,407][flwr][INFO] - aggregate_evaluate: received 10 results and 0 failures
[2026-06-06 22:04:53,407][flwr][INFO] - 
[2026-06-06 22:04:53,407][flwr][INFO] - [ROUND 4]
[2026-06-06 22:04:53,407][flwr][INFO] - configure_fit: strategy sampled 10 clients (out of 10)
[2026-06-06 22:05:08,441][flwr][INFO] - aggregate_fit: received 10 results and 0 failures
[2026-06-06 22:05:11,891][flwr][INFO] - fit progress: (4, 294.5952146053314, {'accuracy': 0.1325}, 206.8566232000012)
[2026-06-06 22:05:11,891][flwr][INFO] - configure_evaluate: strategy sampled 10 clients (out of 10)
[2026-06-06 22:05:17,216][flwr][INFO] - aggregate_evaluate: received 10 results and 0 failures
[2026-06-06 22:05:17,216][flwr][INFO] - 
[2026-06-06 22:05:17,216][flwr][INFO] - [ROUND 5]
[2026-06-06 22:05:17,216][flwr][INFO] - configure_fit: strategy sampled 10 clients (out of 10)
[2026-06-06 22:06:25,407][flwr][INFO] - aggregate_fit: received 10 results and 0 failures
[2026-06-06 22:06:28,891][flwr][INFO] - fit progress: (5, 534.3197679519653, {'accuracy': 0.1031}, 283.85885200000484)
[2026-06-06 22:06:28,891][flwr][INFO] - configure_evaluate: strategy sampled 10 clients (out of 10)
[2026-06-06 22:06:33,891][flwr][INFO] - aggregate_evaluate: received 10 results and 0 failures
[2026-06-06 22:06:33,891][flwr][INFO] - 
[2026-06-06 22:06:33,891][flwr][INFO] - [ROUND 6]
[2026-06-06 22:06:33,907][flwr][INFO] - configure_fit: strategy sampled 10 clients (out of 10)
[2026-06-06 22:06:48,279][flwr][INFO] - aggregate_fit: received 10 results and 0 failures
[2026-06-06 22:06:51,807][flwr][INFO] - fit progress: (6, 534.3197679519653, {'accuracy': 0.1031}, 306.7699225000033)
[2026-06-06 22:06:51,807][flwr][INFO] - configure_evaluate: strategy sampled 10 clients (out of 10)
[2026-06-06 22:06:57,792][flwr][INFO] - aggregate_evaluate: received 10 results and 0 failures
[2026-06-06 22:06:57,793][flwr][INFO] - 
[2026-06-06 22:06:57,793][flwr][INFO] - [SUMMARY]
[2026-06-06 22:06:57,793][flwr][INFO] - Run finished 6 round(s) in 312.75s
[2026-06-06 22:06:57,794][flwr][INFO] - 	History (loss, distributed):
[2026-06-06 22:06:57,794][flwr][INFO] - 		round 1: 61.35984820127487
[2026-06-06 22:06:57,794][flwr][INFO] - 		round 2: 61.35984820127487
[2026-06-06 22:06:57,795][flwr][INFO] - 		round 3: 118.77756881713867
[2026-06-06 22:06:57,795][flwr][INFO] - 		round 4: 118.77756881713867
[2026-06-06 22:06:57,795][flwr][INFO] - 		round 5: 216.70848526954651
[2026-06-06 22:06:57,796][flwr][INFO] - 		round 6: 216.70848526954651
[2026-06-06 22:06:57,796][flwr][INFO] - 	History (loss, centralized):
[2026-06-06 22:06:57,797][flwr][INFO] - 		round 0: 182.37722086906433
[2026-06-06 22:06:57,797][flwr][INFO] - 		round 1: 151.5242167711258
[2026-06-06 22:06:57,797][flwr][INFO] - 		round 2: 151.5242167711258
[2026-06-06 22:06:57,797][flwr][INFO] - 		round 3: 294.5952146053314
[2026-06-06 22:06:57,797][flwr][INFO] - 		round 4: 294.5952146053314
[2026-06-06 22:06:57,797][flwr][INFO] - 		round 5: 534.3197679519653
[2026-06-06 22:06:57,797][flwr][INFO] - 		round 6: 534.3197679519653
[2026-06-06 22:06:57,797][flwr][INFO] - 	History (metrics, centralized):
[2026-06-06 22:06:57,797][flwr][INFO] - 	{'accuracy': [(0, 0.1029),
[2026-06-06 22:06:57,797][flwr][INFO] - 	              (1, 0.3223),
[2026-06-06 22:06:57,797][flwr][INFO] - 	              (2, 0.3223),
[2026-06-06 22:06:57,797][flwr][INFO] - 	              (3, 0.1325),
[2026-06-06 22:06:57,797][flwr][INFO] - 	              (4, 0.1325),
[2026-06-06 22:06:57,797][flwr][INFO] - 	              (5, 0.1031),
[2026-06-06 22:06:57,797][flwr][INFO] - 	              (6, 0.1031)]}
[2026-06-06 22:06:57,797][flwr][INFO] - 
