[2026-06-05 17:12:07,476][flwr][WARNING] - DEPRECATED FEATURE: flwr.simulation.start_simulation() is deprecated.
	Instead, use the `flwr run` CLI command to start a local simulation in your Flower app, as shown for example below:

		$ flwr new  # Create a new Flower app from a template

		$ flwr run  # Run the Flower app in Simulation Mode

	Using `start_simulation()` is deprecated.

            This is a deprecated feature. It will be removed
            entirely in future versions of Flower.
        
[2026-06-05 17:12:07,478][flwr][INFO] - Starting Flower simulation, config: num_rounds=20, no round_timeout
[2026-06-05 17:12:11,983][flwr][INFO] - Flower VCE: Ray initialized with resources: {'node:127.0.0.1': 1.0, 'GPU': 1.0, 'memory': 3519516672.0, 'accelerator_type:G': 1.0, 'node:__internal_head__': 1.0, 'object_store_memory': 1508364288.0, 'CPU': 8.0}
[2026-06-05 17:12:11,983][flwr][INFO] - Optimize your simulation with Flower VCE: https://flower.ai/docs/framework/how-to-run-simulations.html
[2026-06-05 17:12:11,983][flwr][INFO] - Flower VCE: Resources for each Virtual Client: {'num_cpus': 1.0, 'num_gpus': 0.25}
[2026-06-05 17:12:12,009][flwr][INFO] - Flower VCE: Creating VirtualClientEngineActorPool with 4 actors
[2026-06-05 17:12:12,011][flwr][INFO] - [INIT]
[2026-06-05 17:12:12,011][flwr][INFO] - Requesting initial parameters from one random client
[2026-06-05 17:12:19,072][flwr][INFO] - Received initial parameters from one random client
[2026-06-05 17:12:19,072][flwr][INFO] - Starting evaluation of initial global parameters
[2026-06-05 17:12:22,871][flwr][INFO] - initial parameters (loss, other metrics): 182.08850479125977, {'accuracy': 0.1135}
[2026-06-05 17:12:22,872][flwr][INFO] - 
[2026-06-05 17:12:22,872][flwr][INFO] - [ROUND 1]
[2026-06-05 17:12:22,875][flwr][INFO] - configure_fit: strategy sampled 5 clients (out of 10)
[2026-06-05 17:12:43,469][flwr][INFO] - aggregate_fit: received 5 results and 0 failures
[2026-06-05 17:12:47,169][flwr][INFO] - fit progress: (1, 194.87805008888245, {'accuracy': 0.1412}, 24.297392199998285)
[2026-06-05 17:12:47,170][flwr][INFO] - configure_evaluate: strategy sampled 10 clients (out of 10)
[2026-06-05 17:12:52,982][flwr][INFO] - aggregate_evaluate: received 10 results and 0 failures
[2026-06-05 17:12:52,983][flwr][WARNING] - No evaluate_metrics_aggregation_fn provided
[2026-06-05 17:12:52,983][flwr][INFO] - 
[2026-06-05 17:12:52,983][flwr][INFO] - [ROUND 2]
[2026-06-05 17:12:52,986][flwr][INFO] - configure_fit: strategy sampled 5 clients (out of 10)
[2026-06-05 17:13:01,302][flwr][INFO] - aggregate_fit: received 5 results and 0 failures
[2026-06-05 17:13:05,182][flwr][INFO] - fit progress: (2, 194.87805008888245, {'accuracy': 0.1412}, 42.310672600000544)
[2026-06-05 17:13:05,183][flwr][INFO] - configure_evaluate: strategy sampled 10 clients (out of 10)
[2026-06-05 17:13:11,405][flwr][INFO] - aggregate_evaluate: received 10 results and 0 failures
[2026-06-05 17:13:11,406][flwr][INFO] - 
[2026-06-05 17:13:11,406][flwr][INFO] - [ROUND 3]
[2026-06-05 17:13:11,409][flwr][INFO] - configure_fit: strategy sampled 5 clients (out of 10)
[2026-06-05 17:13:28,027][flwr][INFO] - aggregate_fit: received 5 results and 0 failures
[2026-06-05 17:13:32,067][flwr][INFO] - fit progress: (3, 263.2371156215668, {'accuracy': 0.192}, 69.19526309999856)
[2026-06-05 17:13:32,067][flwr][INFO] - configure_evaluate: strategy sampled 10 clients (out of 10)
[2026-06-05 17:13:38,632][flwr][INFO] - aggregate_evaluate: received 10 results and 0 failures
[2026-06-05 17:13:38,632][flwr][INFO] - 
[2026-06-05 17:13:38,632][flwr][INFO] - [ROUND 4]
[2026-06-05 17:13:38,632][flwr][INFO] - configure_fit: strategy sampled 5 clients (out of 10)
[2026-06-05 17:13:46,197][flwr][INFO] - aggregate_fit: received 5 results and 0 failures
[2026-06-05 17:13:49,939][flwr][INFO] - fit progress: (4, 263.2371156215668, {'accuracy': 0.192}, 87.06729840000116)
[2026-06-05 17:13:49,939][flwr][INFO] - configure_evaluate: strategy sampled 10 clients (out of 10)
[2026-06-05 17:13:55,582][flwr][INFO] - aggregate_evaluate: received 10 results and 0 failures
[2026-06-05 17:13:55,582][flwr][INFO] - 
[2026-06-05 17:13:55,582][flwr][INFO] - [ROUND 5]
[2026-06-05 17:13:55,590][flwr][INFO] - configure_fit: strategy sampled 5 clients (out of 10)
[2026-06-05 17:14:13,715][flwr][INFO] - aggregate_fit: received 5 results and 0 failures
[2026-06-05 17:14:17,262][flwr][INFO] - fit progress: (5, 285.6971323490143, {'accuracy': 0.1608}, 114.39336379999804)
[2026-06-05 17:14:17,266][flwr][INFO] - configure_evaluate: strategy sampled 10 clients (out of 10)
[2026-06-05 17:14:22,716][flwr][INFO] - aggregate_evaluate: received 10 results and 0 failures
[2026-06-05 17:14:22,716][flwr][INFO] - 
[2026-06-05 17:14:22,727][flwr][INFO] - [ROUND 6]
[2026-06-05 17:14:22,727][flwr][INFO] - configure_fit: strategy sampled 5 clients (out of 10)
[2026-06-05 17:14:31,581][flwr][INFO] - aggregate_fit: received 5 results and 0 failures
[2026-06-05 17:14:35,211][flwr][INFO] - fit progress: (6, 285.6971323490143, {'accuracy': 0.1608}, 132.34029490000103)
[2026-06-05 17:14:35,211][flwr][INFO] - configure_evaluate: strategy sampled 10 clients (out of 10)
[2026-06-05 17:14:40,753][flwr][INFO] - aggregate_evaluate: received 10 results and 0 failures
[2026-06-05 17:14:40,753][flwr][INFO] - 
[2026-06-05 17:14:40,753][flwr][INFO] - [ROUND 7]
[2026-06-05 17:14:40,753][flwr][INFO] - configure_fit: strategy sampled 5 clients (out of 10)
[2026-06-05 17:14:56,465][flwr][INFO] - aggregate_fit: received 5 results and 0 failures
[2026-06-05 17:15:00,004][flwr][INFO] - fit progress: (7, 236.7366726398468, {'accuracy': 0.1781}, 157.13861149999866)
[2026-06-05 17:15:00,004][flwr][INFO] - configure_evaluate: strategy sampled 10 clients (out of 10)
[2026-06-05 17:15:05,467][flwr][INFO] - aggregate_evaluate: received 10 results and 0 failures
[2026-06-05 17:15:05,475][flwr][INFO] - 
[2026-06-05 17:15:05,475][flwr][INFO] - [ROUND 8]
[2026-06-05 17:15:05,475][flwr][INFO] - configure_fit: strategy sampled 5 clients (out of 10)
[2026-06-05 17:15:13,057][flwr][INFO] - aggregate_fit: received 5 results and 0 failures
[2026-06-05 17:15:16,595][flwr][INFO] - fit progress: (8, 236.7366726398468, {'accuracy': 0.1781}, 173.7231767000012)
[2026-06-05 17:15:16,595][flwr][INFO] - configure_evaluate: strategy sampled 10 clients (out of 10)
[2026-06-05 17:15:22,304][flwr][INFO] - aggregate_evaluate: received 10 results and 0 failures
[2026-06-05 17:15:22,304][flwr][INFO] - 
[2026-06-05 17:15:22,304][flwr][INFO] - [ROUND 9]
[2026-06-05 17:15:22,304][flwr][INFO] - configure_fit: strategy sampled 5 clients (out of 10)
[2026-06-05 17:15:38,899][flwr][INFO] - aggregate_fit: received 5 results and 0 failures
[2026-06-05 17:15:42,396][flwr][INFO] - fit progress: (9, 358.0812783241272, {'accuracy': 0.1135}, 199.52409400000033)
[2026-06-05 17:15:42,396][flwr][INFO] - configure_evaluate: strategy sampled 10 clients (out of 10)
[2026-06-05 17:15:47,805][flwr][INFO] - aggregate_evaluate: received 10 results and 0 failures
[2026-06-05 17:15:47,805][flwr][INFO] - 
[2026-06-05 17:15:47,805][flwr][INFO] - [ROUND 10]
[2026-06-05 17:15:47,813][flwr][INFO] - configure_fit: strategy sampled 5 clients (out of 10)
[2026-06-05 17:15:56,232][flwr][INFO] - aggregate_fit: received 5 results and 0 failures
[2026-06-05 17:15:59,843][flwr][INFO] - fit progress: (10, 358.0812783241272, {'accuracy': 0.1135}, 216.9724442000006)
[2026-06-05 17:15:59,845][flwr][INFO] - configure_evaluate: strategy sampled 10 clients (out of 10)
[2026-06-05 17:16:05,426][flwr][INFO] - aggregate_evaluate: received 10 results and 0 failures
[2026-06-05 17:16:05,426][flwr][INFO] - 
[2026-06-05 17:16:05,426][flwr][INFO] - [ROUND 11]
[2026-06-05 17:16:05,430][flwr][INFO] - configure_fit: strategy sampled 5 clients (out of 10)
[2026-06-05 17:16:21,822][flwr][INFO] - aggregate_fit: received 5 results and 0 failures
[2026-06-05 17:16:25,300][flwr][INFO] - fit progress: (11, 177.929429769516, {'accuracy': 0.2684}, 242.42922479999834)
[2026-06-05 17:16:25,302][flwr][INFO] - configure_evaluate: strategy sampled 10 clients (out of 10)
[2026-06-05 17:16:30,875][flwr][INFO] - aggregate_evaluate: received 10 results and 0 failures
[2026-06-05 17:16:30,883][flwr][INFO] - 
[2026-06-05 17:16:30,883][flwr][INFO] - [ROUND 12]
[2026-06-05 17:16:30,883][flwr][INFO] - configure_fit: strategy sampled 5 clients (out of 10)
[2026-06-05 17:16:38,636][flwr][INFO] - aggregate_fit: received 5 results and 0 failures
[2026-06-05 17:16:42,247][flwr][INFO] - fit progress: (12, 177.929429769516, {'accuracy': 0.2684}, 259.37617690000116)
[2026-06-05 17:16:42,247][flwr][INFO] - configure_evaluate: strategy sampled 10 clients (out of 10)
[2026-06-05 17:16:47,803][flwr][INFO] - aggregate_evaluate: received 10 results and 0 failures
[2026-06-05 17:16:47,803][flwr][INFO] - 
[2026-06-05 17:16:47,803][flwr][INFO] - [ROUND 13]
[2026-06-05 17:16:47,803][flwr][INFO] - configure_fit: strategy sampled 5 clients (out of 10)
[2026-06-05 17:17:02,048][flwr][INFO] - aggregate_fit: received 5 results and 0 failures
[2026-06-05 17:17:05,825][flwr][INFO] - fit progress: (13, 251.90371227264404, {'accuracy': 0.2222}, 282.9542825999997)
[2026-06-05 17:17:05,827][flwr][INFO] - configure_evaluate: strategy sampled 10 clients (out of 10)
[2026-06-05 17:17:11,656][flwr][INFO] - aggregate_evaluate: received 10 results and 0 failures
[2026-06-05 17:17:11,656][flwr][INFO] - 
[2026-06-05 17:17:11,657][flwr][INFO] - [ROUND 14]
[2026-06-05 17:17:11,657][flwr][INFO] - configure_fit: strategy sampled 5 clients (out of 10)
[2026-06-05 17:17:19,440][flwr][INFO] - aggregate_fit: received 5 results and 0 failures
[2026-06-05 17:17:23,027][flwr][INFO] - fit progress: (14, 251.90371227264404, {'accuracy': 0.2222}, 300.15521290000106)
[2026-06-05 17:17:23,027][flwr][INFO] - configure_evaluate: strategy sampled 10 clients (out of 10)
[2026-06-05 17:17:28,776][flwr][INFO] - aggregate_evaluate: received 10 results and 0 failures
[2026-06-05 17:17:28,784][flwr][INFO] - 
[2026-06-05 17:17:28,784][flwr][INFO] - [ROUND 15]
[2026-06-05 17:17:28,784][flwr][INFO] - configure_fit: strategy sampled 5 clients (out of 10)
[2026-06-05 17:17:44,373][flwr][INFO] - aggregate_fit: received 5 results and 0 failures
[2026-06-05 17:17:47,876][flwr][INFO] - fit progress: (15, 270.3737108707428, {'accuracy': 0.2062}, 325.0053681999998)
[2026-06-05 17:17:47,878][flwr][INFO] - configure_evaluate: strategy sampled 10 clients (out of 10)
[2026-06-05 17:17:53,417][flwr][INFO] - aggregate_evaluate: received 10 results and 0 failures
[2026-06-05 17:17:53,417][flwr][INFO] - 
[2026-06-05 17:17:53,417][flwr][INFO] - [ROUND 16]
[2026-06-05 17:17:53,417][flwr][INFO] - configure_fit: strategy sampled 5 clients (out of 10)
[2026-06-05 17:18:01,468][flwr][INFO] - aggregate_fit: received 5 results and 0 failures
[2026-06-05 17:18:05,069][flwr][INFO] - fit progress: (16, 270.3737108707428, {'accuracy': 0.2062}, 342.1996685000013)
[2026-06-05 17:18:05,069][flwr][INFO] - configure_evaluate: strategy sampled 10 clients (out of 10)
[2026-06-05 17:18:10,506][flwr][INFO] - aggregate_evaluate: received 10 results and 0 failures
[2026-06-05 17:18:10,506][flwr][INFO] - 
[2026-06-05 17:18:10,506][flwr][INFO] - [ROUND 17]
[2026-06-05 17:18:10,506][flwr][INFO] - configure_fit: strategy sampled 5 clients (out of 10)
[2026-06-05 17:18:28,476][flwr][INFO] - aggregate_fit: received 5 results and 0 failures
[2026-06-05 17:18:32,043][flwr][INFO] - fit progress: (17, 275.2036392688751, {'accuracy': 0.2168}, 369.17799580000064)
[2026-06-05 17:18:32,043][flwr][INFO] - configure_evaluate: strategy sampled 10 clients (out of 10)
[2026-06-05 17:18:37,629][flwr][INFO] - aggregate_evaluate: received 10 results and 0 failures
[2026-06-05 17:18:37,629][flwr][INFO] - 
[2026-06-05 17:18:37,629][flwr][INFO] - [ROUND 18]
[2026-06-05 17:18:37,637][flwr][INFO] - configure_fit: strategy sampled 5 clients (out of 10)
[2026-06-05 17:18:44,284][flwr][INFO] - aggregate_fit: received 5 results and 0 failures
[2026-06-05 17:18:47,762][flwr][INFO] - fit progress: (18, 275.2036392688751, {'accuracy': 0.2168}, 384.8918980999988)
[2026-06-05 17:18:47,762][flwr][INFO] - configure_evaluate: strategy sampled 10 clients (out of 10)
[2026-06-05 17:18:53,331][flwr][INFO] - aggregate_evaluate: received 10 results and 0 failures
[2026-06-05 17:18:53,331][flwr][INFO] - 
[2026-06-05 17:18:53,331][flwr][INFO] - [ROUND 19]
[2026-06-05 17:18:53,339][flwr][INFO] - configure_fit: strategy sampled 5 clients (out of 10)
[2026-06-05 17:19:08,672][flwr][INFO] - aggregate_fit: received 5 results and 0 failures
[2026-06-05 17:19:12,162][flwr][INFO] - fit progress: (19, 604.5667543411255, {'accuracy': 0.2808}, 409.2915064999979)
[2026-06-05 17:19:12,162][flwr][INFO] - configure_evaluate: strategy sampled 10 clients (out of 10)
[2026-06-05 17:19:17,566][flwr][INFO] - aggregate_evaluate: received 10 results and 0 failures
[2026-06-05 17:19:17,566][flwr][INFO] - 
[2026-06-05 17:19:17,566][flwr][INFO] - [ROUND 20]
[2026-06-05 17:19:17,571][flwr][INFO] - configure_fit: strategy sampled 5 clients (out of 10)
[2026-06-05 17:19:26,473][flwr][INFO] - aggregate_fit: received 5 results and 0 failures
[2026-06-05 17:19:30,036][flwr][INFO] - fit progress: (20, 604.5667543411255, {'accuracy': 0.2808}, 427.169675000001)
[2026-06-05 17:19:30,036][flwr][INFO] - configure_evaluate: strategy sampled 10 clients (out of 10)
[2026-06-05 17:19:35,550][flwr][INFO] - aggregate_evaluate: received 10 results and 0 failures
[2026-06-05 17:19:35,550][flwr][INFO] - 
[2026-06-05 17:19:35,551][flwr][INFO] - [SUMMARY]
[2026-06-05 17:19:35,551][flwr][INFO] - Run finished 20 round(s) in 432.68s
[2026-06-05 17:19:35,552][flwr][INFO] - 	History (loss, distributed):
[2026-06-05 17:19:35,552][flwr][INFO] - 		round 1: 78.78769006729127
[2026-06-05 17:19:35,552][flwr][INFO] - 		round 2: 78.78769006729127
[2026-06-05 17:19:35,552][flwr][INFO] - 		round 3: 106.23579485416413
[2026-06-05 17:19:35,552][flwr][INFO] - 		round 4: 106.23579485416413
[2026-06-05 17:19:35,552][flwr][INFO] - 		round 5: 115.62790236473083
[2026-06-05 17:19:35,552][flwr][INFO] - 		round 6: 115.62790236473083
[2026-06-05 17:19:35,552][flwr][INFO] - 		round 7: 95.5921912074089
[2026-06-05 17:19:35,552][flwr][INFO] - 		round 8: 95.5921912074089
[2026-06-05 17:19:35,552][flwr][INFO] - 		round 9: 144.36262743473054
[2026-06-05 17:19:35,552][flwr][INFO] - 		round 10: 144.36262743473054
[2026-06-05 17:19:35,552][flwr][INFO] - 		round 11: 71.8496597647667
[2026-06-05 17:19:35,552][flwr][INFO] - 		round 12: 71.8496597647667
[2026-06-05 17:19:35,552][flwr][INFO] - 		round 13: 101.52221266031265
[2026-06-05 17:19:35,552][flwr][INFO] - 		round 14: 101.52221266031265
[2026-06-05 17:19:35,552][flwr][INFO] - 		round 15: 109.1386194229126
[2026-06-05 17:19:35,556][flwr][INFO] - 		round 16: 109.1386194229126
[2026-06-05 17:19:35,556][flwr][INFO] - 		round 17: 111.38582963943482
[2026-06-05 17:19:35,556][flwr][INFO] - 		round 18: 111.38582963943482
[2026-06-05 17:19:35,556][flwr][INFO] - 		round 19: 243.35166263580322
[2026-06-05 17:19:35,556][flwr][INFO] - 		round 20: 243.35166263580322
[2026-06-05 17:19:35,557][flwr][INFO] - 	History (loss, centralized):
[2026-06-05 17:19:35,557][flwr][INFO] - 		round 0: 182.08850479125977
[2026-06-05 17:19:35,557][flwr][INFO] - 		round 1: 194.87805008888245
[2026-06-05 17:19:35,557][flwr][INFO] - 		round 2: 194.87805008888245
[2026-06-05 17:19:35,557][flwr][INFO] - 		round 3: 263.2371156215668
[2026-06-05 17:19:35,558][flwr][INFO] - 		round 4: 263.2371156215668
[2026-06-05 17:19:35,558][flwr][INFO] - 		round 5: 285.6971323490143
[2026-06-05 17:19:35,558][flwr][INFO] - 		round 6: 285.6971323490143
[2026-06-05 17:19:35,558][flwr][INFO] - 		round 7: 236.7366726398468
[2026-06-05 17:19:35,558][flwr][INFO] - 		round 8: 236.7366726398468
[2026-06-05 17:19:35,559][flwr][INFO] - 		round 9: 358.0812783241272
[2026-06-05 17:19:35,559][flwr][INFO] - 		round 10: 358.0812783241272
[2026-06-05 17:19:35,559][flwr][INFO] - 		round 11: 177.929429769516
[2026-06-05 17:19:35,559][flwr][INFO] - 		round 12: 177.929429769516
[2026-06-05 17:19:35,559][flwr][INFO] - 		round 13: 251.90371227264404
[2026-06-05 17:19:35,560][flwr][INFO] - 		round 14: 251.90371227264404
[2026-06-05 17:19:35,560][flwr][INFO] - 		round 15: 270.3737108707428
[2026-06-05 17:19:35,560][flwr][INFO] - 		round 16: 270.3737108707428
[2026-06-05 17:19:35,561][flwr][INFO] - 		round 17: 275.2036392688751
[2026-06-05 17:19:35,561][flwr][INFO] - 		round 18: 275.2036392688751
[2026-06-05 17:19:35,561][flwr][INFO] - 		round 19: 604.5667543411255
[2026-06-05 17:19:35,561][flwr][INFO] - 		round 20: 604.5667543411255
[2026-06-05 17:19:35,561][flwr][INFO] - 	History (metrics, centralized):
[2026-06-05 17:19:35,561][flwr][INFO] - 	{'accuracy': [(0, 0.1135),
[2026-06-05 17:19:35,561][flwr][INFO] - 	              (1, 0.1412),
[2026-06-05 17:19:35,561][flwr][INFO] - 	              (2, 0.1412),
[2026-06-05 17:19:35,561][flwr][INFO] - 	              (3, 0.192),
[2026-06-05 17:19:35,561][flwr][INFO] - 	              (4, 0.192),
[2026-06-05 17:19:35,561][flwr][INFO] - 	              (5, 0.1608),
[2026-06-05 17:19:35,561][flwr][INFO] - 	              (6, 0.1608),
[2026-06-05 17:19:35,561][flwr][INFO] - 	              (7, 0.1781),
[2026-06-05 17:19:35,561][flwr][INFO] - 	              (8, 0.1781),
[2026-06-05 17:19:35,561][flwr][INFO] - 	              (9, 0.1135),
[2026-06-05 17:19:35,561][flwr][INFO] - 	              (10, 0.1135),
[2026-06-05 17:19:35,561][flwr][INFO] - 	              (11, 0.2684),
[2026-06-05 17:19:35,561][flwr][INFO] - 	              (12, 0.2684),
[2026-06-05 17:19:35,561][flwr][INFO] - 	              (13, 0.2222),
[2026-06-05 17:19:35,561][flwr][INFO] - 	              (14, 0.2222),
[2026-06-05 17:19:35,561][flwr][INFO] - 	              (15, 0.2062),
[2026-06-05 17:19:35,561][flwr][INFO] - 	              (16, 0.2062),
[2026-06-05 17:19:35,561][flwr][INFO] - 	              (17, 0.2168),
[2026-06-05 17:19:35,561][flwr][INFO] - 	              (18, 0.2168),
[2026-06-05 17:19:35,566][flwr][INFO] - 	              (19, 0.2808),
[2026-06-05 17:19:35,566][flwr][INFO] - 	              (20, 0.2808)]}
[2026-06-05 17:19:35,566][flwr][INFO] - 
