[2026-05-31 23:03:16,856][flwr][WARNING] - DEPRECATED FEATURE: flwr.simulation.start_simulation() is deprecated.
	Instead, use the `flwr run` CLI command to start a local simulation in your Flower app, as shown for example below:

		$ flwr new  # Create a new Flower app from a template

		$ flwr run  # Run the Flower app in Simulation Mode

	Using `start_simulation()` is deprecated.

            This is a deprecated feature. It will be removed
            entirely in future versions of Flower.
        
[2026-05-31 23:03:16,872][flwr][INFO] - Starting Flower simulation, config: num_rounds=10, no round_timeout
[2026-05-31 23:03:21,146][flwr][INFO] - Flower VCE: Ray initialized with resources: {'object_store_memory': 2215010304.0, 'GPU': 1.0, 'memory': 5168357376.0, 'node:__internal_head__': 1.0, 'accelerator_type:G': 1.0, 'node:127.0.0.1': 1.0, 'CPU': 8.0}
[2026-05-31 23:03:21,146][flwr][INFO] - Optimize your simulation with Flower VCE: https://flower.ai/docs/framework/how-to-run-simulations.html
[2026-05-31 23:03:21,146][flwr][INFO] - Flower VCE: Resources for each Virtual Client: {'num_cpus': 1.0, 'num_gpus': 0.25}
[2026-05-31 23:03:21,173][flwr][INFO] - Flower VCE: Creating VirtualClientEngineActorPool with 4 actors
[2026-05-31 23:03:21,175][flwr][INFO] - [INIT]
[2026-05-31 23:03:21,176][flwr][INFO] - Requesting initial parameters from one random client
[2026-05-31 23:03:27,681][flwr][INFO] - Received initial parameters from one random client
[2026-05-31 23:03:27,681][flwr][INFO] - Starting evaluation of initial global parameters
[2026-05-31 23:03:31,343][flwr][INFO] - initial parameters (loss, other metrics): 182.42020773887634, {'accuracy': 0.0958}
[2026-05-31 23:03:31,344][flwr][INFO] - 
[2026-05-31 23:03:31,344][flwr][INFO] - [ROUND 1]
[2026-05-31 23:03:31,345][flwr][INFO] - configure_fit: strategy sampled 5 clients (out of 10)
[2026-05-31 23:04:13,506][flwr][INFO] - aggregate_fit: received 5 results and 0 failures
[2026-05-31 23:04:17,331][flwr][INFO] - fit progress: (1, 270.9398617744446, {'accuracy': 0.4208}, 45.99297739999747)
[2026-05-31 23:04:17,331][flwr][INFO] - configure_evaluate: strategy sampled 10 clients (out of 10)
[2026-05-31 23:04:22,807][flwr][INFO] - aggregate_evaluate: received 10 results and 0 failures
[2026-05-31 23:04:22,807][flwr][WARNING] - No evaluate_metrics_aggregation_fn provided
[2026-05-31 23:04:22,807][flwr][INFO] - 
[2026-05-31 23:04:22,807][flwr][INFO] - [ROUND 2]
[2026-05-31 23:04:22,807][flwr][INFO] - configure_fit: strategy sampled 5 clients (out of 10)
[2026-05-31 23:04:59,731][flwr][INFO] - aggregate_fit: received 5 results and 0 failures
[2026-05-31 23:05:03,196][flwr][INFO] - fit progress: (2, 277.1343643665314, {'accuracy': 0.5565}, 91.8562763000009)
[2026-05-31 23:05:03,196][flwr][INFO] - configure_evaluate: strategy sampled 10 clients (out of 10)
[2026-05-31 23:05:08,772][flwr][INFO] - aggregate_evaluate: received 10 results and 0 failures
[2026-05-31 23:05:08,773][flwr][INFO] - 
[2026-05-31 23:05:08,773][flwr][INFO] - [ROUND 3]
[2026-05-31 23:05:08,773][flwr][INFO] - configure_fit: strategy sampled 5 clients (out of 10)
[2026-05-31 23:05:49,946][flwr][INFO] - aggregate_fit: received 5 results and 0 failures
[2026-05-31 23:05:53,380][flwr][INFO] - fit progress: (3, 262.0206046104431, {'accuracy': 0.5674}, 142.0449182999946)
[2026-05-31 23:05:53,380][flwr][INFO] - configure_evaluate: strategy sampled 10 clients (out of 10)
[2026-05-31 23:05:58,706][flwr][INFO] - aggregate_evaluate: received 10 results and 0 failures
[2026-05-31 23:05:58,706][flwr][INFO] - 
[2026-05-31 23:05:58,706][flwr][INFO] - [ROUND 4]
[2026-05-31 23:05:58,706][flwr][INFO] - configure_fit: strategy sampled 5 clients (out of 10)
[2026-05-31 23:06:33,581][flwr][INFO] - aggregate_fit: received 5 results and 0 failures
[2026-05-31 23:06:37,272][flwr][INFO] - fit progress: (4, 334.19953441619873, {'accuracy': 0.5569}, 185.93073390000063)
[2026-05-31 23:06:37,272][flwr][INFO] - configure_evaluate: strategy sampled 10 clients (out of 10)
[2026-05-31 23:06:42,696][flwr][INFO] - aggregate_evaluate: received 10 results and 0 failures
[2026-05-31 23:06:42,696][flwr][INFO] - 
[2026-05-31 23:06:42,696][flwr][INFO] - [ROUND 5]
[2026-05-31 23:06:42,696][flwr][INFO] - configure_fit: strategy sampled 5 clients (out of 10)
[2026-05-31 23:07:24,546][flwr][INFO] - aggregate_fit: received 5 results and 0 failures
[2026-05-31 23:07:28,180][flwr][INFO] - fit progress: (5, 326.56017303466797, {'accuracy': 0.5636}, 236.83974309999758)
[2026-05-31 23:07:28,180][flwr][INFO] - configure_evaluate: strategy sampled 10 clients (out of 10)
[2026-05-31 23:07:33,715][flwr][INFO] - aggregate_evaluate: received 10 results and 0 failures
[2026-05-31 23:07:33,715][flwr][INFO] - 
[2026-05-31 23:07:33,715][flwr][INFO] - [ROUND 6]
[2026-05-31 23:07:33,715][flwr][INFO] - configure_fit: strategy sampled 5 clients (out of 10)
[2026-05-31 23:08:13,306][flwr][INFO] - aggregate_fit: received 5 results and 0 failures
[2026-05-31 23:08:16,856][flwr][INFO] - fit progress: (6, 287.81768918037415, {'accuracy': 0.5839}, 285.51618159999634)
[2026-05-31 23:08:16,856][flwr][INFO] - configure_evaluate: strategy sampled 10 clients (out of 10)
[2026-05-31 23:08:22,546][flwr][INFO] - aggregate_evaluate: received 10 results and 0 failures
[2026-05-31 23:08:22,546][flwr][INFO] - 
[2026-05-31 23:08:22,546][flwr][INFO] - [ROUND 7]
[2026-05-31 23:08:22,546][flwr][INFO] - configure_fit: strategy sampled 5 clients (out of 10)
[2026-05-31 23:08:59,881][flwr][INFO] - aggregate_fit: received 5 results and 0 failures
[2026-05-31 23:09:03,373][flwr][INFO] - fit progress: (7, 231.7600450515747, {'accuracy': 0.6147}, 332.02879720000055)
[2026-05-31 23:09:03,373][flwr][INFO] - configure_evaluate: strategy sampled 10 clients (out of 10)
[2026-05-31 23:09:08,781][flwr][INFO] - aggregate_evaluate: received 10 results and 0 failures
[2026-05-31 23:09:08,797][flwr][INFO] - 
[2026-05-31 23:09:08,797][flwr][INFO] - [ROUND 8]
[2026-05-31 23:09:08,797][flwr][INFO] - configure_fit: strategy sampled 5 clients (out of 10)
[2026-05-31 23:09:44,181][flwr][INFO] - aggregate_fit: received 5 results and 0 failures
[2026-05-31 23:09:47,630][flwr][INFO] - fit progress: (8, 240.8075988292694, {'accuracy': 0.6022}, 376.2876221999977)
[2026-05-31 23:09:47,630][flwr][INFO] - configure_evaluate: strategy sampled 10 clients (out of 10)
[2026-05-31 23:09:52,957][flwr][INFO] - aggregate_evaluate: received 10 results and 0 failures
[2026-05-31 23:09:52,957][flwr][INFO] - 
[2026-05-31 23:09:52,957][flwr][INFO] - [ROUND 9]
[2026-05-31 23:09:52,957][flwr][INFO] - configure_fit: strategy sampled 5 clients (out of 10)
[2026-05-31 23:10:32,280][flwr][INFO] - aggregate_fit: received 5 results and 0 failures
[2026-05-31 23:10:35,731][flwr][INFO] - fit progress: (9, 209.65435242652893, {'accuracy': 0.6619}, 424.40113819999533)
[2026-05-31 23:10:35,731][flwr][INFO] - configure_evaluate: strategy sampled 10 clients (out of 10)
[2026-05-31 23:10:41,206][flwr][INFO] - aggregate_evaluate: received 10 results and 0 failures
[2026-05-31 23:10:41,206][flwr][INFO] - 
[2026-05-31 23:10:41,206][flwr][INFO] - [ROUND 10]
[2026-05-31 23:10:41,206][flwr][INFO] - configure_fit: strategy sampled 5 clients (out of 10)
[2026-05-31 23:11:22,872][flwr][INFO] - aggregate_fit: received 5 results and 0 failures
[2026-05-31 23:11:26,373][flwr][INFO] - fit progress: (10, 189.12082767486572, {'accuracy': 0.644}, 475.03043349999643)
[2026-05-31 23:11:26,373][flwr][INFO] - configure_evaluate: strategy sampled 10 clients (out of 10)
[2026-05-31 23:11:31,922][flwr][INFO] - aggregate_evaluate: received 10 results and 0 failures
[2026-05-31 23:11:31,922][flwr][INFO] - 
[2026-05-31 23:11:31,922][flwr][INFO] - [SUMMARY]
[2026-05-31 23:11:31,922][flwr][INFO] - Run finished 10 round(s) in 480.58s
[2026-05-31 23:11:31,922][flwr][INFO] - 	History (loss, distributed):
[2026-05-31 23:11:31,922][flwr][INFO] - 		round 1: 109.65766961574555
[2026-05-31 23:11:31,922][flwr][INFO] - 		round 2: 112.16111686229706
[2026-05-31 23:11:31,922][flwr][INFO] - 		round 3: 105.71792412996292
[2026-05-31 23:11:31,922][flwr][INFO] - 		round 4: 135.08022800683975
[2026-05-31 23:11:31,922][flwr][INFO] - 		round 5: 131.98018925189973
[2026-05-31 23:11:31,922][flwr][INFO] - 		round 6: 116.18785192966462
[2026-05-31 23:11:31,922][flwr][INFO] - 		round 7: 93.56649713516235
[2026-05-31 23:11:31,922][flwr][INFO] - 		round 8: 97.21584799289704
[2026-05-31 23:11:31,922][flwr][INFO] - 		round 9: 84.60048202872277
[2026-05-31 23:11:31,922][flwr][INFO] - 		round 10: 76.45790481567383
[2026-05-31 23:11:31,929][flwr][INFO] - 	History (loss, centralized):
[2026-05-31 23:11:31,929][flwr][INFO] - 		round 0: 182.42020773887634
[2026-05-31 23:11:31,929][flwr][INFO] - 		round 1: 270.9398617744446
[2026-05-31 23:11:31,929][flwr][INFO] - 		round 2: 277.1343643665314
[2026-05-31 23:11:31,929][flwr][INFO] - 		round 3: 262.0206046104431
[2026-05-31 23:11:31,930][flwr][INFO] - 		round 4: 334.19953441619873
[2026-05-31 23:11:31,930][flwr][INFO] - 		round 5: 326.56017303466797
[2026-05-31 23:11:31,930][flwr][INFO] - 		round 6: 287.81768918037415
[2026-05-31 23:11:31,930][flwr][INFO] - 		round 7: 231.7600450515747
[2026-05-31 23:11:31,931][flwr][INFO] - 		round 8: 240.8075988292694
[2026-05-31 23:11:31,931][flwr][INFO] - 		round 9: 209.65435242652893
[2026-05-31 23:11:31,931][flwr][INFO] - 		round 10: 189.12082767486572
[2026-05-31 23:11:31,931][flwr][INFO] - 	History (metrics, distributed, fit):
[2026-05-31 23:11:31,931][flwr][INFO] - 	{'delta_norm': [(1, 0.10200225561857224),
[2026-05-31 23:11:31,931][flwr][INFO] - 	                (2, 0.27923640608787537),
[2026-05-31 23:11:31,931][flwr][INFO] - 	                (3, 0.217363640666008),
[2026-05-31 23:11:31,931][flwr][INFO] - 	                (4, 0.07682228088378906),
[2026-05-31 23:11:31,933][flwr][INFO] - 	                (5, 0.09145336598157883),
[2026-05-31 23:11:31,933][flwr][INFO] - 	                (6, 0.09203673154115677),
[2026-05-31 23:11:31,933][flwr][INFO] - 	                (7, 0.07790570706129074),
[2026-05-31 23:11:31,934][flwr][INFO] - 	                (8, 0.04282934591174126),
[2026-05-31 23:11:31,934][flwr][INFO] - 	                (9, 0.06119800731539726),
[2026-05-31 23:11:31,934][flwr][INFO] - 	                (10, 0.04363125562667847)]}
[2026-05-31 23:11:31,934][flwr][INFO] - 	History (metrics, centralized):
[2026-05-31 23:11:31,934][flwr][INFO] - 	{'accuracy': [(0, 0.0958),
[2026-05-31 23:11:31,934][flwr][INFO] - 	              (1, 0.4208),
[2026-05-31 23:11:31,934][flwr][INFO] - 	              (2, 0.5565),
[2026-05-31 23:11:31,934][flwr][INFO] - 	              (3, 0.5674),
[2026-05-31 23:11:31,934][flwr][INFO] - 	              (4, 0.5569),
[2026-05-31 23:11:31,934][flwr][INFO] - 	              (5, 0.5636),
[2026-05-31 23:11:31,934][flwr][INFO] - 	              (6, 0.5839),
[2026-05-31 23:11:31,934][flwr][INFO] - 	              (7, 0.6147),
[2026-05-31 23:11:31,934][flwr][INFO] - 	              (8, 0.6022),
[2026-05-31 23:11:31,934][flwr][INFO] - 	              (9, 0.6619),
[2026-05-31 23:11:31,934][flwr][INFO] - 	              (10, 0.644)]}
[2026-05-31 23:11:31,934][flwr][INFO] - 
