[2026-06-08 00:37:12,506][flwr][WARNING] - DEPRECATED FEATURE: flwr.simulation.start_simulation() is deprecated.
	Instead, use the `flwr run` CLI command to start a local simulation in your Flower app, as shown for example below:

		$ flwr new  # Create a new Flower app from a template

		$ flwr run  # Run the Flower app in Simulation Mode

	Using `start_simulation()` is deprecated.

            This is a deprecated feature. It will be removed
            entirely in future versions of Flower.
        
[2026-06-08 00:37:12,508][flwr][INFO] - Starting Flower simulation, config: num_rounds=50, no round_timeout
[2026-06-08 00:37:17,112][flwr][INFO] - Flower VCE: Ray initialized with resources: {'node:127.0.0.1': 1.0, 'GPU': 1.0, 'memory': 8362759373.0, 'node:__internal_head__': 1.0, 'accelerator_type:G': 1.0, 'object_store_memory': 3584039731.0, 'CPU': 8.0}
[2026-06-08 00:37:17,112][flwr][INFO] - Optimize your simulation with Flower VCE: https://flower.ai/docs/framework/how-to-run-simulations.html
[2026-06-08 00:37:17,112][flwr][INFO] - Flower VCE: Resources for each Virtual Client: {'num_cpus': 1.0, 'num_gpus': 0.25}
[2026-06-08 00:37:17,136][flwr][INFO] - Flower VCE: Creating VirtualClientEngineActorPool with 4 actors
[2026-06-08 00:37:17,136][flwr][INFO] - [INIT]
[2026-06-08 00:37:17,136][flwr][INFO] - Requesting initial parameters from one random client
[2026-06-08 00:37:23,536][flwr][INFO] - Received initial parameters from one random client
[2026-06-08 00:37:23,536][flwr][INFO] - Starting evaluation of initial global parameters
[2026-06-08 00:37:27,061][flwr][INFO] - initial parameters (loss, other metrics): 182.26242470741272, {'accuracy': 0.1031}
[2026-06-08 00:37:27,061][flwr][INFO] - 
[2026-06-08 00:37:27,061][flwr][INFO] - [ROUND 1]
[2026-06-08 00:37:27,061][flwr][INFO] - configure_fit: strategy sampled 5 clients (out of 10)
[2026-06-08 00:38:16,452][flwr][INFO] - aggregate_fit: received 5 results and 0 failures
[2026-06-08 00:38:19,912][flwr][INFO] - fit progress: (1, 169.6392183303833, {'accuracy': 0.2173}, 52.85318879999977)
[2026-06-08 00:38:19,912][flwr][INFO] - configure_evaluate: strategy sampled 10 clients (out of 10)
[2026-06-08 00:38:25,186][flwr][INFO] - aggregate_evaluate: received 10 results and 0 failures
[2026-06-08 00:38:25,186][flwr][WARNING] - No evaluate_metrics_aggregation_fn provided
[2026-06-08 00:38:25,186][flwr][INFO] - 
[2026-06-08 00:38:25,186][flwr][INFO] - [ROUND 2]
[2026-06-08 00:38:25,186][flwr][INFO] - configure_fit: strategy sampled 5 clients (out of 10)
[2026-06-08 00:39:04,578][flwr][INFO] - aggregate_fit: received 5 results and 0 failures
[2026-06-08 00:39:07,961][flwr][INFO] - fit progress: (2, 94.59455412626266, {'accuracy': 0.6605}, 100.89974879999863)
[2026-06-08 00:39:07,961][flwr][INFO] - configure_evaluate: strategy sampled 10 clients (out of 10)
[2026-06-08 00:39:13,236][flwr][INFO] - aggregate_evaluate: received 10 results and 0 failures
[2026-06-08 00:39:13,236][flwr][INFO] - 
[2026-06-08 00:39:13,236][flwr][INFO] - [ROUND 3]
[2026-06-08 00:39:13,236][flwr][INFO] - configure_fit: strategy sampled 5 clients (out of 10)
[2026-06-08 00:39:53,662][flwr][INFO] - aggregate_fit: received 5 results and 0 failures
[2026-06-08 00:39:57,077][flwr][INFO] - fit progress: (3, 152.74804556369781, {'accuracy': 0.5867}, 150.01543649999985)
[2026-06-08 00:39:57,077][flwr][INFO] - configure_evaluate: strategy sampled 10 clients (out of 10)
[2026-06-08 00:40:02,361][flwr][INFO] - aggregate_evaluate: received 10 results and 0 failures
[2026-06-08 00:40:02,361][flwr][INFO] - 
[2026-06-08 00:40:02,361][flwr][INFO] - [ROUND 4]
[2026-06-08 00:40:02,361][flwr][INFO] - configure_fit: strategy sampled 5 clients (out of 10)
[2026-06-08 00:40:42,612][flwr][INFO] - aggregate_fit: received 5 results and 0 failures
[2026-06-08 00:40:46,036][flwr][INFO] - fit progress: (4, 98.67936927080154, {'accuracy': 0.6859}, 198.9734456999995)
[2026-06-08 00:40:46,036][flwr][INFO] - configure_evaluate: strategy sampled 10 clients (out of 10)
[2026-06-08 00:40:51,312][flwr][INFO] - aggregate_evaluate: received 10 results and 0 failures
[2026-06-08 00:40:51,312][flwr][INFO] - 
[2026-06-08 00:40:51,312][flwr][INFO] - [ROUND 5]
[2026-06-08 00:40:51,312][flwr][INFO] - configure_fit: strategy sampled 5 clients (out of 10)
[2026-06-08 00:41:20,777][flwr][INFO] - aggregate_fit: received 5 results and 0 failures
[2026-06-08 00:41:24,136][flwr][INFO] - fit progress: (5, 139.87857055664062, {'accuracy': 0.6796}, 237.07815239999945)
[2026-06-08 00:41:24,136][flwr][INFO] - configure_evaluate: strategy sampled 10 clients (out of 10)
[2026-06-08 00:41:29,478][flwr][INFO] - aggregate_evaluate: received 10 results and 0 failures
[2026-06-08 00:41:29,478][flwr][INFO] - 
[2026-06-08 00:41:29,478][flwr][INFO] - [ROUND 6]
[2026-06-08 00:41:29,478][flwr][INFO] - configure_fit: strategy sampled 5 clients (out of 10)
[2026-06-08 00:42:02,278][flwr][INFO] - aggregate_fit: received 5 results and 0 failures
[2026-06-08 00:42:05,677][flwr][INFO] - fit progress: (6, 63.89121770858765, {'accuracy': 0.7433}, 278.6094241999999)
[2026-06-08 00:42:05,677][flwr][INFO] - configure_evaluate: strategy sampled 10 clients (out of 10)
[2026-06-08 00:42:10,862][flwr][INFO] - aggregate_evaluate: received 10 results and 0 failures
[2026-06-08 00:42:10,862][flwr][INFO] - 
[2026-06-08 00:42:10,862][flwr][INFO] - [ROUND 7]
[2026-06-08 00:42:10,862][flwr][INFO] - configure_fit: strategy sampled 5 clients (out of 10)
[2026-06-08 00:42:46,136][flwr][INFO] - aggregate_fit: received 5 results and 0 failures
[2026-06-08 00:42:49,511][flwr][INFO] - fit progress: (7, 70.10227760672569, {'accuracy': 0.788}, 322.4478408999985)
[2026-06-08 00:42:49,511][flwr][INFO] - configure_evaluate: strategy sampled 10 clients (out of 10)
[2026-06-08 00:42:54,777][flwr][INFO] - aggregate_evaluate: received 10 results and 0 failures
[2026-06-08 00:42:54,777][flwr][INFO] - 
[2026-06-08 00:42:54,777][flwr][INFO] - [ROUND 8]
[2026-06-08 00:42:54,777][flwr][INFO] - configure_fit: strategy sampled 5 clients (out of 10)
[2026-06-08 00:43:26,062][flwr][INFO] - aggregate_fit: received 5 results and 0 failures
[2026-06-08 00:43:29,412][flwr][INFO] - fit progress: (8, 142.59658408164978, {'accuracy': 0.6969}, 362.34993499999837)
[2026-06-08 00:43:29,412][flwr][INFO] - configure_evaluate: strategy sampled 10 clients (out of 10)
[2026-06-08 00:43:34,627][flwr][INFO] - aggregate_evaluate: received 10 results and 0 failures
[2026-06-08 00:43:34,627][flwr][INFO] - 
[2026-06-08 00:43:34,627][flwr][INFO] - [ROUND 9]
[2026-06-08 00:43:34,627][flwr][INFO] - configure_fit: strategy sampled 5 clients (out of 10)
[2026-06-08 00:44:02,662][flwr][INFO] - aggregate_fit: received 5 results and 0 failures
[2026-06-08 00:44:06,102][flwr][INFO] - fit progress: (9, 66.5384002327919, {'accuracy': 0.7111}, 399.03910929999984)
[2026-06-08 00:44:06,102][flwr][INFO] - configure_evaluate: strategy sampled 10 clients (out of 10)
[2026-06-08 00:44:11,336][flwr][INFO] - aggregate_evaluate: received 10 results and 0 failures
[2026-06-08 00:44:11,336][flwr][INFO] - 
[2026-06-08 00:44:11,336][flwr][INFO] - [ROUND 10]
[2026-06-08 00:44:11,336][flwr][INFO] - configure_fit: strategy sampled 5 clients (out of 10)
[2026-06-08 00:44:39,612][flwr][INFO] - aggregate_fit: received 5 results and 0 failures
[2026-06-08 00:44:42,977][flwr][INFO] - fit progress: (10, 27.60556385666132, {'accuracy': 0.8738}, 435.90905399999974)
[2026-06-08 00:44:42,977][flwr][INFO] - configure_evaluate: strategy sampled 10 clients (out of 10)
[2026-06-08 00:44:48,278][flwr][INFO] - aggregate_evaluate: received 10 results and 0 failures
[2026-06-08 00:44:48,278][flwr][INFO] - 
[2026-06-08 00:44:48,278][flwr][INFO] - [ROUND 11]
[2026-06-08 00:44:48,278][flwr][INFO] - configure_fit: strategy sampled 5 clients (out of 10)
[2026-06-08 00:45:22,936][flwr][INFO] - aggregate_fit: received 5 results and 0 failures
[2026-06-08 00:45:26,302][flwr][INFO] - fit progress: (11, 16.0621040686965, {'accuracy': 0.9225}, 479.24131829999897)
[2026-06-08 00:45:26,302][flwr][INFO] - configure_evaluate: strategy sampled 10 clients (out of 10)
[2026-06-08 00:45:31,612][flwr][INFO] - aggregate_evaluate: received 10 results and 0 failures
[2026-06-08 00:45:31,612][flwr][INFO] - 
[2026-06-08 00:45:31,612][flwr][INFO] - [ROUND 12]
[2026-06-08 00:45:31,612][flwr][INFO] - configure_fit: strategy sampled 5 clients (out of 10)
[2026-06-08 00:45:59,977][flwr][INFO] - aggregate_fit: received 5 results and 0 failures
[2026-06-08 00:46:03,412][flwr][INFO] - fit progress: (12, 17.8570684120059, {'accuracy': 0.9303}, 516.3465823999995)
[2026-06-08 00:46:03,412][flwr][INFO] - configure_evaluate: strategy sampled 10 clients (out of 10)
[2026-06-08 00:46:08,612][flwr][INFO] - aggregate_evaluate: received 10 results and 0 failures
[2026-06-08 00:46:08,612][flwr][INFO] - 
[2026-06-08 00:46:08,612][flwr][INFO] - [ROUND 13]
[2026-06-08 00:46:08,612][flwr][INFO] - configure_fit: strategy sampled 5 clients (out of 10)
[2026-06-08 00:46:42,212][flwr][INFO] - aggregate_fit: received 5 results and 0 failures
[2026-06-08 00:46:45,577][flwr][INFO] - fit progress: (13, 17.73936224170029, {'accuracy': 0.936}, 558.5148769999996)
[2026-06-08 00:46:45,577][flwr][INFO] - configure_evaluate: strategy sampled 10 clients (out of 10)
[2026-06-08 00:46:50,812][flwr][INFO] - aggregate_evaluate: received 10 results and 0 failures
[2026-06-08 00:46:50,812][flwr][INFO] - 
[2026-06-08 00:46:50,812][flwr][INFO] - [ROUND 14]
[2026-06-08 00:46:50,812][flwr][INFO] - configure_fit: strategy sampled 5 clients (out of 10)
[2026-06-08 00:47:23,736][flwr][INFO] - aggregate_fit: received 5 results and 0 failures
[2026-06-08 00:47:27,062][flwr][INFO] - fit progress: (14, 8.125758096226491, {'accuracy': 0.9699}, 599.9983249999987)
[2026-06-08 00:47:27,062][flwr][INFO] - configure_evaluate: strategy sampled 10 clients (out of 10)
[2026-06-08 00:47:32,262][flwr][INFO] - aggregate_evaluate: received 10 results and 0 failures
[2026-06-08 00:47:32,262][flwr][INFO] - 
[2026-06-08 00:47:32,262][flwr][INFO] - [ROUND 15]
[2026-06-08 00:47:32,262][flwr][INFO] - configure_fit: strategy sampled 5 clients (out of 10)
[2026-06-08 00:48:00,636][flwr][INFO] - aggregate_fit: received 5 results and 0 failures
[2026-06-08 00:48:04,086][flwr][INFO] - fit progress: (15, 11.71936999168247, {'accuracy': 0.9515}, 637.0246681999997)
[2026-06-08 00:48:04,086][flwr][INFO] - configure_evaluate: strategy sampled 10 clients (out of 10)
[2026-06-08 00:48:09,427][flwr][INFO] - aggregate_evaluate: received 10 results and 0 failures
[2026-06-08 00:48:09,427][flwr][INFO] - 
[2026-06-08 00:48:09,436][flwr][INFO] - [ROUND 16]
[2026-06-08 00:48:09,436][flwr][INFO] - configure_fit: strategy sampled 5 clients (out of 10)
[2026-06-08 00:48:43,436][flwr][INFO] - aggregate_fit: received 5 results and 0 failures
[2026-06-08 00:48:46,762][flwr][INFO] - fit progress: (16, 12.712173294275999, {'accuracy': 0.9514}, 679.7012085999995)
[2026-06-08 00:48:46,762][flwr][INFO] - configure_evaluate: strategy sampled 10 clients (out of 10)
[2026-06-08 00:48:51,977][flwr][INFO] - aggregate_evaluate: received 10 results and 0 failures
[2026-06-08 00:48:51,977][flwr][INFO] - 
[2026-06-08 00:48:51,977][flwr][INFO] - [ROUND 17]
[2026-06-08 00:48:51,977][flwr][INFO] - configure_fit: strategy sampled 5 clients (out of 10)
[2026-06-08 00:49:19,312][flwr][INFO] - aggregate_fit: received 5 results and 0 failures
[2026-06-08 00:49:22,677][flwr][INFO] - fit progress: (17, 7.74757484451402, {'accuracy': 0.9702}, 715.6132854999996)
[2026-06-08 00:49:22,677][flwr][INFO] - configure_evaluate: strategy sampled 10 clients (out of 10)
[2026-06-08 00:49:27,912][flwr][INFO] - aggregate_evaluate: received 10 results and 0 failures
[2026-06-08 00:49:27,912][flwr][INFO] - 
[2026-06-08 00:49:27,912][flwr][INFO] - [ROUND 18]
[2026-06-08 00:49:27,912][flwr][INFO] - configure_fit: strategy sampled 5 clients (out of 10)
[2026-06-08 00:49:56,201][flwr][INFO] - aggregate_fit: received 5 results and 0 failures
[2026-06-08 00:49:59,627][flwr][INFO] - fit progress: (18, 10.158702370943502, {'accuracy': 0.9598}, 752.5665861999987)
[2026-06-08 00:49:59,636][flwr][INFO] - configure_evaluate: strategy sampled 10 clients (out of 10)
[2026-06-08 00:50:04,786][flwr][INFO] - aggregate_evaluate: received 10 results and 0 failures
[2026-06-08 00:50:04,786][flwr][INFO] - 
[2026-06-08 00:50:04,786][flwr][INFO] - [ROUND 19]
[2026-06-08 00:50:04,786][flwr][INFO] - configure_fit: strategy sampled 5 clients (out of 10)
[2026-06-08 00:50:39,362][flwr][INFO] - aggregate_fit: received 5 results and 0 failures
[2026-06-08 00:50:42,811][flwr][INFO] - fit progress: (19, 12.751325356774032, {'accuracy': 0.9514}, 795.7515645999993)
[2026-06-08 00:50:42,811][flwr][INFO] - configure_evaluate: strategy sampled 10 clients (out of 10)
[2026-06-08 00:50:48,002][flwr][INFO] - aggregate_evaluate: received 10 results and 0 failures
[2026-06-08 00:50:48,002][flwr][INFO] - 
[2026-06-08 00:50:48,002][flwr][INFO] - [ROUND 20]
[2026-06-08 00:50:48,002][flwr][INFO] - configure_fit: strategy sampled 5 clients (out of 10)
[2026-06-08 00:51:16,412][flwr][INFO] - aggregate_fit: received 5 results and 0 failures
[2026-06-08 00:51:19,812][flwr][INFO] - fit progress: (20, 26.393775576725602, {'accuracy': 0.9076}, 832.744802199999)
[2026-06-08 00:51:19,812][flwr][INFO] - configure_evaluate: strategy sampled 10 clients (out of 10)
[2026-06-08 00:51:24,986][flwr][INFO] - aggregate_evaluate: received 10 results and 0 failures
[2026-06-08 00:51:24,986][flwr][INFO] - 
[2026-06-08 00:51:24,986][flwr][INFO] - [ROUND 21]
[2026-06-08 00:51:24,986][flwr][INFO] - configure_fit: strategy sampled 5 clients (out of 10)
[2026-06-08 00:51:55,136][flwr][INFO] - aggregate_fit: received 5 results and 0 failures
[2026-06-08 00:51:58,536][flwr][INFO] - fit progress: (21, 17.821276493370533, {'accuracy': 0.9299}, 871.4750456999991)
[2026-06-08 00:51:58,536][flwr][INFO] - configure_evaluate: strategy sampled 10 clients (out of 10)
[2026-06-08 00:52:03,912][flwr][INFO] - aggregate_evaluate: received 10 results and 0 failures
[2026-06-08 00:52:03,912][flwr][INFO] - 
[2026-06-08 00:52:03,912][flwr][INFO] - [ROUND 22]
[2026-06-08 00:52:03,912][flwr][INFO] - configure_fit: strategy sampled 5 clients (out of 10)
[2026-06-08 00:52:37,712][flwr][INFO] - aggregate_fit: received 5 results and 0 failures
[2026-06-08 00:52:41,136][flwr][INFO] - fit progress: (22, 44.10491770505905, {'accuracy': 0.8528}, 914.0735677999983)
[2026-06-08 00:52:41,136][flwr][INFO] - configure_evaluate: strategy sampled 10 clients (out of 10)
[2026-06-08 00:52:46,362][flwr][INFO] - aggregate_evaluate: received 10 results and 0 failures
[2026-06-08 00:52:46,362][flwr][INFO] - 
[2026-06-08 00:52:46,362][flwr][INFO] - [ROUND 23]
[2026-06-08 00:52:46,362][flwr][INFO] - configure_fit: strategy sampled 5 clients (out of 10)
[2026-06-08 00:53:28,162][flwr][INFO] - aggregate_fit: received 5 results and 0 failures
[2026-06-08 00:53:31,527][flwr][INFO] - fit progress: (23, 17.094008361920714, {'accuracy': 0.9276}, 964.4620514999988)
[2026-06-08 00:53:31,527][flwr][INFO] - configure_evaluate: strategy sampled 10 clients (out of 10)
[2026-06-08 00:53:36,727][flwr][INFO] - aggregate_evaluate: received 10 results and 0 failures
[2026-06-08 00:53:36,727][flwr][INFO] - 
[2026-06-08 00:53:36,727][flwr][INFO] - [ROUND 24]
[2026-06-08 00:53:36,727][flwr][INFO] - configure_fit: strategy sampled 5 clients (out of 10)
[2026-06-08 00:54:11,462][flwr][INFO] - aggregate_fit: received 5 results and 0 failures
[2026-06-08 00:54:14,886][flwr][INFO] - fit progress: (24, 55.96727779507637, {'accuracy': 0.8584}, 1007.8303807999982)
[2026-06-08 00:54:14,886][flwr][INFO] - configure_evaluate: strategy sampled 10 clients (out of 10)
[2026-06-08 00:54:20,152][flwr][INFO] - aggregate_evaluate: received 10 results and 0 failures
[2026-06-08 00:54:20,152][flwr][INFO] - 
[2026-06-08 00:54:20,152][flwr][INFO] - [ROUND 25]
[2026-06-08 00:54:20,152][flwr][INFO] - configure_fit: strategy sampled 5 clients (out of 10)
[2026-06-08 00:54:58,336][flwr][INFO] - aggregate_fit: received 5 results and 0 failures
[2026-06-08 00:55:01,736][flwr][INFO] - fit progress: (25, 15.16720925271511, {'accuracy': 0.9405}, 1054.6751752)
[2026-06-08 00:55:01,736][flwr][INFO] - configure_evaluate: strategy sampled 10 clients (out of 10)
[2026-06-08 00:55:07,002][flwr][INFO] - aggregate_evaluate: received 10 results and 0 failures
[2026-06-08 00:55:07,002][flwr][INFO] - 
[2026-06-08 00:55:07,002][flwr][INFO] - [ROUND 26]
[2026-06-08 00:55:07,002][flwr][INFO] - configure_fit: strategy sampled 5 clients (out of 10)
[2026-06-08 00:55:42,162][flwr][INFO] - aggregate_fit: received 5 results and 0 failures
[2026-06-08 00:55:45,612][flwr][INFO] - fit progress: (26, 9.397311830893159, {'accuracy': 0.9637}, 1098.544697199999)
[2026-06-08 00:55:45,612][flwr][INFO] - configure_evaluate: strategy sampled 10 clients (out of 10)
[2026-06-08 00:55:50,852][flwr][INFO] - aggregate_evaluate: received 10 results and 0 failures
[2026-06-08 00:55:50,852][flwr][INFO] - 
[2026-06-08 00:55:50,852][flwr][INFO] - [ROUND 27]
[2026-06-08 00:55:50,852][flwr][INFO] - configure_fit: strategy sampled 5 clients (out of 10)
[2026-06-08 00:56:24,212][flwr][INFO] - aggregate_fit: received 5 results and 0 failures
[2026-06-08 00:56:27,636][flwr][INFO] - fit progress: (27, 19.99818445276469, {'accuracy': 0.9305}, 1140.5716323999986)
[2026-06-08 00:56:27,636][flwr][INFO] - configure_evaluate: strategy sampled 10 clients (out of 10)
[2026-06-08 00:56:33,012][flwr][INFO] - aggregate_evaluate: received 10 results and 0 failures
[2026-06-08 00:56:33,012][flwr][INFO] - 
[2026-06-08 00:56:33,012][flwr][INFO] - [ROUND 28]
[2026-06-08 00:56:33,012][flwr][INFO] - configure_fit: strategy sampled 5 clients (out of 10)
[2026-06-08 00:57:08,752][flwr][INFO] - aggregate_fit: received 5 results and 0 failures
[2026-06-08 00:57:12,211][flwr][INFO] - fit progress: (28, 15.356441773474216, {'accuracy': 0.9444}, 1185.142291099999)
[2026-06-08 00:57:12,211][flwr][INFO] - configure_evaluate: strategy sampled 10 clients (out of 10)
[2026-06-08 00:57:17,386][flwr][INFO] - aggregate_evaluate: received 10 results and 0 failures
[2026-06-08 00:57:17,386][flwr][INFO] - 
[2026-06-08 00:57:17,386][flwr][INFO] - [ROUND 29]
[2026-06-08 00:57:17,386][flwr][INFO] - configure_fit: strategy sampled 5 clients (out of 10)
[2026-06-08 00:57:50,086][flwr][INFO] - aggregate_fit: received 5 results and 0 failures
[2026-06-08 00:57:53,377][flwr][INFO] - fit progress: (29, 10.859656863147393, {'accuracy': 0.9585}, 1226.3161974999985)
[2026-06-08 00:57:53,377][flwr][INFO] - configure_evaluate: strategy sampled 10 clients (out of 10)
[2026-06-08 00:57:58,627][flwr][INFO] - aggregate_evaluate: received 10 results and 0 failures
[2026-06-08 00:57:58,627][flwr][INFO] - 
[2026-06-08 00:57:58,627][flwr][INFO] - [ROUND 30]
[2026-06-08 00:57:58,627][flwr][INFO] - configure_fit: strategy sampled 5 clients (out of 10)
[2026-06-08 00:58:35,312][flwr][INFO] - aggregate_fit: received 5 results and 0 failures
[2026-06-08 00:58:38,677][flwr][INFO] - fit progress: (30, 32.4821893684566, {'accuracy': 0.8943}, 1271.6124467999998)
[2026-06-08 00:58:38,677][flwr][INFO] - configure_evaluate: strategy sampled 10 clients (out of 10)
[2026-06-08 00:58:43,811][flwr][INFO] - aggregate_evaluate: received 10 results and 0 failures
[2026-06-08 00:58:43,811][flwr][INFO] - 
[2026-06-08 00:58:43,811][flwr][INFO] - [ROUND 31]
[2026-06-08 00:58:43,811][flwr][INFO] - configure_fit: strategy sampled 5 clients (out of 10)
[2026-06-08 00:59:12,612][flwr][INFO] - aggregate_fit: received 5 results and 0 failures
[2026-06-08 00:59:15,962][flwr][INFO] - fit progress: (31, 8.959616799314972, {'accuracy': 0.9645}, 1308.8925715999994)
[2026-06-08 00:59:15,962][flwr][INFO] - configure_evaluate: strategy sampled 10 clients (out of 10)
[2026-06-08 00:59:21,186][flwr][INFO] - aggregate_evaluate: received 10 results and 0 failures
[2026-06-08 00:59:21,186][flwr][INFO] - 
[2026-06-08 00:59:21,186][flwr][INFO] - [ROUND 32]
[2026-06-08 00:59:21,186][flwr][INFO] - configure_fit: strategy sampled 5 clients (out of 10)
[2026-06-08 00:59:50,227][flwr][INFO] - aggregate_fit: received 5 results and 0 failures
[2026-06-08 00:59:53,611][flwr][INFO] - fit progress: (32, 8.636310085188597, {'accuracy': 0.9649}, 1346.5443649999997)
[2026-06-08 00:59:53,611][flwr][INFO] - configure_evaluate: strategy sampled 10 clients (out of 10)
[2026-06-08 00:59:58,783][flwr][INFO] - aggregate_evaluate: received 10 results and 0 failures
[2026-06-08 00:59:58,783][flwr][INFO] - 
[2026-06-08 00:59:58,783][flwr][INFO] - [ROUND 33]
[2026-06-08 00:59:58,783][flwr][INFO] - configure_fit: strategy sampled 5 clients (out of 10)
[2026-06-08 01:00:27,386][flwr][INFO] - aggregate_fit: received 5 results and 0 failures
[2026-06-08 01:00:30,762][flwr][INFO] - fit progress: (33, 9.792431677225977, {'accuracy': 0.9609}, 1383.6936472999987)
[2026-06-08 01:00:30,762][flwr][INFO] - configure_evaluate: strategy sampled 10 clients (out of 10)
[2026-06-08 01:00:36,061][flwr][INFO] - aggregate_evaluate: received 10 results and 0 failures
[2026-06-08 01:00:36,061][flwr][INFO] - 
[2026-06-08 01:00:36,061][flwr][INFO] - [ROUND 34]
[2026-06-08 01:00:36,061][flwr][INFO] - configure_fit: strategy sampled 5 clients (out of 10)
[2026-06-08 01:01:05,177][flwr][INFO] - aggregate_fit: received 5 results and 0 failures
[2026-06-08 01:01:08,536][flwr][INFO] - fit progress: (34, 17.847274825675413, {'accuracy': 0.9377}, 1421.4770696999985)
[2026-06-08 01:01:08,536][flwr][INFO] - configure_evaluate: strategy sampled 10 clients (out of 10)
[2026-06-08 01:01:13,802][flwr][INFO] - aggregate_evaluate: received 10 results and 0 failures
[2026-06-08 01:01:13,802][flwr][INFO] - 
[2026-06-08 01:01:13,802][flwr][INFO] - [ROUND 35]
[2026-06-08 01:01:13,802][flwr][INFO] - configure_fit: strategy sampled 5 clients (out of 10)
[2026-06-08 01:01:45,052][flwr][INFO] - aggregate_fit: received 5 results and 0 failures
[2026-06-08 01:01:48,412][flwr][INFO] - fit progress: (35, 25.018520369194448, {'accuracy': 0.9145}, 1461.3505237999998)
[2026-06-08 01:01:48,412][flwr][INFO] - configure_evaluate: strategy sampled 10 clients (out of 10)
[2026-06-08 01:01:53,652][flwr][INFO] - aggregate_evaluate: received 10 results and 0 failures
[2026-06-08 01:01:53,652][flwr][INFO] - 
[2026-06-08 01:01:53,652][flwr][INFO] - [ROUND 36]
[2026-06-08 01:01:53,652][flwr][INFO] - configure_fit: strategy sampled 5 clients (out of 10)
[2026-06-08 01:02:25,136][flwr][INFO] - aggregate_fit: received 5 results and 0 failures
[2026-06-08 01:02:28,436][flwr][INFO] - fit progress: (36, 13.272205727174878, {'accuracy': 0.9492}, 1501.3728495999985)
[2026-06-08 01:02:28,436][flwr][INFO] - configure_evaluate: strategy sampled 10 clients (out of 10)
[2026-06-08 01:02:33,652][flwr][INFO] - aggregate_evaluate: received 10 results and 0 failures
[2026-06-08 01:02:33,652][flwr][INFO] - 
[2026-06-08 01:02:33,652][flwr][INFO] - [ROUND 37]
[2026-06-08 01:02:33,652][flwr][INFO] - configure_fit: strategy sampled 5 clients (out of 10)
[2026-06-08 01:03:07,962][flwr][INFO] - aggregate_fit: received 5 results and 0 failures
[2026-06-08 01:03:11,336][flwr][INFO] - fit progress: (37, 25.038138604257256, {'accuracy': 0.9125}, 1544.271962499999)
[2026-06-08 01:03:11,336][flwr][INFO] - configure_evaluate: strategy sampled 10 clients (out of 10)
[2026-06-08 01:03:16,486][flwr][INFO] - aggregate_evaluate: received 10 results and 0 failures
[2026-06-08 01:03:16,486][flwr][INFO] - 
[2026-06-08 01:03:16,486][flwr][INFO] - [ROUND 38]
[2026-06-08 01:03:16,502][flwr][INFO] - configure_fit: strategy sampled 5 clients (out of 10)
[2026-06-08 01:03:53,186][flwr][INFO] - aggregate_fit: received 5 results and 0 failures
[2026-06-08 01:03:56,612][flwr][INFO] - fit progress: (38, 7.522805975109804, {'accuracy': 0.9713}, 1589.554449199999)
[2026-06-08 01:03:56,612][flwr][INFO] - configure_evaluate: strategy sampled 10 clients (out of 10)
[2026-06-08 01:04:01,936][flwr][INFO] - aggregate_evaluate: received 10 results and 0 failures
[2026-06-08 01:04:01,936][flwr][INFO] - 
[2026-06-08 01:04:01,936][flwr][INFO] - [ROUND 39]
[2026-06-08 01:04:01,936][flwr][INFO] - configure_fit: strategy sampled 5 clients (out of 10)
[2026-06-08 01:04:36,477][flwr][INFO] - aggregate_fit: received 5 results and 0 failures
[2026-06-08 01:04:39,812][flwr][INFO] - fit progress: (39, 18.253235946176574, {'accuracy': 0.9379}, 1632.7425748999995)
[2026-06-08 01:04:39,812][flwr][INFO] - configure_evaluate: strategy sampled 10 clients (out of 10)
[2026-06-08 01:04:45,162][flwr][INFO] - aggregate_evaluate: received 10 results and 0 failures
[2026-06-08 01:04:45,162][flwr][INFO] - 
[2026-06-08 01:04:45,162][flwr][INFO] - [ROUND 40]
[2026-06-08 01:04:45,162][flwr][INFO] - configure_fit: strategy sampled 5 clients (out of 10)
[2026-06-08 01:05:19,427][flwr][INFO] - aggregate_fit: received 5 results and 0 failures
[2026-06-08 01:05:22,836][flwr][INFO] - fit progress: (40, 7.111057280329987, {'accuracy': 0.9715}, 1675.768357699999)
[2026-06-08 01:05:22,836][flwr][INFO] - configure_evaluate: strategy sampled 10 clients (out of 10)
[2026-06-08 01:05:28,012][flwr][INFO] - aggregate_evaluate: received 10 results and 0 failures
[2026-06-08 01:05:28,012][flwr][INFO] - 
[2026-06-08 01:05:28,012][flwr][INFO] - [ROUND 41]
[2026-06-08 01:05:28,012][flwr][INFO] - configure_fit: strategy sampled 5 clients (out of 10)
[2026-06-08 01:05:57,768][flwr][INFO] - aggregate_fit: received 5 results and 0 failures
[2026-06-08 01:06:01,136][flwr][INFO] - fit progress: (41, 7.299238323583268, {'accuracy': 0.9712}, 1714.073691399999)
[2026-06-08 01:06:01,136][flwr][INFO] - configure_evaluate: strategy sampled 10 clients (out of 10)
[2026-06-08 01:06:06,262][flwr][INFO] - aggregate_evaluate: received 10 results and 0 failures
[2026-06-08 01:06:06,262][flwr][INFO] - 
[2026-06-08 01:06:06,262][flwr][INFO] - [ROUND 42]
[2026-06-08 01:06:06,262][flwr][INFO] - configure_fit: strategy sampled 5 clients (out of 10)
[2026-06-08 01:06:32,427][flwr][INFO] - aggregate_fit: received 5 results and 0 failures
[2026-06-08 01:06:35,812][flwr][INFO] - fit progress: (42, 6.27890084014507, {'accuracy': 0.9768}, 1748.7468486999987)
[2026-06-08 01:06:35,812][flwr][INFO] - configure_evaluate: strategy sampled 10 clients (out of 10)
[2026-06-08 01:06:41,212][flwr][INFO] - aggregate_evaluate: received 10 results and 0 failures
[2026-06-08 01:06:41,212][flwr][INFO] - 
[2026-06-08 01:06:41,212][flwr][INFO] - [ROUND 43]
[2026-06-08 01:06:41,227][flwr][INFO] - configure_fit: strategy sampled 5 clients (out of 10)
[2026-06-08 01:07:09,462][flwr][INFO] - aggregate_fit: received 5 results and 0 failures
[2026-06-08 01:07:12,736][flwr][INFO] - fit progress: (43, 7.840102304704487, {'accuracy': 0.97}, 1785.680365799999)
[2026-06-08 01:07:12,736][flwr][INFO] - configure_evaluate: strategy sampled 10 clients (out of 10)
[2026-06-08 01:07:17,978][flwr][INFO] - aggregate_evaluate: received 10 results and 0 failures
[2026-06-08 01:07:17,978][flwr][INFO] - 
[2026-06-08 01:07:17,978][flwr][INFO] - [ROUND 44]
[2026-06-08 01:07:17,978][flwr][INFO] - configure_fit: strategy sampled 5 clients (out of 10)
[2026-06-08 01:07:49,527][flwr][INFO] - aggregate_fit: received 5 results and 0 failures
[2026-06-08 01:07:52,927][flwr][INFO] - fit progress: (44, 4.786409553300473, {'accuracy': 0.9833}, 1825.8629144999995)
[2026-06-08 01:07:52,927][flwr][INFO] - configure_evaluate: strategy sampled 10 clients (out of 10)
[2026-06-08 01:07:58,136][flwr][INFO] - aggregate_evaluate: received 10 results and 0 failures
[2026-06-08 01:07:58,136][flwr][INFO] - 
[2026-06-08 01:07:58,136][flwr][INFO] - [ROUND 45]
[2026-06-08 01:07:58,136][flwr][INFO] - configure_fit: strategy sampled 5 clients (out of 10)
[2026-06-08 01:08:33,802][flwr][INFO] - aggregate_fit: received 5 results and 0 failures
[2026-06-08 01:08:37,177][flwr][INFO] - fit progress: (45, 5.06188774126349, {'accuracy': 0.9809}, 1870.1118787999985)
[2026-06-08 01:08:37,177][flwr][INFO] - configure_evaluate: strategy sampled 10 clients (out of 10)
[2026-06-08 01:08:42,436][flwr][INFO] - aggregate_evaluate: received 10 results and 0 failures
[2026-06-08 01:08:42,436][flwr][INFO] - 
[2026-06-08 01:08:42,436][flwr][INFO] - [ROUND 46]
[2026-06-08 01:08:42,436][flwr][INFO] - configure_fit: strategy sampled 5 clients (out of 10)
[2026-06-08 01:09:12,577][flwr][INFO] - aggregate_fit: received 5 results and 0 failures
[2026-06-08 01:09:16,001][flwr][INFO] - fit progress: (46, 10.757871270063333, {'accuracy': 0.9603}, 1908.9364782999983)
[2026-06-08 01:09:16,001][flwr][INFO] - configure_evaluate: strategy sampled 10 clients (out of 10)
[2026-06-08 01:09:21,402][flwr][INFO] - aggregate_evaluate: received 10 results and 0 failures
[2026-06-08 01:09:21,402][flwr][INFO] - 
[2026-06-08 01:09:21,402][flwr][INFO] - [ROUND 47]
[2026-06-08 01:09:21,402][flwr][INFO] - configure_fit: strategy sampled 5 clients (out of 10)
[2026-06-08 01:09:56,686][flwr][INFO] - aggregate_fit: received 5 results and 0 failures
[2026-06-08 01:10:00,136][flwr][INFO] - fit progress: (47, 17.393827327527106, {'accuracy': 0.9364}, 1953.0712957999986)
[2026-06-08 01:10:00,136][flwr][INFO] - configure_evaluate: strategy sampled 10 clients (out of 10)
[2026-06-08 01:10:05,352][flwr][INFO] - aggregate_evaluate: received 10 results and 0 failures
[2026-06-08 01:10:05,352][flwr][INFO] - 
[2026-06-08 01:10:05,352][flwr][INFO] - [ROUND 48]
[2026-06-08 01:10:05,352][flwr][INFO] - configure_fit: strategy sampled 5 clients (out of 10)
[2026-06-08 01:10:46,562][flwr][INFO] - aggregate_fit: received 5 results and 0 failures
[2026-06-08 01:10:49,936][flwr][INFO] - fit progress: (48, 6.234838665171992, {'accuracy': 0.9767}, 2002.8759604999996)
[2026-06-08 01:10:49,936][flwr][INFO] - configure_evaluate: strategy sampled 10 clients (out of 10)
[2026-06-08 01:10:55,102][flwr][INFO] - aggregate_evaluate: received 10 results and 0 failures
[2026-06-08 01:10:55,102][flwr][INFO] - 
[2026-06-08 01:10:55,102][flwr][INFO] - [ROUND 49]
[2026-06-08 01:10:55,102][flwr][INFO] - configure_fit: strategy sampled 5 clients (out of 10)
[2026-06-08 01:11:31,536][flwr][INFO] - aggregate_fit: received 5 results and 0 failures
[2026-06-08 01:11:34,977][flwr][INFO] - fit progress: (49, 5.156988626316888, {'accuracy': 0.9815}, 2047.9134412999992)
[2026-06-08 01:11:34,977][flwr][INFO] - configure_evaluate: strategy sampled 10 clients (out of 10)
[2026-06-08 01:11:40,286][flwr][INFO] - aggregate_evaluate: received 10 results and 0 failures
[2026-06-08 01:11:40,286][flwr][INFO] - 
[2026-06-08 01:11:40,286][flwr][INFO] - [ROUND 50]
[2026-06-08 01:11:40,286][flwr][INFO] - configure_fit: strategy sampled 5 clients (out of 10)
[2026-06-08 01:12:13,562][flwr][INFO] - aggregate_fit: received 5 results and 0 failures
[2026-06-08 01:12:16,951][flwr][INFO] - fit progress: (50, 9.083459955785656, {'accuracy': 0.9662}, 2089.890266300001)
[2026-06-08 01:12:16,951][flwr][INFO] - configure_evaluate: strategy sampled 10 clients (out of 10)
[2026-06-08 01:12:22,252][flwr][INFO] - aggregate_evaluate: received 10 results and 0 failures
[2026-06-08 01:12:22,252][flwr][INFO] - 
[2026-06-08 01:12:22,252][flwr][INFO] - [SUMMARY]
[2026-06-08 01:12:22,252][flwr][INFO] - Run finished 50 round(s) in 2095.19s
[2026-06-08 01:12:22,252][flwr][INFO] - 	History (loss, distributed):
[2026-06-08 01:12:22,252][flwr][INFO] - 		round 1: 68.63081423044204
[2026-06-08 01:12:22,252][flwr][INFO] - 		round 2: 38.25707927942276
[2026-06-08 01:12:22,252][flwr][INFO] - 		round 3: 61.823881113529204
[2026-06-08 01:12:22,252][flwr][INFO] - 		round 4: 39.85609974265098
[2026-06-08 01:12:22,252][flwr][INFO] - 		round 5: 56.47611872553826
[2026-06-08 01:12:22,252][flwr][INFO] - 		round 6: 25.820992688462137
[2026-06-08 01:12:22,252][flwr][INFO] - 		round 7: 28.288873013854026
[2026-06-08 01:12:22,252][flwr][INFO] - 		round 8: 57.68302348852158
[2026-06-08 01:12:22,252][flwr][INFO] - 		round 9: 27.01341113448143
[2026-06-08 01:12:22,252][flwr][INFO] - 		round 10: 11.1676286728587
[2026-06-08 01:12:22,252][flwr][INFO] - 		round 11: 6.497698955470696
[2026-06-08 01:12:22,252][flwr][INFO] - 		round 12: 7.260014048218727
[2026-06-08 01:12:22,252][flwr][INFO] - 		round 13: 7.180111126659904
[2026-06-08 01:12:22,252][flwr][INFO] - 		round 14: 3.3377258452353997
[2026-06-08 01:12:22,262][flwr][INFO] - 		round 15: 4.736960405390709
[2026-06-08 01:12:22,262][flwr][INFO] - 		round 16: 5.142620741995051
[2026-06-08 01:12:22,262][flwr][INFO] - 		round 17: 3.1470056848746024
[2026-06-08 01:12:22,262][flwr][INFO] - 		round 18: 4.093378880649107
[2026-06-08 01:12:22,262][flwr][INFO] - 		round 19: 5.127438963859459
[2026-06-08 01:12:22,262][flwr][INFO] - 		round 20: 10.66641702905763
[2026-06-08 01:12:22,263][flwr][INFO] - 		round 21: 7.177611659711692
[2026-06-08 01:12:22,263][flwr][INFO] - 		round 22: 17.96471945531666
[2026-06-08 01:12:22,263][flwr][INFO] - 		round 23: 6.917177097918466
[2026-06-08 01:12:22,263][flwr][INFO] - 		round 24: 22.574886954575778
[2026-06-08 01:12:22,264][flwr][INFO] - 		round 25: 6.180806367029436
[2026-06-08 01:12:22,264][flwr][INFO] - 		round 26: 3.8234482927364297
[2026-06-08 01:12:22,264][flwr][INFO] - 		round 27: 8.116414558389806
[2026-06-08 01:12:22,264][flwr][INFO] - 		round 28: 6.179641361044196
[2026-06-08 01:12:22,264][flwr][INFO] - 		round 29: 4.403220210515428
[2026-06-08 01:12:22,265][flwr][INFO] - 		round 30: 13.197976462088992
[2026-06-08 01:12:22,265][flwr][INFO] - 		round 31: 3.670856650803762
[2026-06-08 01:12:22,265][flwr][INFO] - 		round 32: 3.4726368432056915
[2026-06-08 01:12:22,265][flwr][INFO] - 		round 33: 3.9426335136289707
[2026-06-08 01:12:22,265][flwr][INFO] - 		round 34: 7.241600443469361
[2026-06-08 01:12:22,266][flwr][INFO] - 		round 35: 10.148102659208234
[2026-06-08 01:12:22,266][flwr][INFO] - 		round 36: 5.328839664713269
[2026-06-08 01:12:22,266][flwr][INFO] - 		round 37: 10.1804145511589
[2026-06-08 01:12:22,266][flwr][INFO] - 		round 38: 3.0742906450657754
[2026-06-08 01:12:22,266][flwr][INFO] - 		round 39: 7.450241428685695
[2026-06-08 01:12:22,267][flwr][INFO] - 		round 40: 2.867506122969644
[2026-06-08 01:12:22,267][flwr][INFO] - 		round 41: 2.9351001126825396
[2026-06-08 01:12:22,267][flwr][INFO] - 		round 42: 2.575491445132502
[2026-06-08 01:12:22,268][flwr][INFO] - 		round 43: 3.185698121605674
[2026-06-08 01:12:22,268][flwr][INFO] - 		round 44: 1.965273328837793
[2026-06-08 01:12:22,268][flwr][INFO] - 		round 45: 2.064251475267156
[2026-06-08 01:12:22,268][flwr][INFO] - 		round 46: 4.351344771550066
[2026-06-08 01:12:22,268][flwr][INFO] - 		round 47: 7.067317561915843
[2026-06-08 01:12:22,269][flwr][INFO] - 		round 48: 2.536163709380344
[2026-06-08 01:12:22,269][flwr][INFO] - 		round 49: 2.108771116983553
[2026-06-08 01:12:22,269][flwr][INFO] - 		round 50: 3.7032742523326307
[2026-06-08 01:12:22,269][flwr][INFO] - 	History (loss, centralized):
[2026-06-08 01:12:22,269][flwr][INFO] - 		round 0: 182.26242470741272
[2026-06-08 01:12:22,270][flwr][INFO] - 		round 1: 169.6392183303833
[2026-06-08 01:12:22,270][flwr][INFO] - 		round 2: 94.59455412626266
[2026-06-08 01:12:22,270][flwr][INFO] - 		round 3: 152.74804556369781
[2026-06-08 01:12:22,270][flwr][INFO] - 		round 4: 98.67936927080154
[2026-06-08 01:12:22,270][flwr][INFO] - 		round 5: 139.87857055664062
[2026-06-08 01:12:22,270][flwr][INFO] - 		round 6: 63.89121770858765
[2026-06-08 01:12:22,271][flwr][INFO] - 		round 7: 70.10227760672569
[2026-06-08 01:12:22,271][flwr][INFO] - 		round 8: 142.59658408164978
[2026-06-08 01:12:22,271][flwr][INFO] - 		round 9: 66.5384002327919
[2026-06-08 01:12:22,271][flwr][INFO] - 		round 10: 27.60556385666132
[2026-06-08 01:12:22,272][flwr][INFO] - 		round 11: 16.0621040686965
[2026-06-08 01:12:22,272][flwr][INFO] - 		round 12: 17.8570684120059
[2026-06-08 01:12:22,272][flwr][INFO] - 		round 13: 17.73936224170029
[2026-06-08 01:12:22,272][flwr][INFO] - 		round 14: 8.125758096226491
[2026-06-08 01:12:22,272][flwr][INFO] - 		round 15: 11.71936999168247
[2026-06-08 01:12:22,272][flwr][INFO] - 		round 16: 12.712173294275999
[2026-06-08 01:12:22,273][flwr][INFO] - 		round 17: 7.74757484451402
[2026-06-08 01:12:22,273][flwr][INFO] - 		round 18: 10.158702370943502
[2026-06-08 01:12:22,273][flwr][INFO] - 		round 19: 12.751325356774032
[2026-06-08 01:12:22,273][flwr][INFO] - 		round 20: 26.393775576725602
[2026-06-08 01:12:22,273][flwr][INFO] - 		round 21: 17.821276493370533
[2026-06-08 01:12:22,274][flwr][INFO] - 		round 22: 44.10491770505905
[2026-06-08 01:12:22,274][flwr][INFO] - 		round 23: 17.094008361920714
[2026-06-08 01:12:22,274][flwr][INFO] - 		round 24: 55.96727779507637
[2026-06-08 01:12:22,274][flwr][INFO] - 		round 25: 15.16720925271511
[2026-06-08 01:12:22,274][flwr][INFO] - 		round 26: 9.397311830893159
[2026-06-08 01:12:22,274][flwr][INFO] - 		round 27: 19.99818445276469
[2026-06-08 01:12:22,275][flwr][INFO] - 		round 28: 15.356441773474216
[2026-06-08 01:12:22,275][flwr][INFO] - 		round 29: 10.859656863147393
[2026-06-08 01:12:22,275][flwr][INFO] - 		round 30: 32.4821893684566
[2026-06-08 01:12:22,275][flwr][INFO] - 		round 31: 8.959616799314972
[2026-06-08 01:12:22,275][flwr][INFO] - 		round 32: 8.636310085188597
[2026-06-08 01:12:22,275][flwr][INFO] - 		round 33: 9.792431677225977
[2026-06-08 01:12:22,276][flwr][INFO] - 		round 34: 17.847274825675413
[2026-06-08 01:12:22,276][flwr][INFO] - 		round 35: 25.018520369194448
[2026-06-08 01:12:22,276][flwr][INFO] - 		round 36: 13.272205727174878
[2026-06-08 01:12:22,276][flwr][INFO] - 		round 37: 25.038138604257256
[2026-06-08 01:12:22,277][flwr][INFO] - 		round 38: 7.522805975109804
[2026-06-08 01:12:22,277][flwr][INFO] - 		round 39: 18.253235946176574
[2026-06-08 01:12:22,277][flwr][INFO] - 		round 40: 7.111057280329987
[2026-06-08 01:12:22,277][flwr][INFO] - 		round 41: 7.299238323583268
[2026-06-08 01:12:22,277][flwr][INFO] - 		round 42: 6.27890084014507
[2026-06-08 01:12:22,278][flwr][INFO] - 		round 43: 7.840102304704487
[2026-06-08 01:12:22,278][flwr][INFO] - 		round 44: 4.786409553300473
[2026-06-08 01:12:22,278][flwr][INFO] - 		round 45: 5.06188774126349
[2026-06-08 01:12:22,278][flwr][INFO] - 		round 46: 10.757871270063333
[2026-06-08 01:12:22,278][flwr][INFO] - 		round 47: 17.393827327527106
[2026-06-08 01:12:22,279][flwr][INFO] - 		round 48: 6.234838665171992
[2026-06-08 01:12:22,279][flwr][INFO] - 		round 49: 5.156988626316888
[2026-06-08 01:12:22,279][flwr][INFO] - 		round 50: 9.083459955785656
[2026-06-08 01:12:22,279][flwr][INFO] - 	History (metrics, centralized):
[2026-06-08 01:12:22,279][flwr][INFO] - 	{'accuracy': [(0, 0.1031),
[2026-06-08 01:12:22,280][flwr][INFO] - 	              (1, 0.2173),
[2026-06-08 01:12:22,280][flwr][INFO] - 	              (2, 0.6605),
[2026-06-08 01:12:22,280][flwr][INFO] - 	              (3, 0.5867),
[2026-06-08 01:12:22,280][flwr][INFO] - 	              (4, 0.6859),
[2026-06-08 01:12:22,281][flwr][INFO] - 	              (5, 0.6796),
[2026-06-08 01:12:22,281][flwr][INFO] - 	              (6, 0.7433),
[2026-06-08 01:12:22,281][flwr][INFO] - 	              (7, 0.788),
[2026-06-08 01:12:22,281][flwr][INFO] - 	              (8, 0.6969),
[2026-06-08 01:12:22,281][flwr][INFO] - 	              (9, 0.7111),
[2026-06-08 01:12:22,282][flwr][INFO] - 	              (10, 0.8738),
[2026-06-08 01:12:22,282][flwr][INFO] - 	              (11, 0.9225),
[2026-06-08 01:12:22,282][flwr][INFO] - 	              (12, 0.9303),
[2026-06-08 01:12:22,282][flwr][INFO] - 	              (13, 0.936),
[2026-06-08 01:12:22,282][flwr][INFO] - 	              (14, 0.9699),
[2026-06-08 01:12:22,283][flwr][INFO] - 	              (15, 0.9515),
[2026-06-08 01:12:22,283][flwr][INFO] - 	              (16, 0.9514),
[2026-06-08 01:12:22,283][flwr][INFO] - 	              (17, 0.9702),
[2026-06-08 01:12:22,283][flwr][INFO] - 	              (18, 0.9598),
[2026-06-08 01:12:22,284][flwr][INFO] - 	              (19, 0.9514),
[2026-06-08 01:12:22,284][flwr][INFO] - 	              (20, 0.9076),
[2026-06-08 01:12:22,284][flwr][INFO] - 	              (21, 0.9299),
[2026-06-08 01:12:22,284][flwr][INFO] - 	              (22, 0.8528),
[2026-06-08 01:12:22,284][flwr][INFO] - 	              (23, 0.9276),
[2026-06-08 01:12:22,284][flwr][INFO] - 	              (24, 0.8584),
[2026-06-08 01:12:22,285][flwr][INFO] - 	              (25, 0.9405),
[2026-06-08 01:12:22,285][flwr][INFO] - 	              (26, 0.9637),
[2026-06-08 01:12:22,285][flwr][INFO] - 	              (27, 0.9305),
[2026-06-08 01:12:22,285][flwr][INFO] - 	              (28, 0.9444),
[2026-06-08 01:12:22,285][flwr][INFO] - 	              (29, 0.9585),
[2026-06-08 01:12:22,286][flwr][INFO] - 	              (30, 0.8943),
[2026-06-08 01:12:22,286][flwr][INFO] - 	              (31, 0.9645),
[2026-06-08 01:12:22,286][flwr][INFO] - 	              (32, 0.9649),
[2026-06-08 01:12:22,286][flwr][INFO] - 	              (33, 0.9609),
[2026-06-08 01:12:22,287][flwr][INFO] - 	              (34, 0.9377),
[2026-06-08 01:12:22,287][flwr][INFO] - 	              (35, 0.9145),
[2026-06-08 01:12:22,287][flwr][INFO] - 	              (36, 0.9492),
[2026-06-08 01:12:22,287][flwr][INFO] - 	              (37, 0.9125),
[2026-06-08 01:12:22,287][flwr][INFO] - 	              (38, 0.9713),
[2026-06-08 01:12:22,287][flwr][INFO] - 	              (39, 0.9379),
[2026-06-08 01:12:22,288][flwr][INFO] - 	              (40, 0.9715),
[2026-06-08 01:12:22,288][flwr][INFO] - 	              (41, 0.9712),
[2026-06-08 01:12:22,288][flwr][INFO] - 	              (42, 0.9768),
[2026-06-08 01:12:22,288][flwr][INFO] - 	              (43, 0.97),
[2026-06-08 01:12:22,288][flwr][INFO] - 	              (44, 0.9833),
[2026-06-08 01:12:22,289][flwr][INFO] - 	              (45, 0.9809),
[2026-06-08 01:12:22,289][flwr][INFO] - 	              (46, 0.9603),
[2026-06-08 01:12:22,289][flwr][INFO] - 	              (47, 0.9364),
[2026-06-08 01:12:22,289][flwr][INFO] - 	              (48, 0.9767),
[2026-06-08 01:12:22,289][flwr][INFO] - 	              (49, 0.9815),
[2026-06-08 01:12:22,290][flwr][INFO] - 	              (50, 0.9662)]}
[2026-06-08 01:12:22,290][flwr][INFO] - 
