[2026-06-05 18:11:24,321][flwr][WARNING] - DEPRECATED FEATURE: flwr.simulation.start_simulation() is deprecated.
	Instead, use the `flwr run` CLI command to start a local simulation in your Flower app, as shown for example below:

		$ flwr new  # Create a new Flower app from a template

		$ flwr run  # Run the Flower app in Simulation Mode

	Using `start_simulation()` is deprecated.

            This is a deprecated feature. It will be removed
            entirely in future versions of Flower.
        
[2026-06-05 18:11:24,326][flwr][INFO] - Starting Flower simulation, config: num_rounds=20, no round_timeout
[2026-06-05 18:11:28,766][flwr][INFO] - Flower VCE: Ray initialized with resources: {'object_store_memory': 1787397734.0, 'GPU': 1.0, 'memory': 4170594714.0, 'accelerator_type:G': 1.0, 'node:__internal_head__': 1.0, 'node:127.0.0.1': 1.0, 'CPU': 8.0}
[2026-06-05 18:11:28,766][flwr][INFO] - Optimize your simulation with Flower VCE: https://flower.ai/docs/framework/how-to-run-simulations.html
[2026-06-05 18:11:28,766][flwr][INFO] - Flower VCE: Resources for each Virtual Client: {'num_cpus': 1.0, 'num_gpus': 0.25}
[2026-06-05 18:11:28,781][flwr][INFO] - Flower VCE: Creating VirtualClientEngineActorPool with 4 actors
[2026-06-05 18:11:28,781][flwr][INFO] - [INIT]
[2026-06-05 18:11:28,781][flwr][INFO] - Requesting initial parameters from one random client
[2026-06-05 18:11:35,366][flwr][INFO] - Received initial parameters from one random client
[2026-06-05 18:11:35,366][flwr][INFO] - Starting evaluation of initial global parameters
[2026-06-05 18:11:39,151][flwr][INFO] - initial parameters (loss, other metrics): 182.16379570960999, {'accuracy': 0.0858}
[2026-06-05 18:11:39,151][flwr][INFO] - 
[2026-06-05 18:11:39,151][flwr][INFO] - [ROUND 1]
[2026-06-05 18:11:39,151][flwr][INFO] - configure_fit: strategy sampled 10 clients (out of 10)
[2026-06-05 18:12:52,086][flwr][INFO] - aggregate_fit: received 10 results and 0 failures
[2026-06-05 18:12:55,682][flwr][INFO] - fit progress: (1, 179.799302816391, {'accuracy': 0.2758}, 76.52682240000286)
[2026-06-05 18:12:55,682][flwr][INFO] - configure_evaluate: strategy sampled 10 clients (out of 10)
[2026-06-05 18:13:01,386][flwr][INFO] - aggregate_evaluate: received 10 results and 0 failures
[2026-06-05 18:13:01,386][flwr][WARNING] - No evaluate_metrics_aggregation_fn provided
[2026-06-05 18:13:01,386][flwr][INFO] - 
[2026-06-05 18:13:01,386][flwr][INFO] - [ROUND 2]
[2026-06-05 18:13:01,386][flwr][INFO] - configure_fit: strategy sampled 10 clients (out of 10)
[2026-06-05 18:13:16,470][flwr][INFO] - aggregate_fit: received 10 results and 0 failures
[2026-06-05 18:13:20,551][flwr][INFO] - fit progress: (2, 179.799302816391, {'accuracy': 0.2758}, 101.3963866999984)
[2026-06-05 18:13:20,551][flwr][INFO] - configure_evaluate: strategy sampled 10 clients (out of 10)
[2026-06-05 18:13:26,316][flwr][INFO] - aggregate_evaluate: received 10 results and 0 failures
[2026-06-05 18:13:26,320][flwr][INFO] - 
[2026-06-05 18:13:26,320][flwr][INFO] - [ROUND 3]
[2026-06-05 18:13:26,320][flwr][INFO] - configure_fit: strategy sampled 10 clients (out of 10)
[2026-06-05 18:14:50,729][flwr][INFO] - aggregate_fit: received 10 results and 0 failures
[2026-06-05 18:14:54,674][flwr][INFO] - fit progress: (3, 203.56419777870178, {'accuracy': 0.1926}, 195.52074690000154)
[2026-06-05 18:14:54,674][flwr][INFO] - configure_evaluate: strategy sampled 10 clients (out of 10)
[2026-06-05 18:15:00,687][flwr][INFO] - aggregate_evaluate: received 10 results and 0 failures
[2026-06-05 18:15:00,687][flwr][INFO] - 
[2026-06-05 18:15:00,687][flwr][INFO] - [ROUND 4]
[2026-06-05 18:15:00,691][flwr][INFO] - configure_fit: strategy sampled 10 clients (out of 10)
[2026-06-05 18:15:18,141][flwr][INFO] - aggregate_fit: received 10 results and 0 failures
[2026-06-05 18:15:23,269][flwr][INFO] - fit progress: (4, 203.56419777870178, {'accuracy': 0.1926}, 224.11273359999905)
[2026-06-05 18:15:23,270][flwr][INFO] - configure_evaluate: strategy sampled 10 clients (out of 10)
[2026-06-05 18:15:29,583][flwr][INFO] - aggregate_evaluate: received 10 results and 0 failures
[2026-06-05 18:15:29,584][flwr][INFO] - 
[2026-06-05 18:15:29,584][flwr][INFO] - [ROUND 5]
[2026-06-05 18:15:29,587][flwr][INFO] - configure_fit: strategy sampled 10 clients (out of 10)
[2026-06-05 18:16:51,041][flwr][INFO] - aggregate_fit: received 10 results and 0 failures
[2026-06-05 18:16:55,027][flwr][INFO] - fit progress: (5, 307.6032485961914, {'accuracy': 0.1893}, 315.87201130000176)
[2026-06-05 18:16:55,027][flwr][INFO] - configure_evaluate: strategy sampled 10 clients (out of 10)
[2026-06-05 18:17:00,949][flwr][INFO] - aggregate_evaluate: received 10 results and 0 failures
[2026-06-05 18:17:00,950][flwr][INFO] - 
[2026-06-05 18:17:00,950][flwr][INFO] - [ROUND 6]
[2026-06-05 18:17:00,954][flwr][INFO] - configure_fit: strategy sampled 10 clients (out of 10)
[2026-06-05 18:17:17,112][flwr][INFO] - aggregate_fit: received 10 results and 0 failures
[2026-06-05 18:17:20,850][flwr][INFO] - fit progress: (6, 307.6032485961914, {'accuracy': 0.1893}, 341.6951684000014)
[2026-06-05 18:17:20,850][flwr][INFO] - configure_evaluate: strategy sampled 10 clients (out of 10)
[2026-06-05 18:17:26,804][flwr][INFO] - aggregate_evaluate: received 10 results and 0 failures
[2026-06-05 18:17:26,805][flwr][INFO] - 
[2026-06-05 18:17:26,805][flwr][INFO] - [ROUND 7]
[2026-06-05 18:17:26,807][flwr][INFO] - configure_fit: strategy sampled 10 clients (out of 10)
[2026-06-05 18:18:44,394][flwr][INFO] - aggregate_fit: received 10 results and 0 failures
[2026-06-05 18:18:50,775][flwr][INFO] - fit progress: (7, 245.93315482139587, {'accuracy': 0.1553}, 431.6189477000007)
[2026-06-05 18:18:50,776][flwr][INFO] - configure_evaluate: strategy sampled 10 clients (out of 10)
[2026-06-05 18:18:58,340][flwr][INFO] - aggregate_evaluate: received 10 results and 0 failures
[2026-06-05 18:18:58,340][flwr][INFO] - 
[2026-06-05 18:18:58,340][flwr][INFO] - [ROUND 8]
[2026-06-05 18:18:58,349][flwr][INFO] - configure_fit: strategy sampled 10 clients (out of 10)
[2026-06-05 18:19:14,629][flwr][INFO] - aggregate_fit: received 10 results and 0 failures
[2026-06-05 18:19:18,540][flwr][INFO] - fit progress: (8, 245.93315482139587, {'accuracy': 0.1553}, 459.3884102000011)
[2026-06-05 18:19:18,540][flwr][INFO] - configure_evaluate: strategy sampled 10 clients (out of 10)
[2026-06-05 18:19:24,629][flwr][INFO] - aggregate_evaluate: received 10 results and 0 failures
[2026-06-05 18:19:24,629][flwr][INFO] - 
[2026-06-05 18:19:24,629][flwr][INFO] - [ROUND 9]
[2026-06-05 18:19:24,629][flwr][INFO] - configure_fit: strategy sampled 10 clients (out of 10)
[2026-06-05 18:20:35,818][flwr][INFO] - aggregate_fit: received 10 results and 0 failures
[2026-06-05 18:20:39,838][flwr][INFO] - fit progress: (9, 277.7547149658203, {'accuracy': 0.2316}, 540.682407799999)
[2026-06-05 18:20:39,839][flwr][INFO] - configure_evaluate: strategy sampled 10 clients (out of 10)
[2026-06-05 18:20:46,032][flwr][INFO] - aggregate_evaluate: received 10 results and 0 failures
[2026-06-05 18:20:46,032][flwr][INFO] - 
[2026-06-05 18:20:46,032][flwr][INFO] - [ROUND 10]
[2026-06-05 18:20:46,036][flwr][INFO] - configure_fit: strategy sampled 10 clients (out of 10)
[2026-06-05 18:21:03,036][flwr][INFO] - aggregate_fit: received 10 results and 0 failures
[2026-06-05 18:21:06,810][flwr][INFO] - fit progress: (10, 277.7547149658203, {'accuracy': 0.2316}, 567.6533673000013)
[2026-06-05 18:21:06,810][flwr][INFO] - configure_evaluate: strategy sampled 10 clients (out of 10)
[2026-06-05 18:21:13,303][flwr][INFO] - aggregate_evaluate: received 10 results and 0 failures
[2026-06-05 18:21:13,304][flwr][INFO] - 
[2026-06-05 18:21:13,304][flwr][INFO] - [ROUND 11]
[2026-06-05 18:21:13,307][flwr][INFO] - configure_fit: strategy sampled 10 clients (out of 10)
[2026-06-05 18:22:25,330][flwr][INFO] - aggregate_fit: received 10 results and 0 failures
[2026-06-05 18:22:29,750][flwr][INFO] - fit progress: (11, 615.7887110710144, {'accuracy': 0.1519}, 650.5938263999997)
[2026-06-05 18:22:29,751][flwr][INFO] - configure_evaluate: strategy sampled 10 clients (out of 10)
[2026-06-05 18:22:36,303][flwr][INFO] - aggregate_evaluate: received 10 results and 0 failures
[2026-06-05 18:22:36,304][flwr][INFO] - 
[2026-06-05 18:22:36,304][flwr][INFO] - [ROUND 12]
[2026-06-05 18:22:36,308][flwr][INFO] - configure_fit: strategy sampled 10 clients (out of 10)
[2026-06-05 18:22:56,135][flwr][INFO] - aggregate_fit: received 10 results and 0 failures
[2026-06-05 18:23:00,803][flwr][INFO] - fit progress: (12, 615.7887110710144, {'accuracy': 0.1519}, 681.646882400004)
[2026-06-05 18:23:00,803][flwr][INFO] - configure_evaluate: strategy sampled 10 clients (out of 10)
[2026-06-05 18:23:06,648][flwr][INFO] - aggregate_evaluate: received 10 results and 0 failures
[2026-06-05 18:23:06,648][flwr][INFO] - 
[2026-06-05 18:23:06,648][flwr][INFO] - [ROUND 13]
[2026-06-05 18:23:06,648][flwr][INFO] - configure_fit: strategy sampled 10 clients (out of 10)
[2026-06-05 18:24:21,854][flwr][INFO] - aggregate_fit: received 10 results and 0 failures
[2026-06-05 18:24:25,507][flwr][INFO] - fit progress: (13, 425.60583209991455, {'accuracy': 0.1208}, 766.3510970999996)
[2026-06-05 18:24:25,507][flwr][INFO] - configure_evaluate: strategy sampled 10 clients (out of 10)
[2026-06-05 18:24:31,340][flwr][INFO] - aggregate_evaluate: received 10 results and 0 failures
[2026-06-05 18:24:31,340][flwr][INFO] - 
[2026-06-05 18:24:31,340][flwr][INFO] - [ROUND 14]
[2026-06-05 18:24:31,344][flwr][INFO] - configure_fit: strategy sampled 10 clients (out of 10)
[2026-06-05 18:24:47,668][flwr][INFO] - aggregate_fit: received 10 results and 0 failures
[2026-06-05 18:24:52,135][flwr][INFO] - fit progress: (14, 425.60583209991455, {'accuracy': 0.1208}, 792.978829300002)
[2026-06-05 18:24:52,135][flwr][INFO] - configure_evaluate: strategy sampled 10 clients (out of 10)
[2026-06-05 18:24:58,215][flwr][INFO] - aggregate_evaluate: received 10 results and 0 failures
[2026-06-05 18:24:58,216][flwr][INFO] - 
[2026-06-05 18:24:58,216][flwr][INFO] - [ROUND 15]
[2026-06-05 18:24:58,219][flwr][INFO] - configure_fit: strategy sampled 10 clients (out of 10)
[2026-06-05 18:26:14,477][flwr][INFO] - aggregate_fit: received 10 results and 0 failures
[2026-06-05 18:26:18,476][flwr][INFO] - fit progress: (15, 245.27275824546814, {'accuracy': 0.3235}, 879.3199663999985)
[2026-06-05 18:26:18,477][flwr][INFO] - configure_evaluate: strategy sampled 10 clients (out of 10)
