[2026-06-07 14:01:52,244][flwr][WARNING] - DEPRECATED FEATURE: flwr.simulation.start_simulation() is deprecated.
	Instead, use the `flwr run` CLI command to start a local simulation in your Flower app, as shown for example below:

		$ flwr new  # Create a new Flower app from a template

		$ flwr run  # Run the Flower app in Simulation Mode

	Using `start_simulation()` is deprecated.

            This is a deprecated feature. It will be removed
            entirely in future versions of Flower.
        
[2026-06-07 14:01:52,244][flwr][INFO] - Starting Flower simulation, config: num_rounds=62, no round_timeout
[2026-06-07 14:01:56,550][flwr][INFO] - Flower VCE: Ray initialized with resources: {'node:127.0.0.1': 1.0, 'GPU': 1.0, 'memory': 8011237786.0, 'accelerator_type:G': 1.0, 'node:__internal_head__': 1.0, 'object_store_memory': 3433387622.0, 'CPU': 8.0}
[2026-06-07 14:01:56,550][flwr][INFO] - Optimize your simulation with Flower VCE: https://flower.ai/docs/framework/how-to-run-simulations.html
[2026-06-07 14:01:56,550][flwr][INFO] - Flower VCE: Resources for each Virtual Client: {'num_cpus': 1.0, 'num_gpus': 0.25}
[2026-06-07 14:01:56,580][flwr][INFO] - Flower VCE: Creating VirtualClientEngineActorPool with 4 actors
[2026-06-07 14:01:56,582][flwr][INFO] - [INIT]
[2026-06-07 14:01:56,582][flwr][INFO] - Requesting initial parameters from one random client
[2026-06-07 14:02:03,644][flwr][INFO] - Received initial parameters from one random client
[2026-06-07 14:02:03,644][flwr][INFO] - Starting evaluation of initial global parameters
[2026-06-07 14:02:07,328][flwr][INFO] - initial parameters (loss, other metrics): 182.1608259677887, {'accuracy': 0.0961}
[2026-06-07 14:02:07,328][flwr][INFO] - 
[2026-06-07 14:02:07,328][flwr][INFO] - [ROUND 1]
[2026-06-07 14:02:07,328][flwr][INFO] - configure_fit: strategy sampled 10 clients (out of 10)
[2026-06-07 14:02:28,154][flwr][INFO] - aggregate_fit: received 10 results and 0 failures
[2026-06-07 14:02:31,645][flwr][INFO] - fit progress: (1, 182.36106276512146, {'accuracy': 0.1364}, 24.32320260000006)
[2026-06-07 14:02:31,645][flwr][INFO] - configure_evaluate: strategy sampled 10 clients (out of 10)
[2026-06-07 14:02:37,254][flwr][INFO] - aggregate_evaluate: received 10 results and 0 failures
[2026-06-07 14:02:37,254][flwr][WARNING] - No evaluate_metrics_aggregation_fn provided
[2026-06-07 14:02:37,254][flwr][INFO] - 
[2026-06-07 14:02:37,254][flwr][INFO] - [ROUND 2]
[2026-06-07 14:02:37,254][flwr][INFO] - configure_fit: strategy sampled 10 clients (out of 10)
[2026-06-07 14:02:51,328][flwr][INFO] - aggregate_fit: received 10 results and 0 failures
[2026-06-07 14:02:54,704][flwr][INFO] - fit progress: (2, 180.001957654953, {'accuracy': 0.1623}, 47.373451899999964)
[2026-06-07 14:02:54,704][flwr][INFO] - configure_evaluate: strategy sampled 10 clients (out of 10)
[2026-06-07 14:03:00,304][flwr][INFO] - aggregate_evaluate: received 10 results and 0 failures
[2026-06-07 14:03:00,304][flwr][INFO] - 
[2026-06-07 14:03:00,304][flwr][INFO] - [ROUND 3]
[2026-06-07 14:03:00,304][flwr][INFO] - configure_fit: strategy sampled 10 clients (out of 10)
[2026-06-07 14:03:15,154][flwr][INFO] - aggregate_fit: received 10 results and 0 failures
[2026-06-07 14:03:18,604][flwr][INFO] - fit progress: (3, 158.8712317943573, {'accuracy': 0.3076}, 71.27373510000007)
[2026-06-07 14:03:18,604][flwr][INFO] - configure_evaluate: strategy sampled 10 clients (out of 10)
[2026-06-07 14:03:24,094][flwr][INFO] - aggregate_evaluate: received 10 results and 0 failures
[2026-06-07 14:03:24,094][flwr][INFO] - 
[2026-06-07 14:03:24,094][flwr][INFO] - [ROUND 4]
[2026-06-07 14:03:24,094][flwr][INFO] - configure_fit: strategy sampled 10 clients (out of 10)
[2026-06-07 14:03:39,004][flwr][INFO] - aggregate_fit: received 10 results and 0 failures
[2026-06-07 14:03:42,427][flwr][INFO] - fit progress: (4, 126.53378212451935, {'accuracy': 0.5512}, 95.09667260000015)
[2026-06-07 14:03:42,427][flwr][INFO] - configure_evaluate: strategy sampled 10 clients (out of 10)
[2026-06-07 14:03:47,794][flwr][INFO] - aggregate_evaluate: received 10 results and 0 failures
[2026-06-07 14:03:47,794][flwr][INFO] - 
[2026-06-07 14:03:47,794][flwr][INFO] - [ROUND 5]
[2026-06-07 14:03:47,804][flwr][INFO] - configure_fit: strategy sampled 10 clients (out of 10)
[2026-06-07 14:04:02,688][flwr][INFO] - aggregate_fit: received 10 results and 0 failures
[2026-06-07 14:04:06,278][flwr][INFO] - fit progress: (5, 126.53378212451935, {'accuracy': 0.5512}, 118.95288479999999)
[2026-06-07 14:04:06,278][flwr][INFO] - configure_evaluate: strategy sampled 10 clients (out of 10)
[2026-06-07 14:04:11,794][flwr][INFO] - aggregate_evaluate: received 10 results and 0 failures
[2026-06-07 14:04:11,794][flwr][INFO] - 
[2026-06-07 14:04:11,794][flwr][INFO] - [ROUND 6]
[2026-06-07 14:04:11,794][flwr][INFO] - configure_fit: strategy sampled 10 clients (out of 10)
[2026-06-07 14:04:27,328][flwr][INFO] - aggregate_fit: received 10 results and 0 failures
[2026-06-07 14:04:30,915][flwr][INFO] - fit progress: (6, 161.40554642677307, {'accuracy': 0.3762}, 143.58454949999987)
[2026-06-07 14:04:30,915][flwr][INFO] - configure_evaluate: strategy sampled 10 clients (out of 10)
[2026-06-07 14:04:36,128][flwr][INFO] - aggregate_evaluate: received 10 results and 0 failures
[2026-06-07 14:04:36,144][flwr][INFO] - 
[2026-06-07 14:04:36,144][flwr][INFO] - [ROUND 7]
[2026-06-07 14:04:36,144][flwr][INFO] - configure_fit: strategy sampled 10 clients (out of 10)
[2026-06-07 14:04:51,728][flwr][INFO] - aggregate_fit: received 10 results and 0 failures
[2026-06-07 14:04:55,128][flwr][INFO] - fit progress: (7, 136.35213935375214, {'accuracy': 0.3742}, 167.80609389999972)
[2026-06-07 14:04:55,128][flwr][INFO] - configure_evaluate: strategy sampled 10 clients (out of 10)
[2026-06-07 14:05:00,499][flwr][INFO] - aggregate_evaluate: received 10 results and 0 failures
[2026-06-07 14:05:00,499][flwr][INFO] - 
[2026-06-07 14:05:00,499][flwr][INFO] - [ROUND 8]
[2026-06-07 14:05:00,514][flwr][INFO] - configure_fit: strategy sampled 10 clients (out of 10)
[2026-06-07 14:05:16,020][flwr][INFO] - aggregate_fit: received 10 results and 0 failures
[2026-06-07 14:05:19,504][flwr][INFO] - fit progress: (8, 123.94357824325562, {'accuracy': 0.485}, 192.18531269999994)
[2026-06-07 14:05:19,504][flwr][INFO] - configure_evaluate: strategy sampled 10 clients (out of 10)
[2026-06-07 14:05:24,965][flwr][INFO] - aggregate_evaluate: received 10 results and 0 failures
[2026-06-07 14:05:24,965][flwr][INFO] - 
[2026-06-07 14:05:24,965][flwr][INFO] - [ROUND 9]
[2026-06-07 14:05:24,965][flwr][INFO] - configure_fit: strategy sampled 10 clients (out of 10)
[2026-06-07 14:05:39,440][flwr][INFO] - aggregate_fit: received 10 results and 0 failures
[2026-06-07 14:05:42,824][flwr][INFO] - fit progress: (9, 120.55071294307709, {'accuracy': 0.5112}, 215.49556359999997)
[2026-06-07 14:05:42,824][flwr][INFO] - configure_evaluate: strategy sampled 10 clients (out of 10)
[2026-06-07 14:05:48,244][flwr][INFO] - aggregate_evaluate: received 10 results and 0 failures
[2026-06-07 14:05:48,244][flwr][INFO] - 
[2026-06-07 14:05:48,244][flwr][INFO] - [ROUND 10]
[2026-06-07 14:05:48,244][flwr][INFO] - configure_fit: strategy sampled 10 clients (out of 10)
[2026-06-07 14:06:02,978][flwr][INFO] - aggregate_fit: received 10 results and 0 failures
[2026-06-07 14:06:06,426][flwr][INFO] - fit progress: (10, 120.55071294307709, {'accuracy': 0.5112}, 239.09562890000007)
[2026-06-07 14:06:06,426][flwr][INFO] - configure_evaluate: strategy sampled 10 clients (out of 10)
[2026-06-07 14:06:12,005][flwr][INFO] - aggregate_evaluate: received 10 results and 0 failures
[2026-06-07 14:06:12,005][flwr][INFO] - 
[2026-06-07 14:06:12,005][flwr][INFO] - [ROUND 11]
[2026-06-07 14:06:12,009][flwr][INFO] - configure_fit: strategy sampled 10 clients (out of 10)
[2026-06-07 14:06:27,078][flwr][INFO] - aggregate_fit: received 10 results and 0 failures
[2026-06-07 14:06:30,591][flwr][INFO] - fit progress: (11, 109.17279970645905, {'accuracy': 0.6003}, 263.2663229)
[2026-06-07 14:06:30,591][flwr][INFO] - configure_evaluate: strategy sampled 10 clients (out of 10)
[2026-06-07 14:06:36,078][flwr][INFO] - aggregate_evaluate: received 10 results and 0 failures
[2026-06-07 14:06:36,078][flwr][INFO] - 
[2026-06-07 14:06:36,078][flwr][INFO] - [ROUND 12]
[2026-06-07 14:06:36,078][flwr][INFO] - configure_fit: strategy sampled 10 clients (out of 10)
[2026-06-07 14:06:50,449][flwr][INFO] - aggregate_fit: received 10 results and 0 failures
[2026-06-07 14:06:53,844][flwr][INFO] - fit progress: (12, 93.91724187135696, {'accuracy': 0.6743}, 286.5152075000001)
[2026-06-07 14:06:53,844][flwr][INFO] - configure_evaluate: strategy sampled 10 clients (out of 10)
[2026-06-07 14:06:59,128][flwr][INFO] - aggregate_evaluate: received 10 results and 0 failures
[2026-06-07 14:06:59,128][flwr][INFO] - 
[2026-06-07 14:06:59,128][flwr][INFO] - [ROUND 13]
[2026-06-07 14:06:59,128][flwr][INFO] - configure_fit: strategy sampled 10 clients (out of 10)
[2026-06-07 14:07:14,704][flwr][INFO] - aggregate_fit: received 10 results and 0 failures
[2026-06-07 14:07:18,078][flwr][INFO] - fit progress: (13, 89.29974097013474, {'accuracy': 0.6561}, 310.7617543000001)
[2026-06-07 14:07:18,078][flwr][INFO] - configure_evaluate: strategy sampled 10 clients (out of 10)
[2026-06-07 14:07:23,628][flwr][INFO] - aggregate_evaluate: received 10 results and 0 failures
[2026-06-07 14:07:23,628][flwr][INFO] - 
[2026-06-07 14:07:23,628][flwr][INFO] - [ROUND 14]
[2026-06-07 14:07:23,628][flwr][INFO] - configure_fit: strategy sampled 10 clients (out of 10)
[2026-06-07 14:07:39,054][flwr][INFO] - aggregate_fit: received 10 results and 0 failures
[2026-06-07 14:07:42,464][flwr][INFO] - fit progress: (14, 89.39513158798218, {'accuracy': 0.6074}, 335.13764349999974)
[2026-06-07 14:07:42,464][flwr][INFO] - configure_evaluate: strategy sampled 10 clients (out of 10)
[2026-06-07 14:07:47,854][flwr][INFO] - aggregate_evaluate: received 10 results and 0 failures
[2026-06-07 14:07:47,854][flwr][INFO] - 
[2026-06-07 14:07:47,854][flwr][INFO] - [ROUND 15]
[2026-06-07 14:07:47,854][flwr][INFO] - configure_fit: strategy sampled 10 clients (out of 10)
[2026-06-07 14:08:02,277][flwr][INFO] - aggregate_fit: received 10 results and 0 failures
[2026-06-07 14:08:05,794][flwr][INFO] - fit progress: (15, 89.39513158798218, {'accuracy': 0.6074}, 358.46483009999974)
[2026-06-07 14:08:05,794][flwr][INFO] - configure_evaluate: strategy sampled 10 clients (out of 10)
[2026-06-07 14:08:11,228][flwr][INFO] - aggregate_evaluate: received 10 results and 0 failures
[2026-06-07 14:08:11,228][flwr][INFO] - 
[2026-06-07 14:08:11,228][flwr][INFO] - [ROUND 16]
[2026-06-07 14:08:11,228][flwr][INFO] - configure_fit: strategy sampled 10 clients (out of 10)
[2026-06-07 14:08:27,689][flwr][INFO] - aggregate_fit: received 10 results and 0 failures
[2026-06-07 14:08:31,128][flwr][INFO] - fit progress: (16, 86.52333676815033, {'accuracy': 0.6045}, 383.8033446999998)
[2026-06-07 14:08:31,128][flwr][INFO] - configure_evaluate: strategy sampled 10 clients (out of 10)
[2026-06-07 14:08:36,463][flwr][INFO] - aggregate_evaluate: received 10 results and 0 failures
[2026-06-07 14:08:36,463][flwr][INFO] - 
[2026-06-07 14:08:36,463][flwr][INFO] - [ROUND 17]
[2026-06-07 14:08:36,463][flwr][INFO] - configure_fit: strategy sampled 10 clients (out of 10)
[2026-06-07 14:08:52,824][flwr][INFO] - aggregate_fit: received 10 results and 0 failures
[2026-06-07 14:08:56,254][flwr][INFO] - fit progress: (17, 86.43741345405579, {'accuracy': 0.5839}, 408.9387901)
[2026-06-07 14:08:56,270][flwr][INFO] - configure_evaluate: strategy sampled 10 clients (out of 10)
[2026-06-07 14:09:01,870][flwr][INFO] - aggregate_evaluate: received 10 results and 0 failures
[2026-06-07 14:09:01,870][flwr][INFO] - 
[2026-06-07 14:09:01,870][flwr][INFO] - [ROUND 18]
[2026-06-07 14:09:01,870][flwr][INFO] - configure_fit: strategy sampled 10 clients (out of 10)
[2026-06-07 14:09:16,854][flwr][INFO] - aggregate_fit: received 10 results and 0 failures
[2026-06-07 14:09:20,304][flwr][INFO] - fit progress: (18, 78.36970227956772, {'accuracy': 0.6957}, 432.98790340000005)
[2026-06-07 14:09:20,304][flwr][INFO] - configure_evaluate: strategy sampled 10 clients (out of 10)
[2026-06-07 14:09:25,628][flwr][INFO] - aggregate_evaluate: received 10 results and 0 failures
[2026-06-07 14:09:25,628][flwr][INFO] - 
[2026-06-07 14:09:25,628][flwr][INFO] - [ROUND 19]
[2026-06-07 14:09:25,628][flwr][INFO] - configure_fit: strategy sampled 10 clients (out of 10)
[2026-06-07 14:09:40,528][flwr][INFO] - aggregate_fit: received 10 results and 0 failures
[2026-06-07 14:09:43,920][flwr][INFO] - fit progress: (19, 81.9522694349289, {'accuracy': 0.6884}, 456.5899419999996)
[2026-06-07 14:09:43,921][flwr][INFO] - configure_evaluate: strategy sampled 10 clients (out of 10)
[2026-06-07 14:09:49,270][flwr][INFO] - aggregate_evaluate: received 10 results and 0 failures
[2026-06-07 14:09:49,278][flwr][INFO] - 
[2026-06-07 14:09:49,278][flwr][INFO] - [ROUND 20]
[2026-06-07 14:09:49,278][flwr][INFO] - configure_fit: strategy sampled 10 clients (out of 10)
[2026-06-07 14:10:03,655][flwr][INFO] - aggregate_fit: received 10 results and 0 failures
[2026-06-07 14:10:07,094][flwr][INFO] - fit progress: (20, 81.9522694349289, {'accuracy': 0.6884}, 479.7702184)
[2026-06-07 14:10:07,094][flwr][INFO] - configure_evaluate: strategy sampled 10 clients (out of 10)
[2026-06-07 14:10:12,670][flwr][INFO] - aggregate_evaluate: received 10 results and 0 failures
[2026-06-07 14:10:12,670][flwr][INFO] - 
[2026-06-07 14:10:12,670][flwr][INFO] - [ROUND 21]
[2026-06-07 14:10:12,670][flwr][INFO] - configure_fit: strategy sampled 10 clients (out of 10)
[2026-06-07 14:10:27,278][flwr][INFO] - aggregate_fit: received 10 results and 0 failures
[2026-06-07 14:10:30,645][flwr][INFO] - fit progress: (21, 130.57097446918488, {'accuracy': 0.5423}, 503.3139425999998)
[2026-06-07 14:10:30,645][flwr][INFO] - configure_evaluate: strategy sampled 10 clients (out of 10)
[2026-06-07 14:10:35,987][flwr][INFO] - aggregate_evaluate: received 10 results and 0 failures
[2026-06-07 14:10:35,987][flwr][INFO] - 
[2026-06-07 14:10:35,988][flwr][INFO] - [ROUND 22]
[2026-06-07 14:10:35,989][flwr][INFO] - configure_fit: strategy sampled 10 clients (out of 10)
[2026-06-07 14:10:51,432][flwr][INFO] - aggregate_fit: received 10 results and 0 failures
[2026-06-07 14:10:54,820][flwr][INFO] - fit progress: (22, 119.27149844169617, {'accuracy': 0.5492}, 527.4925342999995)
[2026-06-07 14:10:54,820][flwr][INFO] - configure_evaluate: strategy sampled 10 clients (out of 10)
[2026-06-07 14:11:00,254][flwr][INFO] - aggregate_evaluate: received 10 results and 0 failures
[2026-06-07 14:11:00,254][flwr][INFO] - 
[2026-06-07 14:11:00,254][flwr][INFO] - [ROUND 23]
[2026-06-07 14:11:00,254][flwr][INFO] - configure_fit: strategy sampled 10 clients (out of 10)
[2026-06-07 14:11:15,520][flwr][INFO] - aggregate_fit: received 10 results and 0 failures
[2026-06-07 14:11:18,889][flwr][INFO] - fit progress: (23, 83.90593928098679, {'accuracy': 0.6166}, 551.5585300000002)
[2026-06-07 14:11:18,889][flwr][INFO] - configure_evaluate: strategy sampled 10 clients (out of 10)
[2026-06-07 14:11:24,278][flwr][INFO] - aggregate_evaluate: received 10 results and 0 failures
[2026-06-07 14:11:24,278][flwr][INFO] - 
[2026-06-07 14:11:24,278][flwr][INFO] - [ROUND 24]
[2026-06-07 14:11:24,278][flwr][INFO] - configure_fit: strategy sampled 10 clients (out of 10)
[2026-06-07 14:11:39,613][flwr][INFO] - aggregate_fit: received 10 results and 0 failures
[2026-06-07 14:11:43,029][flwr][INFO] - fit progress: (24, 84.82154905796051, {'accuracy': 0.6258}, 575.7102855000003)
[2026-06-07 14:11:43,029][flwr][INFO] - configure_evaluate: strategy sampled 10 clients (out of 10)
[2026-06-07 14:11:48,433][flwr][INFO] - aggregate_evaluate: received 10 results and 0 failures
[2026-06-07 14:11:48,434][flwr][INFO] - 
[2026-06-07 14:11:48,434][flwr][INFO] - [ROUND 25]
[2026-06-07 14:11:48,438][flwr][INFO] - configure_fit: strategy sampled 10 clients (out of 10)
[2026-06-07 14:12:02,461][flwr][INFO] - aggregate_fit: received 10 results and 0 failures
[2026-06-07 14:12:05,904][flwr][INFO] - fit progress: (25, 84.82154905796051, {'accuracy': 0.6258}, 598.5846714999998)
[2026-06-07 14:12:05,904][flwr][INFO] - configure_evaluate: strategy sampled 10 clients (out of 10)
[2026-06-07 14:12:11,462][flwr][INFO] - aggregate_evaluate: received 10 results and 0 failures
[2026-06-07 14:12:11,462][flwr][INFO] - 
[2026-06-07 14:12:11,462][flwr][INFO] - [ROUND 26]
[2026-06-07 14:12:11,462][flwr][INFO] - configure_fit: strategy sampled 10 clients (out of 10)
[2026-06-07 14:12:25,528][flwr][INFO] - aggregate_fit: received 10 results and 0 failures
[2026-06-07 14:12:29,044][flwr][INFO] - fit progress: (26, 136.36194241046906, {'accuracy': 0.6268}, 621.7200571000003)
[2026-06-07 14:12:29,044][flwr][INFO] - configure_evaluate: strategy sampled 10 clients (out of 10)
[2026-06-07 14:12:34,554][flwr][INFO] - aggregate_evaluate: received 10 results and 0 failures
[2026-06-07 14:12:34,554][flwr][INFO] - 
[2026-06-07 14:12:34,554][flwr][INFO] - [ROUND 27]
[2026-06-07 14:12:34,554][flwr][INFO] - configure_fit: strategy sampled 10 clients (out of 10)
[2026-06-07 14:12:49,304][flwr][INFO] - aggregate_fit: received 10 results and 0 failures
[2026-06-07 14:12:52,714][flwr][INFO] - fit progress: (27, 128.96483552455902, {'accuracy': 0.6216}, 645.3835554999996)
[2026-06-07 14:12:52,715][flwr][INFO] - configure_evaluate: strategy sampled 10 clients (out of 10)
[2026-06-07 14:12:58,028][flwr][INFO] - aggregate_evaluate: received 10 results and 0 failures
[2026-06-07 14:12:58,028][flwr][INFO] - 
[2026-06-07 14:12:58,028][flwr][INFO] - [ROUND 28]
[2026-06-07 14:12:58,028][flwr][INFO] - configure_fit: strategy sampled 10 clients (out of 10)
[2026-06-07 14:13:12,389][flwr][INFO] - aggregate_fit: received 10 results and 0 failures
[2026-06-07 14:13:15,794][flwr][INFO] - fit progress: (28, 112.91630232334137, {'accuracy': 0.591}, 668.4641481999997)
[2026-06-07 14:13:15,794][flwr][INFO] - configure_evaluate: strategy sampled 10 clients (out of 10)
[2026-06-07 14:13:21,104][flwr][INFO] - aggregate_evaluate: received 10 results and 0 failures
[2026-06-07 14:13:21,104][flwr][INFO] - 
[2026-06-07 14:13:21,104][flwr][INFO] - [ROUND 29]
[2026-06-07 14:13:21,104][flwr][INFO] - configure_fit: strategy sampled 10 clients (out of 10)
[2026-06-07 14:13:35,427][flwr][INFO] - aggregate_fit: received 10 results and 0 failures
[2026-06-07 14:13:38,845][flwr][INFO] - fit progress: (29, 92.1118021607399, {'accuracy': 0.629}, 691.5186653999999)
[2026-06-07 14:13:38,845][flwr][INFO] - configure_evaluate: strategy sampled 10 clients (out of 10)
[2026-06-07 14:13:44,162][flwr][INFO] - aggregate_evaluate: received 10 results and 0 failures
[2026-06-07 14:13:44,178][flwr][INFO] - 
[2026-06-07 14:13:44,178][flwr][INFO] - [ROUND 30]
[2026-06-07 14:13:44,178][flwr][INFO] - configure_fit: strategy sampled 10 clients (out of 10)
[2026-06-07 14:13:59,778][flwr][INFO] - aggregate_fit: received 10 results and 0 failures
[2026-06-07 14:14:03,319][flwr][INFO] - fit progress: (30, 92.1118021607399, {'accuracy': 0.629}, 715.9974664000001)
[2026-06-07 14:14:03,328][flwr][INFO] - configure_evaluate: strategy sampled 10 clients (out of 10)
[2026-06-07 14:14:08,870][flwr][INFO] - aggregate_evaluate: received 10 results and 0 failures
[2026-06-07 14:14:08,870][flwr][INFO] - 
[2026-06-07 14:14:08,870][flwr][INFO] - [ROUND 31]
[2026-06-07 14:14:08,878][flwr][INFO] - configure_fit: strategy sampled 10 clients (out of 10)
[2026-06-07 14:14:23,888][flwr][INFO] - aggregate_fit: received 10 results and 0 failures
[2026-06-07 14:14:27,320][flwr][INFO] - fit progress: (31, 133.8764088153839, {'accuracy': 0.5089}, 739.9914472999999)
[2026-06-07 14:14:27,320][flwr][INFO] - configure_evaluate: strategy sampled 10 clients (out of 10)
[2026-06-07 14:14:32,794][flwr][INFO] - aggregate_evaluate: received 10 results and 0 failures
[2026-06-07 14:14:32,794][flwr][INFO] - 
[2026-06-07 14:14:32,794][flwr][INFO] - [ROUND 32]
[2026-06-07 14:14:32,794][flwr][INFO] - configure_fit: strategy sampled 10 clients (out of 10)
[2026-06-07 14:14:48,404][flwr][INFO] - aggregate_fit: received 10 results and 0 failures
[2026-06-07 14:14:52,078][flwr][INFO] - fit progress: (32, 129.03023946285248, {'accuracy': 0.5208}, 764.7516302000004)
[2026-06-07 14:14:52,078][flwr][INFO] - configure_evaluate: strategy sampled 10 clients (out of 10)
[2026-06-07 14:14:57,613][flwr][INFO] - aggregate_evaluate: received 10 results and 0 failures
[2026-06-07 14:14:57,613][flwr][INFO] - 
[2026-06-07 14:14:57,613][flwr][INFO] - [ROUND 33]
[2026-06-07 14:14:57,616][flwr][INFO] - configure_fit: strategy sampled 10 clients (out of 10)
[2026-06-07 14:15:14,178][flwr][INFO] - aggregate_fit: received 10 results and 0 failures
[2026-06-07 14:15:17,670][flwr][INFO] - fit progress: (33, 112.56771218776703, {'accuracy': 0.535}, 790.3419103999995)
[2026-06-07 14:15:17,670][flwr][INFO] - configure_evaluate: strategy sampled 10 clients (out of 10)
[2026-06-07 14:15:23,194][flwr][INFO] - aggregate_evaluate: received 10 results and 0 failures
[2026-06-07 14:15:23,194][flwr][INFO] - 
[2026-06-07 14:15:23,194][flwr][INFO] - [ROUND 34]
[2026-06-07 14:15:23,194][flwr][INFO] - configure_fit: strategy sampled 10 clients (out of 10)
[2026-06-07 14:15:37,563][flwr][INFO] - aggregate_fit: received 10 results and 0 failures
[2026-06-07 14:15:41,028][flwr][INFO] - fit progress: (34, 98.71927440166473, {'accuracy': 0.5993}, 813.7088686999996)
[2026-06-07 14:15:41,028][flwr][INFO] - configure_evaluate: strategy sampled 10 clients (out of 10)
[2026-06-07 14:15:46,424][flwr][INFO] - aggregate_evaluate: received 10 results and 0 failures
[2026-06-07 14:15:46,424][flwr][INFO] - 
[2026-06-07 14:15:46,425][flwr][INFO] - [ROUND 35]
[2026-06-07 14:15:46,428][flwr][INFO] - configure_fit: strategy sampled 10 clients (out of 10)
[2026-06-07 14:16:00,933][flwr][INFO] - aggregate_fit: received 10 results and 0 failures
[2026-06-07 14:16:04,423][flwr][INFO] - fit progress: (35, 98.71927440166473, {'accuracy': 0.5993}, 837.0922647999996)
[2026-06-07 14:16:04,423][flwr][INFO] - configure_evaluate: strategy sampled 10 clients (out of 10)
[2026-06-07 14:16:09,923][flwr][INFO] - aggregate_evaluate: received 10 results and 0 failures
[2026-06-07 14:16:09,923][flwr][INFO] - 
[2026-06-07 14:16:09,923][flwr][INFO] - [ROUND 36]
[2026-06-07 14:16:09,926][flwr][INFO] - configure_fit: strategy sampled 10 clients (out of 10)
[2026-06-07 14:16:24,644][flwr][INFO] - aggregate_fit: received 10 results and 0 failures
[2026-06-07 14:16:28,094][flwr][INFO] - fit progress: (36, 175.47859978675842, {'accuracy': 0.4994}, 860.7651384000001)
[2026-06-07 14:16:28,094][flwr][INFO] - configure_evaluate: strategy sampled 10 clients (out of 10)
[2026-06-07 14:16:33,578][flwr][INFO] - aggregate_evaluate: received 10 results and 0 failures
[2026-06-07 14:16:33,594][flwr][INFO] - 
[2026-06-07 14:16:33,594][flwr][INFO] - [ROUND 37]
[2026-06-07 14:16:33,594][flwr][INFO] - configure_fit: strategy sampled 10 clients (out of 10)
[2026-06-07 14:16:47,926][flwr][INFO] - aggregate_fit: received 10 results and 0 failures
[2026-06-07 14:16:51,328][flwr][INFO] - fit progress: (37, 153.31424021720886, {'accuracy': 0.5302}, 884.0012213999998)
[2026-06-07 14:16:51,328][flwr][INFO] - configure_evaluate: strategy sampled 10 clients (out of 10)
[2026-06-07 14:16:56,644][flwr][INFO] - aggregate_evaluate: received 10 results and 0 failures
[2026-06-07 14:16:56,644][flwr][INFO] - 
[2026-06-07 14:16:56,644][flwr][INFO] - [ROUND 38]
[2026-06-07 14:16:56,644][flwr][INFO] - configure_fit: strategy sampled 10 clients (out of 10)
[2026-06-07 14:17:12,878][flwr][INFO] - aggregate_fit: received 10 results and 0 failures
[2026-06-07 14:17:16,328][flwr][INFO] - fit progress: (38, 119.66897571086884, {'accuracy': 0.5877}, 909.0030907)
[2026-06-07 14:17:16,328][flwr][INFO] - configure_evaluate: strategy sampled 10 clients (out of 10)
[2026-06-07 14:17:21,728][flwr][INFO] - aggregate_evaluate: received 10 results and 0 failures
[2026-06-07 14:17:21,728][flwr][INFO] - 
[2026-06-07 14:17:21,728][flwr][INFO] - [ROUND 39]
[2026-06-07 14:17:21,728][flwr][INFO] - configure_fit: strategy sampled 10 clients (out of 10)
[2026-06-07 14:17:36,444][flwr][INFO] - aggregate_fit: received 10 results and 0 failures
[2026-06-07 14:17:39,854][flwr][INFO] - fit progress: (39, 96.45823818445206, {'accuracy': 0.6001}, 932.5320921000002)
[2026-06-07 14:17:39,854][flwr][INFO] - configure_evaluate: strategy sampled 10 clients (out of 10)
[2026-06-07 14:17:45,519][flwr][INFO] - aggregate_evaluate: received 10 results and 0 failures
[2026-06-07 14:17:45,519][flwr][INFO] - 
[2026-06-07 14:17:45,519][flwr][INFO] - [ROUND 40]
[2026-06-07 14:17:45,519][flwr][INFO] - configure_fit: strategy sampled 10 clients (out of 10)
[2026-06-07 14:17:59,628][flwr][INFO] - aggregate_fit: received 10 results and 0 failures
[2026-06-07 14:18:03,128][flwr][INFO] - fit progress: (40, 96.45823818445206, {'accuracy': 0.6001}, 955.8108173999999)
[2026-06-07 14:18:03,128][flwr][INFO] - configure_evaluate: strategy sampled 10 clients (out of 10)
[2026-06-07 14:18:08,494][flwr][INFO] - aggregate_evaluate: received 10 results and 0 failures
[2026-06-07 14:18:08,494][flwr][INFO] - 
[2026-06-07 14:18:08,494][flwr][INFO] - [ROUND 41]
[2026-06-07 14:18:08,494][flwr][INFO] - configure_fit: strategy sampled 10 clients (out of 10)
[2026-06-07 14:18:23,004][flwr][INFO] - aggregate_fit: received 10 results and 0 failures
[2026-06-07 14:18:26,431][flwr][INFO] - fit progress: (41, 166.81594920158386, {'accuracy': 0.4788}, 979.1002350999997)
[2026-06-07 14:18:26,431][flwr][INFO] - configure_evaluate: strategy sampled 10 clients (out of 10)
[2026-06-07 14:18:31,828][flwr][INFO] - aggregate_evaluate: received 10 results and 0 failures
[2026-06-07 14:18:31,828][flwr][INFO] - 
[2026-06-07 14:18:31,828][flwr][INFO] - [ROUND 42]
[2026-06-07 14:18:31,828][flwr][INFO] - configure_fit: strategy sampled 10 clients (out of 10)
[2026-06-07 14:18:47,578][flwr][INFO] - aggregate_fit: received 10 results and 0 failures
[2026-06-07 14:18:51,078][flwr][INFO] - fit progress: (42, 120.73608410358429, {'accuracy': 0.4986}, 1003.7538120999998)
[2026-06-07 14:18:51,078][flwr][INFO] - configure_evaluate: strategy sampled 10 clients (out of 10)
[2026-06-07 14:18:56,478][flwr][INFO] - aggregate_evaluate: received 10 results and 0 failures
[2026-06-07 14:18:56,478][flwr][INFO] - 
[2026-06-07 14:18:56,478][flwr][INFO] - [ROUND 43]
[2026-06-07 14:18:56,494][flwr][INFO] - configure_fit: strategy sampled 10 clients (out of 10)
[2026-06-07 14:19:10,278][flwr][INFO] - aggregate_fit: received 10 results and 0 failures
[2026-06-07 14:19:13,834][flwr][INFO] - fit progress: (43, 75.4084524512291, {'accuracy': 0.6712}, 1026.5190802999996)
[2026-06-07 14:19:13,850][flwr][INFO] - configure_evaluate: strategy sampled 10 clients (out of 10)
[2026-06-07 14:19:19,244][flwr][INFO] - aggregate_evaluate: received 10 results and 0 failures
[2026-06-07 14:19:19,244][flwr][INFO] - 
[2026-06-07 14:19:19,244][flwr][INFO] - [ROUND 44]
[2026-06-07 14:19:19,254][flwr][INFO] - configure_fit: strategy sampled 10 clients (out of 10)
[2026-06-07 14:19:34,754][flwr][INFO] - aggregate_fit: received 10 results and 0 failures
[2026-06-07 14:19:38,178][flwr][INFO] - fit progress: (44, 70.80867925286293, {'accuracy': 0.7216}, 1050.8539818)
[2026-06-07 14:19:38,178][flwr][INFO] - configure_evaluate: strategy sampled 10 clients (out of 10)
[2026-06-07 14:19:43,654][flwr][INFO] - aggregate_evaluate: received 10 results and 0 failures
[2026-06-07 14:19:43,670][flwr][INFO] - 
[2026-06-07 14:19:43,670][flwr][INFO] - [ROUND 45]
[2026-06-07 14:19:43,670][flwr][INFO] - configure_fit: strategy sampled 10 clients (out of 10)
[2026-06-07 14:19:58,678][flwr][INFO] - aggregate_fit: received 10 results and 0 failures
[2026-06-07 14:20:02,194][flwr][INFO] - fit progress: (45, 70.80867925286293, {'accuracy': 0.7216}, 1074.8645379999998)
[2026-06-07 14:20:02,194][flwr][INFO] - configure_evaluate: strategy sampled 10 clients (out of 10)
[2026-06-07 14:20:07,729][flwr][INFO] - aggregate_evaluate: received 10 results and 0 failures
[2026-06-07 14:20:07,729][flwr][INFO] - 
[2026-06-07 14:20:07,729][flwr][INFO] - [ROUND 46]
[2026-06-07 14:20:07,729][flwr][INFO] - configure_fit: strategy sampled 10 clients (out of 10)
[2026-06-07 14:20:22,354][flwr][INFO] - aggregate_fit: received 10 results and 0 failures
[2026-06-07 14:20:25,804][flwr][INFO] - fit progress: (46, 77.25388517975807, {'accuracy': 0.6552}, 1098.4750930999999)
[2026-06-07 14:20:25,804][flwr][INFO] - configure_evaluate: strategy sampled 10 clients (out of 10)
[2026-06-07 14:20:31,245][flwr][INFO] - aggregate_evaluate: received 10 results and 0 failures
[2026-06-07 14:20:31,245][flwr][INFO] - 
[2026-06-07 14:20:31,245][flwr][INFO] - [ROUND 47]
[2026-06-07 14:20:31,245][flwr][INFO] - configure_fit: strategy sampled 10 clients (out of 10)
[2026-06-07 14:20:46,644][flwr][INFO] - aggregate_fit: received 10 results and 0 failures
[2026-06-07 14:20:50,104][flwr][INFO] - fit progress: (47, 74.21189576387405, {'accuracy': 0.6774}, 1122.7741366999999)
[2026-06-07 14:20:50,104][flwr][INFO] - configure_evaluate: strategy sampled 10 clients (out of 10)
[2026-06-07 14:20:55,568][flwr][INFO] - aggregate_evaluate: received 10 results and 0 failures
[2026-06-07 14:20:55,568][flwr][INFO] - 
[2026-06-07 14:20:55,568][flwr][INFO] - [ROUND 48]
[2026-06-07 14:20:55,568][flwr][INFO] - configure_fit: strategy sampled 10 clients (out of 10)
[2026-06-07 14:21:11,078][flwr][INFO] - aggregate_fit: received 10 results and 0 failures
[2026-06-07 14:21:14,545][flwr][INFO] - fit progress: (48, 69.12400943040848, {'accuracy': 0.685}, 1147.2150497000002)
[2026-06-07 14:21:14,546][flwr][INFO] - configure_evaluate: strategy sampled 10 clients (out of 10)
[2026-06-07 14:21:19,870][flwr][INFO] - aggregate_evaluate: received 10 results and 0 failures
[2026-06-07 14:21:19,870][flwr][INFO] - 
[2026-06-07 14:21:19,870][flwr][INFO] - [ROUND 49]
[2026-06-07 14:21:19,878][flwr][INFO] - configure_fit: strategy sampled 10 clients (out of 10)
[2026-06-07 14:21:35,404][flwr][INFO] - aggregate_fit: received 10 results and 0 failures
[2026-06-07 14:21:38,844][flwr][INFO] - fit progress: (49, 63.47773990035057, {'accuracy': 0.7087}, 1171.5219878999997)
[2026-06-07 14:21:38,844][flwr][INFO] - configure_evaluate: strategy sampled 10 clients (out of 10)
[2026-06-07 14:21:44,220][flwr][INFO] - aggregate_evaluate: received 10 results and 0 failures
[2026-06-07 14:21:44,220][flwr][INFO] - 
[2026-06-07 14:21:44,220][flwr][INFO] - [ROUND 50]
[2026-06-07 14:21:44,228][flwr][INFO] - configure_fit: strategy sampled 10 clients (out of 10)
[2026-06-07 14:21:58,369][flwr][INFO] - aggregate_fit: received 10 results and 0 failures
[2026-06-07 14:22:01,854][flwr][INFO] - fit progress: (50, 63.47773990035057, {'accuracy': 0.7087}, 1194.5250432000003)
[2026-06-07 14:22:01,854][flwr][INFO] - configure_evaluate: strategy sampled 10 clients (out of 10)
[2026-06-07 14:22:07,154][flwr][INFO] - aggregate_evaluate: received 10 results and 0 failures
[2026-06-07 14:22:07,154][flwr][INFO] - 
[2026-06-07 14:22:07,154][flwr][INFO] - [ROUND 51]
[2026-06-07 14:22:07,169][flwr][INFO] - configure_fit: strategy sampled 10 clients (out of 10)
[2026-06-07 14:22:22,544][flwr][INFO] - aggregate_fit: received 10 results and 0 failures
[2026-06-07 14:22:25,994][flwr][INFO] - fit progress: (51, 181.11723709106445, {'accuracy': 0.5262}, 1218.6636415000003)
[2026-06-07 14:22:25,994][flwr][INFO] - configure_evaluate: strategy sampled 10 clients (out of 10)
[2026-06-07 14:22:31,245][flwr][INFO] - aggregate_evaluate: received 10 results and 0 failures
[2026-06-07 14:22:31,245][flwr][INFO] - 
[2026-06-07 14:22:31,245][flwr][INFO] - [ROUND 52]
[2026-06-07 14:22:31,245][flwr][INFO] - configure_fit: strategy sampled 10 clients (out of 10)
[2026-06-07 14:22:46,144][flwr][INFO] - aggregate_fit: received 10 results and 0 failures
[2026-06-07 14:22:49,490][flwr][INFO] - fit progress: (52, 160.18622624874115, {'accuracy': 0.5064}, 1242.1654521)
[2026-06-07 14:22:49,490][flwr][INFO] - configure_evaluate: strategy sampled 10 clients (out of 10)
[2026-06-07 14:22:54,844][flwr][INFO] - aggregate_evaluate: received 10 results and 0 failures
[2026-06-07 14:22:54,844][flwr][INFO] - 
[2026-06-07 14:22:54,844][flwr][INFO] - [ROUND 53]
[2026-06-07 14:22:54,844][flwr][INFO] - configure_fit: strategy sampled 10 clients (out of 10)
[2026-06-07 14:23:09,328][flwr][INFO] - aggregate_fit: received 10 results and 0 failures
[2026-06-07 14:23:12,754][flwr][INFO] - fit progress: (53, 128.53702545166016, {'accuracy': 0.5294}, 1265.4324208999997)
[2026-06-07 14:23:12,754][flwr][INFO] - configure_evaluate: strategy sampled 10 clients (out of 10)
[2026-06-07 14:23:18,228][flwr][INFO] - aggregate_evaluate: received 10 results and 0 failures
[2026-06-07 14:23:18,228][flwr][INFO] - 
[2026-06-07 14:23:18,228][flwr][INFO] - [ROUND 54]
[2026-06-07 14:23:18,228][flwr][INFO] - configure_fit: strategy sampled 10 clients (out of 10)
[2026-06-07 14:23:33,964][flwr][INFO] - aggregate_fit: received 10 results and 0 failures
[2026-06-07 14:23:37,370][flwr][INFO] - fit progress: (54, 113.90094447135925, {'accuracy': 0.5792}, 1290.0417387999996)
[2026-06-07 14:23:37,370][flwr][INFO] - configure_evaluate: strategy sampled 10 clients (out of 10)
[2026-06-07 14:23:42,678][flwr][INFO] - aggregate_evaluate: received 10 results and 0 failures
[2026-06-07 14:23:42,678][flwr][INFO] - 
[2026-06-07 14:23:42,678][flwr][INFO] - [ROUND 55]
[2026-06-07 14:23:42,694][flwr][INFO] - configure_fit: strategy sampled 10 clients (out of 10)
[2026-06-07 14:23:57,404][flwr][INFO] - aggregate_fit: received 10 results and 0 failures
[2026-06-07 14:24:00,894][flwr][INFO] - fit progress: (55, 113.90094447135925, {'accuracy': 0.5792}, 1313.5672131000001)
[2026-06-07 14:24:00,894][flwr][INFO] - configure_evaluate: strategy sampled 10 clients (out of 10)
[2026-06-07 14:24:06,254][flwr][INFO] - aggregate_evaluate: received 10 results and 0 failures
[2026-06-07 14:24:06,254][flwr][INFO] - 
[2026-06-07 14:24:06,254][flwr][INFO] - [ROUND 56]
[2026-06-07 14:24:06,254][flwr][INFO] - configure_fit: strategy sampled 10 clients (out of 10)
[2026-06-07 14:24:21,828][flwr][INFO] - aggregate_fit: received 10 results and 0 failures
[2026-06-07 14:24:25,204][flwr][INFO] - fit progress: (56, 133.83713746070862, {'accuracy': 0.5403}, 1337.8748818000004)
[2026-06-07 14:24:25,204][flwr][INFO] - configure_evaluate: strategy sampled 10 clients (out of 10)
[2026-06-07 14:24:30,528][flwr][INFO] - aggregate_evaluate: received 10 results and 0 failures
[2026-06-07 14:24:30,528][flwr][INFO] - 
[2026-06-07 14:24:30,528][flwr][INFO] - [ROUND 57]
[2026-06-07 14:24:30,528][flwr][INFO] - configure_fit: strategy sampled 10 clients (out of 10)
[2026-06-07 14:24:47,404][flwr][INFO] - aggregate_fit: received 10 results and 0 failures
[2026-06-07 14:24:50,860][flwr][INFO] - fit progress: (57, 108.25201112031937, {'accuracy': 0.5571}, 1363.5292233999999)
[2026-06-07 14:24:50,860][flwr][INFO] - configure_evaluate: strategy sampled 10 clients (out of 10)
[2026-06-07 14:24:56,254][flwr][INFO] - aggregate_evaluate: received 10 results and 0 failures
[2026-06-07 14:24:56,254][flwr][INFO] - 
[2026-06-07 14:24:56,254][flwr][INFO] - [ROUND 58]
[2026-06-07 14:24:56,254][flwr][INFO] - configure_fit: strategy sampled 10 clients (out of 10)
[2026-06-07 14:25:12,394][flwr][INFO] - aggregate_fit: received 10 results and 0 failures
[2026-06-07 14:25:15,878][flwr][INFO] - fit progress: (58, 73.2692911028862, {'accuracy': 0.6567}, 1388.5588496999999)
[2026-06-07 14:25:15,878][flwr][INFO] - configure_evaluate: strategy sampled 10 clients (out of 10)
[2026-06-07 14:25:21,244][flwr][INFO] - aggregate_evaluate: received 10 results and 0 failures
[2026-06-07 14:25:21,244][flwr][INFO] - 
[2026-06-07 14:25:21,244][flwr][INFO] - [ROUND 59]
[2026-06-07 14:25:21,244][flwr][INFO] - configure_fit: strategy sampled 10 clients (out of 10)
[2026-06-07 14:25:35,094][flwr][INFO] - aggregate_fit: received 10 results and 0 failures
[2026-06-07 14:25:38,536][flwr][INFO] - fit progress: (59, 63.926203191280365, {'accuracy': 0.6985}, 1411.2054252999997)
[2026-06-07 14:25:38,537][flwr][INFO] - configure_evaluate: strategy sampled 10 clients (out of 10)
[2026-06-07 14:25:44,004][flwr][INFO] - aggregate_evaluate: received 10 results and 0 failures
[2026-06-07 14:25:44,004][flwr][INFO] - 
[2026-06-07 14:25:44,004][flwr][INFO] - [ROUND 60]
[2026-06-07 14:25:44,004][flwr][INFO] - configure_fit: strategy sampled 10 clients (out of 10)
[2026-06-07 14:25:58,604][flwr][INFO] - aggregate_fit: received 10 results and 0 failures
[2026-06-07 14:26:02,070][flwr][INFO] - fit progress: (60, 63.926203191280365, {'accuracy': 0.6985}, 1434.7429120999996)
[2026-06-07 14:26:02,070][flwr][INFO] - configure_evaluate: strategy sampled 10 clients (out of 10)
[2026-06-07 14:26:07,320][flwr][INFO] - aggregate_evaluate: received 10 results and 0 failures
[2026-06-07 14:26:07,320][flwr][INFO] - 
[2026-06-07 14:26:07,320][flwr][INFO] - [ROUND 61]
[2026-06-07 14:26:07,320][flwr][INFO] - configure_fit: strategy sampled 10 clients (out of 10)
[2026-06-07 14:26:21,670][flwr][INFO] - aggregate_fit: received 10 results and 0 failures
[2026-06-07 14:26:25,128][flwr][INFO] - fit progress: (61, 87.01981103420258, {'accuracy': 0.624}, 1457.8060474000004)
[2026-06-07 14:26:25,128][flwr][INFO] - configure_evaluate: strategy sampled 10 clients (out of 10)
[2026-06-07 14:26:30,464][flwr][INFO] - aggregate_evaluate: received 10 results and 0 failures
[2026-06-07 14:26:30,464][flwr][INFO] - 
[2026-06-07 14:26:30,464][flwr][INFO] - [ROUND 62]
[2026-06-07 14:26:30,464][flwr][INFO] - configure_fit: strategy sampled 10 clients (out of 10)
[2026-06-07 14:26:46,170][flwr][INFO] - aggregate_fit: received 10 results and 0 failures
[2026-06-07 14:26:49,504][flwr][INFO] - fit progress: (62, 88.66925549507141, {'accuracy': 0.6227}, 1482.1825879999997)
[2026-06-07 14:26:49,504][flwr][INFO] - configure_evaluate: strategy sampled 10 clients (out of 10)
[2026-06-07 14:26:54,940][flwr][INFO] - aggregate_evaluate: received 10 results and 0 failures
[2026-06-07 14:26:54,940][flwr][INFO] - 
[2026-06-07 14:26:54,940][flwr][INFO] - [SUMMARY]
[2026-06-07 14:26:54,940][flwr][INFO] - Run finished 62 round(s) in 1487.62s
[2026-06-07 14:26:54,955][flwr][INFO] - 	History (loss, distributed):
[2026-06-07 14:26:54,955][flwr][INFO] - 		round 1: 73.84665489196777
[2026-06-07 14:26:54,955][flwr][INFO] - 		round 2: 72.782455098629
[2026-06-07 14:26:54,955][flwr][INFO] - 		round 3: 64.1961584687233
[2026-06-07 14:26:54,955][flwr][INFO] - 		round 4: 51.238072669506074
[2026-06-07 14:26:54,955][flwr][INFO] - 		round 5: 51.238072669506074
[2026-06-07 14:26:54,955][flwr][INFO] - 		round 6: 65.35264505147934
[2026-06-07 14:26:54,955][flwr][INFO] - 		round 7: 55.18351308107376
[2026-06-07 14:26:54,960][flwr][INFO] - 		round 8: 50.185243701934816
[2026-06-07 14:26:54,960][flwr][INFO] - 		round 9: 48.825466060638426
[2026-06-07 14:26:54,960][flwr][INFO] - 		round 10: 48.825466060638426
[2026-06-07 14:26:54,961][flwr][INFO] - 		round 11: 44.28925306200981
[2026-06-07 14:26:54,961][flwr][INFO] - 		round 12: 38.17612178921699
[2026-06-07 14:26:54,961][flwr][INFO] - 		round 13: 36.32701451778412
[2026-06-07 14:26:54,961][flwr][INFO] - 		round 14: 36.34899019598961
[2026-06-07 14:26:54,962][flwr][INFO] - 		round 15: 36.34899019598961
[2026-06-07 14:26:54,962][flwr][INFO] - 		round 16: 34.86226533055306
[2026-06-07 14:26:54,962][flwr][INFO] - 		round 17: 34.90602579116821
[2026-06-07 14:26:54,963][flwr][INFO] - 		round 18: 31.786394268274307
[2026-06-07 14:26:54,963][flwr][INFO] - 		round 19: 33.32782075405121
[2026-06-07 14:26:54,964][flwr][INFO] - 		round 20: 33.32782075405121
[2026-06-07 14:26:54,965][flwr][INFO] - 		round 21: 52.85620481967926
[2026-06-07 14:26:54,965][flwr][INFO] - 		round 22: 48.305710673332214
[2026-06-07 14:26:54,965][flwr][INFO] - 		round 23: 34.111120796203615
[2026-06-07 14:26:54,965][flwr][INFO] - 		round 24: 34.49350284337997
[2026-06-07 14:26:54,965][flwr][INFO] - 		round 25: 34.49350284337997
[2026-06-07 14:26:54,965][flwr][INFO] - 		round 26: 54.61745334863663
[2026-06-07 14:26:54,965][flwr][INFO] - 		round 27: 51.69297886490822
[2026-06-07 14:26:54,965][flwr][INFO] - 		round 28: 45.4267442882061
[2026-06-07 14:26:54,965][flwr][INFO] - 		round 29: 37.17129768133164
[2026-06-07 14:26:54,965][flwr][INFO] - 		round 30: 37.17129768133164
[2026-06-07 14:26:54,965][flwr][INFO] - 		round 31: 54.20964314341545
[2026-06-07 14:26:54,965][flwr][INFO] - 		round 32: 52.21171435713768
[2026-06-07 14:26:54,965][flwr][INFO] - 		round 33: 45.53742021918297
[2026-06-07 14:26:54,965][flwr][INFO] - 		round 34: 39.93716067373752
[2026-06-07 14:26:54,965][flwr][INFO] - 		round 35: 39.93716067373752
[2026-06-07 14:26:54,970][flwr][INFO] - 		round 36: 70.89702291488648
[2026-06-07 14:26:54,970][flwr][INFO] - 		round 37: 61.967266672849654
[2026-06-07 14:26:54,970][flwr][INFO] - 		round 38: 48.4378054022789
[2026-06-07 14:26:54,971][flwr][INFO] - 		round 39: 39.07549221515656
[2026-06-07 14:26:54,971][flwr][INFO] - 		round 40: 39.07549221515656
[2026-06-07 14:26:54,971][flwr][INFO] - 		round 41: 67.37031890153885
[2026-06-07 14:26:54,971][flwr][INFO] - 		round 42: 48.79436696171761
[2026-06-07 14:26:54,971][flwr][INFO] - 		round 43: 30.648676669597627
[2026-06-07 14:26:54,972][flwr][INFO] - 		round 44: 28.832107508182524
[2026-06-07 14:26:54,972][flwr][INFO] - 		round 45: 28.832107508182524
[2026-06-07 14:26:54,972][flwr][INFO] - 		round 46: 31.282529586553572
[2026-06-07 14:26:54,972][flwr][INFO] - 		round 47: 29.982257613539694
[2026-06-07 14:26:54,972][flwr][INFO] - 		round 48: 27.958178913593294
[2026-06-07 14:26:54,973][flwr][INFO] - 		round 49: 25.722090449929237
[2026-06-07 14:26:54,973][flwr][INFO] - 		round 50: 25.722090449929237
[2026-06-07 14:26:54,973][flwr][INFO] - 		round 51: 73.96508199572563
[2026-06-07 14:26:54,973][flwr][INFO] - 		round 52: 65.43206394314765
[2026-06-07 14:26:54,973][flwr][INFO] - 		round 53: 52.52936828732491
[2026-06-07 14:26:54,974][flwr][INFO] - 		round 54: 46.56683052182198
[2026-06-07 14:26:54,974][flwr][INFO] - 		round 55: 46.56683052182198
[2026-06-07 14:26:54,974][flwr][INFO] - 		round 56: 53.759776228666304
[2026-06-07 14:26:54,974][flwr][INFO] - 		round 57: 43.52479065954685
[2026-06-07 14:26:54,974][flwr][INFO] - 		round 58: 29.61496484577656
[2026-06-07 14:26:54,974][flwr][INFO] - 		round 59: 25.892351737618448
[2026-06-07 14:26:54,974][flwr][INFO] - 		round 60: 25.892351737618448
[2026-06-07 14:26:54,974][flwr][INFO] - 		round 61: 35.49836738705635
[2026-06-07 14:26:54,974][flwr][INFO] - 		round 62: 36.02486516237259
[2026-06-07 14:26:54,974][flwr][INFO] - 	History (loss, centralized):
[2026-06-07 14:26:54,974][flwr][INFO] - 		round 0: 182.1608259677887
[2026-06-07 14:26:54,974][flwr][INFO] - 		round 1: 182.36106276512146
[2026-06-07 14:26:54,974][flwr][INFO] - 		round 2: 180.001957654953
[2026-06-07 14:26:54,974][flwr][INFO] - 		round 3: 158.8712317943573
[2026-06-07 14:26:54,974][flwr][INFO] - 		round 4: 126.53378212451935
[2026-06-07 14:26:54,974][flwr][INFO] - 		round 5: 126.53378212451935
[2026-06-07 14:26:54,974][flwr][INFO] - 		round 6: 161.40554642677307
[2026-06-07 14:26:54,974][flwr][INFO] - 		round 7: 136.35213935375214
[2026-06-07 14:26:54,974][flwr][INFO] - 		round 8: 123.94357824325562
[2026-06-07 14:26:54,974][flwr][INFO] - 		round 9: 120.55071294307709
[2026-06-07 14:26:54,974][flwr][INFO] - 		round 10: 120.55071294307709
[2026-06-07 14:26:54,978][flwr][INFO] - 		round 11: 109.17279970645905
[2026-06-07 14:26:54,978][flwr][INFO] - 		round 12: 93.91724187135696
[2026-06-07 14:26:54,978][flwr][INFO] - 		round 13: 89.29974097013474
[2026-06-07 14:26:54,978][flwr][INFO] - 		round 14: 89.39513158798218
[2026-06-07 14:26:54,978][flwr][INFO] - 		round 15: 89.39513158798218
[2026-06-07 14:26:54,978][flwr][INFO] - 		round 16: 86.52333676815033
[2026-06-07 14:26:54,978][flwr][INFO] - 		round 17: 86.43741345405579
[2026-06-07 14:26:54,978][flwr][INFO] - 		round 18: 78.36970227956772
[2026-06-07 14:26:54,980][flwr][INFO] - 		round 19: 81.9522694349289
[2026-06-07 14:26:54,980][flwr][INFO] - 		round 20: 81.9522694349289
[2026-06-07 14:26:54,980][flwr][INFO] - 		round 21: 130.57097446918488
[2026-06-07 14:26:54,980][flwr][INFO] - 		round 22: 119.27149844169617
[2026-06-07 14:26:54,980][flwr][INFO] - 		round 23: 83.90593928098679
[2026-06-07 14:26:54,980][flwr][INFO] - 		round 24: 84.82154905796051
[2026-06-07 14:26:54,980][flwr][INFO] - 		round 25: 84.82154905796051
[2026-06-07 14:26:54,980][flwr][INFO] - 		round 26: 136.36194241046906
[2026-06-07 14:26:54,980][flwr][INFO] - 		round 27: 128.96483552455902
[2026-06-07 14:26:54,980][flwr][INFO] - 		round 28: 112.91630232334137
[2026-06-07 14:26:54,980][flwr][INFO] - 		round 29: 92.1118021607399
[2026-06-07 14:26:54,980][flwr][INFO] - 		round 30: 92.1118021607399
[2026-06-07 14:26:54,983][flwr][INFO] - 		round 31: 133.8764088153839
[2026-06-07 14:26:54,983][flwr][INFO] - 		round 32: 129.03023946285248
[2026-06-07 14:26:54,983][flwr][INFO] - 		round 33: 112.56771218776703
[2026-06-07 14:26:54,983][flwr][INFO] - 		round 34: 98.71927440166473
[2026-06-07 14:26:54,984][flwr][INFO] - 		round 35: 98.71927440166473
[2026-06-07 14:26:54,984][flwr][INFO] - 		round 36: 175.47859978675842
[2026-06-07 14:26:54,984][flwr][INFO] - 		round 37: 153.31424021720886
[2026-06-07 14:26:54,984][flwr][INFO] - 		round 38: 119.66897571086884
[2026-06-07 14:26:54,984][flwr][INFO] - 		round 39: 96.45823818445206
[2026-06-07 14:26:54,984][flwr][INFO] - 		round 40: 96.45823818445206
[2026-06-07 14:26:54,984][flwr][INFO] - 		round 41: 166.81594920158386
[2026-06-07 14:26:54,984][flwr][INFO] - 		round 42: 120.73608410358429
[2026-06-07 14:26:54,984][flwr][INFO] - 		round 43: 75.4084524512291
[2026-06-07 14:26:54,984][flwr][INFO] - 		round 44: 70.80867925286293
[2026-06-07 14:26:54,984][flwr][INFO] - 		round 45: 70.80867925286293
[2026-06-07 14:26:54,984][flwr][INFO] - 		round 46: 77.25388517975807
[2026-06-07 14:26:54,984][flwr][INFO] - 		round 47: 74.21189576387405
[2026-06-07 14:26:54,984][flwr][INFO] - 		round 48: 69.12400943040848
[2026-06-07 14:26:54,984][flwr][INFO] - 		round 49: 63.47773990035057
[2026-06-07 14:26:54,984][flwr][INFO] - 		round 50: 63.47773990035057
[2026-06-07 14:26:54,984][flwr][INFO] - 		round 51: 181.11723709106445
[2026-06-07 14:26:54,984][flwr][INFO] - 		round 52: 160.18622624874115
[2026-06-07 14:26:54,984][flwr][INFO] - 		round 53: 128.53702545166016
[2026-06-07 14:26:54,984][flwr][INFO] - 		round 54: 113.90094447135925
[2026-06-07 14:26:54,984][flwr][INFO] - 		round 55: 113.90094447135925
[2026-06-07 14:26:54,984][flwr][INFO] - 		round 56: 133.83713746070862
[2026-06-07 14:26:54,984][flwr][INFO] - 		round 57: 108.25201112031937
[2026-06-07 14:26:54,984][flwr][INFO] - 		round 58: 73.2692911028862
[2026-06-07 14:26:54,984][flwr][INFO] - 		round 59: 63.926203191280365
[2026-06-07 14:26:54,990][flwr][INFO] - 		round 60: 63.926203191280365
[2026-06-07 14:26:54,990][flwr][INFO] - 		round 61: 87.01981103420258
[2026-06-07 14:26:54,990][flwr][INFO] - 		round 62: 88.66925549507141
[2026-06-07 14:26:54,991][flwr][INFO] - 	History (metrics, centralized):
[2026-06-07 14:26:54,991][flwr][INFO] - 	{'accuracy': [(0, 0.0961),
[2026-06-07 14:26:54,991][flwr][INFO] - 	              (1, 0.1364),
[2026-06-07 14:26:54,991][flwr][INFO] - 	              (2, 0.1623),
[2026-06-07 14:26:54,992][flwr][INFO] - 	              (3, 0.3076),
[2026-06-07 14:26:54,992][flwr][INFO] - 	              (4, 0.5512),
[2026-06-07 14:26:54,992][flwr][INFO] - 	              (5, 0.5512),
[2026-06-07 14:26:54,992][flwr][INFO] - 	              (6, 0.3762),
[2026-06-07 14:26:54,992][flwr][INFO] - 	              (7, 0.3742),
[2026-06-07 14:26:54,992][flwr][INFO] - 	              (8, 0.485),
[2026-06-07 14:26:54,993][flwr][INFO] - 	              (9, 0.5112),
[2026-06-07 14:26:54,993][flwr][INFO] - 	              (10, 0.5112),
[2026-06-07 14:26:54,993][flwr][INFO] - 	              (11, 0.6003),
[2026-06-07 14:26:54,993][flwr][INFO] - 	              (12, 0.6743),
[2026-06-07 14:26:54,993][flwr][INFO] - 	              (13, 0.6561),
[2026-06-07 14:26:54,994][flwr][INFO] - 	              (14, 0.6074),
[2026-06-07 14:26:54,994][flwr][INFO] - 	              (15, 0.6074),
[2026-06-07 14:26:54,994][flwr][INFO] - 	              (16, 0.6045),
[2026-06-07 14:26:54,994][flwr][INFO] - 	              (17, 0.5839),
[2026-06-07 14:26:54,994][flwr][INFO] - 	              (18, 0.6957),
[2026-06-07 14:26:54,994][flwr][INFO] - 	              (19, 0.6884),
[2026-06-07 14:26:54,994][flwr][INFO] - 	              (20, 0.6884),
[2026-06-07 14:26:54,994][flwr][INFO] - 	              (21, 0.5423),
[2026-06-07 14:26:54,994][flwr][INFO] - 	              (22, 0.5492),
[2026-06-07 14:26:54,994][flwr][INFO] - 	              (23, 0.6166),
[2026-06-07 14:26:54,994][flwr][INFO] - 	              (24, 0.6258),
[2026-06-07 14:26:54,994][flwr][INFO] - 	              (25, 0.6258),
[2026-06-07 14:26:54,994][flwr][INFO] - 	              (26, 0.6268),
[2026-06-07 14:26:54,996][flwr][INFO] - 	              (27, 0.6216),
[2026-06-07 14:26:54,997][flwr][INFO] - 	              (28, 0.591),
[2026-06-07 14:26:54,997][flwr][INFO] - 	              (29, 0.629),
[2026-06-07 14:26:54,997][flwr][INFO] - 	              (30, 0.629),
[2026-06-07 14:26:54,997][flwr][INFO] - 	              (31, 0.5089),
[2026-06-07 14:26:54,997][flwr][INFO] - 	              (32, 0.5208),
[2026-06-07 14:26:54,997][flwr][INFO] - 	              (33, 0.535),
[2026-06-07 14:26:54,997][flwr][INFO] - 	              (34, 0.5993),
[2026-06-07 14:26:54,997][flwr][INFO] - 	              (35, 0.5993),
[2026-06-07 14:26:54,997][flwr][INFO] - 	              (36, 0.4994),
[2026-06-07 14:26:54,997][flwr][INFO] - 	              (37, 0.5302),
[2026-06-07 14:26:54,997][flwr][INFO] - 	              (38, 0.5877),
[2026-06-07 14:26:54,997][flwr][INFO] - 	              (39, 0.6001),
[2026-06-07 14:26:54,997][flwr][INFO] - 	              (40, 0.6001),
[2026-06-07 14:26:54,997][flwr][INFO] - 	              (41, 0.4788),
[2026-06-07 14:26:54,997][flwr][INFO] - 	              (42, 0.4986),
[2026-06-07 14:26:55,000][flwr][INFO] - 	              (43, 0.6712),
[2026-06-07 14:26:55,000][flwr][INFO] - 	              (44, 0.7216),
[2026-06-07 14:26:55,000][flwr][INFO] - 	              (45, 0.7216),
[2026-06-07 14:26:55,000][flwr][INFO] - 	              (46, 0.6552),
[2026-06-07 14:26:55,001][flwr][INFO] - 	              (47, 0.6774),
[2026-06-07 14:26:55,001][flwr][INFO] - 	              (48, 0.685),
[2026-06-07 14:26:55,001][flwr][INFO] - 	              (49, 0.7087),
[2026-06-07 14:26:55,001][flwr][INFO] - 	              (50, 0.7087),
[2026-06-07 14:26:55,001][flwr][INFO] - 	              (51, 0.5262),
[2026-06-07 14:26:55,002][flwr][INFO] - 	              (52, 0.5064),
[2026-06-07 14:26:55,002][flwr][INFO] - 	              (53, 0.5294),
[2026-06-07 14:26:55,002][flwr][INFO] - 	              (54, 0.5792),
[2026-06-07 14:26:55,002][flwr][INFO] - 	              (55, 0.5792),
[2026-06-07 14:26:55,002][flwr][INFO] - 	              (56, 0.5403),
[2026-06-07 14:26:55,003][flwr][INFO] - 	              (57, 0.5571),
[2026-06-07 14:26:55,003][flwr][INFO] - 	              (58, 0.6567),
[2026-06-07 14:26:55,003][flwr][INFO] - 	              (59, 0.6985),
[2026-06-07 14:26:55,003][flwr][INFO] - 	              (60, 0.6985),
[2026-06-07 14:26:55,004][flwr][INFO] - 	              (61, 0.624),
[2026-06-07 14:26:55,004][flwr][INFO] - 	              (62, 0.6227)]}
[2026-06-07 14:26:55,004][flwr][INFO] - 
