[2026-05-22 10:35:55,321][flwr][WARNING] - DEPRECATED FEATURE: flwr.simulation.start_simulation() is deprecated.
	Instead, use the `flwr run` CLI command to start a local simulation in your Flower app, as shown for example below:

		$ flwr new  # Create a new Flower app from a template

		$ flwr run  # Run the Flower app in Simulation Mode

	Using `start_simulation()` is deprecated.

            This is a deprecated feature. It will be removed
            entirely in future versions of Flower.
        
[2026-05-22 10:35:55,325][flwr][INFO] - Starting Flower simulation, config: num_rounds=10, no round_timeout
[2026-05-22 10:36:03,029][flwr][INFO] - Flower VCE: Ray initialized with resources: {'node:127.0.0.1': 1.0, 'GPU': 1.0, 'memory': 4551413351.0, 'node:__internal_head__': 1.0, 'accelerator_type:G': 1.0, 'object_store_memory': 1950605721.0, 'CPU': 8.0}
[2026-05-22 10:36:03,031][flwr][INFO] - Optimize your simulation with Flower VCE: https://flower.ai/docs/framework/how-to-run-simulations.html
[2026-05-22 10:36:03,032][flwr][INFO] - Flower VCE: Resources for each Virtual Client: {'num_cpus': 1.0, 'num_gpus': 0.25}
[2026-05-22 10:36:03,067][flwr][INFO] - Flower VCE: Creating VirtualClientEngineActorPool with 4 actors
[2026-05-22 10:36:03,068][flwr][INFO] - [INIT]
[2026-05-22 10:36:03,069][flwr][INFO] - Requesting initial parameters from one random client
[2026-05-22 10:36:15,014][flwr][INFO] - Received initial parameters from one random client
[2026-05-22 10:36:15,016][flwr][INFO] - Starting evaluation of initial global parameters
[2026-05-22 10:36:22,285][flwr][INFO] - initial parameters (loss, other metrics): 181.98564076423645, {'accuracy': 0.0892}
[2026-05-22 10:36:22,287][flwr][INFO] - 
[2026-05-22 10:36:22,289][flwr][INFO] - [ROUND 1]
[2026-05-22 10:36:22,291][flwr][INFO] - configure_fit: strategy sampled 10 clients (out of 10)
[2026-05-22 10:36:56,463][flwr][INFO] - aggregate_fit: received 10 results and 0 failures
[2026-05-22 10:36:56,501][flwr][WARNING] - No fit_metrics_aggregation_fn provided
[2026-05-22 10:37:01,696][flwr][INFO] - fit progress: (1, 185.3282105922699, {'accuracy': 0.1032}, 39.40846409999995)
[2026-05-22 10:37:01,698][flwr][INFO] - configure_evaluate: strategy sampled 10 clients (out of 10)
[2026-05-22 10:37:09,308][flwr][INFO] - aggregate_evaluate: received 10 results and 0 failures
[2026-05-22 10:37:09,310][flwr][WARNING] - No evaluate_metrics_aggregation_fn provided
[2026-05-22 10:37:09,311][flwr][INFO] - 
[2026-05-22 10:37:09,312][flwr][INFO] - [ROUND 2]
[2026-05-22 10:37:09,313][flwr][INFO] - configure_fit: strategy sampled 10 clients (out of 10)
[2026-05-22 10:37:29,842][flwr][INFO] - aggregate_fit: received 10 results and 0 failures
[2026-05-22 10:37:34,665][flwr][INFO] - fit progress: (2, 139.2173877954483, {'accuracy': 0.412}, 72.37768169999981)
[2026-05-22 10:37:34,667][flwr][INFO] - configure_evaluate: strategy sampled 10 clients (out of 10)
[2026-05-22 10:37:42,358][flwr][INFO] - aggregate_evaluate: received 10 results and 0 failures
[2026-05-22 10:37:42,358][flwr][INFO] - 
[2026-05-22 10:37:42,359][flwr][INFO] - [ROUND 3]
[2026-05-22 10:37:42,360][flwr][INFO] - configure_fit: strategy sampled 10 clients (out of 10)
[2026-05-22 10:38:07,133][flwr][INFO] - aggregate_fit: received 10 results and 0 failures
[2026-05-22 10:38:12,803][flwr][INFO] - fit progress: (3, 100.6567547917366, {'accuracy': 0.5936}, 110.5154192)
[2026-05-22 10:38:12,808][flwr][INFO] - configure_evaluate: strategy sampled 10 clients (out of 10)
[2026-05-22 10:38:21,579][flwr][INFO] - aggregate_evaluate: received 10 results and 0 failures
[2026-05-22 10:38:21,580][flwr][INFO] - 
[2026-05-22 10:38:21,580][flwr][INFO] - [ROUND 4]
[2026-05-22 10:38:21,581][flwr][INFO] - configure_fit: strategy sampled 10 clients (out of 10)
[2026-05-22 10:38:44,437][flwr][INFO] - aggregate_fit: received 10 results and 0 failures
[2026-05-22 10:38:48,827][flwr][INFO] - fit progress: (4, 83.03490644693375, {'accuracy': 0.6456}, 146.53986179999993)
[2026-05-22 10:38:48,828][flwr][INFO] - configure_evaluate: strategy sampled 10 clients (out of 10)
[2026-05-22 10:38:55,630][flwr][INFO] - aggregate_evaluate: received 10 results and 0 failures
[2026-05-22 10:38:55,630][flwr][INFO] - 
[2026-05-22 10:38:55,630][flwr][INFO] - [ROUND 5]
[2026-05-22 10:38:55,631][flwr][INFO] - configure_fit: strategy sampled 10 clients (out of 10)
[2026-05-22 10:39:17,762][flwr][INFO] - aggregate_fit: received 10 results and 0 failures
[2026-05-22 10:39:24,418][flwr][INFO] - fit progress: (5, 72.22958999872208, {'accuracy': 0.6945}, 182.13097609999932)
[2026-05-22 10:39:24,421][flwr][INFO] - configure_evaluate: strategy sampled 10 clients (out of 10)
[2026-05-22 10:39:33,419][flwr][INFO] - aggregate_evaluate: received 10 results and 0 failures
[2026-05-22 10:39:33,421][flwr][INFO] - 
[2026-05-22 10:39:33,422][flwr][INFO] - [ROUND 6]
[2026-05-22 10:39:33,423][flwr][INFO] - configure_fit: strategy sampled 10 clients (out of 10)
[2026-05-22 10:39:56,337][flwr][INFO] - aggregate_fit: received 10 results and 0 failures
[2026-05-22 10:40:01,366][flwr][INFO] - fit progress: (6, 62.95219287276268, {'accuracy': 0.6995}, 219.07910209999955)
[2026-05-22 10:40:01,368][flwr][INFO] - configure_evaluate: strategy sampled 10 clients (out of 10)
[2026-05-22 10:40:07,900][flwr][INFO] - aggregate_evaluate: received 10 results and 0 failures
[2026-05-22 10:40:07,902][flwr][INFO] - 
[2026-05-22 10:40:07,902][flwr][INFO] - [ROUND 7]
[2026-05-22 10:40:07,903][flwr][INFO] - configure_fit: strategy sampled 10 clients (out of 10)
[2026-05-22 10:40:29,247][flwr][INFO] - aggregate_fit: received 10 results and 0 failures
[2026-05-22 10:40:33,342][flwr][INFO] - fit progress: (7, 57.92304193973541, {'accuracy': 0.7398}, 251.05456269999922)
[2026-05-22 10:40:33,342][flwr][INFO] - configure_evaluate: strategy sampled 10 clients (out of 10)
[2026-05-22 10:40:39,761][flwr][INFO] - aggregate_evaluate: received 10 results and 0 failures
[2026-05-22 10:40:39,762][flwr][INFO] - 
[2026-05-22 10:40:39,762][flwr][INFO] - [ROUND 8]
[2026-05-22 10:40:39,763][flwr][INFO] - configure_fit: strategy sampled 10 clients (out of 10)
[2026-05-22 10:41:00,457][flwr][INFO] - aggregate_fit: received 10 results and 0 failures
[2026-05-22 10:41:04,812][flwr][INFO] - fit progress: (8, 53.59117233753204, {'accuracy': 0.7359}, 282.52411869999924)
[2026-05-22 10:41:04,813][flwr][INFO] - configure_evaluate: strategy sampled 10 clients (out of 10)
[2026-05-22 10:41:11,267][flwr][INFO] - aggregate_evaluate: received 10 results and 0 failures
[2026-05-22 10:41:11,268][flwr][INFO] - 
[2026-05-22 10:41:11,269][flwr][INFO] - [ROUND 9]
[2026-05-22 10:41:11,270][flwr][INFO] - configure_fit: strategy sampled 10 clients (out of 10)
[2026-05-22 10:41:28,880][flwr][INFO] - aggregate_fit: received 10 results and 0 failures
[2026-05-22 10:41:33,007][flwr][INFO] - fit progress: (9, 47.217274993658066, {'accuracy': 0.7772}, 310.7192075999992)
[2026-05-22 10:41:33,007][flwr][INFO] - configure_evaluate: strategy sampled 10 clients (out of 10)
[2026-05-22 10:41:39,676][flwr][INFO] - aggregate_evaluate: received 10 results and 0 failures
[2026-05-22 10:41:39,677][flwr][INFO] - 
[2026-05-22 10:41:39,677][flwr][INFO] - [ROUND 10]
[2026-05-22 10:41:39,678][flwr][INFO] - configure_fit: strategy sampled 10 clients (out of 10)
[2026-05-22 10:41:58,147][flwr][INFO] - aggregate_fit: received 10 results and 0 failures
[2026-05-22 10:42:02,307][flwr][INFO] - fit progress: (10, 45.868827134370804, {'accuracy': 0.7749}, 340.0197062999996)
[2026-05-22 10:42:02,308][flwr][INFO] - configure_evaluate: strategy sampled 10 clients (out of 10)
[2026-05-22 10:42:09,241][flwr][INFO] - aggregate_evaluate: received 10 results and 0 failures
[2026-05-22 10:42:09,242][flwr][INFO] - 
[2026-05-22 10:42:09,242][flwr][INFO] - [SUMMARY]
[2026-05-22 10:42:09,242][flwr][INFO] - Run finished 10 round(s) in 346.95s
[2026-05-22 10:42:09,243][flwr][INFO] - 	History (loss, distributed):
[2026-05-22 10:42:09,243][flwr][INFO] - 		round 1: 74.99871433973313
[2026-05-22 10:42:09,244][flwr][INFO] - 		round 2: 56.26237816810608
[2026-05-22 10:42:09,244][flwr][INFO] - 		round 3: 40.715407341718674
[2026-05-22 10:42:09,244][flwr][INFO] - 		round 4: 33.59940502643585
[2026-05-22 10:42:09,245][flwr][INFO] - 		round 5: 29.26313708424568
[2026-05-22 10:42:09,245][flwr][INFO] - 		round 6: 25.55204051733017
[2026-05-22 10:42:09,245][flwr][INFO] - 		round 7: 23.504478996992113
[2026-05-22 10:42:09,246][flwr][INFO] - 		round 8: 21.77061120867729
[2026-05-22 10:42:09,246][flwr][INFO] - 		round 9: 19.184917023777963
[2026-05-22 10:42:09,246][flwr][INFO] - 		round 10: 18.639323368668556
[2026-05-22 10:42:09,247][flwr][INFO] - 	History (loss, centralized):
[2026-05-22 10:42:09,247][flwr][INFO] - 		round 0: 181.98564076423645
[2026-05-22 10:42:09,247][flwr][INFO] - 		round 1: 185.3282105922699
[2026-05-22 10:42:09,247][flwr][INFO] - 		round 2: 139.2173877954483
[2026-05-22 10:42:09,248][flwr][INFO] - 		round 3: 100.6567547917366
[2026-05-22 10:42:09,248][flwr][INFO] - 		round 4: 83.03490644693375
[2026-05-22 10:42:09,248][flwr][INFO] - 		round 5: 72.22958999872208
[2026-05-22 10:42:09,248][flwr][INFO] - 		round 6: 62.95219287276268
[2026-05-22 10:42:09,249][flwr][INFO] - 		round 7: 57.92304193973541
[2026-05-22 10:42:09,249][flwr][INFO] - 		round 8: 53.59117233753204
[2026-05-22 10:42:09,249][flwr][INFO] - 		round 9: 47.217274993658066
[2026-05-22 10:42:09,249][flwr][INFO] - 		round 10: 45.868827134370804
[2026-05-22 10:42:09,250][flwr][INFO] - 	History (metrics, centralized):
[2026-05-22 10:42:09,250][flwr][INFO] - 	{'accuracy': [(0, 0.0892),
[2026-05-22 10:42:09,250][flwr][INFO] - 	              (1, 0.1032),
[2026-05-22 10:42:09,251][flwr][INFO] - 	              (2, 0.412),
[2026-05-22 10:42:09,251][flwr][INFO] - 	              (3, 0.5936),
[2026-05-22 10:42:09,251][flwr][INFO] - 	              (4, 0.6456),
[2026-05-22 10:42:09,252][flwr][INFO] - 	              (5, 0.6945),
[2026-05-22 10:42:09,252][flwr][INFO] - 	              (6, 0.6995),
[2026-05-22 10:42:09,252][flwr][INFO] - 	              (7, 0.7398),
[2026-05-22 10:42:09,252][flwr][INFO] - 	              (8, 0.7359),
[2026-05-22 10:42:09,253][flwr][INFO] - 	              (9, 0.7772),
[2026-05-22 10:42:09,253][flwr][INFO] - 	              (10, 0.7749)]}
[2026-05-22 10:42:09,253][flwr][INFO] - 
