[2026-06-05 18:27:17,986][flwr][WARNING] - DEPRECATED FEATURE: flwr.simulation.start_simulation() is deprecated.
	Instead, use the `flwr run` CLI command to start a local simulation in your Flower app, as shown for example below:

		$ flwr new  # Create a new Flower app from a template

		$ flwr run  # Run the Flower app in Simulation Mode

	Using `start_simulation()` is deprecated.

            This is a deprecated feature. It will be removed
            entirely in future versions of Flower.
        
[2026-06-05 18:27:17,986][flwr][INFO] - Starting Flower simulation, config: num_rounds=20, no round_timeout
[2026-06-05 18:27:23,938][flwr][INFO] - Flower VCE: Ray initialized with resources: {'object_store_memory': 1488425779.0, 'GPU': 1.0, 'memory': 3472993485.0, 'accelerator_type:G': 1.0, 'node:__internal_head__': 1.0, 'node:127.0.0.1': 1.0, 'CPU': 8.0}
[2026-06-05 18:27:23,938][flwr][INFO] - Optimize your simulation with Flower VCE: https://flower.ai/docs/framework/how-to-run-simulations.html
[2026-06-05 18:27:23,938][flwr][INFO] - Flower VCE: Resources for each Virtual Client: {'num_cpus': 1.0, 'num_gpus': 0.25}
[2026-06-05 18:27:23,958][flwr][INFO] - Flower VCE: Creating VirtualClientEngineActorPool with 4 actors
[2026-06-05 18:27:23,958][flwr][INFO] - [INIT]
[2026-06-05 18:27:23,958][flwr][INFO] - Requesting initial parameters from one random client
[2026-06-05 18:27:30,859][flwr][INFO] - Received initial parameters from one random client
[2026-06-05 18:27:30,859][flwr][INFO] - Starting evaluation of initial global parameters
[2026-06-05 18:27:34,746][flwr][INFO] - initial parameters (loss, other metrics): 182.25225853919983, {'accuracy': 0.0698}
[2026-06-05 18:27:34,746][flwr][INFO] - 
[2026-06-05 18:27:34,746][flwr][INFO] - [ROUND 1]
[2026-06-05 18:27:34,746][flwr][INFO] - configure_fit: strategy sampled 10 clients (out of 10)
[2026-06-05 18:28:59,550][flwr][INFO] - aggregate_fit: received 10 results and 0 failures
[2026-06-05 18:29:03,980][flwr][INFO] - fit progress: (1, 169.5346179008484, {'accuracy': 0.4089}, 89.23024579999765)
[2026-06-05 18:29:03,981][flwr][INFO] - configure_evaluate: strategy sampled 10 clients (out of 10)
[2026-06-05 18:29:10,358][flwr][INFO] - aggregate_evaluate: received 10 results and 0 failures
[2026-06-05 18:29:10,358][flwr][WARNING] - No evaluate_metrics_aggregation_fn provided
[2026-06-05 18:29:10,358][flwr][INFO] - 
[2026-06-05 18:29:10,359][flwr][INFO] - [ROUND 2]
[2026-06-05 18:29:10,362][flwr][INFO] - configure_fit: strategy sampled 10 clients (out of 10)
[2026-06-05 18:29:27,450][flwr][INFO] - aggregate_fit: received 10 results and 0 failures
[2026-06-05 18:29:31,390][flwr][INFO] - fit progress: (2, 169.5346179008484, {'accuracy': 0.4089}, 116.63950269999623)
[2026-06-05 18:29:31,390][flwr][INFO] - configure_evaluate: strategy sampled 10 clients (out of 10)
[2026-06-05 18:29:37,661][flwr][INFO] - aggregate_evaluate: received 10 results and 0 failures
[2026-06-05 18:29:37,662][flwr][INFO] - 
[2026-06-05 18:29:37,662][flwr][INFO] - [ROUND 3]
[2026-06-05 18:29:37,665][flwr][INFO] - configure_fit: strategy sampled 10 clients (out of 10)
[2026-06-05 18:30:55,812][flwr][INFO] - aggregate_fit: received 10 results and 0 failures
[2026-06-05 18:31:00,150][flwr][INFO] - fit progress: (3, 237.486834526062, {'accuracy': 0.1019}, 205.39994640000077)
[2026-06-05 18:31:00,151][flwr][INFO] - configure_evaluate: strategy sampled 10 clients (out of 10)
[2026-06-05 18:31:06,670][flwr][INFO] - aggregate_evaluate: received 10 results and 0 failures
[2026-06-05 18:31:06,670][flwr][INFO] - 
[2026-06-05 18:31:06,670][flwr][INFO] - [ROUND 4]
[2026-06-05 18:31:06,675][flwr][INFO] - configure_fit: strategy sampled 10 clients (out of 10)
[2026-06-05 18:31:24,125][flwr][INFO] - aggregate_fit: received 10 results and 0 failures
[2026-06-05 18:31:27,761][flwr][INFO] - fit progress: (4, 237.486834526062, {'accuracy': 0.1019}, 233.01099339999928)
[2026-06-05 18:31:27,761][flwr][INFO] - configure_evaluate: strategy sampled 10 clients (out of 10)
[2026-06-05 18:31:33,671][flwr][INFO] - aggregate_evaluate: received 10 results and 0 failures
[2026-06-05 18:31:33,671][flwr][INFO] - 
[2026-06-05 18:31:33,671][flwr][INFO] - [ROUND 5]
[2026-06-05 18:31:33,675][flwr][INFO] - configure_fit: strategy sampled 10 clients (out of 10)
[2026-06-05 18:32:49,873][flwr][INFO] - aggregate_fit: received 10 results and 0 failures
[2026-06-05 18:32:53,791][flwr][INFO] - fit progress: (5, 309.3866696357727, {'accuracy': 0.1755}, 319.03981669999484)
[2026-06-05 18:32:53,791][flwr][INFO] - configure_evaluate: strategy sampled 10 clients (out of 10)
[2026-06-05 18:32:59,723][flwr][INFO] - aggregate_evaluate: received 10 results and 0 failures
[2026-06-05 18:32:59,724][flwr][INFO] - 
[2026-06-05 18:32:59,724][flwr][INFO] - [ROUND 6]
[2026-06-05 18:32:59,729][flwr][INFO] - configure_fit: strategy sampled 10 clients (out of 10)
[2026-06-05 18:33:15,401][flwr][INFO] - aggregate_fit: received 10 results and 0 failures
[2026-06-05 18:33:19,193][flwr][INFO] - fit progress: (6, 309.3866696357727, {'accuracy': 0.1755}, 344.4493641999943)
[2026-06-05 18:33:19,193][flwr][INFO] - configure_evaluate: strategy sampled 10 clients (out of 10)
[2026-06-05 18:33:25,182][flwr][INFO] - aggregate_evaluate: received 10 results and 0 failures
[2026-06-05 18:33:25,182][flwr][INFO] - 
[2026-06-05 18:33:25,182][flwr][INFO] - [ROUND 7]
[2026-06-05 18:33:25,182][flwr][INFO] - configure_fit: strategy sampled 10 clients (out of 10)
[2026-06-05 18:34:41,356][flwr][INFO] - aggregate_fit: received 10 results and 0 failures
[2026-06-05 18:34:45,001][flwr][INFO] - fit progress: (7, 339.57343077659607, {'accuracy': 0.101}, 430.25093399999605)
[2026-06-05 18:34:45,001][flwr][INFO] - configure_evaluate: strategy sampled 10 clients (out of 10)
[2026-06-05 18:34:50,657][flwr][INFO] - aggregate_evaluate: received 10 results and 0 failures
[2026-06-05 18:34:50,658][flwr][INFO] - 
[2026-06-05 18:34:50,658][flwr][INFO] - [ROUND 8]
[2026-06-05 18:34:50,662][flwr][INFO] - configure_fit: strategy sampled 10 clients (out of 10)
[2026-06-05 18:35:06,333][flwr][INFO] - aggregate_fit: received 10 results and 0 failures
[2026-06-05 18:35:10,291][flwr][INFO] - fit progress: (8, 339.57343077659607, {'accuracy': 0.101}, 455.54047549999814)
[2026-06-05 18:35:10,292][flwr][INFO] - configure_evaluate: strategy sampled 10 clients (out of 10)
[2026-06-05 18:35:16,562][flwr][INFO] - aggregate_evaluate: received 10 results and 0 failures
[2026-06-05 18:35:16,563][flwr][INFO] - 
[2026-06-05 18:35:16,563][flwr][INFO] - [ROUND 9]
[2026-06-05 18:35:16,566][flwr][INFO] - configure_fit: strategy sampled 10 clients (out of 10)
[2026-06-05 18:36:27,317][flwr][INFO] - aggregate_fit: received 10 results and 0 failures
[2026-06-05 18:36:31,694][flwr][INFO] - fit progress: (9, 487.5560574531555, {'accuracy': 0.0997}, 536.9433943999975)
[2026-06-05 18:36:31,694][flwr][INFO] - configure_evaluate: strategy sampled 10 clients (out of 10)
[2026-06-05 18:36:38,204][flwr][INFO] - aggregate_evaluate: received 10 results and 0 failures
[2026-06-05 18:36:38,205][flwr][INFO] - 
[2026-06-05 18:36:38,205][flwr][INFO] - [ROUND 10]
[2026-06-05 18:36:38,210][flwr][INFO] - configure_fit: strategy sampled 10 clients (out of 10)
[2026-06-05 18:36:54,932][flwr][INFO] - aggregate_fit: received 10 results and 0 failures
[2026-06-05 18:36:59,046][flwr][INFO] - fit progress: (10, 487.5560574531555, {'accuracy': 0.0997}, 564.2963688999953)
[2026-06-05 18:36:59,047][flwr][INFO] - configure_evaluate: strategy sampled 10 clients (out of 10)
[2026-06-05 18:37:05,424][flwr][INFO] - aggregate_evaluate: received 10 results and 0 failures
[2026-06-05 18:37:05,425][flwr][INFO] - 
[2026-06-05 18:37:05,425][flwr][INFO] - [ROUND 11]
[2026-06-05 18:37:05,427][flwr][INFO] - configure_fit: strategy sampled 10 clients (out of 10)
[2026-06-05 18:38:29,899][flwr][INFO] - aggregate_fit: received 10 results and 0 failures
[2026-06-05 18:38:35,144][flwr][INFO] - fit progress: (11, 228.15387535095215, {'accuracy': 0.1373}, 660.3952831999995)
[2026-06-05 18:38:35,147][flwr][INFO] - configure_evaluate: strategy sampled 10 clients (out of 10)
[2026-06-05 18:38:43,172][flwr][INFO] - aggregate_evaluate: received 10 results and 0 failures
[2026-06-05 18:38:43,173][flwr][INFO] - 
[2026-06-05 18:38:43,173][flwr][INFO] - [ROUND 12]
[2026-06-05 18:38:43,178][flwr][INFO] - configure_fit: strategy sampled 10 clients (out of 10)
[2026-06-05 18:39:02,577][flwr][INFO] - aggregate_fit: received 10 results and 0 failures
[2026-06-05 18:39:07,985][flwr][INFO] - fit progress: (12, 228.15387535095215, {'accuracy': 0.1373}, 693.2349725999957)
[2026-06-05 18:39:07,986][flwr][INFO] - configure_evaluate: strategy sampled 10 clients (out of 10)
[2026-06-05 18:39:14,913][flwr][INFO] - aggregate_evaluate: received 10 results and 0 failures
[2026-06-05 18:39:14,915][flwr][INFO] - 
[2026-06-05 18:39:14,915][flwr][INFO] - [ROUND 13]
[2026-06-05 18:39:14,917][flwr][INFO] - configure_fit: strategy sampled 10 clients (out of 10)
[2026-06-05 18:40:47,993][flwr][INFO] - aggregate_fit: received 10 results and 0 failures
[2026-06-05 18:40:52,423][flwr][INFO] - fit progress: (13, 444.32900190353394, {'accuracy': 0.1054}, 797.6728860000003)
[2026-06-05 18:40:52,424][flwr][INFO] - configure_evaluate: strategy sampled 10 clients (out of 10)
[2026-06-05 18:41:00,283][flwr][INFO] - aggregate_evaluate: received 10 results and 0 failures
[2026-06-05 18:41:00,283][flwr][INFO] - 
[2026-06-05 18:41:00,283][flwr][INFO] - [ROUND 14]
[2026-06-05 18:41:00,290][flwr][INFO] - configure_fit: strategy sampled 10 clients (out of 10)
[2026-06-05 18:41:18,232][flwr][INFO] - aggregate_fit: received 10 results and 0 failures
[2026-06-05 18:41:22,507][flwr][INFO] - fit progress: (14, 444.32900190353394, {'accuracy': 0.1054}, 827.756624499998)
[2026-06-05 18:41:22,507][flwr][INFO] - configure_evaluate: strategy sampled 10 clients (out of 10)
[2026-06-05 18:41:29,177][flwr][INFO] - aggregate_evaluate: received 10 results and 0 failures
[2026-06-05 18:41:29,178][flwr][INFO] - 
[2026-06-05 18:41:29,178][flwr][INFO] - [ROUND 15]
[2026-06-05 18:41:29,180][flwr][INFO] - configure_fit: strategy sampled 10 clients (out of 10)
[2026-06-05 18:42:55,634][flwr][INFO] - aggregate_fit: received 10 results and 0 failures
[2026-06-05 18:43:00,255][flwr][INFO] - fit progress: (15, 243.8616282939911, {'accuracy': 0.1096}, 925.5041761999964)
[2026-06-05 18:43:00,255][flwr][INFO] - configure_evaluate: strategy sampled 10 clients (out of 10)
[2026-06-05 18:43:06,845][flwr][INFO] - aggregate_evaluate: received 10 results and 0 failures
[2026-06-05 18:43:06,846][flwr][INFO] - 
[2026-06-05 18:43:06,846][flwr][INFO] - [ROUND 16]
[2026-06-05 18:43:06,850][flwr][INFO] - configure_fit: strategy sampled 10 clients (out of 10)
[2026-06-05 18:43:25,532][flwr][INFO] - aggregate_fit: received 10 results and 0 failures
[2026-06-05 18:43:29,680][flwr][INFO] - fit progress: (16, 243.8616282939911, {'accuracy': 0.1096}, 954.9303959999961)
[2026-06-05 18:43:29,681][flwr][INFO] - configure_evaluate: strategy sampled 10 clients (out of 10)
[2026-06-05 18:43:35,963][flwr][INFO] - aggregate_evaluate: received 10 results and 0 failures
[2026-06-05 18:43:35,963][flwr][INFO] - 
[2026-06-05 18:43:35,964][flwr][INFO] - [ROUND 17]
[2026-06-05 18:43:35,966][flwr][INFO] - configure_fit: strategy sampled 10 clients (out of 10)
[2026-06-05 18:45:02,694][flwr][INFO] - aggregate_fit: received 10 results and 0 failures
[2026-06-05 18:45:06,742][flwr][INFO] - fit progress: (17, 356.1882908344269, {'accuracy': 0.1933}, 1051.9928708000007)
[2026-06-05 18:45:06,742][flwr][INFO] - configure_evaluate: strategy sampled 10 clients (out of 10)
[2026-06-05 18:45:13,556][flwr][INFO] - aggregate_evaluate: received 10 results and 0 failures
[2026-06-05 18:45:13,556][flwr][INFO] - 
[2026-06-05 18:45:13,556][flwr][INFO] - [ROUND 18]
[2026-06-05 18:45:13,560][flwr][INFO] - configure_fit: strategy sampled 10 clients (out of 10)
[2026-06-05 18:45:32,500][flwr][INFO] - aggregate_fit: received 10 results and 0 failures
[2026-06-05 18:45:36,528][flwr][INFO] - fit progress: (18, 356.1882908344269, {'accuracy': 0.1933}, 1081.7812571999966)
[2026-06-05 18:45:36,533][flwr][INFO] - configure_evaluate: strategy sampled 10 clients (out of 10)
[2026-06-05 18:45:42,976][flwr][INFO] - aggregate_evaluate: received 10 results and 0 failures
[2026-06-05 18:45:42,977][flwr][INFO] - 
[2026-06-05 18:45:42,977][flwr][INFO] - [ROUND 19]
[2026-06-05 18:45:42,980][flwr][INFO] - configure_fit: strategy sampled 10 clients (out of 10)
[2026-06-05 18:47:08,959][flwr][INFO] - aggregate_fit: received 10 results and 0 failures
[2026-06-05 18:47:13,481][flwr][INFO] - fit progress: (19, 313.81652450561523, {'accuracy': 0.1481}, 1178.7309612999961)
[2026-06-05 18:47:13,482][flwr][INFO] - configure_evaluate: strategy sampled 10 clients (out of 10)
[2026-06-05 18:47:20,190][flwr][INFO] - aggregate_evaluate: received 10 results and 0 failures
[2026-06-05 18:47:20,190][flwr][INFO] - 
[2026-06-05 18:47:20,191][flwr][INFO] - [ROUND 20]
[2026-06-05 18:47:20,194][flwr][INFO] - configure_fit: strategy sampled 10 clients (out of 10)
[2026-06-05 18:47:38,688][flwr][INFO] - aggregate_fit: received 10 results and 0 failures
[2026-06-05 18:47:44,150][flwr][INFO] - fit progress: (20, 313.81652450561523, {'accuracy': 0.1481}, 1209.3991075999947)
[2026-06-05 18:47:44,150][flwr][INFO] - configure_evaluate: strategy sampled 10 clients (out of 10)
[2026-06-05 18:47:51,882][flwr][INFO] - aggregate_evaluate: received 10 results and 0 failures
[2026-06-05 18:47:51,882][flwr][INFO] - 
[2026-06-05 18:47:51,882][flwr][INFO] - [SUMMARY]
[2026-06-05 18:47:51,882][flwr][INFO] - Run finished 20 round(s) in 1217.13s
[2026-06-05 18:47:51,887][flwr][INFO] - 	History (loss, distributed):
[2026-06-05 18:47:51,887][flwr][INFO] - 		round 1: 68.65335681438447
[2026-06-05 18:47:51,887][flwr][INFO] - 		round 2: 68.65335681438447
[2026-06-05 18:47:51,887][flwr][INFO] - 		round 3: 95.92276532649994
[2026-06-05 18:47:51,888][flwr][INFO] - 		round 4: 95.92276532649994
[2026-06-05 18:47:51,888][flwr][INFO] - 		round 5: 124.9196852684021
[2026-06-05 18:47:51,888][flwr][INFO] - 		round 6: 124.9196852684021
[2026-06-05 18:47:51,889][flwr][INFO] - 		round 7: 137.3507380962372
[2026-06-05 18:47:51,889][flwr][INFO] - 		round 8: 137.3507380962372
[2026-06-05 18:47:51,889][flwr][INFO] - 		round 9: 196.47313566207885
[2026-06-05 18:47:51,889][flwr][INFO] - 		round 10: 196.47313566207885
[2026-06-05 18:47:51,890][flwr][INFO] - 		round 11: 92.22607933282852
[2026-06-05 18:47:51,890][flwr][INFO] - 		round 12: 92.22607933282852
[2026-06-05 18:47:51,890][flwr][INFO] - 		round 13: 179.6025330066681
[2026-06-05 18:47:51,890][flwr][INFO] - 		round 14: 179.6025330066681
[2026-06-05 18:47:51,890][flwr][INFO] - 		round 15: 98.30400727987289
[2026-06-05 18:47:51,891][flwr][INFO] - 		round 16: 98.30400727987289
[2026-06-05 18:47:51,891][flwr][INFO] - 		round 17: 144.34102370738984
[2026-06-05 18:47:51,891][flwr][INFO] - 		round 18: 144.34102370738984
[2026-06-05 18:47:51,891][flwr][INFO] - 		round 19: 126.09124401807784
[2026-06-05 18:47:51,891][flwr][INFO] - 		round 20: 126.09124401807784
[2026-06-05 18:47:51,892][flwr][INFO] - 	History (loss, centralized):
[2026-06-05 18:47:51,892][flwr][INFO] - 		round 0: 182.25225853919983
[2026-06-05 18:47:51,892][flwr][INFO] - 		round 1: 169.5346179008484
[2026-06-05 18:47:51,892][flwr][INFO] - 		round 2: 169.5346179008484
[2026-06-05 18:47:51,892][flwr][INFO] - 		round 3: 237.486834526062
[2026-06-05 18:47:51,893][flwr][INFO] - 		round 4: 237.486834526062
[2026-06-05 18:47:51,893][flwr][INFO] - 		round 5: 309.3866696357727
[2026-06-05 18:47:51,893][flwr][INFO] - 		round 6: 309.3866696357727
[2026-06-05 18:47:51,894][flwr][INFO] - 		round 7: 339.57343077659607
[2026-06-05 18:47:51,894][flwr][INFO] - 		round 8: 339.57343077659607
[2026-06-05 18:47:51,894][flwr][INFO] - 		round 9: 487.5560574531555
[2026-06-05 18:47:51,894][flwr][INFO] - 		round 10: 487.5560574531555
[2026-06-05 18:47:51,895][flwr][INFO] - 		round 11: 228.15387535095215
[2026-06-05 18:47:51,895][flwr][INFO] - 		round 12: 228.15387535095215
[2026-06-05 18:47:51,895][flwr][INFO] - 		round 13: 444.32900190353394
[2026-06-05 18:47:51,896][flwr][INFO] - 		round 14: 444.32900190353394
[2026-06-05 18:47:51,896][flwr][INFO] - 		round 15: 243.8616282939911
[2026-06-05 18:47:51,896][flwr][INFO] - 		round 16: 243.8616282939911
[2026-06-05 18:47:51,896][flwr][INFO] - 		round 17: 356.1882908344269
[2026-06-05 18:47:51,897][flwr][INFO] - 		round 18: 356.1882908344269
[2026-06-05 18:47:51,897][flwr][INFO] - 		round 19: 313.81652450561523
[2026-06-05 18:47:51,897][flwr][INFO] - 		round 20: 313.81652450561523
[2026-06-05 18:47:51,897][flwr][INFO] - 	History (metrics, centralized):
[2026-06-05 18:47:51,898][flwr][INFO] - 	{'accuracy': [(0, 0.0698),
[2026-06-05 18:47:51,898][flwr][INFO] - 	              (1, 0.4089),
[2026-06-05 18:47:51,898][flwr][INFO] - 	              (2, 0.4089),
[2026-06-05 18:47:51,899][flwr][INFO] - 	              (3, 0.1019),
[2026-06-05 18:47:51,899][flwr][INFO] - 	              (4, 0.1019),
[2026-06-05 18:47:51,899][flwr][INFO] - 	              (5, 0.1755),
[2026-06-05 18:47:51,899][flwr][INFO] - 	              (6, 0.1755),
[2026-06-05 18:47:51,899][flwr][INFO] - 	              (7, 0.101),
[2026-06-05 18:47:51,900][flwr][INFO] - 	              (8, 0.101),
[2026-06-05 18:47:51,900][flwr][INFO] - 	              (9, 0.0997),
[2026-06-05 18:47:51,900][flwr][INFO] - 	              (10, 0.0997),
[2026-06-05 18:47:51,900][flwr][INFO] - 	              (11, 0.1373),
[2026-06-05 18:47:51,901][flwr][INFO] - 	              (12, 0.1373),
[2026-06-05 18:47:51,901][flwr][INFO] - 	              (13, 0.1054),
[2026-06-05 18:47:51,902][flwr][INFO] - 	              (14, 0.1054),
[2026-06-05 18:47:51,902][flwr][INFO] - 	              (15, 0.1096),
[2026-06-05 18:47:51,902][flwr][INFO] - 	              (16, 0.1096),
[2026-06-05 18:47:51,903][flwr][INFO] - 	              (17, 0.1933),
[2026-06-05 18:47:51,903][flwr][INFO] - 	              (18, 0.1933),
[2026-06-05 18:47:51,903][flwr][INFO] - 	              (19, 0.1481),
[2026-06-05 18:47:51,903][flwr][INFO] - 	              (20, 0.1481)]}
[2026-06-05 18:47:51,904][flwr][INFO] - 
