[2026-05-24 22:04:16,721][flwr][WARNING] - DEPRECATED FEATURE: flwr.simulation.start_simulation() is deprecated.
	Instead, use the `flwr run` CLI command to start a local simulation in your Flower app, as shown for example below:

		$ flwr new  # Create a new Flower app from a template

		$ flwr run  # Run the Flower app in Simulation Mode

	Using `start_simulation()` is deprecated.

            This is a deprecated feature. It will be removed
            entirely in future versions of Flower.
        
[2026-05-24 22:04:16,722][flwr][INFO] - Starting Flower simulation, config: num_rounds=10, no round_timeout
[2026-05-24 22:04:20,972][flwr][INFO] - Flower VCE: Ray initialized with resources: {'node:127.0.0.1': 1.0, 'GPU': 1.0, 'memory': 3769496372.0, 'accelerator_type:G': 1.0, 'node:__internal_head__': 1.0, 'object_store_memory': 1615498444.0, 'CPU': 8.0}
[2026-05-24 22:04:20,973][flwr][INFO] - Optimize your simulation with Flower VCE: https://flower.ai/docs/framework/how-to-run-simulations.html
[2026-05-24 22:04:20,973][flwr][INFO] - Flower VCE: Resources for each Virtual Client: {'num_cpus': 1, 'num_gpus': 0.0}
[2026-05-24 22:04:20,995][flwr][INFO] - Flower VCE: Creating VirtualClientEngineActorPool with 8 actors
[2026-05-24 22:04:20,995][flwr][INFO] - [INIT]
[2026-05-24 22:04:20,996][flwr][INFO] - Requesting initial parameters from one random client
[2026-05-24 22:04:28,306][flwr][INFO] - Received initial parameters from one random client
[2026-05-24 22:04:28,307][flwr][INFO] - Starting evaluation of initial global parameters
[2026-05-24 22:04:31,926][flwr][INFO] - initial parameters (loss, other metrics): 181.8419177532196, {'accuracy': 0.1661}
[2026-05-24 22:04:31,926][flwr][INFO] - 
[2026-05-24 22:04:31,926][flwr][INFO] - [ROUND 1]
[2026-05-24 22:04:31,928][flwr][INFO] - configure_fit: strategy sampled 5 clients (out of 10)
[2026-05-24 22:04:46,027][flwr][INFO] - aggregate_fit: received 5 results and 0 failures
[2026-05-24 22:04:49,548][flwr][INFO] - fit progress: (1, 181.8367359638214, {'accuracy': 0.1026}, 17.621723700001894)
[2026-05-24 22:04:49,548][flwr][INFO] - configure_evaluate: strategy sampled 10 clients (out of 10)
[2026-05-24 22:04:59,563][flwr][INFO] - aggregate_evaluate: received 10 results and 0 failures
[2026-05-24 22:04:59,564][flwr][WARNING] - No evaluate_metrics_aggregation_fn provided
[2026-05-24 22:04:59,564][flwr][INFO] - 
[2026-05-24 22:04:59,564][flwr][INFO] - [ROUND 2]
[2026-05-24 22:04:59,566][flwr][INFO] - configure_fit: strategy sampled 5 clients (out of 10)
[2026-05-24 22:05:06,598][flwr][INFO] - aggregate_fit: received 5 results and 0 failures
[2026-05-24 22:05:10,129][flwr][INFO] - fit progress: (2, 182.6582317352295, {'accuracy': 0.1028}, 38.2020823999992)
[2026-05-24 22:05:10,129][flwr][INFO] - configure_evaluate: strategy sampled 10 clients (out of 10)
[2026-05-24 22:05:15,434][flwr][INFO] - aggregate_evaluate: received 10 results and 0 failures
[2026-05-24 22:05:15,434][flwr][INFO] - 
[2026-05-24 22:05:15,434][flwr][INFO] - [ROUND 3]
[2026-05-24 22:05:15,436][flwr][INFO] - configure_fit: strategy sampled 5 clients (out of 10)
[2026-05-24 22:05:23,024][flwr][INFO] - aggregate_fit: received 5 results and 0 failures
[2026-05-24 22:05:26,491][flwr][INFO] - fit progress: (3, 181.47361588478088, {'accuracy': 0.1543}, 54.56476200000179)
[2026-05-24 22:05:26,491][flwr][INFO] - configure_evaluate: strategy sampled 10 clients (out of 10)
[2026-05-24 22:05:31,826][flwr][INFO] - aggregate_evaluate: received 10 results and 0 failures
[2026-05-24 22:05:31,827][flwr][INFO] - 
[2026-05-24 22:05:31,827][flwr][INFO] - [ROUND 4]
[2026-05-24 22:05:31,828][flwr][INFO] - configure_fit: strategy sampled 5 clients (out of 10)
[2026-05-24 22:05:38,651][flwr][INFO] - aggregate_fit: received 5 results and 0 failures
[2026-05-24 22:05:42,438][flwr][INFO] - fit progress: (4, 182.12853145599365, {'accuracy': 0.1135}, 70.51159799999732)
[2026-05-24 22:05:42,439][flwr][INFO] - configure_evaluate: strategy sampled 10 clients (out of 10)
[2026-05-24 22:05:47,759][flwr][INFO] - aggregate_evaluate: received 10 results and 0 failures
[2026-05-24 22:05:47,759][flwr][INFO] - 
[2026-05-24 22:05:47,759][flwr][INFO] - [ROUND 5]
[2026-05-24 22:05:47,761][flwr][INFO] - configure_fit: strategy sampled 5 clients (out of 10)
[2026-05-24 22:05:55,664][flwr][INFO] - aggregate_fit: received 5 results and 0 failures
[2026-05-24 22:05:59,145][flwr][INFO] - fit progress: (5, 192.71019315719604, {'accuracy': 0.1135}, 87.2191559999992)
[2026-05-24 22:05:59,146][flwr][INFO] - configure_evaluate: strategy sampled 10 clients (out of 10)
[2026-05-24 22:06:04,450][flwr][INFO] - aggregate_evaluate: received 10 results and 0 failures
[2026-05-24 22:06:04,451][flwr][INFO] - 
[2026-05-24 22:06:04,451][flwr][INFO] - [ROUND 6]
[2026-05-24 22:06:04,452][flwr][INFO] - configure_fit: strategy sampled 5 clients (out of 10)
[2026-05-24 22:06:11,906][flwr][INFO] - aggregate_fit: received 5 results and 0 failures
[2026-05-24 22:06:15,381][flwr][INFO] - fit progress: (6, 200.82899951934814, {'accuracy': 0.0982}, 103.45504829999845)
[2026-05-24 22:06:15,381][flwr][INFO] - configure_evaluate: strategy sampled 10 clients (out of 10)
[2026-05-24 22:06:20,773][flwr][INFO] - aggregate_evaluate: received 10 results and 0 failures
[2026-05-24 22:06:20,773][flwr][INFO] - 
[2026-05-24 22:06:20,774][flwr][INFO] - [ROUND 7]
[2026-05-24 22:06:20,775][flwr][INFO] - configure_fit: strategy sampled 5 clients (out of 10)
[2026-05-24 22:06:28,129][flwr][INFO] - aggregate_fit: received 5 results and 0 failures
[2026-05-24 22:06:31,773][flwr][INFO] - fit progress: (7, 177.78851079940796, {'accuracy': 0.4325}, 119.84683159999986)
[2026-05-24 22:06:31,773][flwr][INFO] - configure_evaluate: strategy sampled 10 clients (out of 10)
[2026-05-24 22:06:37,177][flwr][INFO] - aggregate_evaluate: received 10 results and 0 failures
[2026-05-24 22:06:37,177][flwr][INFO] - 
[2026-05-24 22:06:37,178][flwr][INFO] - [ROUND 8]
[2026-05-24 22:06:37,179][flwr][INFO] - configure_fit: strategy sampled 5 clients (out of 10)
[2026-05-24 22:06:43,732][flwr][INFO] - aggregate_fit: received 5 results and 0 failures
[2026-05-24 22:06:47,188][flwr][INFO] - fit progress: (8, 166.17331647872925, {'accuracy': 0.2247}, 135.26225859999977)
[2026-05-24 22:06:47,189][flwr][INFO] - configure_evaluate: strategy sampled 10 clients (out of 10)
[2026-05-24 22:06:52,477][flwr][INFO] - aggregate_evaluate: received 10 results and 0 failures
[2026-05-24 22:06:52,477][flwr][INFO] - 
[2026-05-24 22:06:52,478][flwr][INFO] - [ROUND 9]
[2026-05-24 22:06:52,479][flwr][INFO] - configure_fit: strategy sampled 5 clients (out of 10)
[2026-05-24 22:06:59,355][flwr][INFO] - aggregate_fit: received 5 results and 0 failures
[2026-05-24 22:07:02,940][flwr][INFO] - fit progress: (9, 152.45315873622894, {'accuracy': 0.3186}, 151.0144616999969)
[2026-05-24 22:07:02,941][flwr][INFO] - configure_evaluate: strategy sampled 10 clients (out of 10)
[2026-05-24 22:07:08,191][flwr][INFO] - aggregate_evaluate: received 10 results and 0 failures
[2026-05-24 22:07:08,191][flwr][INFO] - 
[2026-05-24 22:07:08,191][flwr][INFO] - [ROUND 10]
[2026-05-24 22:07:08,194][flwr][INFO] - configure_fit: strategy sampled 5 clients (out of 10)
[2026-05-24 22:07:10,997][flwr][ERROR] - Traceback (most recent call last):
  File "d:\PROGRAMACAO\ML\FL\Modelo_teste\env\lib\site-packages\flwr\simulation\ray_transport\ray_client_proxy.py", line 90, in _submit_job
    out_mssg, updated_context = self.actor_pool.get_client_result(
  File "d:\PROGRAMACAO\ML\FL\Modelo_teste\env\lib\site-packages\flwr\simulation\ray_transport\ray_actor.py", line 400, in get_client_result
    return self._fetch_future_result(cid)
  File "d:\PROGRAMACAO\ML\FL\Modelo_teste\env\lib\site-packages\flwr\simulation\ray_transport\ray_actor.py", line 281, in _fetch_future_result
    res_cid, out_mssg, updated_context = ray.get(
  File "d:\PROGRAMACAO\ML\FL\Modelo_teste\env\lib\site-packages\ray\_private\auto_init_hook.py", line 22, in auto_init_wrapper
    return fn(*args, **kwargs)
  File "d:\PROGRAMACAO\ML\FL\Modelo_teste\env\lib\site-packages\ray\_private\client_mode_hook.py", line 104, in wrapper
    return func(*args, **kwargs)
  File "d:\PROGRAMACAO\ML\FL\Modelo_teste\env\lib\site-packages\ray\_private\worker.py", line 2961, in get
    values, debugger_breakpoint = worker.get_objects(
  File "d:\PROGRAMACAO\ML\FL\Modelo_teste\env\lib\site-packages\ray\_private\worker.py", line 1026, in get_objects
    raise value.as_instanceof_cause()
ray.exceptions.RayTaskError(ClientAppException): [36mray::ClientAppActor.run()[39m (pid=6340, ip=127.0.0.1, actor_id=156728052ceb9c22798e844201000000, repr=<flwr.simulation.ray_transport.ray_actor.ClientAppActor object at 0x000000000D97ECE0>)
  File "d:\PROGRAMACAO\ML\FL\Modelo_teste\env\lib\site-packages\flwr\clientapp\client_app.py", line 144, in __call__
    return self._call(message, context)
  File "d:\PROGRAMACAO\ML\FL\Modelo_teste\env\lib\site-packages\flwr\clientapp\client_app.py", line 128, in ffn
    out_message = handle_legacy_message_from_msgtype(
  File "d:\PROGRAMACAO\ML\FL\Modelo_teste\env\lib\site-packages\flwr\client\message_handler\message_handler.py", line 129, in handle_legacy_message_from_msgtype
    fit_res = maybe_call_fit(
  File "d:\PROGRAMACAO\ML\FL\Modelo_teste\env\lib\site-packages\flwr\client\client.py", line 224, in maybe_call_fit
    return client.fit(fit_ins)
  File "d:\PROGRAMACAO\ML\FL\Modelo_teste\env\lib\site-packages\flwr\client\numpy_client.py", line 234, in _fit
    raise TypeError(EXCEPTION_MESSAGE_WRONG_RETURN_TYPE_FIT)
TypeError: 
NumPyClient.fit did not return a tuple with 3 elements.
The returned values should have the following type signature:

    Tuple[NDArrays, int, Dict[str, Scalar]]

Example
-------

    model.get_weights(), 10, {"accuracy": 0.95}



The above exception was the direct cause of the following exception:

[36mray::ClientAppActor.run()[39m (pid=6340, ip=127.0.0.1, actor_id=156728052ceb9c22798e844201000000, repr=<flwr.simulation.ray_transport.ray_actor.ClientAppActor object at 0x000000000D97ECE0>)
  File "python\\ray\\_raylet.pyx", line 1982, in ray._raylet.execute_task
  File "python\\ray\\_raylet.pyx", line 2093, in ray._raylet.execute_task
  File "python\\ray\\_raylet.pyx", line 1989, in ray._raylet.execute_task
  File "python\\ray\\_raylet.pyx", line 1932, in ray._raylet.execute_task.function_executor
  File "d:\PROGRAMACAO\ML\FL\Modelo_teste\env\lib\site-packages\ray\_private\function_manager.py", line 693, in actor_method_executor
    return method(__ray_actor, *args, **kwargs)
  File "d:\PROGRAMACAO\ML\FL\Modelo_teste\env\lib\site-packages\ray\util\tracing\tracing_helper.py", line 461, in _resume_span
    return method(self, *_args, **_kwargs)
  File "d:\PROGRAMACAO\ML\FL\Modelo_teste\env\lib\site-packages\flwr\simulation\ray_transport\ray_actor.py", line 65, in run
    raise ClientAppException(str(ex)) from ex
flwr.clientapp.client_app.ClientAppException: 
Exception ClientAppException occurred. Message: 
NumPyClient.fit did not return a tuple with 3 elements.
The returned values should have the following type signature:

    Tuple[NDArrays, int, Dict[str, Scalar]]

Example
-------

    model.get_weights(), 10, {"accuracy": 0.95}

[2026-05-24 22:07:10,997][flwr][ERROR] - [36mray::ClientAppActor.run()[39m (pid=6340, ip=127.0.0.1, actor_id=156728052ceb9c22798e844201000000, repr=<flwr.simulation.ray_transport.ray_actor.ClientAppActor object at 0x000000000D97ECE0>)
  File "d:\PROGRAMACAO\ML\FL\Modelo_teste\env\lib\site-packages\flwr\clientapp\client_app.py", line 144, in __call__
    return self._call(message, context)
  File "d:\PROGRAMACAO\ML\FL\Modelo_teste\env\lib\site-packages\flwr\clientapp\client_app.py", line 128, in ffn
    out_message = handle_legacy_message_from_msgtype(
  File "d:\PROGRAMACAO\ML\FL\Modelo_teste\env\lib\site-packages\flwr\client\message_handler\message_handler.py", line 129, in handle_legacy_message_from_msgtype
    fit_res = maybe_call_fit(
  File "d:\PROGRAMACAO\ML\FL\Modelo_teste\env\lib\site-packages\flwr\client\client.py", line 224, in maybe_call_fit
    return client.fit(fit_ins)
  File "d:\PROGRAMACAO\ML\FL\Modelo_teste\env\lib\site-packages\flwr\client\numpy_client.py", line 234, in _fit
    raise TypeError(EXCEPTION_MESSAGE_WRONG_RETURN_TYPE_FIT)
TypeError: 
NumPyClient.fit did not return a tuple with 3 elements.
The returned values should have the following type signature:

    Tuple[NDArrays, int, Dict[str, Scalar]]

Example
-------

    model.get_weights(), 10, {"accuracy": 0.95}



The above exception was the direct cause of the following exception:

[36mray::ClientAppActor.run()[39m (pid=6340, ip=127.0.0.1, actor_id=156728052ceb9c22798e844201000000, repr=<flwr.simulation.ray_transport.ray_actor.ClientAppActor object at 0x000000000D97ECE0>)
  File "python\\ray\\_raylet.pyx", line 1982, in ray._raylet.execute_task
  File "python\\ray\\_raylet.pyx", line 2093, in ray._raylet.execute_task
  File "python\\ray\\_raylet.pyx", line 1989, in ray._raylet.execute_task
  File "python\\ray\\_raylet.pyx", line 1932, in ray._raylet.execute_task.function_executor
  File "d:\PROGRAMACAO\ML\FL\Modelo_teste\env\lib\site-packages\ray\_private\function_manager.py", line 693, in actor_method_executor
    return method(__ray_actor, *args, **kwargs)
  File "d:\PROGRAMACAO\ML\FL\Modelo_teste\env\lib\site-packages\ray\util\tracing\tracing_helper.py", line 461, in _resume_span
    return method(self, *_args, **_kwargs)
  File "d:\PROGRAMACAO\ML\FL\Modelo_teste\env\lib\site-packages\flwr\simulation\ray_transport\ray_actor.py", line 65, in run
    raise ClientAppException(str(ex)) from ex
flwr.clientapp.client_app.ClientAppException: 
Exception ClientAppException occurred. Message: 
NumPyClient.fit did not return a tuple with 3 elements.
The returned values should have the following type signature:

    Tuple[NDArrays, int, Dict[str, Scalar]]

Example
-------

    model.get_weights(), 10, {"accuracy": 0.95}
[2026-05-24 22:07:13,239][flwr][ERROR] - Traceback (most recent call last):
  File "d:\PROGRAMACAO\ML\FL\Modelo_teste\env\lib\site-packages\flwr\simulation\ray_transport\ray_client_proxy.py", line 90, in _submit_job
    out_mssg, updated_context = self.actor_pool.get_client_result(
  File "d:\PROGRAMACAO\ML\FL\Modelo_teste\env\lib\site-packages\flwr\simulation\ray_transport\ray_actor.py", line 400, in get_client_result
    return self._fetch_future_result(cid)
  File "d:\PROGRAMACAO\ML\FL\Modelo_teste\env\lib\site-packages\flwr\simulation\ray_transport\ray_actor.py", line 281, in _fetch_future_result
    res_cid, out_mssg, updated_context = ray.get(
  File "d:\PROGRAMACAO\ML\FL\Modelo_teste\env\lib\site-packages\ray\_private\auto_init_hook.py", line 22, in auto_init_wrapper
    return fn(*args, **kwargs)
  File "d:\PROGRAMACAO\ML\FL\Modelo_teste\env\lib\site-packages\ray\_private\client_mode_hook.py", line 104, in wrapper
    return func(*args, **kwargs)
  File "d:\PROGRAMACAO\ML\FL\Modelo_teste\env\lib\site-packages\ray\_private\worker.py", line 2961, in get
    values, debugger_breakpoint = worker.get_objects(
  File "d:\PROGRAMACAO\ML\FL\Modelo_teste\env\lib\site-packages\ray\_private\worker.py", line 1026, in get_objects
    raise value.as_instanceof_cause()
ray.exceptions.RayTaskError(ClientAppException): [36mray::ClientAppActor.run()[39m (pid=10948, ip=127.0.0.1, actor_id=97693cb606d1e2490a67693d01000000, repr=<flwr.simulation.ray_transport.ray_actor.ClientAppActor object at 0x000000000DB7EC50>)
  File "d:\PROGRAMACAO\ML\FL\Modelo_teste\env\lib\site-packages\flwr\clientapp\client_app.py", line 144, in __call__
    return self._call(message, context)
  File "d:\PROGRAMACAO\ML\FL\Modelo_teste\env\lib\site-packages\flwr\clientapp\client_app.py", line 128, in ffn
    out_message = handle_legacy_message_from_msgtype(
  File "d:\PROGRAMACAO\ML\FL\Modelo_teste\env\lib\site-packages\flwr\client\message_handler\message_handler.py", line 129, in handle_legacy_message_from_msgtype
    fit_res = maybe_call_fit(
  File "d:\PROGRAMACAO\ML\FL\Modelo_teste\env\lib\site-packages\flwr\client\client.py", line 224, in maybe_call_fit
    return client.fit(fit_ins)
  File "d:\PROGRAMACAO\ML\FL\Modelo_teste\env\lib\site-packages\flwr\client\numpy_client.py", line 234, in _fit
    raise TypeError(EXCEPTION_MESSAGE_WRONG_RETURN_TYPE_FIT)
TypeError: 
NumPyClient.fit did not return a tuple with 3 elements.
The returned values should have the following type signature:

    Tuple[NDArrays, int, Dict[str, Scalar]]

Example
-------

    model.get_weights(), 10, {"accuracy": 0.95}



The above exception was the direct cause of the following exception:

[36mray::ClientAppActor.run()[39m (pid=10948, ip=127.0.0.1, actor_id=97693cb606d1e2490a67693d01000000, repr=<flwr.simulation.ray_transport.ray_actor.ClientAppActor object at 0x000000000DB7EC50>)
  File "python\\ray\\_raylet.pyx", line 1982, in ray._raylet.execute_task
  File "python\\ray\\_raylet.pyx", line 2093, in ray._raylet.execute_task
  File "python\\ray\\_raylet.pyx", line 1989, in ray._raylet.execute_task
  File "python\\ray\\_raylet.pyx", line 1932, in ray._raylet.execute_task.function_executor
  File "d:\PROGRAMACAO\ML\FL\Modelo_teste\env\lib\site-packages\ray\_private\function_manager.py", line 693, in actor_method_executor
    return method(__ray_actor, *args, **kwargs)
  File "d:\PROGRAMACAO\ML\FL\Modelo_teste\env\lib\site-packages\ray\util\tracing\tracing_helper.py", line 461, in _resume_span
    return method(self, *_args, **_kwargs)
  File "d:\PROGRAMACAO\ML\FL\Modelo_teste\env\lib\site-packages\flwr\simulation\ray_transport\ray_actor.py", line 65, in run
    raise ClientAppException(str(ex)) from ex
flwr.clientapp.client_app.ClientAppException: 
Exception ClientAppException occurred. Message: 
NumPyClient.fit did not return a tuple with 3 elements.
The returned values should have the following type signature:

    Tuple[NDArrays, int, Dict[str, Scalar]]

Example
-------

    model.get_weights(), 10, {"accuracy": 0.95}

[2026-05-24 22:07:13,240][flwr][ERROR] - [36mray::ClientAppActor.run()[39m (pid=10948, ip=127.0.0.1, actor_id=97693cb606d1e2490a67693d01000000, repr=<flwr.simulation.ray_transport.ray_actor.ClientAppActor object at 0x000000000DB7EC50>)
  File "d:\PROGRAMACAO\ML\FL\Modelo_teste\env\lib\site-packages\flwr\clientapp\client_app.py", line 144, in __call__
    return self._call(message, context)
  File "d:\PROGRAMACAO\ML\FL\Modelo_teste\env\lib\site-packages\flwr\clientapp\client_app.py", line 128, in ffn
    out_message = handle_legacy_message_from_msgtype(
  File "d:\PROGRAMACAO\ML\FL\Modelo_teste\env\lib\site-packages\flwr\client\message_handler\message_handler.py", line 129, in handle_legacy_message_from_msgtype
    fit_res = maybe_call_fit(
  File "d:\PROGRAMACAO\ML\FL\Modelo_teste\env\lib\site-packages\flwr\client\client.py", line 224, in maybe_call_fit
    return client.fit(fit_ins)
  File "d:\PROGRAMACAO\ML\FL\Modelo_teste\env\lib\site-packages\flwr\client\numpy_client.py", line 234, in _fit
    raise TypeError(EXCEPTION_MESSAGE_WRONG_RETURN_TYPE_FIT)
TypeError: 
NumPyClient.fit did not return a tuple with 3 elements.
The returned values should have the following type signature:

    Tuple[NDArrays, int, Dict[str, Scalar]]

Example
-------

    model.get_weights(), 10, {"accuracy": 0.95}



The above exception was the direct cause of the following exception:

[36mray::ClientAppActor.run()[39m (pid=10948, ip=127.0.0.1, actor_id=97693cb606d1e2490a67693d01000000, repr=<flwr.simulation.ray_transport.ray_actor.ClientAppActor object at 0x000000000DB7EC50>)
  File "python\\ray\\_raylet.pyx", line 1982, in ray._raylet.execute_task
  File "python\\ray\\_raylet.pyx", line 2093, in ray._raylet.execute_task
  File "python\\ray\\_raylet.pyx", line 1989, in ray._raylet.execute_task
  File "python\\ray\\_raylet.pyx", line 1932, in ray._raylet.execute_task.function_executor
  File "d:\PROGRAMACAO\ML\FL\Modelo_teste\env\lib\site-packages\ray\_private\function_manager.py", line 693, in actor_method_executor
    return method(__ray_actor, *args, **kwargs)
  File "d:\PROGRAMACAO\ML\FL\Modelo_teste\env\lib\site-packages\ray\util\tracing\tracing_helper.py", line 461, in _resume_span
    return method(self, *_args, **_kwargs)
  File "d:\PROGRAMACAO\ML\FL\Modelo_teste\env\lib\site-packages\flwr\simulation\ray_transport\ray_actor.py", line 65, in run
    raise ClientAppException(str(ex)) from ex
flwr.clientapp.client_app.ClientAppException: 
Exception ClientAppException occurred. Message: 
NumPyClient.fit did not return a tuple with 3 elements.
The returned values should have the following type signature:

    Tuple[NDArrays, int, Dict[str, Scalar]]

Example
-------

    model.get_weights(), 10, {"accuracy": 0.95}
[2026-05-24 22:07:14,297][flwr][ERROR] - Traceback (most recent call last):
  File "d:\PROGRAMACAO\ML\FL\Modelo_teste\env\lib\site-packages\flwr\simulation\ray_transport\ray_client_proxy.py", line 90, in _submit_job
    out_mssg, updated_context = self.actor_pool.get_client_result(
  File "d:\PROGRAMACAO\ML\FL\Modelo_teste\env\lib\site-packages\flwr\simulation\ray_transport\ray_actor.py", line 400, in get_client_result
    return self._fetch_future_result(cid)
  File "d:\PROGRAMACAO\ML\FL\Modelo_teste\env\lib\site-packages\flwr\simulation\ray_transport\ray_actor.py", line 281, in _fetch_future_result
    res_cid, out_mssg, updated_context = ray.get(
  File "d:\PROGRAMACAO\ML\FL\Modelo_teste\env\lib\site-packages\ray\_private\auto_init_hook.py", line 22, in auto_init_wrapper
    return fn(*args, **kwargs)
  File "d:\PROGRAMACAO\ML\FL\Modelo_teste\env\lib\site-packages\ray\_private\client_mode_hook.py", line 104, in wrapper
    return func(*args, **kwargs)
  File "d:\PROGRAMACAO\ML\FL\Modelo_teste\env\lib\site-packages\ray\_private\worker.py", line 2961, in get
    values, debugger_breakpoint = worker.get_objects(
  File "d:\PROGRAMACAO\ML\FL\Modelo_teste\env\lib\site-packages\ray\_private\worker.py", line 1026, in get_objects
    raise value.as_instanceof_cause()
ray.exceptions.RayTaskError(ClientAppException): [36mray::ClientAppActor.run()[39m (pid=13720, ip=127.0.0.1, actor_id=5ffb986049f7ba08b6fc732101000000, repr=<flwr.simulation.ray_transport.ray_actor.ClientAppActor object at 0x000000000DB6EC80>)
  File "d:\PROGRAMACAO\ML\FL\Modelo_teste\env\lib\site-packages\flwr\clientapp\client_app.py", line 144, in __call__
    return self._call(message, context)
  File "d:\PROGRAMACAO\ML\FL\Modelo_teste\env\lib\site-packages\flwr\clientapp\client_app.py", line 128, in ffn
    out_message = handle_legacy_message_from_msgtype(
  File "d:\PROGRAMACAO\ML\FL\Modelo_teste\env\lib\site-packages\flwr\client\message_handler\message_handler.py", line 129, in handle_legacy_message_from_msgtype
    fit_res = maybe_call_fit(
  File "d:\PROGRAMACAO\ML\FL\Modelo_teste\env\lib\site-packages\flwr\client\client.py", line 224, in maybe_call_fit
    return client.fit(fit_ins)
  File "d:\PROGRAMACAO\ML\FL\Modelo_teste\env\lib\site-packages\flwr\client\numpy_client.py", line 234, in _fit
    raise TypeError(EXCEPTION_MESSAGE_WRONG_RETURN_TYPE_FIT)
TypeError: 
NumPyClient.fit did not return a tuple with 3 elements.
The returned values should have the following type signature:

    Tuple[NDArrays, int, Dict[str, Scalar]]

Example
-------

    model.get_weights(), 10, {"accuracy": 0.95}



The above exception was the direct cause of the following exception:

[36mray::ClientAppActor.run()[39m (pid=13720, ip=127.0.0.1, actor_id=5ffb986049f7ba08b6fc732101000000, repr=<flwr.simulation.ray_transport.ray_actor.ClientAppActor object at 0x000000000DB6EC80>)
  File "python\\ray\\_raylet.pyx", line 1982, in ray._raylet.execute_task
  File "python\\ray\\_raylet.pyx", line 2093, in ray._raylet.execute_task
  File "python\\ray\\_raylet.pyx", line 1989, in ray._raylet.execute_task
  File "python\\ray\\_raylet.pyx", line 1932, in ray._raylet.execute_task.function_executor
  File "d:\PROGRAMACAO\ML\FL\Modelo_teste\env\lib\site-packages\ray\_private\function_manager.py", line 693, in actor_method_executor
    return method(__ray_actor, *args, **kwargs)
  File "d:\PROGRAMACAO\ML\FL\Modelo_teste\env\lib\site-packages\ray\util\tracing\tracing_helper.py", line 461, in _resume_span
    return method(self, *_args, **_kwargs)
  File "d:\PROGRAMACAO\ML\FL\Modelo_teste\env\lib\site-packages\flwr\simulation\ray_transport\ray_actor.py", line 65, in run
    raise ClientAppException(str(ex)) from ex
flwr.clientapp.client_app.ClientAppException: 
Exception ClientAppException occurred. Message: 
NumPyClient.fit did not return a tuple with 3 elements.
The returned values should have the following type signature:

    Tuple[NDArrays, int, Dict[str, Scalar]]

Example
-------

    model.get_weights(), 10, {"accuracy": 0.95}

[2026-05-24 22:07:14,298][flwr][ERROR] - [36mray::ClientAppActor.run()[39m (pid=13720, ip=127.0.0.1, actor_id=5ffb986049f7ba08b6fc732101000000, repr=<flwr.simulation.ray_transport.ray_actor.ClientAppActor object at 0x000000000DB6EC80>)
  File "d:\PROGRAMACAO\ML\FL\Modelo_teste\env\lib\site-packages\flwr\clientapp\client_app.py", line 144, in __call__
    return self._call(message, context)
  File "d:\PROGRAMACAO\ML\FL\Modelo_teste\env\lib\site-packages\flwr\clientapp\client_app.py", line 128, in ffn
    out_message = handle_legacy_message_from_msgtype(
  File "d:\PROGRAMACAO\ML\FL\Modelo_teste\env\lib\site-packages\flwr\client\message_handler\message_handler.py", line 129, in handle_legacy_message_from_msgtype
    fit_res = maybe_call_fit(
  File "d:\PROGRAMACAO\ML\FL\Modelo_teste\env\lib\site-packages\flwr\client\client.py", line 224, in maybe_call_fit
    return client.fit(fit_ins)
  File "d:\PROGRAMACAO\ML\FL\Modelo_teste\env\lib\site-packages\flwr\client\numpy_client.py", line 234, in _fit
    raise TypeError(EXCEPTION_MESSAGE_WRONG_RETURN_TYPE_FIT)
TypeError: 
NumPyClient.fit did not return a tuple with 3 elements.
The returned values should have the following type signature:

    Tuple[NDArrays, int, Dict[str, Scalar]]

Example
-------

    model.get_weights(), 10, {"accuracy": 0.95}



The above exception was the direct cause of the following exception:

[36mray::ClientAppActor.run()[39m (pid=13720, ip=127.0.0.1, actor_id=5ffb986049f7ba08b6fc732101000000, repr=<flwr.simulation.ray_transport.ray_actor.ClientAppActor object at 0x000000000DB6EC80>)
  File "python\\ray\\_raylet.pyx", line 1982, in ray._raylet.execute_task
  File "python\\ray\\_raylet.pyx", line 2093, in ray._raylet.execute_task
  File "python\\ray\\_raylet.pyx", line 1989, in ray._raylet.execute_task
  File "python\\ray\\_raylet.pyx", line 1932, in ray._raylet.execute_task.function_executor
  File "d:\PROGRAMACAO\ML\FL\Modelo_teste\env\lib\site-packages\ray\_private\function_manager.py", line 693, in actor_method_executor
    return method(__ray_actor, *args, **kwargs)
  File "d:\PROGRAMACAO\ML\FL\Modelo_teste\env\lib\site-packages\ray\util\tracing\tracing_helper.py", line 461, in _resume_span
    return method(self, *_args, **_kwargs)
  File "d:\PROGRAMACAO\ML\FL\Modelo_teste\env\lib\site-packages\flwr\simulation\ray_transport\ray_actor.py", line 65, in run
    raise ClientAppException(str(ex)) from ex
flwr.clientapp.client_app.ClientAppException: 
Exception ClientAppException occurred. Message: 
NumPyClient.fit did not return a tuple with 3 elements.
The returned values should have the following type signature:

    Tuple[NDArrays, int, Dict[str, Scalar]]

Example
-------

    model.get_weights(), 10, {"accuracy": 0.95}
[2026-05-24 22:07:14,536][flwr][ERROR] - Traceback (most recent call last):
  File "d:\PROGRAMACAO\ML\FL\Modelo_teste\env\lib\site-packages\flwr\simulation\ray_transport\ray_client_proxy.py", line 90, in _submit_job
    out_mssg, updated_context = self.actor_pool.get_client_result(
  File "d:\PROGRAMACAO\ML\FL\Modelo_teste\env\lib\site-packages\flwr\simulation\ray_transport\ray_actor.py", line 400, in get_client_result
    return self._fetch_future_result(cid)
  File "d:\PROGRAMACAO\ML\FL\Modelo_teste\env\lib\site-packages\flwr\simulation\ray_transport\ray_actor.py", line 281, in _fetch_future_result
    res_cid, out_mssg, updated_context = ray.get(
  File "d:\PROGRAMACAO\ML\FL\Modelo_teste\env\lib\site-packages\ray\_private\auto_init_hook.py", line 22, in auto_init_wrapper
    return fn(*args, **kwargs)
  File "d:\PROGRAMACAO\ML\FL\Modelo_teste\env\lib\site-packages\ray\_private\client_mode_hook.py", line 104, in wrapper
    return func(*args, **kwargs)
  File "d:\PROGRAMACAO\ML\FL\Modelo_teste\env\lib\site-packages\ray\_private\worker.py", line 2961, in get
    values, debugger_breakpoint = worker.get_objects(
  File "d:\PROGRAMACAO\ML\FL\Modelo_teste\env\lib\site-packages\ray\_private\worker.py", line 1026, in get_objects
    raise value.as_instanceof_cause()
ray.exceptions.RayTaskError(ClientAppException): [36mray::ClientAppActor.run()[39m (pid=12548, ip=127.0.0.1, actor_id=9e2d696487b2bf77b84f93e001000000, repr=<flwr.simulation.ray_transport.ray_actor.ClientAppActor object at 0x000000000D96EC20>)
  File "d:\PROGRAMACAO\ML\FL\Modelo_teste\env\lib\site-packages\flwr\clientapp\client_app.py", line 144, in __call__
    return self._call(message, context)
  File "d:\PROGRAMACAO\ML\FL\Modelo_teste\env\lib\site-packages\flwr\clientapp\client_app.py", line 128, in ffn
    out_message = handle_legacy_message_from_msgtype(
  File "d:\PROGRAMACAO\ML\FL\Modelo_teste\env\lib\site-packages\flwr\client\message_handler\message_handler.py", line 129, in handle_legacy_message_from_msgtype
    fit_res = maybe_call_fit(
  File "d:\PROGRAMACAO\ML\FL\Modelo_teste\env\lib\site-packages\flwr\client\client.py", line 224, in maybe_call_fit
    return client.fit(fit_ins)
  File "d:\PROGRAMACAO\ML\FL\Modelo_teste\env\lib\site-packages\flwr\client\numpy_client.py", line 234, in _fit
    raise TypeError(EXCEPTION_MESSAGE_WRONG_RETURN_TYPE_FIT)
TypeError: 
NumPyClient.fit did not return a tuple with 3 elements.
The returned values should have the following type signature:

    Tuple[NDArrays, int, Dict[str, Scalar]]

Example
-------

    model.get_weights(), 10, {"accuracy": 0.95}



The above exception was the direct cause of the following exception:

[36mray::ClientAppActor.run()[39m (pid=12548, ip=127.0.0.1, actor_id=9e2d696487b2bf77b84f93e001000000, repr=<flwr.simulation.ray_transport.ray_actor.ClientAppActor object at 0x000000000D96EC20>)
  File "python\\ray\\_raylet.pyx", line 1982, in ray._raylet.execute_task
  File "python\\ray\\_raylet.pyx", line 2093, in ray._raylet.execute_task
  File "python\\ray\\_raylet.pyx", line 1989, in ray._raylet.execute_task
  File "python\\ray\\_raylet.pyx", line 1932, in ray._raylet.execute_task.function_executor
  File "d:\PROGRAMACAO\ML\FL\Modelo_teste\env\lib\site-packages\ray\_private\function_manager.py", line 693, in actor_method_executor
    return method(__ray_actor, *args, **kwargs)
  File "d:\PROGRAMACAO\ML\FL\Modelo_teste\env\lib\site-packages\ray\util\tracing\tracing_helper.py", line 461, in _resume_span
    return method(self, *_args, **_kwargs)
  File "d:\PROGRAMACAO\ML\FL\Modelo_teste\env\lib\site-packages\flwr\simulation\ray_transport\ray_actor.py", line 65, in run
    raise ClientAppException(str(ex)) from ex
flwr.clientapp.client_app.ClientAppException: 
Exception ClientAppException occurred. Message: 
NumPyClient.fit did not return a tuple with 3 elements.
The returned values should have the following type signature:

    Tuple[NDArrays, int, Dict[str, Scalar]]

Example
-------

    model.get_weights(), 10, {"accuracy": 0.95}

[2026-05-24 22:07:14,537][flwr][ERROR] - [36mray::ClientAppActor.run()[39m (pid=12548, ip=127.0.0.1, actor_id=9e2d696487b2bf77b84f93e001000000, repr=<flwr.simulation.ray_transport.ray_actor.ClientAppActor object at 0x000000000D96EC20>)
  File "d:\PROGRAMACAO\ML\FL\Modelo_teste\env\lib\site-packages\flwr\clientapp\client_app.py", line 144, in __call__
    return self._call(message, context)
  File "d:\PROGRAMACAO\ML\FL\Modelo_teste\env\lib\site-packages\flwr\clientapp\client_app.py", line 128, in ffn
    out_message = handle_legacy_message_from_msgtype(
  File "d:\PROGRAMACAO\ML\FL\Modelo_teste\env\lib\site-packages\flwr\client\message_handler\message_handler.py", line 129, in handle_legacy_message_from_msgtype
    fit_res = maybe_call_fit(
  File "d:\PROGRAMACAO\ML\FL\Modelo_teste\env\lib\site-packages\flwr\client\client.py", line 224, in maybe_call_fit
    return client.fit(fit_ins)
  File "d:\PROGRAMACAO\ML\FL\Modelo_teste\env\lib\site-packages\flwr\client\numpy_client.py", line 234, in _fit
    raise TypeError(EXCEPTION_MESSAGE_WRONG_RETURN_TYPE_FIT)
TypeError: 
NumPyClient.fit did not return a tuple with 3 elements.
The returned values should have the following type signature:

    Tuple[NDArrays, int, Dict[str, Scalar]]

Example
-------

    model.get_weights(), 10, {"accuracy": 0.95}



The above exception was the direct cause of the following exception:

[36mray::ClientAppActor.run()[39m (pid=12548, ip=127.0.0.1, actor_id=9e2d696487b2bf77b84f93e001000000, repr=<flwr.simulation.ray_transport.ray_actor.ClientAppActor object at 0x000000000D96EC20>)
  File "python\\ray\\_raylet.pyx", line 1982, in ray._raylet.execute_task
  File "python\\ray\\_raylet.pyx", line 2093, in ray._raylet.execute_task
  File "python\\ray\\_raylet.pyx", line 1989, in ray._raylet.execute_task
  File "python\\ray\\_raylet.pyx", line 1932, in ray._raylet.execute_task.function_executor
  File "d:\PROGRAMACAO\ML\FL\Modelo_teste\env\lib\site-packages\ray\_private\function_manager.py", line 693, in actor_method_executor
    return method(__ray_actor, *args, **kwargs)
  File "d:\PROGRAMACAO\ML\FL\Modelo_teste\env\lib\site-packages\ray\util\tracing\tracing_helper.py", line 461, in _resume_span
    return method(self, *_args, **_kwargs)
  File "d:\PROGRAMACAO\ML\FL\Modelo_teste\env\lib\site-packages\flwr\simulation\ray_transport\ray_actor.py", line 65, in run
    raise ClientAppException(str(ex)) from ex
flwr.clientapp.client_app.ClientAppException: 
Exception ClientAppException occurred. Message: 
NumPyClient.fit did not return a tuple with 3 elements.
The returned values should have the following type signature:

    Tuple[NDArrays, int, Dict[str, Scalar]]

Example
-------

    model.get_weights(), 10, {"accuracy": 0.95}
[2026-05-24 22:07:16,022][flwr][ERROR] - Traceback (most recent call last):
  File "d:\PROGRAMACAO\ML\FL\Modelo_teste\env\lib\site-packages\flwr\simulation\ray_transport\ray_client_proxy.py", line 90, in _submit_job
    out_mssg, updated_context = self.actor_pool.get_client_result(
  File "d:\PROGRAMACAO\ML\FL\Modelo_teste\env\lib\site-packages\flwr\simulation\ray_transport\ray_actor.py", line 400, in get_client_result
    return self._fetch_future_result(cid)
  File "d:\PROGRAMACAO\ML\FL\Modelo_teste\env\lib\site-packages\flwr\simulation\ray_transport\ray_actor.py", line 281, in _fetch_future_result
    res_cid, out_mssg, updated_context = ray.get(
  File "d:\PROGRAMACAO\ML\FL\Modelo_teste\env\lib\site-packages\ray\_private\auto_init_hook.py", line 22, in auto_init_wrapper
    return fn(*args, **kwargs)
  File "d:\PROGRAMACAO\ML\FL\Modelo_teste\env\lib\site-packages\ray\_private\client_mode_hook.py", line 104, in wrapper
    return func(*args, **kwargs)
  File "d:\PROGRAMACAO\ML\FL\Modelo_teste\env\lib\site-packages\ray\_private\worker.py", line 2961, in get
    values, debugger_breakpoint = worker.get_objects(
  File "d:\PROGRAMACAO\ML\FL\Modelo_teste\env\lib\site-packages\ray\_private\worker.py", line 1026, in get_objects
    raise value.as_instanceof_cause()
ray.exceptions.RayTaskError(ClientAppException): [36mray::ClientAppActor.run()[39m (pid=11348, ip=127.0.0.1, actor_id=3b2f8cb7bc2b9ec0401e3a6b01000000, repr=<flwr.simulation.ray_transport.ray_actor.ClientAppActor object at 0x000000000DB7EC80>)
  File "d:\PROGRAMACAO\ML\FL\Modelo_teste\env\lib\site-packages\flwr\clientapp\client_app.py", line 144, in __call__
    return self._call(message, context)
  File "d:\PROGRAMACAO\ML\FL\Modelo_teste\env\lib\site-packages\flwr\clientapp\client_app.py", line 128, in ffn
    out_message = handle_legacy_message_from_msgtype(
  File "d:\PROGRAMACAO\ML\FL\Modelo_teste\env\lib\site-packages\flwr\client\message_handler\message_handler.py", line 129, in handle_legacy_message_from_msgtype
    fit_res = maybe_call_fit(
  File "d:\PROGRAMACAO\ML\FL\Modelo_teste\env\lib\site-packages\flwr\client\client.py", line 224, in maybe_call_fit
    return client.fit(fit_ins)
  File "d:\PROGRAMACAO\ML\FL\Modelo_teste\env\lib\site-packages\flwr\client\numpy_client.py", line 234, in _fit
    raise TypeError(EXCEPTION_MESSAGE_WRONG_RETURN_TYPE_FIT)
TypeError: 
NumPyClient.fit did not return a tuple with 3 elements.
The returned values should have the following type signature:

    Tuple[NDArrays, int, Dict[str, Scalar]]

Example
-------

    model.get_weights(), 10, {"accuracy": 0.95}



The above exception was the direct cause of the following exception:

[36mray::ClientAppActor.run()[39m (pid=11348, ip=127.0.0.1, actor_id=3b2f8cb7bc2b9ec0401e3a6b01000000, repr=<flwr.simulation.ray_transport.ray_actor.ClientAppActor object at 0x000000000DB7EC80>)
  File "python\\ray\\_raylet.pyx", line 1982, in ray._raylet.execute_task
  File "python\\ray\\_raylet.pyx", line 2093, in ray._raylet.execute_task
  File "python\\ray\\_raylet.pyx", line 1989, in ray._raylet.execute_task
  File "python\\ray\\_raylet.pyx", line 1932, in ray._raylet.execute_task.function_executor
  File "d:\PROGRAMACAO\ML\FL\Modelo_teste\env\lib\site-packages\ray\_private\function_manager.py", line 693, in actor_method_executor
    return method(__ray_actor, *args, **kwargs)
  File "d:\PROGRAMACAO\ML\FL\Modelo_teste\env\lib\site-packages\ray\util\tracing\tracing_helper.py", line 461, in _resume_span
    return method(self, *_args, **_kwargs)
  File "d:\PROGRAMACAO\ML\FL\Modelo_teste\env\lib\site-packages\flwr\simulation\ray_transport\ray_actor.py", line 65, in run
    raise ClientAppException(str(ex)) from ex
flwr.clientapp.client_app.ClientAppException: 
Exception ClientAppException occurred. Message: 
NumPyClient.fit did not return a tuple with 3 elements.
The returned values should have the following type signature:

    Tuple[NDArrays, int, Dict[str, Scalar]]

Example
-------

    model.get_weights(), 10, {"accuracy": 0.95}

[2026-05-24 22:07:16,023][flwr][ERROR] - [36mray::ClientAppActor.run()[39m (pid=11348, ip=127.0.0.1, actor_id=3b2f8cb7bc2b9ec0401e3a6b01000000, repr=<flwr.simulation.ray_transport.ray_actor.ClientAppActor object at 0x000000000DB7EC80>)
  File "d:\PROGRAMACAO\ML\FL\Modelo_teste\env\lib\site-packages\flwr\clientapp\client_app.py", line 144, in __call__
    return self._call(message, context)
  File "d:\PROGRAMACAO\ML\FL\Modelo_teste\env\lib\site-packages\flwr\clientapp\client_app.py", line 128, in ffn
    out_message = handle_legacy_message_from_msgtype(
  File "d:\PROGRAMACAO\ML\FL\Modelo_teste\env\lib\site-packages\flwr\client\message_handler\message_handler.py", line 129, in handle_legacy_message_from_msgtype
    fit_res = maybe_call_fit(
  File "d:\PROGRAMACAO\ML\FL\Modelo_teste\env\lib\site-packages\flwr\client\client.py", line 224, in maybe_call_fit
    return client.fit(fit_ins)
  File "d:\PROGRAMACAO\ML\FL\Modelo_teste\env\lib\site-packages\flwr\client\numpy_client.py", line 234, in _fit
    raise TypeError(EXCEPTION_MESSAGE_WRONG_RETURN_TYPE_FIT)
TypeError: 
NumPyClient.fit did not return a tuple with 3 elements.
The returned values should have the following type signature:

    Tuple[NDArrays, int, Dict[str, Scalar]]

Example
-------

    model.get_weights(), 10, {"accuracy": 0.95}



The above exception was the direct cause of the following exception:

[36mray::ClientAppActor.run()[39m (pid=11348, ip=127.0.0.1, actor_id=3b2f8cb7bc2b9ec0401e3a6b01000000, repr=<flwr.simulation.ray_transport.ray_actor.ClientAppActor object at 0x000000000DB7EC80>)
  File "python\\ray\\_raylet.pyx", line 1982, in ray._raylet.execute_task
  File "python\\ray\\_raylet.pyx", line 2093, in ray._raylet.execute_task
  File "python\\ray\\_raylet.pyx", line 1989, in ray._raylet.execute_task
  File "python\\ray\\_raylet.pyx", line 1932, in ray._raylet.execute_task.function_executor
  File "d:\PROGRAMACAO\ML\FL\Modelo_teste\env\lib\site-packages\ray\_private\function_manager.py", line 693, in actor_method_executor
    return method(__ray_actor, *args, **kwargs)
  File "d:\PROGRAMACAO\ML\FL\Modelo_teste\env\lib\site-packages\ray\util\tracing\tracing_helper.py", line 461, in _resume_span
    return method(self, *_args, **_kwargs)
  File "d:\PROGRAMACAO\ML\FL\Modelo_teste\env\lib\site-packages\flwr\simulation\ray_transport\ray_actor.py", line 65, in run
    raise ClientAppException(str(ex)) from ex
flwr.clientapp.client_app.ClientAppException: 
Exception ClientAppException occurred. Message: 
NumPyClient.fit did not return a tuple with 3 elements.
The returned values should have the following type signature:

    Tuple[NDArrays, int, Dict[str, Scalar]]

Example
-------

    model.get_weights(), 10, {"accuracy": 0.95}
[2026-05-24 22:07:16,024][flwr][INFO] - aggregate_fit: received 0 results and 5 failures
[2026-05-24 22:07:19,510][flwr][INFO] - fit progress: (10, 152.45315873622894, {'accuracy': 0.3186}, 167.58380320000288)
[2026-05-24 22:07:19,511][flwr][INFO] - configure_evaluate: strategy sampled 10 clients (out of 10)
[2026-05-24 22:07:24,802][flwr][INFO] - aggregate_evaluate: received 10 results and 0 failures
[2026-05-24 22:07:24,802][flwr][INFO] - 
[2026-05-24 22:07:24,803][flwr][INFO] - [SUMMARY]
[2026-05-24 22:07:24,803][flwr][INFO] - Run finished 10 round(s) in 172.88s
[2026-05-24 22:07:24,804][flwr][INFO] - 	History (loss, distributed):
[2026-05-24 22:07:24,804][flwr][INFO] - 		round 1: 73.66244745254517
[2026-05-24 22:07:24,804][flwr][INFO] - 		round 2: 74.00686073303223
[2026-05-24 22:07:24,804][flwr][INFO] - 		round 3: 73.50182454586029
[2026-05-24 22:07:24,804][flwr][INFO] - 		round 4: 73.74278705120086
[2026-05-24 22:07:24,805][flwr][INFO] - 		round 5: 77.97459079027176
[2026-05-24 22:07:24,805][flwr][INFO] - 		round 6: 81.31521784067154
[2026-05-24 22:07:24,805][flwr][INFO] - 		round 7: 72.06745727062226
[2026-05-24 22:07:24,805][flwr][INFO] - 		round 8: 67.34081326723098
[2026-05-24 22:07:24,805][flwr][INFO] - 		round 9: 61.84267505407333
[2026-05-24 22:07:24,806][flwr][INFO] - 		round 10: 61.84267505407333
[2026-05-24 22:07:24,806][flwr][INFO] - 	History (loss, centralized):
[2026-05-24 22:07:24,806][flwr][INFO] - 		round 0: 181.8419177532196
[2026-05-24 22:07:24,806][flwr][INFO] - 		round 1: 181.8367359638214
[2026-05-24 22:07:24,806][flwr][INFO] - 		round 2: 182.6582317352295
[2026-05-24 22:07:24,807][flwr][INFO] - 		round 3: 181.47361588478088
[2026-05-24 22:07:24,807][flwr][INFO] - 		round 4: 182.12853145599365
[2026-05-24 22:07:24,807][flwr][INFO] - 		round 5: 192.71019315719604
[2026-05-24 22:07:24,807][flwr][INFO] - 		round 6: 200.82899951934814
[2026-05-24 22:07:24,807][flwr][INFO] - 		round 7: 177.78851079940796
[2026-05-24 22:07:24,808][flwr][INFO] - 		round 8: 166.17331647872925
[2026-05-24 22:07:24,808][flwr][INFO] - 		round 9: 152.45315873622894
[2026-05-24 22:07:24,808][flwr][INFO] - 		round 10: 152.45315873622894
[2026-05-24 22:07:24,808][flwr][INFO] - 	History (metrics, centralized):
[2026-05-24 22:07:24,808][flwr][INFO] - 	{'accuracy': [(0, 0.1661),
[2026-05-24 22:07:24,809][flwr][INFO] - 	              (1, 0.1026),
[2026-05-24 22:07:24,809][flwr][INFO] - 	              (2, 0.1028),
[2026-05-24 22:07:24,809][flwr][INFO] - 	              (3, 0.1543),
[2026-05-24 22:07:24,809][flwr][INFO] - 	              (4, 0.1135),
[2026-05-24 22:07:24,810][flwr][INFO] - 	              (5, 0.1135),
[2026-05-24 22:07:24,810][flwr][INFO] - 	              (6, 0.0982),
[2026-05-24 22:07:24,810][flwr][INFO] - 	              (7, 0.4325),
[2026-05-24 22:07:24,810][flwr][INFO] - 	              (8, 0.2247),
[2026-05-24 22:07:24,810][flwr][INFO] - 	              (9, 0.3186),
[2026-05-24 22:07:24,811][flwr][INFO] - 	              (10, 0.3186)]}
[2026-05-24 22:07:24,811][flwr][INFO] - 
