[2026-06-06 20:19:00,093][flwr][WARNING] - DEPRECATED FEATURE: flwr.simulation.start_simulation() is deprecated.
	Instead, use the `flwr run` CLI command to start a local simulation in your Flower app, as shown for example below:

		$ flwr new  # Create a new Flower app from a template

		$ flwr run  # Run the Flower app in Simulation Mode

	Using `start_simulation()` is deprecated.

            This is a deprecated feature. It will be removed
            entirely in future versions of Flower.
        
[2026-06-06 20:19:00,093][flwr][INFO] - Starting Flower simulation, config: num_rounds=50, no round_timeout
[2026-06-06 20:19:05,125][flwr][INFO] - Flower VCE: Ray initialized with resources: {'object_store_memory': 2699318476.0, 'GPU': 1.0, 'memory': 6298409780.0, 'accelerator_type:G': 1.0, 'node:__internal_head__': 1.0, 'node:127.0.0.1': 1.0, 'CPU': 8.0}
[2026-06-06 20:19:05,125][flwr][INFO] - Optimize your simulation with Flower VCE: https://flower.ai/docs/framework/how-to-run-simulations.html
[2026-06-06 20:19:05,125][flwr][INFO] - Flower VCE: Resources for each Virtual Client: {'num_cpus': 1.0, 'num_gpus': 0.25}
[2026-06-06 20:19:05,152][flwr][INFO] - Flower VCE: Creating VirtualClientEngineActorPool with 4 actors
[2026-06-06 20:19:05,152][flwr][INFO] - [INIT]
[2026-06-06 20:19:05,152][flwr][INFO] - Requesting initial parameters from one random client
[2026-06-06 20:19:12,057][flwr][INFO] - Received initial parameters from one random client
[2026-06-06 20:19:12,057][flwr][INFO] - Starting evaluation of initial global parameters
[2026-06-06 20:19:15,741][flwr][INFO] - initial parameters (loss, other metrics): 182.2890510559082, {'accuracy': 0.0973}
[2026-06-06 20:19:15,741][flwr][INFO] - 
[2026-06-06 20:19:15,741][flwr][INFO] - [ROUND 1]
[2026-06-06 20:19:15,741][flwr][INFO] - configure_fit: strategy sampled 10 clients (out of 10)
[2026-06-06 20:20:26,757][flwr][INFO] - aggregate_fit: received 10 results and 0 failures
[2026-06-06 20:20:26,767][flwr][WARNING] - No fit_metrics_aggregation_fn provided
[2026-06-06 20:20:30,266][flwr][INFO] - fit progress: (1, 137.114963889122, {'accuracy': 0.5421}, 74.52441299999919)
[2026-06-06 20:20:30,266][flwr][INFO] - configure_evaluate: strategy sampled 10 clients (out of 10)
[2026-06-06 20:20:35,591][flwr][INFO] - aggregate_evaluate: received 10 results and 0 failures
[2026-06-06 20:20:35,591][flwr][WARNING] - No evaluate_metrics_aggregation_fn provided
[2026-06-06 20:20:35,591][flwr][INFO] - 
[2026-06-06 20:20:35,591][flwr][INFO] - [ROUND 2]
[2026-06-06 20:20:35,591][flwr][INFO] - configure_fit: strategy sampled 10 clients (out of 10)
[2026-06-06 20:21:38,157][flwr][INFO] - aggregate_fit: received 10 results and 0 failures
[2026-06-06 20:21:41,681][flwr][INFO] - fit progress: (2, 77.02867525815964, {'accuracy': 0.7151}, 145.93297399999574)
[2026-06-06 20:21:41,681][flwr][INFO] - configure_evaluate: strategy sampled 10 clients (out of 10)
[2026-06-06 20:21:47,167][flwr][INFO] - aggregate_evaluate: received 10 results and 0 failures
[2026-06-06 20:21:47,167][flwr][INFO] - 
[2026-06-06 20:21:47,167][flwr][INFO] - [ROUND 3]
[2026-06-06 20:21:47,167][flwr][INFO] - configure_fit: strategy sampled 10 clients (out of 10)
[2026-06-06 20:22:53,175][flwr][INFO] - aggregate_fit: received 10 results and 0 failures
[2026-06-06 20:22:56,567][flwr][INFO] - fit progress: (3, 31.554408371448517, {'accuracy': 0.8666}, 220.81458819999534)
[2026-06-06 20:22:56,567][flwr][INFO] - configure_evaluate: strategy sampled 10 clients (out of 10)
[2026-06-06 20:23:02,041][flwr][INFO] - aggregate_evaluate: received 10 results and 0 failures
[2026-06-06 20:23:02,041][flwr][INFO] - 
[2026-06-06 20:23:02,041][flwr][INFO] - [ROUND 4]
[2026-06-06 20:23:02,041][flwr][INFO] - configure_fit: strategy sampled 10 clients (out of 10)
[2026-06-06 20:24:07,467][flwr][INFO] - aggregate_fit: received 10 results and 0 failures
[2026-06-06 20:24:11,041][flwr][INFO] - fit progress: (4, 27.77568644285202, {'accuracy': 0.8872}, 295.2977471999984)
[2026-06-06 20:24:11,041][flwr][INFO] - configure_evaluate: strategy sampled 10 clients (out of 10)
[2026-06-06 20:24:16,557][flwr][INFO] - aggregate_evaluate: received 10 results and 0 failures
[2026-06-06 20:24:16,557][flwr][INFO] - 
[2026-06-06 20:24:16,557][flwr][INFO] - [ROUND 5]
[2026-06-06 20:24:16,557][flwr][INFO] - configure_fit: strategy sampled 10 clients (out of 10)
[2026-06-06 20:25:19,882][flwr][INFO] - aggregate_fit: received 10 results and 0 failures
[2026-06-06 20:25:23,313][flwr][INFO] - fit progress: (5, 19.812617857009172, {'accuracy': 0.9108}, 367.558495499994)
[2026-06-06 20:25:23,313][flwr][INFO] - configure_evaluate: strategy sampled 10 clients (out of 10)
[2026-06-06 20:25:28,632][flwr][INFO] - aggregate_evaluate: received 10 results and 0 failures
[2026-06-06 20:25:28,632][flwr][INFO] - 
[2026-06-06 20:25:28,632][flwr][INFO] - [ROUND 6]
[2026-06-06 20:25:28,632][flwr][INFO] - configure_fit: strategy sampled 10 clients (out of 10)
[2026-06-06 20:26:34,541][flwr][INFO] - aggregate_fit: received 10 results and 0 failures
[2026-06-06 20:26:38,017][flwr][INFO] - fit progress: (6, 17.660808093845844, {'accuracy': 0.9309}, 442.269029199997)
[2026-06-06 20:26:38,017][flwr][INFO] - configure_evaluate: strategy sampled 10 clients (out of 10)
[2026-06-06 20:26:43,517][flwr][INFO] - aggregate_evaluate: received 10 results and 0 failures
[2026-06-06 20:26:43,517][flwr][INFO] - 
[2026-06-06 20:26:43,517][flwr][INFO] - [ROUND 7]
[2026-06-06 20:26:43,517][flwr][INFO] - configure_fit: strategy sampled 10 clients (out of 10)
[2026-06-06 20:27:47,532][flwr][INFO] - aggregate_fit: received 10 results and 0 failures
[2026-06-06 20:27:51,107][flwr][INFO] - fit progress: (7, 10.55639242194593, {'accuracy': 0.9542}, 515.3531501999969)
[2026-06-06 20:27:51,107][flwr][INFO] - configure_evaluate: strategy sampled 10 clients (out of 10)
[2026-06-06 20:27:56,803][flwr][INFO] - aggregate_evaluate: received 10 results and 0 failures
[2026-06-06 20:27:56,803][flwr][INFO] - 
[2026-06-06 20:27:56,803][flwr][INFO] - [ROUND 8]
[2026-06-06 20:27:56,803][flwr][INFO] - configure_fit: strategy sampled 10 clients (out of 10)
[2026-06-06 20:29:00,217][flwr][INFO] - aggregate_fit: received 10 results and 0 failures
[2026-06-06 20:29:03,691][flwr][INFO] - fit progress: (8, 14.76400183700025, {'accuracy': 0.9411}, 587.9401660999938)
[2026-06-06 20:29:03,691][flwr][INFO] - configure_evaluate: strategy sampled 10 clients (out of 10)
[2026-06-06 20:29:09,082][flwr][INFO] - aggregate_evaluate: received 10 results and 0 failures
[2026-06-06 20:29:09,082][flwr][INFO] - 
[2026-06-06 20:29:09,082][flwr][INFO] - [ROUND 9]
[2026-06-06 20:29:09,082][flwr][INFO] - configure_fit: strategy sampled 10 clients (out of 10)
[2026-06-06 20:30:09,232][flwr][INFO] - aggregate_fit: received 10 results and 0 failures
[2026-06-06 20:30:12,691][flwr][INFO] - fit progress: (9, 10.143994389567524, {'accuracy': 0.9581}, 656.9417866999938)
[2026-06-06 20:30:12,691][flwr][INFO] - configure_evaluate: strategy sampled 10 clients (out of 10)
[2026-06-06 20:30:18,217][flwr][INFO] - aggregate_evaluate: received 10 results and 0 failures
[2026-06-06 20:30:18,217][flwr][INFO] - 
[2026-06-06 20:30:18,217][flwr][INFO] - [ROUND 10]
[2026-06-06 20:30:18,217][flwr][INFO] - configure_fit: strategy sampled 10 clients (out of 10)
[2026-06-06 20:31:23,823][flwr][INFO] - aggregate_fit: received 10 results and 0 failures
[2026-06-06 20:31:27,301][flwr][INFO] - fit progress: (10, 11.077958868816495, {'accuracy': 0.9554}, 731.5553031999953)
[2026-06-06 20:31:27,311][flwr][INFO] - configure_evaluate: strategy sampled 10 clients (out of 10)
[2026-06-06 20:31:32,602][flwr][INFO] - aggregate_evaluate: received 10 results and 0 failures
[2026-06-06 20:31:32,602][flwr][INFO] - 
[2026-06-06 20:31:32,602][flwr][INFO] - [ROUND 11]
[2026-06-06 20:31:32,602][flwr][INFO] - configure_fit: strategy sampled 10 clients (out of 10)
[2026-06-06 20:32:33,367][flwr][INFO] - aggregate_fit: received 10 results and 0 failures
[2026-06-06 20:32:36,800][flwr][INFO] - fit progress: (11, 9.426903595915064, {'accuracy': 0.9611}, 801.0485620999971)
[2026-06-06 20:32:36,800][flwr][INFO] - configure_evaluate: strategy sampled 10 clients (out of 10)
[2026-06-06 20:32:42,293][flwr][INFO] - aggregate_evaluate: received 10 results and 0 failures
[2026-06-06 20:32:42,294][flwr][INFO] - 
[2026-06-06 20:32:42,294][flwr][INFO] - [ROUND 12]
[2026-06-06 20:32:42,294][flwr][INFO] - configure_fit: strategy sampled 10 clients (out of 10)
[2026-06-06 20:33:42,316][flwr][INFO] - aggregate_fit: received 10 results and 0 failures
[2026-06-06 20:33:45,791][flwr][INFO] - fit progress: (12, 9.92038734536618, {'accuracy': 0.9597}, 870.0421833999935)
[2026-06-06 20:33:45,791][flwr][INFO] - configure_evaluate: strategy sampled 10 clients (out of 10)
[2026-06-06 20:33:51,207][flwr][INFO] - aggregate_evaluate: received 10 results and 0 failures
[2026-06-06 20:33:51,207][flwr][INFO] - 
[2026-06-06 20:33:51,207][flwr][INFO] - [ROUND 13]
[2026-06-06 20:33:51,207][flwr][INFO] - configure_fit: strategy sampled 10 clients (out of 10)
[2026-06-06 20:34:55,341][flwr][INFO] - aggregate_fit: received 10 results and 0 failures
[2026-06-06 20:34:58,717][flwr][INFO] - fit progress: (13, 10.71768559422344, {'accuracy': 0.9553}, 942.9772947999954)
[2026-06-06 20:34:58,733][flwr][INFO] - configure_evaluate: strategy sampled 10 clients (out of 10)
[2026-06-06 20:35:04,067][flwr][INFO] - aggregate_evaluate: received 10 results and 0 failures
[2026-06-06 20:35:04,067][flwr][INFO] - 
[2026-06-06 20:35:04,068][flwr][INFO] - [ROUND 14]
[2026-06-06 20:35:04,068][flwr][INFO] - configure_fit: strategy sampled 10 clients (out of 10)
[2026-06-06 20:36:09,141][flwr][INFO] - aggregate_fit: received 10 results and 0 failures
[2026-06-06 20:36:12,732][flwr][INFO] - fit progress: (14, 8.932050437200814, {'accuracy': 0.964}, 1016.9804805999956)
[2026-06-06 20:36:12,732][flwr][INFO] - configure_evaluate: strategy sampled 10 clients (out of 10)
[2026-06-06 20:36:18,107][flwr][INFO] - aggregate_evaluate: received 10 results and 0 failures
[2026-06-06 20:36:18,107][flwr][INFO] - 
[2026-06-06 20:36:18,107][flwr][INFO] - [ROUND 15]
[2026-06-06 20:36:18,117][flwr][INFO] - configure_fit: strategy sampled 10 clients (out of 10)
[2026-06-06 20:37:21,792][flwr][INFO] - aggregate_fit: received 10 results and 0 failures
[2026-06-06 20:37:25,360][flwr][INFO] - fit progress: (15, 8.204067558748648, {'accuracy': 0.965}, 1089.6083421000003)
[2026-06-06 20:37:25,360][flwr][INFO] - configure_evaluate: strategy sampled 10 clients (out of 10)
[2026-06-06 20:37:30,909][flwr][INFO] - aggregate_evaluate: received 10 results and 0 failures
[2026-06-06 20:37:30,909][flwr][INFO] - 
[2026-06-06 20:37:30,909][flwr][INFO] - [ROUND 16]
[2026-06-06 20:37:30,909][flwr][INFO] - configure_fit: strategy sampled 10 clients (out of 10)
[2026-06-06 20:38:39,017][flwr][INFO] - aggregate_fit: received 10 results and 0 failures
[2026-06-06 20:38:42,415][flwr][INFO] - fit progress: (16, 8.289744019974023, {'accuracy': 0.9667}, 1166.6599333999984)
[2026-06-06 20:38:42,415][flwr][INFO] - configure_evaluate: strategy sampled 10 clients (out of 10)
[2026-06-06 20:38:47,691][flwr][INFO] - aggregate_evaluate: received 10 results and 0 failures
[2026-06-06 20:38:47,691][flwr][INFO] - 
[2026-06-06 20:38:47,691][flwr][INFO] - [ROUND 17]
[2026-06-06 20:38:47,691][flwr][INFO] - configure_fit: strategy sampled 10 clients (out of 10)
[2026-06-06 20:39:55,091][flwr][INFO] - aggregate_fit: received 10 results and 0 failures
[2026-06-06 20:39:58,482][flwr][INFO] - fit progress: (17, 7.934848960721865, {'accuracy': 0.967}, 1242.7335833999969)
[2026-06-06 20:39:58,482][flwr][INFO] - configure_evaluate: strategy sampled 10 clients (out of 10)
[2026-06-06 20:40:04,206][flwr][INFO] - aggregate_evaluate: received 10 results and 0 failures
[2026-06-06 20:40:04,206][flwr][INFO] - 
[2026-06-06 20:40:04,206][flwr][INFO] - [ROUND 18]
[2026-06-06 20:40:04,206][flwr][INFO] - configure_fit: strategy sampled 10 clients (out of 10)
[2026-06-06 20:41:02,966][flwr][INFO] - aggregate_fit: received 10 results and 0 failures
[2026-06-06 20:41:06,391][flwr][INFO] - fit progress: (18, 8.400944489985704, {'accuracy': 0.9673}, 1310.6398921)
[2026-06-06 20:41:06,391][flwr][INFO] - configure_evaluate: strategy sampled 10 clients (out of 10)
[2026-06-06 20:41:12,017][flwr][INFO] - aggregate_evaluate: received 10 results and 0 failures
[2026-06-06 20:41:12,017][flwr][INFO] - 
[2026-06-06 20:41:12,017][flwr][INFO] - [ROUND 19]
[2026-06-06 20:41:12,017][flwr][INFO] - configure_fit: strategy sampled 10 clients (out of 10)
[2026-06-06 20:42:14,793][flwr][INFO] - aggregate_fit: received 10 results and 0 failures
[2026-06-06 20:42:18,232][flwr][INFO] - fit progress: (19, 8.587329867528751, {'accuracy': 0.966}, 1382.4844472999976)
[2026-06-06 20:42:18,232][flwr][INFO] - configure_evaluate: strategy sampled 10 clients (out of 10)
[2026-06-06 20:42:23,451][flwr][INFO] - aggregate_evaluate: received 10 results and 0 failures
[2026-06-06 20:42:23,451][flwr][INFO] - 
[2026-06-06 20:42:23,451][flwr][INFO] - [ROUND 20]
[2026-06-06 20:42:23,452][flwr][INFO] - configure_fit: strategy sampled 10 clients (out of 10)
[2026-06-06 20:43:27,542][flwr][INFO] - aggregate_fit: received 10 results and 0 failures
[2026-06-06 20:43:31,188][flwr][INFO] - fit progress: (20, 7.003570203552954, {'accuracy': 0.9713}, 1455.4352011999945)
[2026-06-06 20:43:31,188][flwr][INFO] - configure_evaluate: strategy sampled 10 clients (out of 10)
[2026-06-06 20:43:36,757][flwr][INFO] - aggregate_evaluate: received 10 results and 0 failures
[2026-06-06 20:43:36,757][flwr][INFO] - 
[2026-06-06 20:43:36,757][flwr][INFO] - [ROUND 21]
[2026-06-06 20:43:36,757][flwr][INFO] - configure_fit: strategy sampled 10 clients (out of 10)
[2026-06-06 20:44:38,182][flwr][INFO] - aggregate_fit: received 10 results and 0 failures
[2026-06-06 20:44:41,582][flwr][INFO] - fit progress: (21, 9.770772556541488, {'accuracy': 0.961}, 1525.8348767999996)
[2026-06-06 20:44:41,582][flwr][INFO] - configure_evaluate: strategy sampled 10 clients (out of 10)
[2026-06-06 20:44:46,841][flwr][INFO] - aggregate_evaluate: received 10 results and 0 failures
[2026-06-06 20:44:46,841][flwr][INFO] - 
[2026-06-06 20:44:46,841][flwr][INFO] - [ROUND 22]
[2026-06-06 20:44:46,841][flwr][INFO] - configure_fit: strategy sampled 10 clients (out of 10)
[2026-06-06 20:45:49,841][flwr][INFO] - aggregate_fit: received 10 results and 0 failures
[2026-06-06 20:45:53,285][flwr][INFO] - fit progress: (22, 6.920487155963201, {'accuracy': 0.9729}, 1597.5312975999987)
[2026-06-06 20:45:53,286][flwr][INFO] - configure_evaluate: strategy sampled 10 clients (out of 10)
[2026-06-06 20:45:58,691][flwr][INFO] - aggregate_evaluate: received 10 results and 0 failures
[2026-06-06 20:45:58,691][flwr][INFO] - 
[2026-06-06 20:45:58,707][flwr][INFO] - [ROUND 23]
[2026-06-06 20:45:58,707][flwr][INFO] - configure_fit: strategy sampled 10 clients (out of 10)
[2026-06-06 20:47:01,207][flwr][INFO] - aggregate_fit: received 10 results and 0 failures
[2026-06-06 20:47:04,757][flwr][INFO] - fit progress: (23, 6.582863750110846, {'accuracy': 0.9741}, 1669.0037297999952)
[2026-06-06 20:47:04,757][flwr][INFO] - configure_evaluate: strategy sampled 10 clients (out of 10)
[2026-06-06 20:47:10,328][flwr][INFO] - aggregate_evaluate: received 10 results and 0 failures
[2026-06-06 20:47:10,328][flwr][INFO] - 
[2026-06-06 20:47:10,329][flwr][INFO] - [ROUND 24]
[2026-06-06 20:47:10,329][flwr][INFO] - configure_fit: strategy sampled 10 clients (out of 10)
[2026-06-06 20:48:12,341][flwr][INFO] - aggregate_fit: received 10 results and 0 failures
[2026-06-06 20:48:15,790][flwr][INFO] - fit progress: (24, 8.366128467721865, {'accuracy': 0.9652}, 1740.035100999994)
[2026-06-06 20:48:15,791][flwr][INFO] - configure_evaluate: strategy sampled 10 clients (out of 10)
[2026-06-06 20:48:21,159][flwr][INFO] - aggregate_evaluate: received 10 results and 0 failures
[2026-06-06 20:48:21,159][flwr][INFO] - 
[2026-06-06 20:48:21,160][flwr][INFO] - [ROUND 25]
[2026-06-06 20:48:21,160][flwr][INFO] - configure_fit: strategy sampled 10 clients (out of 10)
[2026-06-06 20:49:21,432][flwr][INFO] - aggregate_fit: received 10 results and 0 failures
[2026-06-06 20:49:24,849][flwr][INFO] - fit progress: (25, 6.494390313455369, {'accuracy': 0.9739}, 1809.106985899998)
[2026-06-06 20:49:24,849][flwr][INFO] - configure_evaluate: strategy sampled 10 clients (out of 10)
[2026-06-06 20:49:30,041][flwr][INFO] - aggregate_evaluate: received 10 results and 0 failures
[2026-06-06 20:49:30,041][flwr][INFO] - 
[2026-06-06 20:49:30,041][flwr][INFO] - [ROUND 26]
[2026-06-06 20:49:30,041][flwr][INFO] - configure_fit: strategy sampled 10 clients (out of 10)
[2026-06-06 20:50:28,641][flwr][INFO] - aggregate_fit: received 10 results and 0 failures
[2026-06-06 20:50:32,063][flwr][INFO] - fit progress: (26, 8.213842790573835, {'accuracy': 0.9674}, 1876.3079048)
[2026-06-06 20:50:32,063][flwr][INFO] - configure_evaluate: strategy sampled 10 clients (out of 10)
[2026-06-06 20:50:37,329][flwr][INFO] - aggregate_evaluate: received 10 results and 0 failures
[2026-06-06 20:50:37,330][flwr][INFO] - 
[2026-06-06 20:50:37,330][flwr][INFO] - [ROUND 27]
[2026-06-06 20:50:37,331][flwr][INFO] - configure_fit: strategy sampled 10 clients (out of 10)
[2026-06-06 20:51:37,824][flwr][INFO] - aggregate_fit: received 10 results and 0 failures
[2026-06-06 20:51:41,206][flwr][INFO] - fit progress: (27, 5.6178667175990995, {'accuracy': 0.9769}, 1945.4584034999934)
[2026-06-06 20:51:41,206][flwr][INFO] - configure_evaluate: strategy sampled 10 clients (out of 10)
[2026-06-06 20:51:46,567][flwr][INFO] - aggregate_evaluate: received 10 results and 0 failures
[2026-06-06 20:51:46,567][flwr][INFO] - 
[2026-06-06 20:51:46,583][flwr][INFO] - [ROUND 28]
[2026-06-06 20:51:46,583][flwr][INFO] - configure_fit: strategy sampled 10 clients (out of 10)
[2026-06-06 20:52:44,491][flwr][INFO] - aggregate_fit: received 10 results and 0 failures
[2026-06-06 20:52:47,917][flwr][INFO] - fit progress: (28, 5.303044678279548, {'accuracy': 0.9786}, 2012.169702399995)
[2026-06-06 20:52:47,917][flwr][INFO] - configure_evaluate: strategy sampled 10 clients (out of 10)
[2026-06-06 20:52:53,341][flwr][INFO] - aggregate_evaluate: received 10 results and 0 failures
[2026-06-06 20:52:53,341][flwr][INFO] - 
[2026-06-06 20:52:53,341][flwr][INFO] - [ROUND 29]
[2026-06-06 20:52:53,341][flwr][INFO] - configure_fit: strategy sampled 10 clients (out of 10)
[2026-06-06 20:53:51,541][flwr][INFO] - aggregate_fit: received 10 results and 0 failures
[2026-06-06 20:53:54,916][flwr][INFO] - fit progress: (29, 5.830302732472774, {'accuracy': 0.9774}, 2079.1730219999954)
[2026-06-06 20:53:54,916][flwr][INFO] - configure_evaluate: strategy sampled 10 clients (out of 10)
[2026-06-06 20:54:00,206][flwr][INFO] - aggregate_evaluate: received 10 results and 0 failures
[2026-06-06 20:54:00,216][flwr][INFO] - 
[2026-06-06 20:54:00,216][flwr][INFO] - [ROUND 30]
[2026-06-06 20:54:00,216][flwr][INFO] - configure_fit: strategy sampled 10 clients (out of 10)
[2026-06-06 20:55:08,220][flwr][INFO] - aggregate_fit: received 10 results and 0 failures
[2026-06-06 20:55:11,834][flwr][INFO] - fit progress: (30, 6.774521195329726, {'accuracy': 0.9744}, 2156.0791417)
[2026-06-06 20:55:11,835][flwr][INFO] - configure_evaluate: strategy sampled 10 clients (out of 10)
[2026-06-06 20:55:17,228][flwr][INFO] - aggregate_evaluate: received 10 results and 0 failures
[2026-06-06 20:55:17,228][flwr][INFO] - 
[2026-06-06 20:55:17,229][flwr][INFO] - [ROUND 31]
[2026-06-06 20:55:17,229][flwr][INFO] - configure_fit: strategy sampled 10 clients (out of 10)
[2026-06-06 20:56:17,917][flwr][INFO] - aggregate_fit: received 10 results and 0 failures
[2026-06-06 20:56:21,338][flwr][INFO] - fit progress: (31, 5.833147908866522, {'accuracy': 0.9794}, 2225.5831881999984)
[2026-06-06 20:56:21,339][flwr][INFO] - configure_evaluate: strategy sampled 10 clients (out of 10)
[2026-06-06 20:56:26,691][flwr][INFO] - aggregate_evaluate: received 10 results and 0 failures
[2026-06-06 20:56:26,691][flwr][INFO] - 
[2026-06-06 20:56:26,691][flwr][INFO] - [ROUND 32]
[2026-06-06 20:56:26,691][flwr][INFO] - configure_fit: strategy sampled 10 clients (out of 10)
[2026-06-06 20:57:32,744][flwr][INFO] - aggregate_fit: received 10 results and 0 failures
[2026-06-06 20:57:36,167][flwr][INFO] - fit progress: (32, 6.736925864242949, {'accuracy': 0.9729}, 2300.4190896999935)
[2026-06-06 20:57:36,167][flwr][INFO] - configure_evaluate: strategy sampled 10 clients (out of 10)
[2026-06-06 20:57:41,507][flwr][INFO] - aggregate_evaluate: received 10 results and 0 failures
[2026-06-06 20:57:41,507][flwr][INFO] - 
[2026-06-06 20:57:41,507][flwr][INFO] - [ROUND 33]
[2026-06-06 20:57:41,507][flwr][INFO] - configure_fit: strategy sampled 10 clients (out of 10)
[2026-06-06 20:58:47,007][flwr][INFO] - aggregate_fit: received 10 results and 0 failures
[2026-06-06 20:58:50,416][flwr][INFO] - fit progress: (33, 4.725718211790081, {'accuracy': 0.9811}, 2374.6649416)
[2026-06-06 20:58:50,416][flwr][INFO] - configure_evaluate: strategy sampled 10 clients (out of 10)
[2026-06-06 20:58:55,598][flwr][INFO] - aggregate_evaluate: received 10 results and 0 failures
[2026-06-06 20:58:55,599][flwr][INFO] - 
[2026-06-06 20:58:55,599][flwr][INFO] - [ROUND 34]
[2026-06-06 20:58:55,599][flwr][INFO] - configure_fit: strategy sampled 10 clients (out of 10)
[2026-06-06 20:59:52,606][flwr][INFO] - aggregate_fit: received 10 results and 0 failures
[2026-06-06 20:59:56,082][flwr][INFO] - fit progress: (34, 5.907851378171472, {'accuracy': 0.9763}, 2440.328722099999)
[2026-06-06 20:59:56,082][flwr][INFO] - configure_evaluate: strategy sampled 10 clients (out of 10)
[2026-06-06 21:00:01,367][flwr][INFO] - aggregate_evaluate: received 10 results and 0 failures
[2026-06-06 21:00:01,367][flwr][INFO] - 
[2026-06-06 21:00:01,367][flwr][INFO] - [ROUND 35]
[2026-06-06 21:00:01,367][flwr][INFO] - configure_fit: strategy sampled 10 clients (out of 10)
[2026-06-06 21:01:03,871][flwr][INFO] - aggregate_fit: received 10 results and 0 failures
[2026-06-06 21:01:07,217][flwr][INFO] - fit progress: (35, 5.186832839506678, {'accuracy': 0.979}, 2511.4665940999985)
[2026-06-06 21:01:07,217][flwr][INFO] - configure_evaluate: strategy sampled 10 clients (out of 10)
[2026-06-06 21:01:12,917][flwr][INFO] - aggregate_evaluate: received 10 results and 0 failures
[2026-06-06 21:01:12,917][flwr][INFO] - 
[2026-06-06 21:01:12,917][flwr][INFO] - [ROUND 36]
[2026-06-06 21:01:12,917][flwr][INFO] - configure_fit: strategy sampled 10 clients (out of 10)
[2026-06-06 21:02:12,957][flwr][INFO] - aggregate_fit: received 10 results and 0 failures
[2026-06-06 21:02:16,301][flwr][INFO] - fit progress: (36, 7.473308939312119, {'accuracy': 0.9699}, 2580.546280099996)
[2026-06-06 21:02:16,302][flwr][INFO] - configure_evaluate: strategy sampled 10 clients (out of 10)
[2026-06-06 21:02:21,667][flwr][INFO] - aggregate_evaluate: received 10 results and 0 failures
[2026-06-06 21:02:21,667][flwr][INFO] - 
[2026-06-06 21:02:21,667][flwr][INFO] - [ROUND 37]
[2026-06-06 21:02:21,667][flwr][INFO] - configure_fit: strategy sampled 10 clients (out of 10)
[2026-06-06 21:03:20,917][flwr][INFO] - aggregate_fit: received 10 results and 0 failures
[2026-06-06 21:03:24,287][flwr][INFO] - fit progress: (37, 4.539255911789951, {'accuracy': 0.9814}, 2648.5324005)
[2026-06-06 21:03:24,288][flwr][INFO] - configure_evaluate: strategy sampled 10 clients (out of 10)
[2026-06-06 21:03:29,691][flwr][INFO] - aggregate_evaluate: received 10 results and 0 failures
[2026-06-06 21:03:29,691][flwr][INFO] - 
[2026-06-06 21:03:29,691][flwr][INFO] - [ROUND 38]
[2026-06-06 21:03:29,691][flwr][INFO] - configure_fit: strategy sampled 10 clients (out of 10)
[2026-06-06 21:04:36,393][flwr][INFO] - aggregate_fit: received 10 results and 0 failures
[2026-06-06 21:04:39,717][flwr][INFO] - fit progress: (38, 7.471512466319837, {'accuracy': 0.971}, 2723.9694351999933)
[2026-06-06 21:04:39,717][flwr][INFO] - configure_evaluate: strategy sampled 10 clients (out of 10)
[2026-06-06 21:04:45,082][flwr][INFO] - aggregate_evaluate: received 10 results and 0 failures
[2026-06-06 21:04:45,082][flwr][INFO] - 
[2026-06-06 21:04:45,082][flwr][INFO] - [ROUND 39]
[2026-06-06 21:04:45,082][flwr][INFO] - configure_fit: strategy sampled 10 clients (out of 10)
[2026-06-06 21:05:46,232][flwr][INFO] - aggregate_fit: received 10 results and 0 failures
[2026-06-06 21:05:49,527][flwr][INFO] - fit progress: (39, 5.324735163958394, {'accuracy': 0.9798}, 2793.7727327999964)
[2026-06-06 21:05:49,527][flwr][INFO] - configure_evaluate: strategy sampled 10 clients (out of 10)
[2026-06-06 21:05:54,767][flwr][INFO] - aggregate_evaluate: received 10 results and 0 failures
[2026-06-06 21:05:54,767][flwr][INFO] - 
[2026-06-06 21:05:54,767][flwr][INFO] - [ROUND 40]
[2026-06-06 21:05:54,767][flwr][INFO] - configure_fit: strategy sampled 10 clients (out of 10)
[2026-06-06 21:06:53,017][flwr][INFO] - aggregate_fit: received 10 results and 0 failures
[2026-06-06 21:06:56,391][flwr][INFO] - fit progress: (40, 4.623386820429005, {'accuracy': 0.9809}, 2860.6379253999985)
[2026-06-06 21:06:56,391][flwr][INFO] - configure_evaluate: strategy sampled 10 clients (out of 10)
[2026-06-06 21:07:01,599][flwr][INFO] - aggregate_evaluate: received 10 results and 0 failures
[2026-06-06 21:07:01,600][flwr][INFO] - 
[2026-06-06 21:07:01,600][flwr][INFO] - [ROUND 41]
[2026-06-06 21:07:01,601][flwr][INFO] - configure_fit: strategy sampled 10 clients (out of 10)
[2026-06-06 21:08:01,232][flwr][INFO] - aggregate_fit: received 10 results and 0 failures
[2026-06-06 21:08:04,658][flwr][INFO] - fit progress: (41, 6.282326835556887, {'accuracy': 0.9741}, 2928.9034500999987)
[2026-06-06 21:08:04,659][flwr][INFO] - configure_evaluate: strategy sampled 10 clients (out of 10)
[2026-06-06 21:08:10,241][flwr][INFO] - aggregate_evaluate: received 10 results and 0 failures
[2026-06-06 21:08:10,241][flwr][INFO] - 
[2026-06-06 21:08:10,241][flwr][INFO] - [ROUND 42]
[2026-06-06 21:08:10,241][flwr][INFO] - configure_fit: strategy sampled 10 clients (out of 10)
[2026-06-06 21:09:13,717][flwr][INFO] - aggregate_fit: received 10 results and 0 failures
[2026-06-06 21:09:17,157][flwr][INFO] - fit progress: (42, 4.640614906777046, {'accuracy': 0.9814}, 3001.4033596999943)
[2026-06-06 21:09:17,157][flwr][INFO] - configure_evaluate: strategy sampled 10 clients (out of 10)
[2026-06-06 21:09:22,341][flwr][INFO] - aggregate_evaluate: received 10 results and 0 failures
[2026-06-06 21:09:22,341][flwr][INFO] - 
[2026-06-06 21:09:22,341][flwr][INFO] - [ROUND 43]
[2026-06-06 21:09:22,341][flwr][INFO] - configure_fit: strategy sampled 10 clients (out of 10)
[2026-06-06 21:10:19,167][flwr][INFO] - aggregate_fit: received 10 results and 0 failures
[2026-06-06 21:10:22,607][flwr][INFO] - fit progress: (43, 5.615497550228611, {'accuracy': 0.9791}, 3066.8601958)
[2026-06-06 21:10:22,607][flwr][INFO] - configure_evaluate: strategy sampled 10 clients (out of 10)
[2026-06-06 21:10:27,957][flwr][INFO] - aggregate_evaluate: received 10 results and 0 failures
[2026-06-06 21:10:27,957][flwr][INFO] - 
[2026-06-06 21:10:27,957][flwr][INFO] - [ROUND 44]
[2026-06-06 21:10:27,957][flwr][INFO] - configure_fit: strategy sampled 10 clients (out of 10)
[2026-06-06 21:11:32,907][flwr][INFO] - aggregate_fit: received 10 results and 0 failures
[2026-06-06 21:11:36,341][flwr][INFO] - fit progress: (44, 4.355599337926833, {'accuracy': 0.9833}, 3140.589296399994)
[2026-06-06 21:11:36,341][flwr][INFO] - configure_evaluate: strategy sampled 10 clients (out of 10)
[2026-06-06 21:11:41,667][flwr][INFO] - aggregate_evaluate: received 10 results and 0 failures
[2026-06-06 21:11:41,667][flwr][INFO] - 
[2026-06-06 21:11:41,682][flwr][INFO] - [ROUND 45]
[2026-06-06 21:11:41,682][flwr][INFO] - configure_fit: strategy sampled 10 clients (out of 10)
[2026-06-06 21:12:45,457][flwr][INFO] - aggregate_fit: received 10 results and 0 failures
[2026-06-06 21:12:48,991][flwr][INFO] - fit progress: (45, 5.5774460436659865, {'accuracy': 0.9774}, 3213.242529299998)
[2026-06-06 21:12:48,991][flwr][INFO] - configure_evaluate: strategy sampled 10 clients (out of 10)
[2026-06-06 21:12:54,326][flwr][INFO] - aggregate_evaluate: received 10 results and 0 failures
[2026-06-06 21:12:54,327][flwr][INFO] - 
[2026-06-06 21:12:54,327][flwr][INFO] - [ROUND 46]
[2026-06-06 21:12:54,328][flwr][INFO] - configure_fit: strategy sampled 10 clients (out of 10)
[2026-06-06 21:13:56,289][flwr][INFO] - aggregate_fit: received 10 results and 0 failures
[2026-06-06 21:13:59,682][flwr][INFO] - fit progress: (46, 4.295059858326567, {'accuracy': 0.982}, 3283.931462099994)
[2026-06-06 21:13:59,682][flwr][INFO] - configure_evaluate: strategy sampled 10 clients (out of 10)
[2026-06-06 21:14:04,941][flwr][INFO] - aggregate_evaluate: received 10 results and 0 failures
[2026-06-06 21:14:04,941][flwr][INFO] - 
[2026-06-06 21:14:04,941][flwr][INFO] - [ROUND 47]
[2026-06-06 21:14:04,941][flwr][INFO] - configure_fit: strategy sampled 10 clients (out of 10)
[2026-06-06 21:15:08,466][flwr][INFO] - aggregate_fit: received 10 results and 0 failures
[2026-06-06 21:15:11,891][flwr][INFO] - fit progress: (47, 5.683958178909961, {'accuracy': 0.9781}, 3356.1422265999936)
[2026-06-06 21:15:11,891][flwr][INFO] - configure_evaluate: strategy sampled 10 clients (out of 10)
[2026-06-06 21:15:17,191][flwr][INFO] - aggregate_evaluate: received 10 results and 0 failures
[2026-06-06 21:15:17,191][flwr][INFO] - 
[2026-06-06 21:15:17,191][flwr][INFO] - [ROUND 48]
[2026-06-06 21:15:17,191][flwr][INFO] - configure_fit: strategy sampled 10 clients (out of 10)
[2026-06-06 21:16:19,679][flwr][INFO] - aggregate_fit: received 10 results and 0 failures
[2026-06-06 21:16:23,304][flwr][INFO] - fit progress: (48, 4.562044732243521, {'accuracy': 0.9825}, 3427.5492083999998)
[2026-06-06 21:16:23,304][flwr][INFO] - configure_evaluate: strategy sampled 10 clients (out of 10)
[2026-06-06 21:16:28,649][flwr][INFO] - aggregate_evaluate: received 10 results and 0 failures
[2026-06-06 21:16:28,649][flwr][INFO] - 
[2026-06-06 21:16:28,649][flwr][INFO] - [ROUND 49]
[2026-06-06 21:16:28,649][flwr][INFO] - configure_fit: strategy sampled 10 clients (out of 10)
[2026-06-06 21:17:33,041][flwr][INFO] - aggregate_fit: received 10 results and 0 failures
[2026-06-06 21:17:36,517][flwr][INFO] - fit progress: (49, 5.4763235238497145, {'accuracy': 0.9786}, 3500.7622583999982)
[2026-06-06 21:17:36,518][flwr][INFO] - configure_evaluate: strategy sampled 10 clients (out of 10)
[2026-06-06 21:17:41,766][flwr][INFO] - aggregate_evaluate: received 10 results and 0 failures
[2026-06-06 21:17:41,766][flwr][INFO] - 
[2026-06-06 21:17:41,766][flwr][INFO] - [ROUND 50]
[2026-06-06 21:17:41,766][flwr][INFO] - configure_fit: strategy sampled 10 clients (out of 10)
[2026-06-06 21:18:42,789][flwr][INFO] - aggregate_fit: received 10 results and 0 failures
[2026-06-06 21:18:46,182][flwr][INFO] - fit progress: (50, 4.8610237765387865, {'accuracy': 0.9819}, 3570.432621699998)
[2026-06-06 21:18:46,182][flwr][INFO] - configure_evaluate: strategy sampled 10 clients (out of 10)
[2026-06-06 21:18:51,491][flwr][INFO] - aggregate_evaluate: received 10 results and 0 failures
[2026-06-06 21:18:51,491][flwr][INFO] - 
[2026-06-06 21:18:51,491][flwr][INFO] - [SUMMARY]
[2026-06-06 21:18:51,491][flwr][INFO] - Run finished 50 round(s) in 3575.75s
[2026-06-06 21:18:51,491][flwr][INFO] - 	History (loss, distributed):
[2026-06-06 21:18:51,491][flwr][INFO] - 		round 1: 55.530446314811705
[2026-06-06 21:18:51,491][flwr][INFO] - 		round 2: 31.12969337999821
[2026-06-06 21:18:51,491][flwr][INFO] - 		round 3: 12.776779700815677
[2026-06-06 21:18:51,491][flwr][INFO] - 		round 4: 11.237695161998271
[2026-06-06 21:18:51,491][flwr][INFO] - 		round 5: 8.01330714263022
[2026-06-06 21:18:51,507][flwr][INFO] - 		round 6: 7.186583582125604
[2026-06-06 21:18:51,507][flwr][INFO] - 		round 7: 4.298736689146608
[2026-06-06 21:18:51,507][flwr][INFO] - 		round 8: 6.000682285428047
[2026-06-06 21:18:51,508][flwr][INFO] - 		round 9: 4.153735828609205
[2026-06-06 21:18:51,508][flwr][INFO] - 		round 10: 4.545849964406807
[2026-06-06 21:18:51,508][flwr][INFO] - 		round 11: 3.8767794268555007
[2026-06-06 21:18:51,508][flwr][INFO] - 		round 12: 4.090187437494751
[2026-06-06 21:18:51,509][flwr][INFO] - 		round 13: 4.392917129083071
[2026-06-06 21:18:51,509][flwr][INFO] - 		round 14: 3.687662492756499
[2026-06-06 21:18:51,509][flwr][INFO] - 		round 15: 3.3731090673973085
[2026-06-06 21:18:51,509][flwr][INFO] - 		round 16: 3.429326538837631
[2026-06-06 21:18:51,510][flwr][INFO] - 		round 17: 3.2877970215224197
[2026-06-06 21:18:51,510][flwr][INFO] - 		round 18: 3.464937793058925
[2026-06-06 21:18:51,510][flwr][INFO] - 		round 19: 3.5375931267815757
[2026-06-06 21:18:51,511][flwr][INFO] - 		round 20: 2.9113455051745403
[2026-06-06 21:18:51,511][flwr][INFO] - 		round 21: 4.030114705489541
[2026-06-06 21:18:51,511][flwr][INFO] - 		round 22: 2.8652003454160875
[2026-06-06 21:18:51,511][flwr][INFO] - 		round 23: 2.7408367631433066
[2026-06-06 21:18:51,512][flwr][INFO] - 		round 24: 3.4660963309856014
[2026-06-06 21:18:51,512][flwr][INFO] - 		round 25: 2.7222102408741193
[2026-06-06 21:18:51,512][flwr][INFO] - 		round 26: 3.394946165485453
[2026-06-06 21:18:51,513][flwr][INFO] - 		round 27: 2.3391198606492254
[2026-06-06 21:18:51,513][flwr][INFO] - 		round 28: 2.225645982666174
[2026-06-06 21:18:51,513][flwr][INFO] - 		round 29: 2.4451630789029877
[2026-06-06 21:18:51,513][flwr][INFO] - 		round 30: 2.8314402328658614
[2026-06-06 21:18:51,514][flwr][INFO] - 		round 31: 2.4360210304883365
[2026-06-06 21:18:51,514][flwr][INFO] - 		round 32: 2.798286576839746
[2026-06-06 21:18:51,514][flwr][INFO] - 		round 33: 1.9974270059668924
[2026-06-06 21:18:51,514][flwr][INFO] - 		round 34: 2.4637172295886556
[2026-06-06 21:18:51,515][flwr][INFO] - 		round 35: 2.1696371611498764
[2026-06-06 21:18:51,515][flwr][INFO] - 		round 36: 3.0963213913062644
[2026-06-06 21:18:51,515][flwr][INFO] - 		round 37: 1.9168830318652907
[2026-06-06 21:18:51,515][flwr][INFO] - 		round 38: 3.098459399888816
[2026-06-06 21:18:51,515][flwr][INFO] - 		round 39: 2.23974639379594
[2026-06-06 21:18:51,516][flwr][INFO] - 		round 40: 1.9441190500030643
[2026-06-06 21:18:51,516][flwr][INFO] - 		round 41: 2.6059195777328568
[2026-06-06 21:18:51,516][flwr][INFO] - 		round 42: 1.9547622942292946
[2026-06-06 21:18:51,516][flwr][INFO] - 		round 43: 2.3391995240133836
[2026-06-06 21:18:51,516][flwr][INFO] - 		round 44: 1.8348688814483467
[2026-06-06 21:18:51,517][flwr][INFO] - 		round 45: 2.344857546387357
[2026-06-06 21:18:51,517][flwr][INFO] - 		round 46: 1.8272439543248766
[2026-06-06 21:18:51,517][flwr][INFO] - 		round 47: 2.379196428995056
[2026-06-06 21:18:51,517][flwr][INFO] - 		round 48: 1.9246111613994799
[2026-06-06 21:18:51,518][flwr][INFO] - 		round 49: 2.297060463982052
[2026-06-06 21:18:51,518][flwr][INFO] - 		round 50: 2.0355057222750474
[2026-06-06 21:18:51,518][flwr][INFO] - 	History (loss, centralized):
[2026-06-06 21:18:51,518][flwr][INFO] - 		round 0: 182.2890510559082
[2026-06-06 21:18:51,519][flwr][INFO] - 		round 1: 137.114963889122
[2026-06-06 21:18:51,519][flwr][INFO] - 		round 2: 77.02867525815964
[2026-06-06 21:18:51,519][flwr][INFO] - 		round 3: 31.554408371448517
[2026-06-06 21:18:51,519][flwr][INFO] - 		round 4: 27.77568644285202
[2026-06-06 21:18:51,519][flwr][INFO] - 		round 5: 19.812617857009172
[2026-06-06 21:18:51,520][flwr][INFO] - 		round 6: 17.660808093845844
[2026-06-06 21:18:51,520][flwr][INFO] - 		round 7: 10.55639242194593
[2026-06-06 21:18:51,520][flwr][INFO] - 		round 8: 14.76400183700025
[2026-06-06 21:18:51,520][flwr][INFO] - 		round 9: 10.143994389567524
[2026-06-06 21:18:51,520][flwr][INFO] - 		round 10: 11.077958868816495
[2026-06-06 21:18:51,521][flwr][INFO] - 		round 11: 9.426903595915064
[2026-06-06 21:18:51,521][flwr][INFO] - 		round 12: 9.92038734536618
[2026-06-06 21:18:51,521][flwr][INFO] - 		round 13: 10.71768559422344
[2026-06-06 21:18:51,521][flwr][INFO] - 		round 14: 8.932050437200814
[2026-06-06 21:18:51,521][flwr][INFO] - 		round 15: 8.204067558748648
[2026-06-06 21:18:51,522][flwr][INFO] - 		round 16: 8.289744019974023
[2026-06-06 21:18:51,522][flwr][INFO] - 		round 17: 7.934848960721865
[2026-06-06 21:18:51,522][flwr][INFO] - 		round 18: 8.400944489985704
[2026-06-06 21:18:51,522][flwr][INFO] - 		round 19: 8.587329867528751
[2026-06-06 21:18:51,523][flwr][INFO] - 		round 20: 7.003570203552954
[2026-06-06 21:18:51,523][flwr][INFO] - 		round 21: 9.770772556541488
[2026-06-06 21:18:51,523][flwr][INFO] - 		round 22: 6.920487155963201
[2026-06-06 21:18:51,523][flwr][INFO] - 		round 23: 6.582863750110846
[2026-06-06 21:18:51,524][flwr][INFO] - 		round 24: 8.366128467721865
[2026-06-06 21:18:51,524][flwr][INFO] - 		round 25: 6.494390313455369
[2026-06-06 21:18:51,524][flwr][INFO] - 		round 26: 8.213842790573835
[2026-06-06 21:18:51,524][flwr][INFO] - 		round 27: 5.6178667175990995
[2026-06-06 21:18:51,524][flwr][INFO] - 		round 28: 5.303044678279548
[2026-06-06 21:18:51,525][flwr][INFO] - 		round 29: 5.830302732472774
[2026-06-06 21:18:51,525][flwr][INFO] - 		round 30: 6.774521195329726
[2026-06-06 21:18:51,525][flwr][INFO] - 		round 31: 5.833147908866522
[2026-06-06 21:18:51,525][flwr][INFO] - 		round 32: 6.736925864242949
[2026-06-06 21:18:51,525][flwr][INFO] - 		round 33: 4.725718211790081
[2026-06-06 21:18:51,526][flwr][INFO] - 		round 34: 5.907851378171472
[2026-06-06 21:18:51,526][flwr][INFO] - 		round 35: 5.186832839506678
[2026-06-06 21:18:51,526][flwr][INFO] - 		round 36: 7.473308939312119
[2026-06-06 21:18:51,526][flwr][INFO] - 		round 37: 4.539255911789951
[2026-06-06 21:18:51,527][flwr][INFO] - 		round 38: 7.471512466319837
[2026-06-06 21:18:51,527][flwr][INFO] - 		round 39: 5.324735163958394
[2026-06-06 21:18:51,527][flwr][INFO] - 		round 40: 4.623386820429005
[2026-06-06 21:18:51,528][flwr][INFO] - 		round 41: 6.282326835556887
[2026-06-06 21:18:51,528][flwr][INFO] - 		round 42: 4.640614906777046
[2026-06-06 21:18:51,528][flwr][INFO] - 		round 43: 5.615497550228611
[2026-06-06 21:18:51,529][flwr][INFO] - 		round 44: 4.355599337926833
[2026-06-06 21:18:51,529][flwr][INFO] - 		round 45: 5.5774460436659865
[2026-06-06 21:18:51,529][flwr][INFO] - 		round 46: 4.295059858326567
[2026-06-06 21:18:51,529][flwr][INFO] - 		round 47: 5.683958178909961
[2026-06-06 21:18:51,530][flwr][INFO] - 		round 48: 4.562044732243521
[2026-06-06 21:18:51,530][flwr][INFO] - 		round 49: 5.4763235238497145
[2026-06-06 21:18:51,530][flwr][INFO] - 		round 50: 4.8610237765387865
[2026-06-06 21:18:51,530][flwr][INFO] - 	History (metrics, centralized):
[2026-06-06 21:18:51,530][flwr][INFO] - 	{'accuracy': [(0, 0.0973),
[2026-06-06 21:18:51,531][flwr][INFO] - 	              (1, 0.5421),
[2026-06-06 21:18:51,531][flwr][INFO] - 	              (2, 0.7151),
[2026-06-06 21:18:51,531][flwr][INFO] - 	              (3, 0.8666),
[2026-06-06 21:18:51,531][flwr][INFO] - 	              (4, 0.8872),
[2026-06-06 21:18:51,532][flwr][INFO] - 	              (5, 0.9108),
[2026-06-06 21:18:51,532][flwr][INFO] - 	              (6, 0.9309),
[2026-06-06 21:18:51,532][flwr][INFO] - 	              (7, 0.9542),
[2026-06-06 21:18:51,532][flwr][INFO] - 	              (8, 0.9411),
[2026-06-06 21:18:51,533][flwr][INFO] - 	              (9, 0.9581),
[2026-06-06 21:18:51,533][flwr][INFO] - 	              (10, 0.9554),
[2026-06-06 21:18:51,533][flwr][INFO] - 	              (11, 0.9611),
[2026-06-06 21:18:51,533][flwr][INFO] - 	              (12, 0.9597),
[2026-06-06 21:18:51,533][flwr][INFO] - 	              (13, 0.9553),
[2026-06-06 21:18:51,534][flwr][INFO] - 	              (14, 0.964),
[2026-06-06 21:18:51,534][flwr][INFO] - 	              (15, 0.965),
[2026-06-06 21:18:51,534][flwr][INFO] - 	              (16, 0.9667),
[2026-06-06 21:18:51,534][flwr][INFO] - 	              (17, 0.967),
[2026-06-06 21:18:51,535][flwr][INFO] - 	              (18, 0.9673),
[2026-06-06 21:18:51,535][flwr][INFO] - 	              (19, 0.966),
[2026-06-06 21:18:51,535][flwr][INFO] - 	              (20, 0.9713),
[2026-06-06 21:18:51,535][flwr][INFO] - 	              (21, 0.961),
[2026-06-06 21:18:51,536][flwr][INFO] - 	              (22, 0.9729),
[2026-06-06 21:18:51,536][flwr][INFO] - 	              (23, 0.9741),
[2026-06-06 21:18:51,536][flwr][INFO] - 	              (24, 0.9652),
[2026-06-06 21:18:51,536][flwr][INFO] - 	              (25, 0.9739),
[2026-06-06 21:18:51,537][flwr][INFO] - 	              (26, 0.9674),
[2026-06-06 21:18:51,537][flwr][INFO] - 	              (27, 0.9769),
[2026-06-06 21:18:51,537][flwr][INFO] - 	              (28, 0.9786),
[2026-06-06 21:18:51,537][flwr][INFO] - 	              (29, 0.9774),
[2026-06-06 21:18:51,538][flwr][INFO] - 	              (30, 0.9744),
[2026-06-06 21:18:51,538][flwr][INFO] - 	              (31, 0.9794),
[2026-06-06 21:18:51,538][flwr][INFO] - 	              (32, 0.9729),
[2026-06-06 21:18:51,538][flwr][INFO] - 	              (33, 0.9811),
[2026-06-06 21:18:51,539][flwr][INFO] - 	              (34, 0.9763),
[2026-06-06 21:18:51,539][flwr][INFO] - 	              (35, 0.979),
[2026-06-06 21:18:51,539][flwr][INFO] - 	              (36, 0.9699),
[2026-06-06 21:18:51,540][flwr][INFO] - 	              (37, 0.9814),
[2026-06-06 21:18:51,540][flwr][INFO] - 	              (38, 0.971),
[2026-06-06 21:18:51,540][flwr][INFO] - 	              (39, 0.9798),
[2026-06-06 21:18:51,540][flwr][INFO] - 	              (40, 0.9809),
[2026-06-06 21:18:51,540][flwr][INFO] - 	              (41, 0.9741),
[2026-06-06 21:18:51,541][flwr][INFO] - 	              (42, 0.9814),
[2026-06-06 21:18:51,541][flwr][INFO] - 	              (43, 0.9791),
[2026-06-06 21:18:51,541][flwr][INFO] - 	              (44, 0.9833),
[2026-06-06 21:18:51,541][flwr][INFO] - 	              (45, 0.9774),
[2026-06-06 21:18:51,541][flwr][INFO] - 	              (46, 0.982),
[2026-06-06 21:18:51,542][flwr][INFO] - 	              (47, 0.9781),
[2026-06-06 21:18:51,542][flwr][INFO] - 	              (48, 0.9825),
[2026-06-06 21:18:51,542][flwr][INFO] - 	              (49, 0.9786),
[2026-06-06 21:18:51,542][flwr][INFO] - 	              (50, 0.9819)]}
[2026-06-06 21:18:51,543][flwr][INFO] - 
