[2026-06-07 14:57:55,569][flwr][WARNING] - DEPRECATED FEATURE: flwr.simulation.start_simulation() is deprecated.
	Instead, use the `flwr run` CLI command to start a local simulation in your Flower app, as shown for example below:

		$ flwr new  # Create a new Flower app from a template

		$ flwr run  # Run the Flower app in Simulation Mode

	Using `start_simulation()` is deprecated.

            This is a deprecated feature. It will be removed
            entirely in future versions of Flower.
        
[2026-06-07 14:57:55,571][flwr][INFO] - Starting Flower simulation, config: num_rounds=100, no round_timeout
[2026-06-07 14:58:00,270][flwr][INFO] - Flower VCE: Ray initialized with resources: {'node:127.0.0.1': 1.0, 'GPU': 1.0, 'memory': 7990117991.0, 'node:__internal_head__': 1.0, 'accelerator_type:G': 1.0, 'object_store_memory': 3424336281.0, 'CPU': 8.0}
[2026-06-07 14:58:00,271][flwr][INFO] - Optimize your simulation with Flower VCE: https://flower.ai/docs/framework/how-to-run-simulations.html
[2026-06-07 14:58:00,271][flwr][INFO] - Flower VCE: Resources for each Virtual Client: {'num_cpus': 1.0, 'num_gpus': 0.25}
[2026-06-07 14:58:00,283][flwr][INFO] - Flower VCE: Creating VirtualClientEngineActorPool with 4 actors
[2026-06-07 14:58:00,291][flwr][INFO] - [INIT]
[2026-06-07 14:58:00,291][flwr][INFO] - Requesting initial parameters from one random client
[2026-06-07 14:58:06,792][flwr][INFO] - Received initial parameters from one random client
[2026-06-07 14:58:06,793][flwr][INFO] - Starting evaluation of initial global parameters
[2026-06-07 14:58:10,394][flwr][INFO] - initial parameters (loss, other metrics): 182.4281086921692, {'accuracy': 0.0763}
[2026-06-07 14:58:10,394][flwr][INFO] - 
[2026-06-07 14:58:10,394][flwr][INFO] - [ROUND 1]
[2026-06-07 14:58:10,404][flwr][INFO] - configure_fit: strategy sampled 10 clients (out of 10)
