[2026-06-05 15:45:56,949][flwr][WARNING] - DEPRECATED FEATURE: flwr.simulation.start_simulation() is deprecated.
	Instead, use the `flwr run` CLI command to start a local simulation in your Flower app, as shown for example below:

		$ flwr new  # Create a new Flower app from a template

		$ flwr run  # Run the Flower app in Simulation Mode

	Using `start_simulation()` is deprecated.

            This is a deprecated feature. It will be removed
            entirely in future versions of Flower.
        
[2026-06-05 15:45:56,950][flwr][INFO] - Starting Flower simulation, config: num_rounds=20, no round_timeout
[2026-06-05 15:46:01,324][flwr][INFO] - Flower VCE: Ray initialized with resources: {'object_store_memory': 1324222464.0, 'GPU': 1.0, 'memory': 3089852416.0, 'accelerator_type:G': 1.0, 'node:127.0.0.1': 1.0, 'node:__internal_head__': 1.0, 'CPU': 8.0}
[2026-06-05 15:46:01,324][flwr][INFO] - Optimize your simulation with Flower VCE: https://flower.ai/docs/framework/how-to-run-simulations.html
[2026-06-05 15:46:01,324][flwr][INFO] - Flower VCE: Resources for each Virtual Client: {'num_cpus': 1.0, 'num_gpus': 0.25}
[2026-06-05 15:46:01,344][flwr][INFO] - Flower VCE: Creating VirtualClientEngineActorPool with 4 actors
[2026-06-05 15:46:01,344][flwr][INFO] - [INIT]
[2026-06-05 15:46:01,344][flwr][INFO] - Requesting initial parameters from one random client
[2026-06-05 15:46:07,906][flwr][INFO] - Received initial parameters from one random client
[2026-06-05 15:46:07,906][flwr][INFO] - Starting evaluation of initial global parameters
[2026-06-05 15:46:11,477][flwr][INFO] - initial parameters (loss, other metrics): 182.21837282180786, {'accuracy': 0.103}
[2026-06-05 15:46:11,479][flwr][INFO] - 
[2026-06-05 15:46:11,479][flwr][INFO] - [ROUND 1]
[2026-06-05 15:46:11,479][flwr][INFO] - configure_fit: strategy sampled 5 clients (out of 10)
[2026-06-05 15:47:24,507][flwr][INFO] - aggregate_fit: received 5 results and 0 failures
[2026-06-05 15:47:27,846][flwr][INFO] - fit progress: (1, 167.08570957183838, {'accuracy': 0.3003}, 76.37083149999671)
[2026-06-05 15:47:27,846][flwr][INFO] - configure_evaluate: strategy sampled 10 clients (out of 10)
[2026-06-05 15:47:33,367][flwr][INFO] - aggregate_evaluate: received 10 results and 0 failures
[2026-06-05 15:47:33,367][flwr][WARNING] - No evaluate_metrics_aggregation_fn provided
[2026-06-05 15:47:33,367][flwr][INFO] - 
[2026-06-05 15:47:33,367][flwr][INFO] - [ROUND 2]
[2026-06-05 15:47:33,376][flwr][INFO] - configure_fit: strategy sampled 5 clients (out of 10)
[2026-06-05 15:47:41,625][flwr][INFO] - aggregate_fit: received 5 results and 0 failures
[2026-06-05 15:47:45,312][flwr][INFO] - fit progress: (2, 167.08570957183838, {'accuracy': 0.3003}, 93.83376859999771)
[2026-06-05 15:47:45,312][flwr][INFO] - configure_evaluate: strategy sampled 10 clients (out of 10)
[2026-06-05 15:47:50,794][flwr][INFO] - aggregate_evaluate: received 10 results and 0 failures
[2026-06-05 15:47:50,794][flwr][INFO] - 
[2026-06-05 15:47:50,795][flwr][INFO] - [ROUND 3]
[2026-06-05 15:47:50,797][flwr][INFO] - configure_fit: strategy sampled 5 clients (out of 10)
[2026-06-05 15:49:05,032][flwr][INFO] - aggregate_fit: received 5 results and 0 failures
[2026-06-05 15:49:08,583][flwr][INFO] - fit progress: (3, 1134.4287033081055, {'accuracy': 0.1028}, 177.10527679999723)
[2026-06-05 15:49:08,583][flwr][INFO] - configure_evaluate: strategy sampled 10 clients (out of 10)
[2026-06-05 15:49:14,066][flwr][INFO] - aggregate_evaluate: received 10 results and 0 failures
[2026-06-05 15:49:14,066][flwr][INFO] - 
[2026-06-05 15:49:14,066][flwr][INFO] - [ROUND 4]
[2026-06-05 15:49:14,081][flwr][INFO] - configure_fit: strategy sampled 5 clients (out of 10)
[2026-06-05 15:49:21,400][flwr][INFO] - aggregate_fit: received 5 results and 0 failures
[2026-06-05 15:49:25,135][flwr][INFO] - fit progress: (4, 1134.4287033081055, {'accuracy': 0.1028}, 193.65705139999773)
[2026-06-05 15:49:25,135][flwr][INFO] - configure_evaluate: strategy sampled 10 clients (out of 10)
[2026-06-05 15:49:30,743][flwr][INFO] - aggregate_evaluate: received 10 results and 0 failures
[2026-06-05 15:49:30,743][flwr][INFO] - 
[2026-06-05 15:49:30,743][flwr][INFO] - [ROUND 5]
[2026-06-05 15:49:30,746][flwr][INFO] - configure_fit: strategy sampled 5 clients (out of 10)
[2026-06-05 15:50:49,339][flwr][INFO] - aggregate_fit: received 5 results and 0 failures
[2026-06-05 15:50:52,797][flwr][INFO] - fit progress: (5, 501.82649278640747, {'accuracy': 0.1015}, 281.3200193999983)
[2026-06-05 15:50:52,797][flwr][INFO] - configure_evaluate: strategy sampled 10 clients (out of 10)
[2026-06-05 15:50:58,191][flwr][INFO] - aggregate_evaluate: received 10 results and 0 failures
[2026-06-05 15:50:58,191][flwr][INFO] - 
[2026-06-05 15:50:58,191][flwr][INFO] - [ROUND 6]
[2026-06-05 15:50:58,207][flwr][INFO] - configure_fit: strategy sampled 5 clients (out of 10)
[2026-06-05 15:51:07,285][flwr][INFO] - aggregate_fit: received 5 results and 0 failures
[2026-06-05 15:51:10,941][flwr][INFO] - fit progress: (6, 501.82649278640747, {'accuracy': 0.1015}, 299.4669015999971)
[2026-06-05 15:51:10,941][flwr][INFO] - configure_evaluate: strategy sampled 10 clients (out of 10)
[2026-06-05 15:51:16,629][flwr][INFO] - aggregate_evaluate: received 10 results and 0 failures
[2026-06-05 15:51:16,629][flwr][INFO] - 
[2026-06-05 15:51:16,629][flwr][INFO] - [ROUND 7]
[2026-06-05 15:51:16,629][flwr][INFO] - configure_fit: strategy sampled 5 clients (out of 10)
[2026-06-05 15:52:25,880][flwr][INFO] - aggregate_fit: received 5 results and 0 failures
[2026-06-05 15:52:29,392][flwr][INFO] - fit progress: (7, 1163.449589729309, {'accuracy': 0.0982}, 377.92099099999905)
[2026-06-05 15:52:29,400][flwr][INFO] - configure_evaluate: strategy sampled 10 clients (out of 10)
[2026-06-05 15:52:34,843][flwr][INFO] - aggregate_evaluate: received 10 results and 0 failures
[2026-06-05 15:52:34,843][flwr][INFO] - 
[2026-06-05 15:52:34,843][flwr][INFO] - [ROUND 8]
[2026-06-05 15:52:34,851][flwr][INFO] - configure_fit: strategy sampled 5 clients (out of 10)
[2026-06-05 15:52:42,604][flwr][INFO] - aggregate_fit: received 5 results and 0 failures
[2026-06-05 15:52:46,087][flwr][INFO] - fit progress: (8, 1163.449589729309, {'accuracy': 0.0982}, 394.60982129999684)
[2026-06-05 15:52:46,087][flwr][INFO] - configure_evaluate: strategy sampled 10 clients (out of 10)
[2026-06-05 15:52:51,523][flwr][INFO] - aggregate_evaluate: received 10 results and 0 failures
[2026-06-05 15:52:51,523][flwr][INFO] - 
[2026-06-05 15:52:51,523][flwr][INFO] - [ROUND 9]
[2026-06-05 15:52:51,523][flwr][INFO] - configure_fit: strategy sampled 5 clients (out of 10)
[2026-06-05 15:54:04,537][flwr][INFO] - aggregate_fit: received 5 results and 0 failures
[2026-06-05 15:54:08,016][flwr][INFO] - fit progress: (9, 183.37660121917725, {'accuracy': 0.0554}, 476.5394896999969)
[2026-06-05 15:54:08,016][flwr][INFO] - configure_evaluate: strategy sampled 10 clients (out of 10)
[2026-06-05 15:54:13,667][flwr][INFO] - aggregate_evaluate: received 10 results and 0 failures
[2026-06-05 15:54:13,667][flwr][INFO] - 
[2026-06-05 15:54:13,667][flwr][INFO] - [ROUND 10]
[2026-06-05 15:54:13,675][flwr][INFO] - configure_fit: strategy sampled 5 clients (out of 10)
[2026-06-05 15:54:22,290][flwr][INFO] - aggregate_fit: received 5 results and 0 failures
[2026-06-05 15:54:25,932][flwr][INFO] - fit progress: (10, 183.37660121917725, {'accuracy': 0.0554}, 494.46037629999773)
[2026-06-05 15:54:25,932][flwr][INFO] - configure_evaluate: strategy sampled 10 clients (out of 10)
[2026-06-05 15:54:31,536][flwr][INFO] - aggregate_evaluate: received 10 results and 0 failures
[2026-06-05 15:54:31,536][flwr][INFO] - 
[2026-06-05 15:54:31,536][flwr][INFO] - [ROUND 11]
[2026-06-05 15:54:31,536][flwr][INFO] - configure_fit: strategy sampled 5 clients (out of 10)
[2026-06-05 15:55:41,903][flwr][INFO] - aggregate_fit: received 5 results and 0 failures
[2026-06-05 15:55:45,455][flwr][INFO] - fit progress: (11, 206.6876926422119, {'accuracy': 0.1013}, 573.9809413999974)
[2026-06-05 15:55:45,455][flwr][INFO] - configure_evaluate: strategy sampled 10 clients (out of 10)
[2026-06-05 15:55:50,982][flwr][INFO] - aggregate_evaluate: received 10 results and 0 failures
[2026-06-05 15:55:50,982][flwr][INFO] - 
[2026-06-05 15:55:50,982][flwr][INFO] - [ROUND 12]
[2026-06-05 15:55:50,982][flwr][INFO] - configure_fit: strategy sampled 5 clients (out of 10)
[2026-06-05 15:55:58,570][flwr][INFO] - aggregate_fit: received 5 results and 0 failures
[2026-06-05 15:56:02,113][flwr][INFO] - fit progress: (12, 206.6876926422119, {'accuracy': 0.1013}, 590.6342105999975)
[2026-06-05 15:56:02,113][flwr][INFO] - configure_evaluate: strategy sampled 10 clients (out of 10)
[2026-06-05 15:56:07,566][flwr][INFO] - aggregate_evaluate: received 10 results and 0 failures
[2026-06-05 15:56:07,566][flwr][INFO] - 
[2026-06-05 15:56:07,566][flwr][INFO] - [ROUND 13]
[2026-06-05 15:56:07,566][flwr][INFO] - configure_fit: strategy sampled 5 clients (out of 10)
[2026-06-05 15:57:16,230][flwr][INFO] - aggregate_fit: received 5 results and 0 failures
[2026-06-05 15:57:19,687][flwr][INFO] - fit progress: (13, 3185.0659828186035, {'accuracy': 0.1028}, 668.2092436999992)
[2026-06-05 15:57:19,687][flwr][INFO] - configure_evaluate: strategy sampled 10 clients (out of 10)
[2026-06-05 15:57:25,602][flwr][INFO] - aggregate_evaluate: received 10 results and 0 failures
[2026-06-05 15:57:25,602][flwr][INFO] - 
[2026-06-05 15:57:25,602][flwr][INFO] - [ROUND 14]
[2026-06-05 15:57:25,610][flwr][INFO] - configure_fit: strategy sampled 5 clients (out of 10)
[2026-06-05 15:57:33,229][flwr][INFO] - aggregate_fit: received 5 results and 0 failures
[2026-06-05 15:57:36,766][flwr][INFO] - fit progress: (14, 3185.0659828186035, {'accuracy': 0.1028}, 685.2901533999975)
[2026-06-05 15:57:36,766][flwr][INFO] - configure_evaluate: strategy sampled 10 clients (out of 10)
[2026-06-05 15:57:42,128][flwr][INFO] - aggregate_evaluate: received 10 results and 0 failures
[2026-06-05 15:57:42,128][flwr][INFO] - 
[2026-06-05 15:57:42,128][flwr][INFO] - [ROUND 15]
[2026-06-05 15:57:42,128][flwr][INFO] - configure_fit: strategy sampled 5 clients (out of 10)
[2026-06-05 15:58:52,850][flwr][INFO] - aggregate_fit: received 5 results and 0 failures
[2026-06-05 15:58:56,298][flwr][INFO] - fit progress: (15, 4293.811935424805, {'accuracy': 0.1009}, 764.8194162)
[2026-06-05 15:58:56,298][flwr][INFO] - configure_evaluate: strategy sampled 10 clients (out of 10)
[2026-06-05 15:59:01,715][flwr][INFO] - aggregate_evaluate: received 10 results and 0 failures
[2026-06-05 15:59:01,715][flwr][INFO] - 
[2026-06-05 15:59:01,715][flwr][INFO] - [ROUND 16]
[2026-06-05 15:59:01,715][flwr][INFO] - configure_fit: strategy sampled 5 clients (out of 10)
[2026-06-05 15:59:10,080][flwr][INFO] - aggregate_fit: received 5 results and 0 failures
[2026-06-05 15:59:13,657][flwr][INFO] - fit progress: (16, 4293.811935424805, {'accuracy': 0.1009}, 782.1785105999988)
[2026-06-05 15:59:13,657][flwr][INFO] - configure_evaluate: strategy sampled 10 clients (out of 10)
[2026-06-05 15:59:19,180][flwr][INFO] - aggregate_evaluate: received 10 results and 0 failures
[2026-06-05 15:59:19,180][flwr][INFO] - 
[2026-06-05 15:59:19,180][flwr][INFO] - [ROUND 17]
[2026-06-05 15:59:19,180][flwr][INFO] - configure_fit: strategy sampled 5 clients (out of 10)
[2026-06-05 16:00:42,548][flwr][INFO] - aggregate_fit: received 5 results and 0 failures
[2026-06-05 16:00:46,009][flwr][INFO] - fit progress: (17, 17086.815628051758, {'accuracy': 0.0974}, 874.5304055999986)
[2026-06-05 16:00:46,009][flwr][INFO] - configure_evaluate: strategy sampled 10 clients (out of 10)
[2026-06-05 16:00:51,457][flwr][INFO] - aggregate_evaluate: received 10 results and 0 failures
[2026-06-05 16:00:51,457][flwr][INFO] - 
[2026-06-05 16:00:51,457][flwr][INFO] - [ROUND 18]
[2026-06-05 16:00:51,466][flwr][INFO] - configure_fit: strategy sampled 5 clients (out of 10)
[2026-06-05 16:00:58,381][flwr][INFO] - aggregate_fit: received 5 results and 0 failures
[2026-06-05 16:01:01,877][flwr][INFO] - fit progress: (18, 17086.815628051758, {'accuracy': 0.0974}, 890.4030233999983)
[2026-06-05 16:01:01,877][flwr][INFO] - configure_evaluate: strategy sampled 10 clients (out of 10)
[2026-06-05 16:01:07,467][flwr][INFO] - aggregate_evaluate: received 10 results and 0 failures
[2026-06-05 16:01:07,467][flwr][INFO] - 
[2026-06-05 16:01:07,467][flwr][INFO] - [ROUND 19]
[2026-06-05 16:01:07,467][flwr][INFO] - configure_fit: strategy sampled 5 clients (out of 10)
[2026-06-05 16:02:19,948][flwr][INFO] - aggregate_fit: received 5 results and 0 failures
[2026-06-05 16:02:23,355][flwr][INFO] - fit progress: (19, 1455.567907333374, {'accuracy': 0.1135}, 971.8766795999982)
[2026-06-05 16:02:23,355][flwr][INFO] - configure_evaluate: strategy sampled 10 clients (out of 10)
[2026-06-05 16:02:28,801][flwr][INFO] - aggregate_evaluate: received 10 results and 0 failures
[2026-06-05 16:02:28,801][flwr][INFO] - 
[2026-06-05 16:02:28,801][flwr][INFO] - [ROUND 20]
[2026-06-05 16:02:28,801][flwr][INFO] - configure_fit: strategy sampled 5 clients (out of 10)
[2026-06-05 16:02:37,752][flwr][INFO] - aggregate_fit: received 5 results and 0 failures
[2026-06-05 16:02:41,261][flwr][INFO] - fit progress: (20, 1455.567907333374, {'accuracy': 0.1135}, 989.7820526999967)
[2026-06-05 16:02:41,261][flwr][INFO] - configure_evaluate: strategy sampled 10 clients (out of 10)
[2026-06-05 16:02:46,760][flwr][INFO] - aggregate_evaluate: received 10 results and 0 failures
[2026-06-05 16:02:46,760][flwr][INFO] - 
[2026-06-05 16:02:46,760][flwr][INFO] - [SUMMARY]
[2026-06-05 16:02:46,760][flwr][INFO] - Run finished 20 round(s) in 995.28s
[2026-06-05 16:02:46,760][flwr][INFO] - 	History (loss, distributed):
[2026-06-05 16:02:46,760][flwr][INFO] - 		round 1: 67.47379734516144
[2026-06-05 16:02:46,760][flwr][INFO] - 		round 2: 67.47379734516144
[2026-06-05 16:02:46,760][flwr][INFO] - 		round 3: 459.580460357666
[2026-06-05 16:02:46,760][flwr][INFO] - 		round 4: 459.580460357666
[2026-06-05 16:02:46,760][flwr][INFO] - 		round 5: 202.72593739032746
[2026-06-05 16:02:46,760][flwr][INFO] - 		round 6: 202.72593739032746
[2026-06-05 16:02:46,760][flwr][INFO] - 		round 7: 471.9323224067688
[2026-06-05 16:02:46,760][flwr][INFO] - 		round 8: 471.9323224067688
[2026-06-05 16:02:46,760][flwr][INFO] - 		round 9: 74.27364110946655
[2026-06-05 16:02:46,760][flwr][INFO] - 		round 10: 74.27364110946655
[2026-06-05 16:02:46,760][flwr][INFO] - 		round 11: 83.6277994632721
[2026-06-05 16:02:46,760][flwr][INFO] - 		round 12: 83.6277994632721
[2026-06-05 16:02:46,760][flwr][INFO] - 		round 13: 1282.86861076355
[2026-06-05 16:02:46,760][flwr][INFO] - 		round 14: 1282.86861076355
[2026-06-05 16:02:46,760][flwr][INFO] - 		round 15: 1724.5637659072877
[2026-06-05 16:02:46,766][flwr][INFO] - 		round 16: 1724.5637659072877
[2026-06-05 16:02:46,766][flwr][INFO] - 		round 17: 6891.841626739502
[2026-06-05 16:02:46,766][flwr][INFO] - 		round 18: 6891.841626739502
[2026-06-05 16:02:46,766][flwr][INFO] - 		round 19: 588.9890147209168
[2026-06-05 16:02:46,766][flwr][INFO] - 		round 20: 588.9890147209168
[2026-06-05 16:02:46,766][flwr][INFO] - 	History (loss, centralized):
[2026-06-05 16:02:46,766][flwr][INFO] - 		round 0: 182.21837282180786
[2026-06-05 16:02:46,767][flwr][INFO] - 		round 1: 167.08570957183838
[2026-06-05 16:02:46,767][flwr][INFO] - 		round 2: 167.08570957183838
[2026-06-05 16:02:46,767][flwr][INFO] - 		round 3: 1134.4287033081055
[2026-06-05 16:02:46,768][flwr][INFO] - 		round 4: 1134.4287033081055
[2026-06-05 16:02:46,768][flwr][INFO] - 		round 5: 501.82649278640747
[2026-06-05 16:02:46,768][flwr][INFO] - 		round 6: 501.82649278640747
[2026-06-05 16:02:46,769][flwr][INFO] - 		round 7: 1163.449589729309
[2026-06-05 16:02:46,769][flwr][INFO] - 		round 8: 1163.449589729309
[2026-06-05 16:02:46,769][flwr][INFO] - 		round 9: 183.37660121917725
[2026-06-05 16:02:46,769][flwr][INFO] - 		round 10: 183.37660121917725
[2026-06-05 16:02:46,769][flwr][INFO] - 		round 11: 206.6876926422119
[2026-06-05 16:02:46,770][flwr][INFO] - 		round 12: 206.6876926422119
[2026-06-05 16:02:46,770][flwr][INFO] - 		round 13: 3185.0659828186035
[2026-06-05 16:02:46,771][flwr][INFO] - 		round 14: 3185.0659828186035
[2026-06-05 16:02:46,771][flwr][INFO] - 		round 15: 4293.811935424805
[2026-06-05 16:02:46,771][flwr][INFO] - 		round 16: 4293.811935424805
[2026-06-05 16:02:46,771][flwr][INFO] - 		round 17: 17086.815628051758
[2026-06-05 16:02:46,771][flwr][INFO] - 		round 18: 17086.815628051758
[2026-06-05 16:02:46,771][flwr][INFO] - 		round 19: 1455.567907333374
[2026-06-05 16:02:46,771][flwr][INFO] - 		round 20: 1455.567907333374
[2026-06-05 16:02:46,771][flwr][INFO] - 	History (metrics, centralized):
[2026-06-05 16:02:46,771][flwr][INFO] - 	{'accuracy': [(0, 0.103),
[2026-06-05 16:02:46,771][flwr][INFO] - 	              (1, 0.3003),
[2026-06-05 16:02:46,771][flwr][INFO] - 	              (2, 0.3003),
[2026-06-05 16:02:46,771][flwr][INFO] - 	              (3, 0.1028),
[2026-06-05 16:02:46,771][flwr][INFO] - 	              (4, 0.1028),
[2026-06-05 16:02:46,771][flwr][INFO] - 	              (5, 0.1015),
[2026-06-05 16:02:46,771][flwr][INFO] - 	              (6, 0.1015),
[2026-06-05 16:02:46,771][flwr][INFO] - 	              (7, 0.0982),
[2026-06-05 16:02:46,771][flwr][INFO] - 	              (8, 0.0982),
[2026-06-05 16:02:46,771][flwr][INFO] - 	              (9, 0.0554),
[2026-06-05 16:02:46,771][flwr][INFO] - 	              (10, 0.0554),
[2026-06-05 16:02:46,771][flwr][INFO] - 	              (11, 0.1013),
[2026-06-05 16:02:46,771][flwr][INFO] - 	              (12, 0.1013),
[2026-06-05 16:02:46,771][flwr][INFO] - 	              (13, 0.1028),
[2026-06-05 16:02:46,771][flwr][INFO] - 	              (14, 0.1028),
[2026-06-05 16:02:46,776][flwr][INFO] - 	              (15, 0.1009),
[2026-06-05 16:02:46,776][flwr][INFO] - 	              (16, 0.1009),
[2026-06-05 16:02:46,776][flwr][INFO] - 	              (17, 0.0974),
[2026-06-05 16:02:46,776][flwr][INFO] - 	              (18, 0.0974),
[2026-06-05 16:02:46,776][flwr][INFO] - 	              (19, 0.1135),
[2026-06-05 16:02:46,777][flwr][INFO] - 	              (20, 0.1135)]}
[2026-06-05 16:02:46,777][flwr][INFO] - 
