[2026-06-08 15:00:27,715][flwr][WARNING] - DEPRECATED FEATURE: flwr.simulation.start_simulation() is deprecated.
	Instead, use the `flwr run` CLI command to start a local simulation in your Flower app, as shown for example below:

		$ flwr new  # Create a new Flower app from a template

		$ flwr run  # Run the Flower app in Simulation Mode

	Using `start_simulation()` is deprecated.

            This is a deprecated feature. It will be removed
            entirely in future versions of Flower.
        
[2026-06-08 15:00:27,716][flwr][INFO] - Starting Flower simulation, config: num_rounds=50, no round_timeout
[2026-06-08 15:00:32,408][flwr][INFO] - Flower VCE: Ray initialized with resources: {'node:127.0.0.1': 1.0, 'GPU': 1.0, 'memory': 7377185178.0, 'accelerator_type:G': 1.0, 'node:__internal_head__': 1.0, 'object_store_memory': 3161650790.0, 'CPU': 8.0}
[2026-06-08 15:00:32,408][flwr][INFO] - Optimize your simulation with Flower VCE: https://flower.ai/docs/framework/how-to-run-simulations.html
[2026-06-08 15:00:32,408][flwr][INFO] - Flower VCE: Resources for each Virtual Client: {'num_cpus': 1.0, 'num_gpus': 0.25}
[2026-06-08 15:00:32,427][flwr][INFO] - Flower VCE: Creating VirtualClientEngineActorPool with 4 actors
[2026-06-08 15:00:32,428][flwr][INFO] - [INIT]
[2026-06-08 15:00:32,428][flwr][INFO] - Requesting initial parameters from one random client
[2026-06-08 15:00:39,193][flwr][INFO] - Received initial parameters from one random client
[2026-06-08 15:00:39,194][flwr][INFO] - Starting evaluation of initial global parameters
[2026-06-08 15:00:43,269][flwr][INFO] - initial parameters (loss, other metrics): 181.98584270477295, {'accuracy': 0.1419}
[2026-06-08 15:00:43,270][flwr][INFO] - 
[2026-06-08 15:00:43,270][flwr][INFO] - [ROUND 1]
[2026-06-08 15:00:43,270][flwr][INFO] - configure_fit: strategy sampled 10 clients (out of 10)
[2026-06-08 15:02:01,104][flwr][INFO] - aggregate_fit: received 10 results and 0 failures
[2026-06-08 15:02:01,117][flwr][WARNING] - No fit_metrics_aggregation_fn provided
[2026-06-08 15:02:04,741][flwr][INFO] - fit progress: (1, 137.2714296579361, {'accuracy': 0.4606}, 81.47101959999418)
[2026-06-08 15:02:04,741][flwr][INFO] - configure_evaluate: strategy sampled 10 clients (out of 10)
[2026-06-08 15:02:10,154][flwr][INFO] - aggregate_evaluate: received 10 results and 0 failures
[2026-06-08 15:02:10,155][flwr][WARNING] - No evaluate_metrics_aggregation_fn provided
[2026-06-08 15:02:10,155][flwr][INFO] - 
[2026-06-08 15:02:10,155][flwr][INFO] - [ROUND 2]
[2026-06-08 15:02:10,156][flwr][INFO] - configure_fit: strategy sampled 10 clients (out of 10)
[2026-06-08 15:03:12,698][flwr][INFO] - aggregate_fit: received 10 results and 0 failures
[2026-06-08 15:03:16,271][flwr][INFO] - fit progress: (2, 79.7731419801712, {'accuracy': 0.6876}, 153.00059739999415)
[2026-06-08 15:03:16,272][flwr][INFO] - configure_evaluate: strategy sampled 10 clients (out of 10)
[2026-06-08 15:03:22,008][flwr][INFO] - aggregate_evaluate: received 10 results and 0 failures
[2026-06-08 15:03:22,008][flwr][INFO] - 
[2026-06-08 15:03:22,009][flwr][INFO] - [ROUND 3]
[2026-06-08 15:03:22,009][flwr][INFO] - configure_fit: strategy sampled 10 clients (out of 10)
[2026-06-08 15:04:28,392][flwr][INFO] - aggregate_fit: received 10 results and 0 failures
[2026-06-08 15:04:32,011][flwr][INFO] - fit progress: (3, 36.767738074064255, {'accuracy': 0.8373}, 228.7407494000072)
[2026-06-08 15:04:32,011][flwr][INFO] - configure_evaluate: strategy sampled 10 clients (out of 10)
[2026-06-08 15:04:37,677][flwr][INFO] - aggregate_evaluate: received 10 results and 0 failures
[2026-06-08 15:04:37,678][flwr][INFO] - 
[2026-06-08 15:04:37,678][flwr][INFO] - [ROUND 4]
[2026-06-08 15:04:37,678][flwr][INFO] - configure_fit: strategy sampled 10 clients (out of 10)
[2026-06-08 15:05:42,282][flwr][INFO] - aggregate_fit: received 10 results and 0 failures
[2026-06-08 15:05:45,824][flwr][INFO] - fit progress: (4, 23.777306392788887, {'accuracy': 0.8969}, 302.5534073000017)
[2026-06-08 15:05:45,824][flwr][INFO] - configure_evaluate: strategy sampled 10 clients (out of 10)
[2026-06-08 15:05:51,131][flwr][INFO] - aggregate_evaluate: received 10 results and 0 failures
[2026-06-08 15:05:51,131][flwr][INFO] - 
[2026-06-08 15:05:51,132][flwr][INFO] - [ROUND 5]
[2026-06-08 15:05:51,132][flwr][INFO] - configure_fit: strategy sampled 10 clients (out of 10)
[2026-06-08 15:06:54,602][flwr][INFO] - aggregate_fit: received 10 results and 0 failures
[2026-06-08 15:06:58,127][flwr][INFO] - fit progress: (5, 22.844348832964897, {'accuracy': 0.8975}, 374.85717449999356)
[2026-06-08 15:06:58,128][flwr][INFO] - configure_evaluate: strategy sampled 10 clients (out of 10)
[2026-06-08 15:07:03,435][flwr][INFO] - aggregate_evaluate: received 10 results and 0 failures
[2026-06-08 15:07:03,436][flwr][INFO] - 
[2026-06-08 15:07:03,436][flwr][INFO] - [ROUND 6]
[2026-06-08 15:07:03,437][flwr][INFO] - configure_fit: strategy sampled 10 clients (out of 10)
[2026-06-08 15:08:09,805][flwr][INFO] - aggregate_fit: received 10 results and 0 failures
[2026-06-08 15:08:13,299][flwr][INFO] - fit progress: (6, 15.748507000505924, {'accuracy': 0.9345}, 450.0295760000008)
[2026-06-08 15:08:13,300][flwr][INFO] - configure_evaluate: strategy sampled 10 clients (out of 10)
[2026-06-08 15:08:18,677][flwr][INFO] - aggregate_evaluate: received 10 results and 0 failures
[2026-06-08 15:08:18,678][flwr][INFO] - 
[2026-06-08 15:08:18,678][flwr][INFO] - [ROUND 7]
[2026-06-08 15:08:18,679][flwr][INFO] - configure_fit: strategy sampled 10 clients (out of 10)
[2026-06-08 15:09:22,846][flwr][INFO] - aggregate_fit: received 10 results and 0 failures
[2026-06-08 15:09:26,405][flwr][INFO] - fit progress: (7, 12.83109131269157, {'accuracy': 0.9437}, 523.1350796000042)
[2026-06-08 15:09:26,405][flwr][INFO] - configure_evaluate: strategy sampled 10 clients (out of 10)
[2026-06-08 15:09:31,736][flwr][INFO] - aggregate_evaluate: received 10 results and 0 failures
[2026-06-08 15:09:31,736][flwr][INFO] - 
[2026-06-08 15:09:31,737][flwr][INFO] - [ROUND 8]
[2026-06-08 15:09:31,737][flwr][INFO] - configure_fit: strategy sampled 10 clients (out of 10)
[2026-06-08 15:10:35,854][flwr][INFO] - aggregate_fit: received 10 results and 0 failures
[2026-06-08 15:10:39,386][flwr][INFO] - fit progress: (8, 14.921602943912148, {'accuracy': 0.9434}, 596.1156881000061)
[2026-06-08 15:10:39,387][flwr][INFO] - configure_evaluate: strategy sampled 10 clients (out of 10)
[2026-06-08 15:10:44,770][flwr][INFO] - aggregate_evaluate: received 10 results and 0 failures
[2026-06-08 15:10:44,770][flwr][INFO] - 
[2026-06-08 15:10:44,771][flwr][INFO] - [ROUND 9]
[2026-06-08 15:10:44,771][flwr][INFO] - configure_fit: strategy sampled 10 clients (out of 10)
[2026-06-08 15:11:44,595][flwr][INFO] - aggregate_fit: received 10 results and 0 failures
[2026-06-08 15:11:48,209][flwr][INFO] - fit progress: (9, 9.740727110300213, {'accuracy': 0.9593}, 664.938731400005)
[2026-06-08 15:11:48,210][flwr][INFO] - configure_evaluate: strategy sampled 10 clients (out of 10)
[2026-06-08 15:11:53,545][flwr][INFO] - aggregate_evaluate: received 10 results and 0 failures
[2026-06-08 15:11:53,546][flwr][INFO] - 
[2026-06-08 15:11:53,546][flwr][INFO] - [ROUND 10]
[2026-06-08 15:11:53,546][flwr][INFO] - configure_fit: strategy sampled 10 clients (out of 10)
[2026-06-08 15:12:59,471][flwr][INFO] - aggregate_fit: received 10 results and 0 failures
[2026-06-08 15:13:02,943][flwr][INFO] - fit progress: (10, 13.574580452404916, {'accuracy': 0.95}, 739.6730390000012)
[2026-06-08 15:13:02,944][flwr][INFO] - configure_evaluate: strategy sampled 10 clients (out of 10)
[2026-06-08 15:13:08,241][flwr][INFO] - aggregate_evaluate: received 10 results and 0 failures
[2026-06-08 15:13:08,241][flwr][INFO] - 
[2026-06-08 15:13:08,241][flwr][INFO] - [ROUND 11]
[2026-06-08 15:13:08,242][flwr][INFO] - configure_fit: strategy sampled 10 clients (out of 10)
[2026-06-08 15:14:09,727][flwr][INFO] - aggregate_fit: received 10 results and 0 failures
[2026-06-08 15:14:13,206][flwr][INFO] - fit progress: (11, 8.836209889617749, {'accuracy': 0.9653}, 809.9358563999995)
[2026-06-08 15:14:13,206][flwr][INFO] - configure_evaluate: strategy sampled 10 clients (out of 10)
[2026-06-08 15:14:18,596][flwr][INFO] - aggregate_evaluate: received 10 results and 0 failures
[2026-06-08 15:14:18,597][flwr][INFO] - 
[2026-06-08 15:14:18,597][flwr][INFO] - [ROUND 12]
[2026-06-08 15:14:18,598][flwr][INFO] - configure_fit: strategy sampled 10 clients (out of 10)
[2026-06-08 15:15:18,960][flwr][INFO] - aggregate_fit: received 10 results and 0 failures
[2026-06-08 15:15:22,394][flwr][INFO] - fit progress: (12, 10.830848081968725, {'accuracy': 0.9575}, 879.124000900003)
[2026-06-08 15:15:22,394][flwr][INFO] - configure_evaluate: strategy sampled 10 clients (out of 10)
[2026-06-08 15:15:27,737][flwr][INFO] - aggregate_evaluate: received 10 results and 0 failures
[2026-06-08 15:15:27,738][flwr][INFO] - 
[2026-06-08 15:15:27,738][flwr][INFO] - [ROUND 13]
[2026-06-08 15:15:27,739][flwr][INFO] - configure_fit: strategy sampled 10 clients (out of 10)
[2026-06-08 15:16:32,480][flwr][INFO] - aggregate_fit: received 10 results and 0 failures
[2026-06-08 15:16:35,957][flwr][INFO] - fit progress: (13, 10.253861810080707, {'accuracy': 0.9614}, 952.6867252999946)
[2026-06-08 15:16:35,958][flwr][INFO] - configure_evaluate: strategy sampled 10 clients (out of 10)
[2026-06-08 15:16:41,343][flwr][INFO] - aggregate_evaluate: received 10 results and 0 failures
[2026-06-08 15:16:41,343][flwr][INFO] - 
[2026-06-08 15:16:41,344][flwr][INFO] - [ROUND 14]
[2026-06-08 15:16:41,344][flwr][INFO] - configure_fit: strategy sampled 10 clients (out of 10)
[2026-06-08 15:17:47,138][flwr][INFO] - aggregate_fit: received 10 results and 0 failures
[2026-06-08 15:17:50,650][flwr][INFO] - fit progress: (14, 8.775203933939338, {'accuracy': 0.9663}, 1027.3789713000006)
[2026-06-08 15:17:50,650][flwr][INFO] - configure_evaluate: strategy sampled 10 clients (out of 10)
[2026-06-08 15:17:55,993][flwr][INFO] - aggregate_evaluate: received 10 results and 0 failures
[2026-06-08 15:17:55,994][flwr][INFO] - 
[2026-06-08 15:17:55,994][flwr][INFO] - [ROUND 15]
[2026-06-08 15:17:55,994][flwr][INFO] - configure_fit: strategy sampled 10 clients (out of 10)
[2026-06-08 15:19:00,020][flwr][INFO] - aggregate_fit: received 10 results and 0 failures
[2026-06-08 15:19:03,464][flwr][INFO] - fit progress: (15, 7.755702066002414, {'accuracy': 0.9699}, 1100.194127499999)
[2026-06-08 15:19:03,465][flwr][INFO] - configure_evaluate: strategy sampled 10 clients (out of 10)
[2026-06-08 15:19:08,742][flwr][INFO] - aggregate_evaluate: received 10 results and 0 failures
[2026-06-08 15:19:08,742][flwr][INFO] - 
[2026-06-08 15:19:08,743][flwr][INFO] - [ROUND 16]
[2026-06-08 15:19:08,743][flwr][INFO] - configure_fit: strategy sampled 10 clients (out of 10)
[2026-06-08 15:20:17,819][flwr][INFO] - aggregate_fit: received 10 results and 0 failures
[2026-06-08 15:20:21,325][flwr][INFO] - fit progress: (16, 10.069171733688563, {'accuracy': 0.9633}, 1178.0545676000038)
[2026-06-08 15:20:21,325][flwr][INFO] - configure_evaluate: strategy sampled 10 clients (out of 10)
[2026-06-08 15:20:26,728][flwr][INFO] - aggregate_evaluate: received 10 results and 0 failures
[2026-06-08 15:20:26,729][flwr][INFO] - 
[2026-06-08 15:20:26,729][flwr][INFO] - [ROUND 17]
[2026-06-08 15:20:26,730][flwr][INFO] - configure_fit: strategy sampled 10 clients (out of 10)
[2026-06-08 15:21:36,017][flwr][INFO] - aggregate_fit: received 10 results and 0 failures
[2026-06-08 15:21:39,474][flwr][INFO] - fit progress: (17, 6.86374515411444, {'accuracy': 0.9736}, 1256.2045227000053)
[2026-06-08 15:21:39,475][flwr][INFO] - configure_evaluate: strategy sampled 10 clients (out of 10)
[2026-06-08 15:21:44,810][flwr][INFO] - aggregate_evaluate: received 10 results and 0 failures
[2026-06-08 15:21:44,810][flwr][INFO] - 
[2026-06-08 15:21:44,811][flwr][INFO] - [ROUND 18]
[2026-06-08 15:21:44,811][flwr][INFO] - configure_fit: strategy sampled 10 clients (out of 10)
[2026-06-08 15:22:45,075][flwr][INFO] - aggregate_fit: received 10 results and 0 failures
[2026-06-08 15:22:48,554][flwr][INFO] - fit progress: (18, 9.391774694784544, {'accuracy': 0.9656}, 1325.2834688000003)
[2026-06-08 15:22:48,555][flwr][INFO] - configure_evaluate: strategy sampled 10 clients (out of 10)
[2026-06-08 15:22:54,049][flwr][INFO] - aggregate_evaluate: received 10 results and 0 failures
[2026-06-08 15:22:54,050][flwr][INFO] - 
[2026-06-08 15:22:54,050][flwr][INFO] - [ROUND 19]
[2026-06-08 15:22:54,051][flwr][INFO] - configure_fit: strategy sampled 10 clients (out of 10)
[2026-06-08 15:23:57,426][flwr][INFO] - aggregate_fit: received 10 results and 0 failures
[2026-06-08 15:24:00,915][flwr][INFO] - fit progress: (19, 6.545379758113995, {'accuracy': 0.973}, 1397.6455973999982)
[2026-06-08 15:24:00,916][flwr][INFO] - configure_evaluate: strategy sampled 10 clients (out of 10)
[2026-06-08 15:24:06,290][flwr][INFO] - aggregate_evaluate: received 10 results and 0 failures
[2026-06-08 15:24:06,290][flwr][INFO] - 
[2026-06-08 15:24:06,291][flwr][INFO] - [ROUND 20]
[2026-06-08 15:24:06,291][flwr][INFO] - configure_fit: strategy sampled 10 clients (out of 10)
[2026-06-08 15:25:11,171][flwr][INFO] - aggregate_fit: received 10 results and 0 failures
[2026-06-08 15:25:14,698][flwr][INFO] - fit progress: (20, 8.91920020536054, {'accuracy': 0.965}, 1471.428614999997)
[2026-06-08 15:25:14,699][flwr][INFO] - configure_evaluate: strategy sampled 10 clients (out of 10)
[2026-06-08 15:25:20,027][flwr][INFO] - aggregate_evaluate: received 10 results and 0 failures
[2026-06-08 15:25:20,027][flwr][INFO] - 
[2026-06-08 15:25:20,028][flwr][INFO] - [ROUND 21]
[2026-06-08 15:25:20,028][flwr][INFO] - configure_fit: strategy sampled 10 clients (out of 10)
[2026-06-08 15:26:22,462][flwr][INFO] - aggregate_fit: received 10 results and 0 failures
[2026-06-08 15:26:25,950][flwr][INFO] - fit progress: (21, 7.272475192206912, {'accuracy': 0.9699}, 1542.6794360000058)
[2026-06-08 15:26:25,950][flwr][INFO] - configure_evaluate: strategy sampled 10 clients (out of 10)
[2026-06-08 15:26:31,298][flwr][INFO] - aggregate_evaluate: received 10 results and 0 failures
[2026-06-08 15:26:31,298][flwr][INFO] - 
[2026-06-08 15:26:31,299][flwr][INFO] - [ROUND 22]
[2026-06-08 15:26:31,299][flwr][INFO] - configure_fit: strategy sampled 10 clients (out of 10)
[2026-06-08 15:27:34,893][flwr][INFO] - aggregate_fit: received 10 results and 0 failures
[2026-06-08 15:27:38,278][flwr][INFO] - fit progress: (22, 7.150033864279976, {'accuracy': 0.9731}, 1615.0084906999982)
[2026-06-08 15:27:38,279][flwr][INFO] - configure_evaluate: strategy sampled 10 clients (out of 10)
[2026-06-08 15:27:43,627][flwr][INFO] - aggregate_evaluate: received 10 results and 0 failures
[2026-06-08 15:27:43,628][flwr][INFO] - 
[2026-06-08 15:27:43,628][flwr][INFO] - [ROUND 23]
[2026-06-08 15:27:43,628][flwr][INFO] - configure_fit: strategy sampled 10 clients (out of 10)
[2026-06-08 15:28:47,131][flwr][INFO] - aggregate_fit: received 10 results and 0 failures
[2026-06-08 15:28:50,565][flwr][INFO] - fit progress: (23, 8.276867048698477, {'accuracy': 0.9673}, 1687.2953490999935)
[2026-06-08 15:28:50,566][flwr][INFO] - configure_evaluate: strategy sampled 10 clients (out of 10)
[2026-06-08 15:28:55,869][flwr][INFO] - aggregate_evaluate: received 10 results and 0 failures
[2026-06-08 15:28:55,869][flwr][INFO] - 
[2026-06-08 15:28:55,870][flwr][INFO] - [ROUND 24]
[2026-06-08 15:28:55,870][flwr][INFO] - configure_fit: strategy sampled 10 clients (out of 10)
[2026-06-08 15:29:58,422][flwr][INFO] - aggregate_fit: received 10 results and 0 failures
[2026-06-08 15:30:01,917][flwr][INFO] - fit progress: (24, 5.547096735070227, {'accuracy': 0.9767}, 1758.6469677999994)
[2026-06-08 15:30:01,917][flwr][INFO] - configure_evaluate: strategy sampled 10 clients (out of 10)
[2026-06-08 15:30:07,186][flwr][INFO] - aggregate_evaluate: received 10 results and 0 failures
[2026-06-08 15:30:07,187][flwr][INFO] - 
[2026-06-08 15:30:07,187][flwr][INFO] - [ROUND 25]
[2026-06-08 15:30:07,187][flwr][INFO] - configure_fit: strategy sampled 10 clients (out of 10)
[2026-06-08 15:31:08,685][flwr][INFO] - aggregate_fit: received 10 results and 0 failures
[2026-06-08 15:31:12,197][flwr][INFO] - fit progress: (25, 6.305493821186246, {'accuracy': 0.9734}, 1828.927125999995)
[2026-06-08 15:31:12,198][flwr][INFO] - configure_evaluate: strategy sampled 10 clients (out of 10)
[2026-06-08 15:31:17,518][flwr][INFO] - aggregate_evaluate: received 10 results and 0 failures
[2026-06-08 15:31:17,518][flwr][INFO] - 
[2026-06-08 15:31:17,518][flwr][INFO] - [ROUND 26]
[2026-06-08 15:31:17,519][flwr][INFO] - configure_fit: strategy sampled 10 clients (out of 10)
[2026-06-08 15:32:17,776][flwr][INFO] - aggregate_fit: received 10 results and 0 failures
[2026-06-08 15:32:21,258][flwr][INFO] - fit progress: (26, 6.31633060106833, {'accuracy': 0.9754}, 1897.986981199996)
[2026-06-08 15:32:21,258][flwr][INFO] - configure_evaluate: strategy sampled 10 clients (out of 10)
[2026-06-08 15:32:26,622][flwr][INFO] - aggregate_evaluate: received 10 results and 0 failures
[2026-06-08 15:32:26,622][flwr][INFO] - 
[2026-06-08 15:32:26,623][flwr][INFO] - [ROUND 27]
[2026-06-08 15:32:26,623][flwr][INFO] - configure_fit: strategy sampled 10 clients (out of 10)
[2026-06-08 15:33:29,023][flwr][INFO] - aggregate_fit: received 10 results and 0 failures
[2026-06-08 15:33:32,573][flwr][INFO] - fit progress: (27, 6.483262560679577, {'accuracy': 0.9735}, 1969.302738600003)
[2026-06-08 15:33:32,574][flwr][INFO] - configure_evaluate: strategy sampled 10 clients (out of 10)
[2026-06-08 15:33:37,974][flwr][INFO] - aggregate_evaluate: received 10 results and 0 failures
[2026-06-08 15:33:37,975][flwr][INFO] - 
[2026-06-08 15:33:37,975][flwr][INFO] - [ROUND 28]
[2026-06-08 15:33:37,975][flwr][INFO] - configure_fit: strategy sampled 10 clients (out of 10)
[2026-06-08 15:34:36,084][flwr][INFO] - aggregate_fit: received 10 results and 0 failures
[2026-06-08 15:34:39,615][flwr][INFO] - fit progress: (28, 6.670504526991863, {'accuracy': 0.9731}, 2036.3445487999998)
[2026-06-08 15:34:39,615][flwr][INFO] - configure_evaluate: strategy sampled 10 clients (out of 10)
[2026-06-08 15:34:44,909][flwr][INFO] - aggregate_evaluate: received 10 results and 0 failures
[2026-06-08 15:34:44,909][flwr][INFO] - 
[2026-06-08 15:34:44,910][flwr][INFO] - [ROUND 29]
[2026-06-08 15:34:44,910][flwr][INFO] - configure_fit: strategy sampled 10 clients (out of 10)
[2026-06-08 15:35:43,543][flwr][INFO] - aggregate_fit: received 10 results and 0 failures
[2026-06-08 15:35:46,966][flwr][INFO] - fit progress: (29, 5.999159379134653, {'accuracy': 0.9768}, 2103.695651899994)
[2026-06-08 15:35:46,966][flwr][INFO] - configure_evaluate: strategy sampled 10 clients (out of 10)
[2026-06-08 15:35:52,302][flwr][INFO] - aggregate_evaluate: received 10 results and 0 failures
[2026-06-08 15:35:52,303][flwr][INFO] - 
[2026-06-08 15:35:52,303][flwr][INFO] - [ROUND 30]
[2026-06-08 15:35:52,304][flwr][INFO] - configure_fit: strategy sampled 10 clients (out of 10)
[2026-06-08 15:37:01,058][flwr][INFO] - aggregate_fit: received 10 results and 0 failures
[2026-06-08 15:37:04,552][flwr][INFO] - fit progress: (30, 6.54125848953845, {'accuracy': 0.974}, 2181.2820141999982)
[2026-06-08 15:37:04,552][flwr][INFO] - configure_evaluate: strategy sampled 10 clients (out of 10)
[2026-06-08 15:37:09,834][flwr][INFO] - aggregate_evaluate: received 10 results and 0 failures
[2026-06-08 15:37:09,834][flwr][INFO] - 
[2026-06-08 15:37:09,834][flwr][INFO] - [ROUND 31]
[2026-06-08 15:37:09,835][flwr][INFO] - configure_fit: strategy sampled 10 clients (out of 10)
[2026-06-08 15:38:11,400][flwr][INFO] - aggregate_fit: received 10 results and 0 failures
[2026-06-08 15:38:14,867][flwr][INFO] - fit progress: (31, 6.5337443739699665, {'accuracy': 0.9739}, 2251.596559800004)
[2026-06-08 15:38:14,867][flwr][INFO] - configure_evaluate: strategy sampled 10 clients (out of 10)
[2026-06-08 15:38:20,148][flwr][INFO] - aggregate_evaluate: received 10 results and 0 failures
[2026-06-08 15:38:20,148][flwr][INFO] - 
[2026-06-08 15:38:20,148][flwr][INFO] - [ROUND 32]
[2026-06-08 15:38:20,149][flwr][INFO] - configure_fit: strategy sampled 10 clients (out of 10)
[2026-06-08 15:39:27,711][flwr][INFO] - aggregate_fit: received 10 results and 0 failures
[2026-06-08 15:39:31,373][flwr][INFO] - fit progress: (32, 5.343015896323777, {'accuracy': 0.9782}, 2328.102874499993)
[2026-06-08 15:39:31,373][flwr][INFO] - configure_evaluate: strategy sampled 10 clients (out of 10)
[2026-06-08 15:39:36,828][flwr][INFO] - aggregate_evaluate: received 10 results and 0 failures
[2026-06-08 15:39:36,828][flwr][INFO] - 
[2026-06-08 15:39:36,828][flwr][INFO] - [ROUND 33]
[2026-06-08 15:39:36,829][flwr][INFO] - configure_fit: strategy sampled 10 clients (out of 10)
[2026-06-08 15:40:43,974][flwr][INFO] - aggregate_fit: received 10 results and 0 failures
[2026-06-08 15:40:47,386][flwr][INFO] - fit progress: (33, 5.351295405096607, {'accuracy': 0.9782}, 2404.115813299999)
[2026-06-08 15:40:47,387][flwr][INFO] - configure_evaluate: strategy sampled 10 clients (out of 10)
[2026-06-08 15:40:52,640][flwr][INFO] - aggregate_evaluate: received 10 results and 0 failures
[2026-06-08 15:40:52,640][flwr][INFO] - 
[2026-06-08 15:40:52,641][flwr][INFO] - [ROUND 34]
[2026-06-08 15:40:52,641][flwr][INFO] - configure_fit: strategy sampled 10 clients (out of 10)
[2026-06-08 15:41:50,925][flwr][INFO] - aggregate_fit: received 10 results and 0 failures
[2026-06-08 15:41:54,442][flwr][INFO] - fit progress: (34, 5.524820875361911, {'accuracy': 0.9775}, 2471.1722209)
[2026-06-08 15:41:54,443][flwr][INFO] - configure_evaluate: strategy sampled 10 clients (out of 10)
[2026-06-08 15:42:00,257][flwr][INFO] - aggregate_evaluate: received 10 results and 0 failures
[2026-06-08 15:42:00,258][flwr][INFO] - 
[2026-06-08 15:42:00,258][flwr][INFO] - [ROUND 35]
[2026-06-08 15:42:00,259][flwr][INFO] - configure_fit: strategy sampled 10 clients (out of 10)
[2026-06-08 15:43:04,019][flwr][INFO] - aggregate_fit: received 10 results and 0 failures
[2026-06-08 15:43:07,508][flwr][INFO] - fit progress: (35, 4.708073541216436, {'accuracy': 0.9808}, 2544.238291899994)
[2026-06-08 15:43:07,509][flwr][INFO] - configure_evaluate: strategy sampled 10 clients (out of 10)
[2026-06-08 15:43:12,792][flwr][INFO] - aggregate_evaluate: received 10 results and 0 failures
[2026-06-08 15:43:12,792][flwr][INFO] - 
[2026-06-08 15:43:12,793][flwr][INFO] - [ROUND 36]
[2026-06-08 15:43:12,793][flwr][INFO] - configure_fit: strategy sampled 10 clients (out of 10)
[2026-06-08 15:44:14,189][flwr][INFO] - aggregate_fit: received 10 results and 0 failures
[2026-06-08 15:44:17,989][flwr][INFO] - fit progress: (36, 6.061487260216381, {'accuracy': 0.9764}, 2614.719728600001)
[2026-06-08 15:44:17,990][flwr][INFO] - configure_evaluate: strategy sampled 10 clients (out of 10)
[2026-06-08 15:44:23,311][flwr][INFO] - aggregate_evaluate: received 10 results and 0 failures
[2026-06-08 15:44:23,312][flwr][INFO] - 
[2026-06-08 15:44:23,312][flwr][INFO] - [ROUND 37]
[2026-06-08 15:44:23,312][flwr][INFO] - configure_fit: strategy sampled 10 clients (out of 10)
[2026-06-08 15:45:22,779][flwr][INFO] - aggregate_fit: received 10 results and 0 failures
[2026-06-08 15:45:26,240][flwr][INFO] - fit progress: (37, 4.9113181518769125, {'accuracy': 0.9811}, 2682.970053600002)
[2026-06-08 15:45:26,241][flwr][INFO] - configure_evaluate: strategy sampled 10 clients (out of 10)
[2026-06-08 15:45:31,593][flwr][INFO] - aggregate_evaluate: received 10 results and 0 failures
[2026-06-08 15:45:31,594][flwr][INFO] - 
[2026-06-08 15:45:31,594][flwr][INFO] - [ROUND 38]
[2026-06-08 15:45:31,595][flwr][INFO] - configure_fit: strategy sampled 10 clients (out of 10)
[2026-06-08 15:46:39,028][flwr][INFO] - aggregate_fit: received 10 results and 0 failures
[2026-06-08 15:46:42,489][flwr][INFO] - fit progress: (38, 6.3486191668635, {'accuracy': 0.975}, 2759.2189207000047)
[2026-06-08 15:46:42,490][flwr][INFO] - configure_evaluate: strategy sampled 10 clients (out of 10)
[2026-06-08 15:46:47,716][flwr][INFO] - aggregate_evaluate: received 10 results and 0 failures
[2026-06-08 15:46:47,717][flwr][INFO] - 
[2026-06-08 15:46:47,717][flwr][INFO] - [ROUND 39]
[2026-06-08 15:46:47,718][flwr][INFO] - configure_fit: strategy sampled 10 clients (out of 10)
[2026-06-08 15:47:49,019][flwr][INFO] - aggregate_fit: received 10 results and 0 failures
[2026-06-08 15:47:52,460][flwr][INFO] - fit progress: (39, 5.967802490064059, {'accuracy': 0.9772}, 2829.190019200003)
[2026-06-08 15:47:52,461][flwr][INFO] - configure_evaluate: strategy sampled 10 clients (out of 10)
[2026-06-08 15:47:57,788][flwr][INFO] - aggregate_evaluate: received 10 results and 0 failures
[2026-06-08 15:47:57,788][flwr][INFO] - 
[2026-06-08 15:47:57,789][flwr][INFO] - [ROUND 40]
[2026-06-08 15:47:57,789][flwr][INFO] - configure_fit: strategy sampled 10 clients (out of 10)
[2026-06-08 15:48:56,887][flwr][INFO] - aggregate_fit: received 10 results and 0 failures
[2026-06-08 15:49:00,340][flwr][INFO] - fit progress: (40, 4.501034471788444, {'accuracy': 0.982}, 2897.069853199995)
[2026-06-08 15:49:00,340][flwr][INFO] - configure_evaluate: strategy sampled 10 clients (out of 10)
[2026-06-08 15:49:05,837][flwr][INFO] - aggregate_evaluate: received 10 results and 0 failures
[2026-06-08 15:49:05,838][flwr][INFO] - 
[2026-06-08 15:49:05,838][flwr][INFO] - [ROUND 41]
[2026-06-08 15:49:05,838][flwr][INFO] - configure_fit: strategy sampled 10 clients (out of 10)
[2026-06-08 15:50:07,060][flwr][INFO] - aggregate_fit: received 10 results and 0 failures
[2026-06-08 15:50:10,511][flwr][INFO] - fit progress: (41, 5.996015371085377, {'accuracy': 0.9766}, 2967.2408740999963)
[2026-06-08 15:50:10,511][flwr][INFO] - configure_evaluate: strategy sampled 10 clients (out of 10)
[2026-06-08 15:50:15,964][flwr][INFO] - aggregate_evaluate: received 10 results and 0 failures
[2026-06-08 15:50:15,965][flwr][INFO] - 
[2026-06-08 15:50:15,965][flwr][INFO] - [ROUND 42]
[2026-06-08 15:50:15,965][flwr][INFO] - configure_fit: strategy sampled 10 clients (out of 10)
[2026-06-08 15:51:20,475][flwr][INFO] - aggregate_fit: received 10 results and 0 failures
[2026-06-08 15:51:23,919][flwr][INFO] - fit progress: (42, 5.021474936162122, {'accuracy': 0.9806}, 3040.649437500004)
[2026-06-08 15:51:23,920][flwr][INFO] - configure_evaluate: strategy sampled 10 clients (out of 10)
[2026-06-08 15:51:29,284][flwr][INFO] - aggregate_evaluate: received 10 results and 0 failures
[2026-06-08 15:51:29,285][flwr][INFO] - 
[2026-06-08 15:51:29,285][flwr][INFO] - [ROUND 43]
[2026-06-08 15:51:29,286][flwr][INFO] - configure_fit: strategy sampled 10 clients (out of 10)
[2026-06-08 15:52:26,553][flwr][INFO] - aggregate_fit: received 10 results and 0 failures
[2026-06-08 15:52:30,015][flwr][INFO] - fit progress: (43, 5.282949015308986, {'accuracy': 0.9782}, 3106.7445466000063)
[2026-06-08 15:52:30,015][flwr][INFO] - configure_evaluate: strategy sampled 10 clients (out of 10)
[2026-06-08 15:52:35,377][flwr][INFO] - aggregate_evaluate: received 10 results and 0 failures
[2026-06-08 15:52:35,378][flwr][INFO] - 
[2026-06-08 15:52:35,378][flwr][INFO] - [ROUND 44]
[2026-06-08 15:52:35,378][flwr][INFO] - configure_fit: strategy sampled 10 clients (out of 10)
[2026-06-08 15:53:40,935][flwr][INFO] - aggregate_fit: received 10 results and 0 failures
[2026-06-08 15:53:44,375][flwr][INFO] - fit progress: (44, 4.723164989809447, {'accuracy': 0.981}, 3181.1044320000074)
[2026-06-08 15:53:44,375][flwr][INFO] - configure_evaluate: strategy sampled 10 clients (out of 10)
[2026-06-08 15:53:49,694][flwr][INFO] - aggregate_evaluate: received 10 results and 0 failures
[2026-06-08 15:53:49,694][flwr][INFO] - 
[2026-06-08 15:53:49,695][flwr][INFO] - [ROUND 45]
[2026-06-08 15:53:49,695][flwr][INFO] - configure_fit: strategy sampled 10 clients (out of 10)
[2026-06-08 15:54:54,304][flwr][INFO] - aggregate_fit: received 10 results and 0 failures
[2026-06-08 15:54:57,786][flwr][INFO] - fit progress: (45, 4.961961910204991, {'accuracy': 0.9811}, 3254.5158104)
[2026-06-08 15:54:57,786][flwr][INFO] - configure_evaluate: strategy sampled 10 clients (out of 10)
[2026-06-08 15:55:03,048][flwr][INFO] - aggregate_evaluate: received 10 results and 0 failures
[2026-06-08 15:55:03,049][flwr][INFO] - 
[2026-06-08 15:55:03,049][flwr][INFO] - [ROUND 46]
[2026-06-08 15:55:03,050][flwr][INFO] - configure_fit: strategy sampled 10 clients (out of 10)
[2026-06-08 15:56:05,533][flwr][INFO] - aggregate_fit: received 10 results and 0 failures
[2026-06-08 15:56:09,080][flwr][INFO] - fit progress: (46, 4.425583695359819, {'accuracy': 0.9816}, 3325.809921799999)
[2026-06-08 15:56:09,080][flwr][INFO] - configure_evaluate: strategy sampled 10 clients (out of 10)
[2026-06-08 15:56:14,339][flwr][INFO] - aggregate_evaluate: received 10 results and 0 failures
[2026-06-08 15:56:14,340][flwr][INFO] - 
[2026-06-08 15:56:14,340][flwr][INFO] - [ROUND 47]
[2026-06-08 15:56:14,341][flwr][INFO] - configure_fit: strategy sampled 10 clients (out of 10)
[2026-06-08 15:57:18,813][flwr][INFO] - aggregate_fit: received 10 results and 0 failures
[2026-06-08 15:57:22,271][flwr][INFO] - fit progress: (47, 5.812526364665246, {'accuracy': 0.9786}, 3399.0013345000043)
[2026-06-08 15:57:22,272][flwr][INFO] - configure_evaluate: strategy sampled 10 clients (out of 10)
[2026-06-08 15:57:27,625][flwr][INFO] - aggregate_evaluate: received 10 results and 0 failures
[2026-06-08 15:57:27,625][flwr][INFO] - 
[2026-06-08 15:57:27,626][flwr][INFO] - [ROUND 48]
[2026-06-08 15:57:27,626][flwr][INFO] - configure_fit: strategy sampled 10 clients (out of 10)
[2026-06-08 15:58:30,220][flwr][INFO] - aggregate_fit: received 10 results and 0 failures
[2026-06-08 15:58:33,718][flwr][INFO] - fit progress: (48, 4.886941203061724, {'accuracy': 0.9816}, 3470.4485499)
[2026-06-08 15:58:33,719][flwr][INFO] - configure_evaluate: strategy sampled 10 clients (out of 10)
[2026-06-08 15:58:39,104][flwr][INFO] - aggregate_evaluate: received 10 results and 0 failures
[2026-06-08 15:58:39,104][flwr][INFO] - 
[2026-06-08 15:58:39,104][flwr][INFO] - [ROUND 49]
[2026-06-08 15:58:39,105][flwr][INFO] - configure_fit: strategy sampled 10 clients (out of 10)
[2026-06-08 15:59:44,736][flwr][INFO] - aggregate_fit: received 10 results and 0 failures
[2026-06-08 15:59:48,176][flwr][INFO] - fit progress: (49, 5.231821705587208, {'accuracy': 0.9799}, 3544.9056801999977)
[2026-06-08 15:59:48,177][flwr][INFO] - configure_evaluate: strategy sampled 10 clients (out of 10)
[2026-06-08 15:59:53,645][flwr][INFO] - aggregate_evaluate: received 10 results and 0 failures
[2026-06-08 15:59:53,646][flwr][INFO] - 
[2026-06-08 15:59:53,646][flwr][INFO] - [ROUND 50]
[2026-06-08 15:59:53,647][flwr][INFO] - configure_fit: strategy sampled 10 clients (out of 10)
[2026-06-08 16:00:55,320][flwr][INFO] - aggregate_fit: received 10 results and 0 failures
[2026-06-08 16:00:58,834][flwr][INFO] - fit progress: (50, 4.7917663730622735, {'accuracy': 0.9824}, 3615.563677900005)
[2026-06-08 16:00:58,835][flwr][INFO] - configure_evaluate: strategy sampled 10 clients (out of 10)
[2026-06-08 16:01:04,072][flwr][INFO] - aggregate_evaluate: received 10 results and 0 failures
[2026-06-08 16:01:04,073][flwr][INFO] - 
[2026-06-08 16:01:04,073][flwr][INFO] - [SUMMARY]
[2026-06-08 16:01:04,073][flwr][INFO] - Run finished 50 round(s) in 3620.80s
[2026-06-08 16:01:04,075][flwr][INFO] - 	History (loss, distributed):
[2026-06-08 16:01:04,076][flwr][INFO] - 		round 1: 55.586963534355164
[2026-06-08 16:01:04,076][flwr][INFO] - 		round 2: 32.30689911544323
[2026-06-08 16:01:04,076][flwr][INFO] - 		round 3: 14.879194551706314
[2026-06-08 16:01:04,077][flwr][INFO] - 		round 4: 9.63495707400143
[2026-06-08 16:01:04,077][flwr][INFO] - 		round 5: 9.2758353728801
[2026-06-08 16:01:04,077][flwr][INFO] - 		round 6: 6.411857702583075
[2026-06-08 16:01:04,077][flwr][INFO] - 		round 7: 5.216232635313645
[2026-06-08 16:01:04,077][flwr][INFO] - 		round 8: 6.056796284765005
[2026-06-08 16:01:04,078][flwr][INFO] - 		round 9: 3.968816488579614
[2026-06-08 16:01:04,078][flwr][INFO] - 		round 10: 5.508818353223615
[2026-06-08 16:01:04,078][flwr][INFO] - 		round 11: 3.597493106633192
[2026-06-08 16:01:04,078][flwr][INFO] - 		round 12: 4.40959102322231
[2026-06-08 16:01:04,079][flwr][INFO] - 		round 13: 4.172635440068552
[2026-06-08 16:01:04,079][flwr][INFO] - 		round 14: 3.5751280021097047
[2026-06-08 16:01:04,079][flwr][INFO] - 		round 15: 3.1668362448661354
[2026-06-08 16:01:04,079][flwr][INFO] - 		round 16: 4.09378633852175
[2026-06-08 16:01:04,080][flwr][INFO] - 		round 17: 2.7903745266656186
[2026-06-08 16:01:04,080][flwr][INFO] - 		round 18: 3.8123039098529263
[2026-06-08 16:01:04,080][flwr][INFO] - 		round 19: 2.670721905389655
[2026-06-08 16:01:04,080][flwr][INFO] - 		round 20: 3.6190616719366515
[2026-06-08 16:01:04,081][flwr][INFO] - 		round 21: 2.9664654239442827
[2026-06-08 16:01:04,081][flwr][INFO] - 		round 22: 2.9123262773318856
[2026-06-08 16:01:04,081][flwr][INFO] - 		round 23: 3.368268669374811
[2026-06-08 16:01:04,081][flwr][INFO] - 		round 24: 2.268855940497815
[2026-06-08 16:01:04,082][flwr][INFO] - 		round 25: 2.5816980359697483
[2026-06-08 16:01:04,082][flwr][INFO] - 		round 26: 2.5774855597217536
[2026-06-08 16:01:04,082][flwr][INFO] - 		round 27: 2.6666914740799257
[2026-06-08 16:01:04,082][flwr][INFO] - 		round 28: 2.728567720879437
[2026-06-08 16:01:04,082][flwr][INFO] - 		round 29: 2.4593842661422967
[2026-06-08 16:01:04,083][flwr][INFO] - 		round 30: 2.6821337079178194
[2026-06-08 16:01:04,083][flwr][INFO] - 		round 31: 2.682459318002657
[2026-06-08 16:01:04,083][flwr][INFO] - 		round 32: 2.1740829514918003
[2026-06-08 16:01:04,083][flwr][INFO] - 		round 33: 2.187068949133027
[2026-06-08 16:01:04,084][flwr][INFO] - 		round 34: 2.262546868124082
[2026-06-08 16:01:04,084][flwr][INFO] - 		round 35: 1.9328048485967884
[2026-06-08 16:01:04,084][flwr][INFO] - 		round 36: 2.493573501213723
[2026-06-08 16:01:04,084][flwr][INFO] - 		round 37: 2.018856860140022
[2026-06-08 16:01:04,084][flwr][INFO] - 		round 38: 2.6017269261072213
[2026-06-08 16:01:04,085][flwr][INFO] - 		round 39: 2.436734017181152
[2026-06-08 16:01:04,085][flwr][INFO] - 		round 40: 1.8556997491295988
[2026-06-08 16:01:04,085][flwr][INFO] - 		round 41: 2.4536506972088317
[2026-06-08 16:01:04,085][flwr][INFO] - 		round 42: 2.053578007756778
[2026-06-08 16:01:04,086][flwr][INFO] - 		round 43: 2.157437326694162
[2026-06-08 16:01:04,086][flwr][INFO] - 		round 44: 1.9320876949498598
[2026-06-08 16:01:04,086][flwr][INFO] - 		round 45: 2.031482895686031
[2026-06-08 16:01:04,086][flwr][INFO] - 		round 46: 1.8113822514623223
[2026-06-08 16:01:04,087][flwr][INFO] - 		round 47: 2.3698490640808814
[2026-06-08 16:01:04,087][flwr][INFO] - 		round 48: 2.0133139557714914
[2026-06-08 16:01:04,087][flwr][INFO] - 		round 49: 2.1476835546969597
[2026-06-08 16:01:04,087][flwr][INFO] - 		round 50: 1.9735388818737192
[2026-06-08 16:01:04,088][flwr][INFO] - 	History (loss, centralized):
[2026-06-08 16:01:04,088][flwr][INFO] - 		round 0: 181.98584270477295
[2026-06-08 16:01:04,088][flwr][INFO] - 		round 1: 137.2714296579361
[2026-06-08 16:01:04,088][flwr][INFO] - 		round 2: 79.7731419801712
[2026-06-08 16:01:04,088][flwr][INFO] - 		round 3: 36.767738074064255
[2026-06-08 16:01:04,089][flwr][INFO] - 		round 4: 23.777306392788887
[2026-06-08 16:01:04,089][flwr][INFO] - 		round 5: 22.844348832964897
[2026-06-08 16:01:04,089][flwr][INFO] - 		round 6: 15.748507000505924
[2026-06-08 16:01:04,089][flwr][INFO] - 		round 7: 12.83109131269157
[2026-06-08 16:01:04,090][flwr][INFO] - 		round 8: 14.921602943912148
[2026-06-08 16:01:04,090][flwr][INFO] - 		round 9: 9.740727110300213
[2026-06-08 16:01:04,090][flwr][INFO] - 		round 10: 13.574580452404916
[2026-06-08 16:01:04,090][flwr][INFO] - 		round 11: 8.836209889617749
[2026-06-08 16:01:04,090][flwr][INFO] - 		round 12: 10.830848081968725
[2026-06-08 16:01:04,091][flwr][INFO] - 		round 13: 10.253861810080707
[2026-06-08 16:01:04,091][flwr][INFO] - 		round 14: 8.775203933939338
[2026-06-08 16:01:04,091][flwr][INFO] - 		round 15: 7.755702066002414
[2026-06-08 16:01:04,091][flwr][INFO] - 		round 16: 10.069171733688563
[2026-06-08 16:01:04,091][flwr][INFO] - 		round 17: 6.86374515411444
[2026-06-08 16:01:04,092][flwr][INFO] - 		round 18: 9.391774694784544
[2026-06-08 16:01:04,092][flwr][INFO] - 		round 19: 6.545379758113995
[2026-06-08 16:01:04,092][flwr][INFO] - 		round 20: 8.91920020536054
[2026-06-08 16:01:04,092][flwr][INFO] - 		round 21: 7.272475192206912
[2026-06-08 16:01:04,092][flwr][INFO] - 		round 22: 7.150033864279976
[2026-06-08 16:01:04,093][flwr][INFO] - 		round 23: 8.276867048698477
[2026-06-08 16:01:04,093][flwr][INFO] - 		round 24: 5.547096735070227
[2026-06-08 16:01:04,093][flwr][INFO] - 		round 25: 6.305493821186246
[2026-06-08 16:01:04,093][flwr][INFO] - 		round 26: 6.31633060106833
[2026-06-08 16:01:04,093][flwr][INFO] - 		round 27: 6.483262560679577
[2026-06-08 16:01:04,094][flwr][INFO] - 		round 28: 6.670504526991863
[2026-06-08 16:01:04,094][flwr][INFO] - 		round 29: 5.999159379134653
[2026-06-08 16:01:04,094][flwr][INFO] - 		round 30: 6.54125848953845
[2026-06-08 16:01:04,094][flwr][INFO] - 		round 31: 6.5337443739699665
[2026-06-08 16:01:04,095][flwr][INFO] - 		round 32: 5.343015896323777
[2026-06-08 16:01:04,095][flwr][INFO] - 		round 33: 5.351295405096607
[2026-06-08 16:01:04,095][flwr][INFO] - 		round 34: 5.524820875361911
[2026-06-08 16:01:04,095][flwr][INFO] - 		round 35: 4.708073541216436
[2026-06-08 16:01:04,095][flwr][INFO] - 		round 36: 6.061487260216381
[2026-06-08 16:01:04,096][flwr][INFO] - 		round 37: 4.9113181518769125
[2026-06-08 16:01:04,096][flwr][INFO] - 		round 38: 6.3486191668635
[2026-06-08 16:01:04,096][flwr][INFO] - 		round 39: 5.967802490064059
[2026-06-08 16:01:04,096][flwr][INFO] - 		round 40: 4.501034471788444
[2026-06-08 16:01:04,096][flwr][INFO] - 		round 41: 5.996015371085377
[2026-06-08 16:01:04,097][flwr][INFO] - 		round 42: 5.021474936162122
[2026-06-08 16:01:04,097][flwr][INFO] - 		round 43: 5.282949015308986
[2026-06-08 16:01:04,097][flwr][INFO] - 		round 44: 4.723164989809447
[2026-06-08 16:01:04,097][flwr][INFO] - 		round 45: 4.961961910204991
[2026-06-08 16:01:04,097][flwr][INFO] - 		round 46: 4.425583695359819
[2026-06-08 16:01:04,098][flwr][INFO] - 		round 47: 5.812526364665246
[2026-06-08 16:01:04,098][flwr][INFO] - 		round 48: 4.886941203061724
[2026-06-08 16:01:04,098][flwr][INFO] - 		round 49: 5.231821705587208
[2026-06-08 16:01:04,098][flwr][INFO] - 		round 50: 4.7917663730622735
[2026-06-08 16:01:04,098][flwr][INFO] - 	History (metrics, centralized):
[2026-06-08 16:01:04,099][flwr][INFO] - 	{'accuracy': [(0, 0.1419),
[2026-06-08 16:01:04,099][flwr][INFO] - 	              (1, 0.4606),
[2026-06-08 16:01:04,099][flwr][INFO] - 	              (2, 0.6876),
[2026-06-08 16:01:04,099][flwr][INFO] - 	              (3, 0.8373),
[2026-06-08 16:01:04,100][flwr][INFO] - 	              (4, 0.8969),
[2026-06-08 16:01:04,100][flwr][INFO] - 	              (5, 0.8975),
[2026-06-08 16:01:04,100][flwr][INFO] - 	              (6, 0.9345),
[2026-06-08 16:01:04,100][flwr][INFO] - 	              (7, 0.9437),
[2026-06-08 16:01:04,100][flwr][INFO] - 	              (8, 0.9434),
[2026-06-08 16:01:04,100][flwr][INFO] - 	              (9, 0.9593),
[2026-06-08 16:01:04,101][flwr][INFO] - 	              (10, 0.95),
[2026-06-08 16:01:04,101][flwr][INFO] - 	              (11, 0.9653),
[2026-06-08 16:01:04,101][flwr][INFO] - 	              (12, 0.9575),
[2026-06-08 16:01:04,101][flwr][INFO] - 	              (13, 0.9614),
[2026-06-08 16:01:04,101][flwr][INFO] - 	              (14, 0.9663),
[2026-06-08 16:01:04,102][flwr][INFO] - 	              (15, 0.9699),
[2026-06-08 16:01:04,102][flwr][INFO] - 	              (16, 0.9633),
[2026-06-08 16:01:04,102][flwr][INFO] - 	              (17, 0.9736),
[2026-06-08 16:01:04,102][flwr][INFO] - 	              (18, 0.9656),
[2026-06-08 16:01:04,103][flwr][INFO] - 	              (19, 0.973),
[2026-06-08 16:01:04,103][flwr][INFO] - 	              (20, 0.965),
[2026-06-08 16:01:04,103][flwr][INFO] - 	              (21, 0.9699),
[2026-06-08 16:01:04,104][flwr][INFO] - 	              (22, 0.9731),
[2026-06-08 16:01:04,104][flwr][INFO] - 	              (23, 0.9673),
[2026-06-08 16:01:04,104][flwr][INFO] - 	              (24, 0.9767),
[2026-06-08 16:01:04,105][flwr][INFO] - 	              (25, 0.9734),
[2026-06-08 16:01:04,105][flwr][INFO] - 	              (26, 0.9754),
[2026-06-08 16:01:04,105][flwr][INFO] - 	              (27, 0.9735),
[2026-06-08 16:01:04,106][flwr][INFO] - 	              (28, 0.9731),
[2026-06-08 16:01:04,106][flwr][INFO] - 	              (29, 0.9768),
[2026-06-08 16:01:04,106][flwr][INFO] - 	              (30, 0.974),
[2026-06-08 16:01:04,106][flwr][INFO] - 	              (31, 0.9739),
[2026-06-08 16:01:04,107][flwr][INFO] - 	              (32, 0.9782),
[2026-06-08 16:01:04,107][flwr][INFO] - 	              (33, 0.9782),
[2026-06-08 16:01:04,107][flwr][INFO] - 	              (34, 0.9775),
[2026-06-08 16:01:04,107][flwr][INFO] - 	              (35, 0.9808),
[2026-06-08 16:01:04,108][flwr][INFO] - 	              (36, 0.9764),
[2026-06-08 16:01:04,108][flwr][INFO] - 	              (37, 0.9811),
[2026-06-08 16:01:04,108][flwr][INFO] - 	              (38, 0.975),
[2026-06-08 16:01:04,108][flwr][INFO] - 	              (39, 0.9772),
[2026-06-08 16:01:04,109][flwr][INFO] - 	              (40, 0.982),
[2026-06-08 16:01:04,109][flwr][INFO] - 	              (41, 0.9766),
[2026-06-08 16:01:04,109][flwr][INFO] - 	              (42, 0.9806),
[2026-06-08 16:01:04,109][flwr][INFO] - 	              (43, 0.9782),
[2026-06-08 16:01:04,110][flwr][INFO] - 	              (44, 0.981),
[2026-06-08 16:01:04,110][flwr][INFO] - 	              (45, 0.9811),
[2026-06-08 16:01:04,110][flwr][INFO] - 	              (46, 0.9816),
[2026-06-08 16:01:04,110][flwr][INFO] - 	              (47, 0.9786),
[2026-06-08 16:01:04,111][flwr][INFO] - 	              (48, 0.9816),
[2026-06-08 16:01:04,111][flwr][INFO] - 	              (49, 0.9799),
[2026-06-08 16:01:04,111][flwr][INFO] - 	              (50, 0.9824)]}
[2026-06-08 16:01:04,111][flwr][INFO] - 
