[2026-06-07 20:45:06,286][flwr][WARNING] - DEPRECATED FEATURE: flwr.simulation.start_simulation() is deprecated.
	Instead, use the `flwr run` CLI command to start a local simulation in your Flower app, as shown for example below:

		$ flwr new  # Create a new Flower app from a template

		$ flwr run  # Run the Flower app in Simulation Mode

	Using `start_simulation()` is deprecated.

            This is a deprecated feature. It will be removed
            entirely in future versions of Flower.
        
[2026-06-07 20:45:06,286][flwr][INFO] - Starting Flower simulation, config: num_rounds=50, no round_timeout
[2026-06-07 20:45:12,486][flwr][INFO] - Flower VCE: Ray initialized with resources: {'object_store_memory': 3621883084.0, 'GPU': 1.0, 'memory': 8451060532.0, 'node:__internal_head__': 1.0, 'accelerator_type:G': 1.0, 'node:127.0.0.1': 1.0, 'CPU': 8.0}
[2026-06-07 20:45:12,486][flwr][INFO] - Optimize your simulation with Flower VCE: https://flower.ai/docs/framework/how-to-run-simulations.html
[2026-06-07 20:45:12,486][flwr][INFO] - Flower VCE: Resources for each Virtual Client: {'num_cpus': 1.0, 'num_gpus': 0.25}
[2026-06-07 20:45:12,552][flwr][INFO] - Flower VCE: Creating VirtualClientEngineActorPool with 4 actors
[2026-06-07 20:45:12,552][flwr][INFO] - [INIT]
[2026-06-07 20:45:12,552][flwr][INFO] - Requesting initial parameters from one random client
[2026-06-07 20:45:19,411][flwr][INFO] - Received initial parameters from one random client
[2026-06-07 20:45:19,411][flwr][INFO] - Starting evaluation of initial global parameters
[2026-06-07 20:45:23,786][flwr][INFO] - initial parameters (loss, other metrics): 182.11440634727478, {'accuracy': 0.0948}
[2026-06-07 20:45:23,786][flwr][INFO] - 
[2026-06-07 20:45:23,786][flwr][INFO] - [ROUND 1]
[2026-06-07 20:45:23,786][flwr][INFO] - configure_fit: strategy sampled 10 clients (out of 10)
[2026-06-07 20:46:36,077][flwr][INFO] - aggregate_fit: received 10 results and 0 failures
[2026-06-07 20:46:36,086][flwr][WARNING] - No fit_metrics_aggregation_fn provided
[2026-06-07 20:46:39,486][flwr][INFO] - fit progress: (1, 129.71406710147858, {'accuracy': 0.5447}, 75.69922029999998)
[2026-06-07 20:46:39,486][flwr][INFO] - configure_evaluate: strategy sampled 10 clients (out of 10)
[2026-06-07 20:46:44,986][flwr][INFO] - aggregate_evaluate: received 10 results and 0 failures
[2026-06-07 20:46:44,986][flwr][WARNING] - No evaluate_metrics_aggregation_fn provided
[2026-06-07 20:46:44,986][flwr][INFO] - 
[2026-06-07 20:46:44,986][flwr][INFO] - [ROUND 2]
[2026-06-07 20:46:44,986][flwr][INFO] - configure_fit: strategy sampled 10 clients (out of 10)
[2026-06-07 20:47:47,186][flwr][INFO] - aggregate_fit: received 10 results and 0 failures
[2026-06-07 20:47:50,686][flwr][INFO] - fit progress: (2, 71.07595229148865, {'accuracy': 0.7395}, 146.89785500000005)
[2026-06-07 20:47:50,686][flwr][INFO] - configure_evaluate: strategy sampled 10 clients (out of 10)
[2026-06-07 20:47:56,286][flwr][INFO] - aggregate_evaluate: received 10 results and 0 failures
[2026-06-07 20:47:56,286][flwr][INFO] - 
[2026-06-07 20:47:56,286][flwr][INFO] - [ROUND 3]
[2026-06-07 20:47:56,286][flwr][INFO] - configure_fit: strategy sampled 10 clients (out of 10)
[2026-06-07 20:49:01,936][flwr][INFO] - aggregate_fit: received 10 results and 0 failures
[2026-06-07 20:49:05,451][flwr][INFO] - fit progress: (3, 33.51378245651722, {'accuracy': 0.8353}, 221.65469480000002)
[2026-06-07 20:49:05,451][flwr][INFO] - configure_evaluate: strategy sampled 10 clients (out of 10)
[2026-06-07 20:49:10,933][flwr][INFO] - aggregate_evaluate: received 10 results and 0 failures
[2026-06-07 20:49:10,933][flwr][INFO] - 
[2026-06-07 20:49:10,933][flwr][INFO] - [ROUND 4]
[2026-06-07 20:49:10,933][flwr][INFO] - configure_fit: strategy sampled 10 clients (out of 10)
[2026-06-07 20:50:15,157][flwr][INFO] - aggregate_fit: received 10 results and 0 failures
[2026-06-07 20:50:18,712][flwr][INFO] - fit progress: (4, 28.74573826789856, {'accuracy': 0.8871}, 294.9198787)
[2026-06-07 20:50:18,712][flwr][INFO] - configure_evaluate: strategy sampled 10 clients (out of 10)
[2026-06-07 20:50:24,172][flwr][INFO] - aggregate_evaluate: received 10 results and 0 failures
[2026-06-07 20:50:24,172][flwr][INFO] - 
[2026-06-07 20:50:24,172][flwr][INFO] - [ROUND 5]
[2026-06-07 20:50:24,172][flwr][INFO] - configure_fit: strategy sampled 10 clients (out of 10)
[2026-06-07 20:51:27,827][flwr][INFO] - aggregate_fit: received 10 results and 0 failures
[2026-06-07 20:51:31,327][flwr][INFO] - fit progress: (5, 21.546220652759075, {'accuracy': 0.9055}, 367.53121239999996)
[2026-06-07 20:51:31,327][flwr][INFO] - configure_evaluate: strategy sampled 10 clients (out of 10)
[2026-06-07 20:51:36,712][flwr][INFO] - aggregate_evaluate: received 10 results and 0 failures
[2026-06-07 20:51:36,712][flwr][INFO] - 
[2026-06-07 20:51:36,712][flwr][INFO] - [ROUND 6]
[2026-06-07 20:51:36,712][flwr][INFO] - configure_fit: strategy sampled 10 clients (out of 10)
[2026-06-07 20:52:42,086][flwr][INFO] - aggregate_fit: received 10 results and 0 failures
[2026-06-07 20:52:45,606][flwr][INFO] - fit progress: (6, 20.51583993062377, {'accuracy': 0.927}, 441.8064905)
[2026-06-07 20:52:45,607][flwr][INFO] - configure_evaluate: strategy sampled 10 clients (out of 10)
[2026-06-07 20:52:51,062][flwr][INFO] - aggregate_evaluate: received 10 results and 0 failures
[2026-06-07 20:52:51,062][flwr][INFO] - 
[2026-06-07 20:52:51,062][flwr][INFO] - [ROUND 7]
[2026-06-07 20:52:51,062][flwr][INFO] - configure_fit: strategy sampled 10 clients (out of 10)
[2026-06-07 20:53:55,086][flwr][INFO] - aggregate_fit: received 10 results and 0 failures
[2026-06-07 20:53:58,620][flwr][INFO] - fit progress: (7, 15.355303965508938, {'accuracy': 0.9338}, 514.8203945)
[2026-06-07 20:53:58,620][flwr][INFO] - configure_evaluate: strategy sampled 10 clients (out of 10)
[2026-06-07 20:54:04,012][flwr][INFO] - aggregate_evaluate: received 10 results and 0 failures
[2026-06-07 20:54:04,012][flwr][INFO] - 
[2026-06-07 20:54:04,012][flwr][INFO] - [ROUND 8]
[2026-06-07 20:54:04,012][flwr][INFO] - configure_fit: strategy sampled 10 clients (out of 10)
[2026-06-07 20:55:09,336][flwr][INFO] - aggregate_fit: received 10 results and 0 failures
[2026-06-07 20:55:12,836][flwr][INFO] - fit progress: (8, 15.128833984490484, {'accuracy': 0.9463}, 589.0512167)
[2026-06-07 20:55:12,852][flwr][INFO] - configure_evaluate: strategy sampled 10 clients (out of 10)
[2026-06-07 20:55:18,262][flwr][INFO] - aggregate_evaluate: received 10 results and 0 failures
[2026-06-07 20:55:18,262][flwr][INFO] - 
[2026-06-07 20:55:18,262][flwr][INFO] - [ROUND 9]
[2026-06-07 20:55:18,262][flwr][INFO] - configure_fit: strategy sampled 10 clients (out of 10)
[2026-06-07 20:56:17,871][flwr][INFO] - aggregate_fit: received 10 results and 0 failures
[2026-06-07 20:56:21,352][flwr][INFO] - fit progress: (9, 11.992953755892813, {'accuracy': 0.95}, 657.5591367000001)
[2026-06-07 20:56:21,352][flwr][INFO] - configure_evaluate: strategy sampled 10 clients (out of 10)
[2026-06-07 20:56:26,762][flwr][INFO] - aggregate_evaluate: received 10 results and 0 failures
[2026-06-07 20:56:26,762][flwr][INFO] - 
[2026-06-07 20:56:26,762][flwr][INFO] - [ROUND 10]
[2026-06-07 20:56:26,762][flwr][INFO] - configure_fit: strategy sampled 10 clients (out of 10)
[2026-06-07 20:57:32,336][flwr][INFO] - aggregate_fit: received 10 results and 0 failures
[2026-06-07 20:57:35,886][flwr][INFO] - fit progress: (10, 12.937722824513912, {'accuracy': 0.9508}, 732.0948467)
[2026-06-07 20:57:35,886][flwr][INFO] - configure_evaluate: strategy sampled 10 clients (out of 10)
[2026-06-07 20:57:41,352][flwr][INFO] - aggregate_evaluate: received 10 results and 0 failures
[2026-06-07 20:57:41,352][flwr][INFO] - 
[2026-06-07 20:57:41,352][flwr][INFO] - [ROUND 11]
[2026-06-07 20:57:41,352][flwr][INFO] - configure_fit: strategy sampled 10 clients (out of 10)
[2026-06-07 20:58:41,886][flwr][INFO] - aggregate_fit: received 10 results and 0 failures
[2026-06-07 20:58:45,352][flwr][INFO] - fit progress: (11, 9.867350179236382, {'accuracy': 0.9595}, 801.5572788999999)
[2026-06-07 20:58:45,352][flwr][INFO] - configure_evaluate: strategy sampled 10 clients (out of 10)
[2026-06-07 20:58:50,702][flwr][INFO] - aggregate_evaluate: received 10 results and 0 failures
[2026-06-07 20:58:50,702][flwr][INFO] - 
[2026-06-07 20:58:50,702][flwr][INFO] - [ROUND 12]
[2026-06-07 20:58:50,702][flwr][INFO] - configure_fit: strategy sampled 10 clients (out of 10)
[2026-06-07 20:59:50,027][flwr][INFO] - aggregate_fit: received 10 results and 0 failures
[2026-06-07 20:59:53,451][flwr][INFO] - fit progress: (12, 10.80892394343391, {'accuracy': 0.9568}, 869.6518414000001)
[2026-06-07 20:59:53,451][flwr][INFO] - configure_evaluate: strategy sampled 10 clients (out of 10)
[2026-06-07 20:59:58,818][flwr][INFO] - aggregate_evaluate: received 10 results and 0 failures
[2026-06-07 20:59:58,818][flwr][INFO] - 
[2026-06-07 20:59:58,818][flwr][INFO] - [ROUND 13]
[2026-06-07 20:59:58,818][flwr][INFO] - configure_fit: strategy sampled 10 clients (out of 10)
[2026-06-07 21:01:03,156][flwr][INFO] - aggregate_fit: received 10 results and 0 failures
[2026-06-07 21:01:06,562][flwr][INFO] - fit progress: (13, 8.47343873558566, {'accuracy': 0.9652}, 942.7624024999999)
[2026-06-07 21:01:06,562][flwr][INFO] - configure_evaluate: strategy sampled 10 clients (out of 10)
[2026-06-07 21:01:12,327][flwr][INFO] - aggregate_evaluate: received 10 results and 0 failures
[2026-06-07 21:01:12,327][flwr][INFO] - 
[2026-06-07 21:01:12,327][flwr][INFO] - [ROUND 14]
[2026-06-07 21:01:12,327][flwr][INFO] - configure_fit: strategy sampled 10 clients (out of 10)
[2026-06-07 21:02:16,729][flwr][INFO] - aggregate_fit: received 10 results and 0 failures
[2026-06-07 21:02:20,418][flwr][INFO] - fit progress: (14, 10.017135602422059, {'accuracy': 0.9623}, 1016.6180097)
[2026-06-07 21:02:20,418][flwr][INFO] - configure_evaluate: strategy sampled 10 clients (out of 10)
[2026-06-07 21:02:26,086][flwr][INFO] - aggregate_evaluate: received 10 results and 0 failures
[2026-06-07 21:02:26,086][flwr][INFO] - 
[2026-06-07 21:02:26,086][flwr][INFO] - [ROUND 15]
[2026-06-07 21:02:26,086][flwr][INFO] - configure_fit: strategy sampled 10 clients (out of 10)
[2026-06-07 21:03:31,927][flwr][INFO] - aggregate_fit: received 10 results and 0 failures
[2026-06-07 21:03:35,327][flwr][INFO] - fit progress: (15, 9.705450405133888, {'accuracy': 0.9604}, 1091.5295936000002)
[2026-06-07 21:03:35,327][flwr][INFO] - configure_evaluate: strategy sampled 10 clients (out of 10)
[2026-06-07 21:03:40,677][flwr][INFO] - aggregate_evaluate: received 10 results and 0 failures
[2026-06-07 21:03:40,677][flwr][INFO] - 
[2026-06-07 21:03:40,677][flwr][INFO] - [ROUND 16]
[2026-06-07 21:03:40,677][flwr][INFO] - configure_fit: strategy sampled 10 clients (out of 10)
[2026-06-07 21:04:47,912][flwr][INFO] - aggregate_fit: received 10 results and 0 failures
[2026-06-07 21:04:51,361][flwr][INFO] - fit progress: (16, 8.650917890598066, {'accuracy': 0.9656}, 1167.5730551000001)
[2026-06-07 21:04:51,361][flwr][INFO] - configure_evaluate: strategy sampled 10 clients (out of 10)
[2026-06-07 21:04:56,786][flwr][INFO] - aggregate_evaluate: received 10 results and 0 failures
[2026-06-07 21:04:56,786][flwr][INFO] - 
[2026-06-07 21:04:56,786][flwr][INFO] - [ROUND 17]
[2026-06-07 21:04:56,786][flwr][INFO] - configure_fit: strategy sampled 10 clients (out of 10)
[2026-06-07 21:06:03,236][flwr][INFO] - aggregate_fit: received 10 results and 0 failures
[2026-06-07 21:06:06,702][flwr][INFO] - fit progress: (17, 7.71683941828087, {'accuracy': 0.9689}, 1242.9080871)
[2026-06-07 21:06:06,702][flwr][INFO] - configure_evaluate: strategy sampled 10 clients (out of 10)
[2026-06-07 21:06:12,177][flwr][INFO] - aggregate_evaluate: received 10 results and 0 failures
[2026-06-07 21:06:12,177][flwr][INFO] - 
[2026-06-07 21:06:12,177][flwr][INFO] - [ROUND 18]
[2026-06-07 21:06:12,177][flwr][INFO] - configure_fit: strategy sampled 10 clients (out of 10)
[2026-06-07 21:07:10,312][flwr][INFO] - aggregate_fit: received 10 results and 0 failures
[2026-06-07 21:07:13,636][flwr][INFO] - fit progress: (18, 7.875294450786896, {'accuracy': 0.969}, 1309.8435642999998)
[2026-06-07 21:07:13,636][flwr][INFO] - configure_evaluate: strategy sampled 10 clients (out of 10)
[2026-06-07 21:07:18,912][flwr][INFO] - aggregate_evaluate: received 10 results and 0 failures
[2026-06-07 21:07:18,912][flwr][INFO] - 
[2026-06-07 21:07:18,912][flwr][INFO] - [ROUND 19]
[2026-06-07 21:07:18,912][flwr][INFO] - configure_fit: strategy sampled 10 clients (out of 10)
[2026-06-07 21:08:21,086][flwr][INFO] - aggregate_fit: received 10 results and 0 failures
[2026-06-07 21:08:24,502][flwr][INFO] - fit progress: (19, 7.9235031307907775, {'accuracy': 0.9677}, 1380.7063391000002)
[2026-06-07 21:08:24,502][flwr][INFO] - configure_evaluate: strategy sampled 10 clients (out of 10)
[2026-06-07 21:08:29,852][flwr][INFO] - aggregate_evaluate: received 10 results and 0 failures
[2026-06-07 21:08:29,852][flwr][INFO] - 
[2026-06-07 21:08:29,852][flwr][INFO] - [ROUND 20]
[2026-06-07 21:08:29,852][flwr][INFO] - configure_fit: strategy sampled 10 clients (out of 10)
[2026-06-07 21:09:34,036][flwr][INFO] - aggregate_fit: received 10 results and 0 failures
[2026-06-07 21:09:37,361][flwr][INFO] - fit progress: (20, 7.807913454191294, {'accuracy': 0.9688}, 1453.5692780999998)
[2026-06-07 21:09:37,361][flwr][INFO] - configure_evaluate: strategy sampled 10 clients (out of 10)
[2026-06-07 21:09:42,602][flwr][INFO] - aggregate_evaluate: received 10 results and 0 failures
[2026-06-07 21:09:42,602][flwr][INFO] - 
[2026-06-07 21:09:42,602][flwr][INFO] - [ROUND 21]
[2026-06-07 21:09:42,602][flwr][INFO] - configure_fit: strategy sampled 10 clients (out of 10)
[2026-06-07 21:10:43,452][flwr][INFO] - aggregate_fit: received 10 results and 0 failures
[2026-06-07 21:10:46,886][flwr][INFO] - fit progress: (21, 6.3879715673974715, {'accuracy': 0.9735}, 1523.0953779000001)
[2026-06-07 21:10:46,886][flwr][INFO] - configure_evaluate: strategy sampled 10 clients (out of 10)
[2026-06-07 21:10:52,252][flwr][INFO] - aggregate_evaluate: received 10 results and 0 failures
[2026-06-07 21:10:52,252][flwr][INFO] - 
[2026-06-07 21:10:52,252][flwr][INFO] - [ROUND 22]
[2026-06-07 21:10:52,252][flwr][INFO] - configure_fit: strategy sampled 10 clients (out of 10)
[2026-06-07 21:11:54,652][flwr][INFO] - aggregate_fit: received 10 results and 0 failures
[2026-06-07 21:11:58,086][flwr][INFO] - fit progress: (22, 8.067952433484606, {'accuracy': 0.9658}, 1594.2874885)
[2026-06-07 21:11:58,086][flwr][INFO] - configure_evaluate: strategy sampled 10 clients (out of 10)
[2026-06-07 21:12:03,527][flwr][INFO] - aggregate_evaluate: received 10 results and 0 failures
[2026-06-07 21:12:03,527][flwr][INFO] - 
[2026-06-07 21:12:03,527][flwr][INFO] - [ROUND 23]
[2026-06-07 21:12:03,527][flwr][INFO] - configure_fit: strategy sampled 10 clients (out of 10)
[2026-06-07 21:13:05,262][flwr][INFO] - aggregate_fit: received 10 results and 0 failures
[2026-06-07 21:13:08,677][flwr][INFO] - fit progress: (23, 7.790530562895583, {'accuracy': 0.9698}, 1664.8804027)
[2026-06-07 21:13:08,677][flwr][INFO] - configure_evaluate: strategy sampled 10 clients (out of 10)
[2026-06-07 21:13:13,962][flwr][INFO] - aggregate_evaluate: received 10 results and 0 failures
[2026-06-07 21:13:13,962][flwr][INFO] - 
[2026-06-07 21:13:13,962][flwr][INFO] - [ROUND 24]
[2026-06-07 21:13:13,962][flwr][INFO] - configure_fit: strategy sampled 10 clients (out of 10)
[2026-06-07 21:14:15,862][flwr][INFO] - aggregate_fit: received 10 results and 0 failures
[2026-06-07 21:14:19,261][flwr][INFO] - fit progress: (24, 5.8121944291342515, {'accuracy': 0.9765}, 1735.4768037999997)
[2026-06-07 21:14:19,277][flwr][INFO] - configure_evaluate: strategy sampled 10 clients (out of 10)
[2026-06-07 21:14:24,536][flwr][INFO] - aggregate_evaluate: received 10 results and 0 failures
[2026-06-07 21:14:24,536][flwr][INFO] - 
[2026-06-07 21:14:24,536][flwr][INFO] - [ROUND 25]
[2026-06-07 21:14:24,536][flwr][INFO] - configure_fit: strategy sampled 10 clients (out of 10)
[2026-06-07 21:15:24,562][flwr][INFO] - aggregate_fit: received 10 results and 0 failures
[2026-06-07 21:15:28,036][flwr][INFO] - fit progress: (25, 7.436013067606837, {'accuracy': 0.9709}, 1804.2414762999997)
[2026-06-07 21:15:28,036][flwr][INFO] - configure_evaluate: strategy sampled 10 clients (out of 10)
[2026-06-07 21:15:33,462][flwr][INFO] - aggregate_evaluate: received 10 results and 0 failures
[2026-06-07 21:15:33,462][flwr][INFO] - 
[2026-06-07 21:15:33,462][flwr][INFO] - [ROUND 26]
[2026-06-07 21:15:33,462][flwr][INFO] - configure_fit: strategy sampled 10 clients (out of 10)
[2026-06-07 21:16:30,912][flwr][INFO] - aggregate_fit: received 10 results and 0 failures
[2026-06-07 21:16:34,362][flwr][INFO] - fit progress: (26, 5.6125413676927565, {'accuracy': 0.9768}, 1870.5772947)
[2026-06-07 21:16:34,378][flwr][INFO] - configure_evaluate: strategy sampled 10 clients (out of 10)
[2026-06-07 21:16:39,751][flwr][INFO] - aggregate_evaluate: received 10 results and 0 failures
[2026-06-07 21:16:39,751][flwr][INFO] - 
[2026-06-07 21:16:39,751][flwr][INFO] - [ROUND 27]
[2026-06-07 21:16:39,751][flwr][INFO] - configure_fit: strategy sampled 10 clients (out of 10)
[2026-06-07 21:17:39,812][flwr][INFO] - aggregate_fit: received 10 results and 0 failures
[2026-06-07 21:17:43,286][flwr][INFO] - fit progress: (27, 5.684472602719325, {'accuracy': 0.9772}, 1939.5002276999999)
[2026-06-07 21:17:43,286][flwr][INFO] - configure_evaluate: strategy sampled 10 clients (out of 10)
[2026-06-07 21:17:48,736][flwr][INFO] - aggregate_evaluate: received 10 results and 0 failures
[2026-06-07 21:17:48,736][flwr][INFO] - 
[2026-06-07 21:17:48,736][flwr][INFO] - [ROUND 28]
[2026-06-07 21:17:48,736][flwr][INFO] - configure_fit: strategy sampled 10 clients (out of 10)
[2026-06-07 21:18:45,036][flwr][INFO] - aggregate_fit: received 10 results and 0 failures
[2026-06-07 21:18:48,451][flwr][INFO] - fit progress: (28, 6.285803034857963, {'accuracy': 0.9754}, 2004.6573358)
[2026-06-07 21:18:48,451][flwr][INFO] - configure_evaluate: strategy sampled 10 clients (out of 10)
[2026-06-07 21:18:53,802][flwr][INFO] - aggregate_evaluate: received 10 results and 0 failures
[2026-06-07 21:18:53,802][flwr][INFO] - 
[2026-06-07 21:18:53,812][flwr][INFO] - [ROUND 29]
[2026-06-07 21:18:53,812][flwr][INFO] - configure_fit: strategy sampled 10 clients (out of 10)
[2026-06-07 21:19:50,686][flwr][INFO] - aggregate_fit: received 10 results and 0 failures
[2026-06-07 21:19:54,062][flwr][INFO] - fit progress: (29, 6.140696934337029, {'accuracy': 0.9753}, 2070.274364)
[2026-06-07 21:19:54,062][flwr][INFO] - configure_evaluate: strategy sampled 10 clients (out of 10)
[2026-06-07 21:19:59,212][flwr][INFO] - aggregate_evaluate: received 10 results and 0 failures
[2026-06-07 21:19:59,212][flwr][INFO] - 
[2026-06-07 21:19:59,212][flwr][INFO] - [ROUND 30]
[2026-06-07 21:19:59,212][flwr][INFO] - configure_fit: strategy sampled 10 clients (out of 10)
[2026-06-07 21:21:06,086][flwr][INFO] - aggregate_fit: received 10 results and 0 failures
[2026-06-07 21:21:09,436][flwr][INFO] - fit progress: (30, 6.381942500578589, {'accuracy': 0.9759}, 2145.6389793)
[2026-06-07 21:21:09,436][flwr][INFO] - configure_evaluate: strategy sampled 10 clients (out of 10)
[2026-06-07 21:21:14,651][flwr][INFO] - aggregate_evaluate: received 10 results and 0 failures
[2026-06-07 21:21:14,651][flwr][INFO] - 
[2026-06-07 21:21:14,651][flwr][INFO] - [ROUND 31]
[2026-06-07 21:21:14,651][flwr][INFO] - configure_fit: strategy sampled 10 clients (out of 10)
[2026-06-07 21:22:12,852][flwr][INFO] - aggregate_fit: received 10 results and 0 failures
[2026-06-07 21:22:16,252][flwr][INFO] - fit progress: (31, 6.492462155671092, {'accuracy': 0.9755}, 2212.4600275)
[2026-06-07 21:22:16,252][flwr][INFO] - configure_evaluate: strategy sampled 10 clients (out of 10)
[2026-06-07 21:22:21,377][flwr][INFO] - aggregate_evaluate: received 10 results and 0 failures
[2026-06-07 21:22:21,377][flwr][INFO] - 
[2026-06-07 21:22:21,377][flwr][INFO] - [ROUND 32]
[2026-06-07 21:22:21,377][flwr][INFO] - configure_fit: strategy sampled 10 clients (out of 10)
[2026-06-07 21:23:24,186][flwr][INFO] - aggregate_fit: received 10 results and 0 failures
[2026-06-07 21:23:27,586][flwr][INFO] - fit progress: (32, 6.316468591285229, {'accuracy': 0.9757}, 2283.7917353)
[2026-06-07 21:23:27,586][flwr][INFO] - configure_evaluate: strategy sampled 10 clients (out of 10)
[2026-06-07 21:23:32,736][flwr][INFO] - aggregate_evaluate: received 10 results and 0 failures
[2026-06-07 21:23:32,736][flwr][INFO] - 
[2026-06-07 21:23:32,736][flwr][INFO] - [ROUND 33]
[2026-06-07 21:23:32,736][flwr][INFO] - configure_fit: strategy sampled 10 clients (out of 10)
[2026-06-07 21:24:36,752][flwr][INFO] - aggregate_fit: received 10 results and 0 failures
[2026-06-07 21:24:40,036][flwr][INFO] - fit progress: (33, 6.989333065124811, {'accuracy': 0.9741}, 2356.2436522)
[2026-06-07 21:24:40,036][flwr][INFO] - configure_evaluate: strategy sampled 10 clients (out of 10)
[2026-06-07 21:24:45,186][flwr][INFO] - aggregate_evaluate: received 10 results and 0 failures
[2026-06-07 21:24:45,186][flwr][INFO] - 
[2026-06-07 21:24:45,186][flwr][INFO] - [ROUND 34]
[2026-06-07 21:24:45,186][flwr][INFO] - configure_fit: strategy sampled 10 clients (out of 10)
[2026-06-07 21:25:41,002][flwr][INFO] - aggregate_fit: received 10 results and 0 failures
[2026-06-07 21:25:44,352][flwr][INFO] - fit progress: (34, 4.881620079322602, {'accuracy': 0.9807}, 2420.5545631)
[2026-06-07 21:25:44,352][flwr][INFO] - configure_evaluate: strategy sampled 10 clients (out of 10)
[2026-06-07 21:25:49,502][flwr][INFO] - aggregate_evaluate: received 10 results and 0 failures
[2026-06-07 21:25:49,502][flwr][INFO] - 
[2026-06-07 21:25:49,502][flwr][INFO] - [ROUND 35]
[2026-06-07 21:25:49,502][flwr][INFO] - configure_fit: strategy sampled 10 clients (out of 10)
[2026-06-07 21:26:50,777][flwr][INFO] - aggregate_fit: received 10 results and 0 failures
[2026-06-07 21:26:54,152][flwr][INFO] - fit progress: (35, 6.736863036814611, {'accuracy': 0.9747}, 2490.3544276)
[2026-06-07 21:26:54,152][flwr][INFO] - configure_evaluate: strategy sampled 10 clients (out of 10)
[2026-06-07 21:26:59,553][flwr][INFO] - aggregate_evaluate: received 10 results and 0 failures
[2026-06-07 21:26:59,553][flwr][INFO] - 
[2026-06-07 21:26:59,553][flwr][INFO] - [ROUND 36]
[2026-06-07 21:26:59,553][flwr][INFO] - configure_fit: strategy sampled 10 clients (out of 10)
[2026-06-07 21:27:57,902][flwr][INFO] - aggregate_fit: received 10 results and 0 failures
[2026-06-07 21:28:01,262][flwr][INFO] - fit progress: (36, 5.258976703567896, {'accuracy': 0.98}, 2557.4684426999997)
[2026-06-07 21:28:01,262][flwr][INFO] - configure_evaluate: strategy sampled 10 clients (out of 10)
[2026-06-07 21:28:06,462][flwr][INFO] - aggregate_evaluate: received 10 results and 0 failures
[2026-06-07 21:28:06,462][flwr][INFO] - 
[2026-06-07 21:28:06,462][flwr][INFO] - [ROUND 37]
[2026-06-07 21:28:06,462][flwr][INFO] - configure_fit: strategy sampled 10 clients (out of 10)
[2026-06-07 21:29:03,762][flwr][INFO] - aggregate_fit: received 10 results and 0 failures
[2026-06-07 21:29:07,136][flwr][INFO] - fit progress: (37, 5.293978724381304, {'accuracy': 0.9792}, 2623.3376389)
[2026-06-07 21:29:07,136][flwr][INFO] - configure_evaluate: strategy sampled 10 clients (out of 10)
[2026-06-07 21:29:12,386][flwr][INFO] - aggregate_evaluate: received 10 results and 0 failures
[2026-06-07 21:29:12,386][flwr][INFO] - 
[2026-06-07 21:29:12,386][flwr][INFO] - [ROUND 38]
[2026-06-07 21:29:12,386][flwr][INFO] - configure_fit: strategy sampled 10 clients (out of 10)
[2026-06-07 21:30:17,252][flwr][INFO] - aggregate_fit: received 10 results and 0 failures
[2026-06-07 21:30:20,701][flwr][INFO] - fit progress: (38, 4.808953887375537, {'accuracy': 0.9811}, 2696.9027259)
[2026-06-07 21:30:20,701][flwr][INFO] - configure_evaluate: strategy sampled 10 clients (out of 10)
[2026-06-07 21:30:26,062][flwr][INFO] - aggregate_evaluate: received 10 results and 0 failures
[2026-06-07 21:30:26,062][flwr][INFO] - 
[2026-06-07 21:30:26,062][flwr][INFO] - [ROUND 39]
[2026-06-07 21:30:26,077][flwr][INFO] - configure_fit: strategy sampled 10 clients (out of 10)
[2026-06-07 21:31:26,136][flwr][INFO] - aggregate_fit: received 10 results and 0 failures
[2026-06-07 21:31:29,511][flwr][INFO] - fit progress: (39, 5.2744556649413425, {'accuracy': 0.9789}, 2765.7146729)
[2026-06-07 21:31:29,511][flwr][INFO] - configure_evaluate: strategy sampled 10 clients (out of 10)
[2026-06-07 21:31:34,777][flwr][INFO] - aggregate_evaluate: received 10 results and 0 failures
[2026-06-07 21:31:34,777][flwr][INFO] - 
[2026-06-07 21:31:34,777][flwr][INFO] - [ROUND 40]
[2026-06-07 21:31:34,777][flwr][INFO] - configure_fit: strategy sampled 10 clients (out of 10)
[2026-06-07 21:32:32,312][flwr][INFO] - aggregate_fit: received 10 results and 0 failures
[2026-06-07 21:32:35,652][flwr][INFO] - fit progress: (40, 4.809107051281899, {'accuracy': 0.9807}, 2831.8524057)
[2026-06-07 21:32:35,652][flwr][INFO] - configure_evaluate: strategy sampled 10 clients (out of 10)
[2026-06-07 21:32:40,762][flwr][INFO] - aggregate_evaluate: received 10 results and 0 failures
[2026-06-07 21:32:40,762][flwr][INFO] - 
[2026-06-07 21:32:40,762][flwr][INFO] - [ROUND 41]
[2026-06-07 21:32:40,762][flwr][INFO] - configure_fit: strategy sampled 10 clients (out of 10)
[2026-06-07 21:33:38,777][flwr][INFO] - aggregate_fit: received 10 results and 0 failures
[2026-06-07 21:33:42,152][flwr][INFO] - fit progress: (41, 4.855792334219586, {'accuracy': 0.9811}, 2898.3602072999997)
[2026-06-07 21:33:42,152][flwr][INFO] - configure_evaluate: strategy sampled 10 clients (out of 10)
[2026-06-07 21:33:47,511][flwr][INFO] - aggregate_evaluate: received 10 results and 0 failures
[2026-06-07 21:33:47,511][flwr][INFO] - 
[2026-06-07 21:33:47,511][flwr][INFO] - [ROUND 42]
[2026-06-07 21:33:47,511][flwr][INFO] - configure_fit: strategy sampled 10 clients (out of 10)
[2026-06-07 21:34:49,502][flwr][INFO] - aggregate_fit: received 10 results and 0 failures
[2026-06-07 21:34:52,877][flwr][INFO] - fit progress: (42, 5.199124930313701, {'accuracy': 0.9805}, 2969.0809089)
[2026-06-07 21:34:52,877][flwr][INFO] - configure_evaluate: strategy sampled 10 clients (out of 10)
[2026-06-07 21:34:58,062][flwr][INFO] - aggregate_evaluate: received 10 results and 0 failures
[2026-06-07 21:34:58,062][flwr][INFO] - 
[2026-06-07 21:34:58,062][flwr][INFO] - [ROUND 43]
[2026-06-07 21:34:58,062][flwr][INFO] - configure_fit: strategy sampled 10 clients (out of 10)
[2026-06-07 21:35:52,312][flwr][INFO] - aggregate_fit: received 10 results and 0 failures
[2026-06-07 21:35:55,636][flwr][INFO] - fit progress: (43, 4.681095542204275, {'accuracy': 0.9818}, 3031.8504214)
[2026-06-07 21:35:55,636][flwr][INFO] - configure_evaluate: strategy sampled 10 clients (out of 10)
[2026-06-07 21:36:00,836][flwr][INFO] - aggregate_evaluate: received 10 results and 0 failures
[2026-06-07 21:36:00,836][flwr][INFO] - 
[2026-06-07 21:36:00,836][flwr][INFO] - [ROUND 44]
[2026-06-07 21:36:00,836][flwr][INFO] - configure_fit: strategy sampled 10 clients (out of 10)
[2026-06-07 21:37:04,202][flwr][INFO] - aggregate_fit: received 10 results and 0 failures
[2026-06-07 21:37:07,662][flwr][INFO] - fit progress: (44, 4.697551228638986, {'accuracy': 0.9815}, 3103.8627960999997)
[2026-06-07 21:37:07,662][flwr][INFO] - configure_evaluate: strategy sampled 10 clients (out of 10)
[2026-06-07 21:37:12,862][flwr][INFO] - aggregate_evaluate: received 10 results and 0 failures
[2026-06-07 21:37:12,862][flwr][INFO] - 
[2026-06-07 21:37:12,862][flwr][INFO] - [ROUND 45]
[2026-06-07 21:37:12,862][flwr][INFO] - configure_fit: strategy sampled 10 clients (out of 10)
[2026-06-07 21:38:14,678][flwr][INFO] - aggregate_fit: received 10 results and 0 failures
[2026-06-07 21:38:18,086][flwr][INFO] - fit progress: (45, 4.886747145505069, {'accuracy': 0.9801}, 3174.2977879)
[2026-06-07 21:38:18,086][flwr][INFO] - configure_evaluate: strategy sampled 10 clients (out of 10)
[2026-06-07 21:38:23,286][flwr][INFO] - aggregate_evaluate: received 10 results and 0 failures
[2026-06-07 21:38:23,302][flwr][INFO] - 
[2026-06-07 21:38:23,302][flwr][INFO] - [ROUND 46]
[2026-06-07 21:38:23,302][flwr][INFO] - configure_fit: strategy sampled 10 clients (out of 10)
[2026-06-07 21:39:24,036][flwr][INFO] - aggregate_fit: received 10 results and 0 failures
[2026-06-07 21:39:27,402][flwr][INFO] - fit progress: (46, 5.514900342182955, {'accuracy': 0.9789}, 3243.605524)
[2026-06-07 21:39:27,402][flwr][INFO] - configure_evaluate: strategy sampled 10 clients (out of 10)
[2026-06-07 21:39:32,586][flwr][INFO] - aggregate_evaluate: received 10 results and 0 failures
[2026-06-07 21:39:32,586][flwr][INFO] - 
[2026-06-07 21:39:32,586][flwr][INFO] - [ROUND 47]
[2026-06-07 21:39:32,586][flwr][INFO] - configure_fit: strategy sampled 10 clients (out of 10)
[2026-06-07 21:40:34,862][flwr][INFO] - aggregate_fit: received 10 results and 0 failures
[2026-06-07 21:40:38,236][flwr][INFO] - fit progress: (47, 5.223544079661224, {'accuracy': 0.9798}, 3314.4495652)
[2026-06-07 21:40:38,236][flwr][INFO] - configure_evaluate: strategy sampled 10 clients (out of 10)
[2026-06-07 21:40:43,512][flwr][INFO] - aggregate_evaluate: received 10 results and 0 failures
[2026-06-07 21:40:43,512][flwr][INFO] - 
[2026-06-07 21:40:43,512][flwr][INFO] - [ROUND 48]
[2026-06-07 21:40:43,528][flwr][INFO] - configure_fit: strategy sampled 10 clients (out of 10)
[2026-06-07 21:41:43,616][flwr][INFO] - aggregate_fit: received 10 results and 0 failures
[2026-06-07 21:41:47,012][flwr][INFO] - fit progress: (48, 4.9187572421797086, {'accuracy': 0.9814}, 3383.2116591)
[2026-06-07 21:41:47,012][flwr][INFO] - configure_evaluate: strategy sampled 10 clients (out of 10)
[2026-06-07 21:41:52,202][flwr][INFO] - aggregate_evaluate: received 10 results and 0 failures
[2026-06-07 21:41:52,202][flwr][INFO] - 
[2026-06-07 21:41:52,202][flwr][INFO] - [ROUND 49]
[2026-06-07 21:41:52,202][flwr][INFO] - configure_fit: strategy sampled 10 clients (out of 10)
[2026-06-07 21:42:54,677][flwr][INFO] - aggregate_fit: received 10 results and 0 failures
[2026-06-07 21:42:58,036][flwr][INFO] - fit progress: (49, 4.327740282878949, {'accuracy': 0.9829}, 3454.2415566)
[2026-06-07 21:42:58,036][flwr][INFO] - configure_evaluate: strategy sampled 10 clients (out of 10)
[2026-06-07 21:43:03,186][flwr][INFO] - aggregate_evaluate: received 10 results and 0 failures
[2026-06-07 21:43:03,186][flwr][INFO] - 
[2026-06-07 21:43:03,186][flwr][INFO] - [ROUND 50]
[2026-06-07 21:43:03,186][flwr][INFO] - configure_fit: strategy sampled 10 clients (out of 10)
[2026-06-07 21:44:02,486][flwr][INFO] - aggregate_fit: received 10 results and 0 failures
[2026-06-07 21:44:05,962][flwr][INFO] - fit progress: (50, 4.622153821057509, {'accuracy': 0.9817}, 3522.163356)
[2026-06-07 21:44:05,962][flwr][INFO] - configure_evaluate: strategy sampled 10 clients (out of 10)
[2026-06-07 21:44:11,152][flwr][INFO] - aggregate_evaluate: received 10 results and 0 failures
[2026-06-07 21:44:11,152][flwr][INFO] - 
[2026-06-07 21:44:11,152][flwr][INFO] - [SUMMARY]
[2026-06-07 21:44:11,152][flwr][INFO] - Run finished 50 round(s) in 3527.36s
[2026-06-07 21:44:11,162][flwr][INFO] - 	History (loss, distributed):
[2026-06-07 21:44:11,162][flwr][INFO] - 		round 1: 52.4901775598526
[2026-06-07 21:44:11,162][flwr][INFO] - 		round 2: 28.800038224458696
[2026-06-07 21:44:11,162][flwr][INFO] - 		round 3: 13.592726394534111
[2026-06-07 21:44:11,162][flwr][INFO] - 		round 4: 11.709767905250192
[2026-06-07 21:44:11,162][flwr][INFO] - 		round 5: 8.747867622971535
[2026-06-07 21:44:11,162][flwr][INFO] - 		round 6: 8.38582465685904
[2026-06-07 21:44:11,162][flwr][INFO] - 		round 7: 6.262882430152968
[2026-06-07 21:44:11,162][flwr][INFO] - 		round 8: 6.216900737490505
[2026-06-07 21:44:11,162][flwr][INFO] - 		round 9: 4.903744837967679
[2026-06-07 21:44:11,162][flwr][INFO] - 		round 10: 5.302305911062286
[2026-06-07 21:44:11,162][flwr][INFO] - 		round 11: 4.036671854590532
[2026-06-07 21:44:11,162][flwr][INFO] - 		round 12: 4.427085550501943
[2026-06-07 21:44:11,167][flwr][INFO] - 		round 13: 3.478255340165924
[2026-06-07 21:44:11,167][flwr][INFO] - 		round 14: 4.098751091456506
[2026-06-07 21:44:11,167][flwr][INFO] - 		round 15: 3.9850691031082532
[2026-06-07 21:44:11,167][flwr][INFO] - 		round 16: 3.5446258191892412
[2026-06-07 21:44:11,168][flwr][INFO] - 		round 17: 3.1725139949063306
[2026-06-07 21:44:11,168][flwr][INFO] - 		round 18: 3.2407000850012992
[2026-06-07 21:44:11,168][flwr][INFO] - 		round 19: 3.2461006888974224
[2026-06-07 21:44:11,168][flwr][INFO] - 		round 20: 3.214070418197662
[2026-06-07 21:44:11,169][flwr][INFO] - 		round 21: 2.6396170370979233
[2026-06-07 21:44:11,169][flwr][INFO] - 		round 22: 3.315416176947474
[2026-06-07 21:44:11,169][flwr][INFO] - 		round 23: 3.2150570419908036
[2026-06-07 21:44:11,169][flwr][INFO] - 		round 24: 2.39709652123056
[2026-06-07 21:44:11,169][flwr][INFO] - 		round 25: 3.0657042574152
[2026-06-07 21:44:11,170][flwr][INFO] - 		round 26: 2.3238387101759144
[2026-06-07 21:44:11,170][flwr][INFO] - 		round 27: 2.3592401681798947
[2026-06-07 21:44:11,170][flwr][INFO] - 		round 28: 2.5943425323239353
[2026-06-07 21:44:11,170][flwr][INFO] - 		round 29: 2.5567281881980306
[2026-06-07 21:44:11,171][flwr][INFO] - 		round 30: 2.63379391304843
[2026-06-07 21:44:11,171][flwr][INFO] - 		round 31: 2.689202610515713
[2026-06-07 21:44:11,171][flwr][INFO] - 		round 32: 2.621716344589731
[2026-06-07 21:44:11,171][flwr][INFO] - 		round 33: 2.9167668541418608
[2026-06-07 21:44:11,171][flwr][INFO] - 		round 34: 2.026619165719603
[2026-06-07 21:44:11,172][flwr][INFO] - 		round 35: 2.802707059617023
[2026-06-07 21:44:11,172][flwr][INFO] - 		round 36: 2.1714964960344334
[2026-06-07 21:44:11,172][flwr][INFO] - 		round 37: 2.186046158746831
[2026-06-07 21:44:11,172][flwr][INFO] - 		round 38: 1.9696065691343392
[2026-06-07 21:44:11,173][flwr][INFO] - 		round 39: 2.1822456539524864
[2026-06-07 21:44:11,173][flwr][INFO] - 		round 40: 1.996014173399726
[2026-06-07 21:44:11,173][flwr][INFO] - 		round 41: 2.0059846686272067
[2026-06-07 21:44:11,173][flwr][INFO] - 		round 42: 2.1354032736024235
[2026-06-07 21:44:11,173][flwr][INFO] - 		round 43: 1.9575036058040496
[2026-06-07 21:44:11,174][flwr][INFO] - 		round 44: 1.9467308144495292
[2026-06-07 21:44:11,174][flwr][INFO] - 		round 45: 2.0225592793029366
[2026-06-07 21:44:11,174][flwr][INFO] - 		round 46: 2.2866877662314438
[2026-06-07 21:44:11,174][flwr][INFO] - 		round 47: 2.1564835487419716
[2026-06-07 21:44:11,174][flwr][INFO] - 		round 48: 2.0304634908661683
[2026-06-07 21:44:11,175][flwr][INFO] - 		round 49: 1.7973283936045845
[2026-06-07 21:44:11,175][flwr][INFO] - 		round 50: 1.9142563787765539
[2026-06-07 21:44:11,175][flwr][INFO] - 	History (loss, centralized):
[2026-06-07 21:44:11,175][flwr][INFO] - 		round 0: 182.11440634727478
[2026-06-07 21:44:11,175][flwr][INFO] - 		round 1: 129.71406710147858
[2026-06-07 21:44:11,175][flwr][INFO] - 		round 2: 71.07595229148865
[2026-06-07 21:44:11,176][flwr][INFO] - 		round 3: 33.51378245651722
[2026-06-07 21:44:11,176][flwr][INFO] - 		round 4: 28.74573826789856
[2026-06-07 21:44:11,176][flwr][INFO] - 		round 5: 21.546220652759075
[2026-06-07 21:44:11,176][flwr][INFO] - 		round 6: 20.51583993062377
[2026-06-07 21:44:11,177][flwr][INFO] - 		round 7: 15.355303965508938
[2026-06-07 21:44:11,177][flwr][INFO] - 		round 8: 15.128833984490484
[2026-06-07 21:44:11,177][flwr][INFO] - 		round 9: 11.992953755892813
[2026-06-07 21:44:11,177][flwr][INFO] - 		round 10: 12.937722824513912
[2026-06-07 21:44:11,177][flwr][INFO] - 		round 11: 9.867350179236382
[2026-06-07 21:44:11,178][flwr][INFO] - 		round 12: 10.80892394343391
[2026-06-07 21:44:11,178][flwr][INFO] - 		round 13: 8.47343873558566
[2026-06-07 21:44:11,178][flwr][INFO] - 		round 14: 10.017135602422059
[2026-06-07 21:44:11,178][flwr][INFO] - 		round 15: 9.705450405133888
[2026-06-07 21:44:11,178][flwr][INFO] - 		round 16: 8.650917890598066
[2026-06-07 21:44:11,179][flwr][INFO] - 		round 17: 7.71683941828087
[2026-06-07 21:44:11,179][flwr][INFO] - 		round 18: 7.875294450786896
[2026-06-07 21:44:11,179][flwr][INFO] - 		round 19: 7.9235031307907775
[2026-06-07 21:44:11,179][flwr][INFO] - 		round 20: 7.807913454191294
[2026-06-07 21:44:11,179][flwr][INFO] - 		round 21: 6.3879715673974715
[2026-06-07 21:44:11,180][flwr][INFO] - 		round 22: 8.067952433484606
[2026-06-07 21:44:11,180][flwr][INFO] - 		round 23: 7.790530562895583
[2026-06-07 21:44:11,180][flwr][INFO] - 		round 24: 5.8121944291342515
[2026-06-07 21:44:11,180][flwr][INFO] - 		round 25: 7.436013067606837
[2026-06-07 21:44:11,180][flwr][INFO] - 		round 26: 5.6125413676927565
[2026-06-07 21:44:11,181][flwr][INFO] - 		round 27: 5.684472602719325
[2026-06-07 21:44:11,181][flwr][INFO] - 		round 28: 6.285803034857963
[2026-06-07 21:44:11,181][flwr][INFO] - 		round 29: 6.140696934337029
[2026-06-07 21:44:11,181][flwr][INFO] - 		round 30: 6.381942500578589
[2026-06-07 21:44:11,181][flwr][INFO] - 		round 31: 6.492462155671092
[2026-06-07 21:44:11,182][flwr][INFO] - 		round 32: 6.316468591285229
[2026-06-07 21:44:11,182][flwr][INFO] - 		round 33: 6.989333065124811
[2026-06-07 21:44:11,182][flwr][INFO] - 		round 34: 4.881620079322602
[2026-06-07 21:44:11,182][flwr][INFO] - 		round 35: 6.736863036814611
[2026-06-07 21:44:11,183][flwr][INFO] - 		round 36: 5.258976703567896
[2026-06-07 21:44:11,183][flwr][INFO] - 		round 37: 5.293978724381304
[2026-06-07 21:44:11,183][flwr][INFO] - 		round 38: 4.808953887375537
[2026-06-07 21:44:11,183][flwr][INFO] - 		round 39: 5.2744556649413425
[2026-06-07 21:44:11,183][flwr][INFO] - 		round 40: 4.809107051281899
[2026-06-07 21:44:11,184][flwr][INFO] - 		round 41: 4.855792334219586
[2026-06-07 21:44:11,184][flwr][INFO] - 		round 42: 5.199124930313701
[2026-06-07 21:44:11,184][flwr][INFO] - 		round 43: 4.681095542204275
[2026-06-07 21:44:11,184][flwr][INFO] - 		round 44: 4.697551228638986
[2026-06-07 21:44:11,184][flwr][INFO] - 		round 45: 4.886747145505069
[2026-06-07 21:44:11,185][flwr][INFO] - 		round 46: 5.514900342182955
[2026-06-07 21:44:11,185][flwr][INFO] - 		round 47: 5.223544079661224
[2026-06-07 21:44:11,185][flwr][INFO] - 		round 48: 4.9187572421797086
[2026-06-07 21:44:11,185][flwr][INFO] - 		round 49: 4.327740282878949
[2026-06-07 21:44:11,185][flwr][INFO] - 		round 50: 4.622153821057509
[2026-06-07 21:44:11,186][flwr][INFO] - 	History (metrics, centralized):
[2026-06-07 21:44:11,186][flwr][INFO] - 	{'accuracy': [(0, 0.0948),
[2026-06-07 21:44:11,186][flwr][INFO] - 	              (1, 0.5447),
[2026-06-07 21:44:11,187][flwr][INFO] - 	              (2, 0.7395),
[2026-06-07 21:44:11,187][flwr][INFO] - 	              (3, 0.8353),
[2026-06-07 21:44:11,187][flwr][INFO] - 	              (4, 0.8871),
[2026-06-07 21:44:11,187][flwr][INFO] - 	              (5, 0.9055),
[2026-06-07 21:44:11,187][flwr][INFO] - 	              (6, 0.927),
[2026-06-07 21:44:11,188][flwr][INFO] - 	              (7, 0.9338),
[2026-06-07 21:44:11,188][flwr][INFO] - 	              (8, 0.9463),
[2026-06-07 21:44:11,188][flwr][INFO] - 	              (9, 0.95),
[2026-06-07 21:44:11,188][flwr][INFO] - 	              (10, 0.9508),
[2026-06-07 21:44:11,188][flwr][INFO] - 	              (11, 0.9595),
[2026-06-07 21:44:11,189][flwr][INFO] - 	              (12, 0.9568),
[2026-06-07 21:44:11,189][flwr][INFO] - 	              (13, 0.9652),
[2026-06-07 21:44:11,189][flwr][INFO] - 	              (14, 0.9623),
[2026-06-07 21:44:11,189][flwr][INFO] - 	              (15, 0.9604),
[2026-06-07 21:44:11,190][flwr][INFO] - 	              (16, 0.9656),
[2026-06-07 21:44:11,190][flwr][INFO] - 	              (17, 0.9689),
[2026-06-07 21:44:11,190][flwr][INFO] - 	              (18, 0.969),
[2026-06-07 21:44:11,190][flwr][INFO] - 	              (19, 0.9677),
[2026-06-07 21:44:11,190][flwr][INFO] - 	              (20, 0.9688),
[2026-06-07 21:44:11,191][flwr][INFO] - 	              (21, 0.9735),
[2026-06-07 21:44:11,191][flwr][INFO] - 	              (22, 0.9658),
[2026-06-07 21:44:11,191][flwr][INFO] - 	              (23, 0.9698),
[2026-06-07 21:44:11,191][flwr][INFO] - 	              (24, 0.9765),
[2026-06-07 21:44:11,191][flwr][INFO] - 	              (25, 0.9709),
[2026-06-07 21:44:11,192][flwr][INFO] - 	              (26, 0.9768),
[2026-06-07 21:44:11,192][flwr][INFO] - 	              (27, 0.9772),
[2026-06-07 21:44:11,192][flwr][INFO] - 	              (28, 0.9754),
[2026-06-07 21:44:11,192][flwr][INFO] - 	              (29, 0.9753),
[2026-06-07 21:44:11,192][flwr][INFO] - 	              (30, 0.9759),
[2026-06-07 21:44:11,193][flwr][INFO] - 	              (31, 0.9755),
[2026-06-07 21:44:11,193][flwr][INFO] - 	              (32, 0.9757),
[2026-06-07 21:44:11,193][flwr][INFO] - 	              (33, 0.9741),
[2026-06-07 21:44:11,193][flwr][INFO] - 	              (34, 0.9807),
[2026-06-07 21:44:11,193][flwr][INFO] - 	              (35, 0.9747),
[2026-06-07 21:44:11,194][flwr][INFO] - 	              (36, 0.98),
[2026-06-07 21:44:11,194][flwr][INFO] - 	              (37, 0.9792),
[2026-06-07 21:44:11,194][flwr][INFO] - 	              (38, 0.9811),
[2026-06-07 21:44:11,194][flwr][INFO] - 	              (39, 0.9789),
[2026-06-07 21:44:11,194][flwr][INFO] - 	              (40, 0.9807),
[2026-06-07 21:44:11,195][flwr][INFO] - 	              (41, 0.9811),
[2026-06-07 21:44:11,195][flwr][INFO] - 	              (42, 0.9805),
[2026-06-07 21:44:11,195][flwr][INFO] - 	              (43, 0.9818),
[2026-06-07 21:44:11,195][flwr][INFO] - 	              (44, 0.9815),
[2026-06-07 21:44:11,195][flwr][INFO] - 	              (45, 0.9801),
[2026-06-07 21:44:11,196][flwr][INFO] - 	              (46, 0.9789),
[2026-06-07 21:44:11,196][flwr][INFO] - 	              (47, 0.9798),
[2026-06-07 21:44:11,196][flwr][INFO] - 	              (48, 0.9814),
[2026-06-07 21:44:11,196][flwr][INFO] - 	              (49, 0.9829),
[2026-06-07 21:44:11,197][flwr][INFO] - 	              (50, 0.9817)]}
[2026-06-07 21:44:11,197][flwr][INFO] - 
