[2026-05-20 15:38:51,859][flwr][WARNING] - DEPRECATED FEATURE: flwr.simulation.start_simulation() is deprecated.
	Instead, use the `flwr run` CLI command to start a local simulation in your Flower app, as shown for example below:

		$ flwr new  # Create a new Flower app from a template

		$ flwr run  # Run the Flower app in Simulation Mode

	Using `start_simulation()` is deprecated.

            This is a deprecated feature. It will be removed
            entirely in future versions of Flower.
        
[2026-05-20 15:38:51,860][flwr][INFO] - Starting Flower simulation, config: num_rounds=10, no round_timeout
[2026-05-20 15:38:56,532][flwr][INFO] - Flower VCE: Ray initialized with resources: {'object_store_memory': 2031305932.0, 'GPU': 1.0, 'memory': 4739713844.0, 'node:__internal_head__': 1.0, 'accelerator_type:G': 1.0, 'node:127.0.0.1': 1.0, 'CPU': 8.0}
[2026-05-20 15:38:56,532][flwr][INFO] - Optimize your simulation with Flower VCE: https://flower.ai/docs/framework/how-to-run-simulations.html
[2026-05-20 15:38:56,532][flwr][INFO] - Flower VCE: Resources for each Virtual Client: {'num_cpus': 2, 'num_gpus': 1.0}
[2026-05-20 15:38:56,597][flwr][INFO] - Flower VCE: Creating VirtualClientEngineActorPool with 1 actors
[2026-05-20 15:38:56,599][flwr][INFO] - [INIT]
[2026-05-20 15:38:56,600][flwr][INFO] - Requesting initial parameters from one random client
[2026-05-20 15:39:04,027][flwr][ERROR] - Traceback (most recent call last):
  File "D:\PROGRAMACAO\ML\FL\Modelo_teste\env\lib\site-packages\flwr\simulation\ray_transport\ray_client_proxy.py", line 90, in _submit_job
    out_mssg, updated_context = self.actor_pool.get_client_result(
  File "D:\PROGRAMACAO\ML\FL\Modelo_teste\env\lib\site-packages\flwr\simulation\ray_transport\ray_actor.py", line 400, in get_client_result
    return self._fetch_future_result(cid)
  File "D:\PROGRAMACAO\ML\FL\Modelo_teste\env\lib\site-packages\flwr\simulation\ray_transport\ray_actor.py", line 281, in _fetch_future_result
    res_cid, out_mssg, updated_context = ray.get(
  File "D:\PROGRAMACAO\ML\FL\Modelo_teste\env\lib\site-packages\ray\_private\auto_init_hook.py", line 22, in auto_init_wrapper
    return fn(*args, **kwargs)
  File "D:\PROGRAMACAO\ML\FL\Modelo_teste\env\lib\site-packages\ray\_private\client_mode_hook.py", line 104, in wrapper
    return func(*args, **kwargs)
  File "D:\PROGRAMACAO\ML\FL\Modelo_teste\env\lib\site-packages\ray\_private\worker.py", line 2961, in get
    values, debugger_breakpoint = worker.get_objects(
  File "D:\PROGRAMACAO\ML\FL\Modelo_teste\env\lib\site-packages\ray\_private\worker.py", line 1026, in get_objects
    raise value.as_instanceof_cause()
ray.exceptions.RayTaskError(ClientAppException): [36mray::ClientAppActor.run()[39m (pid=5432, ip=127.0.0.1, actor_id=311df796b33086981ee6b68f01000000, repr=<flwr.simulation.ray_transport.ray_actor.ClientAppActor object at 0x000000000D9FEC50>)
  File "D:\PROGRAMACAO\ML\FL\Modelo_teste\env\lib\site-packages\flwr\clientapp\client_app.py", line 144, in __call__
    return self._call(message, context)
  File "D:\PROGRAMACAO\ML\FL\Modelo_teste\env\lib\site-packages\flwr\clientapp\client_app.py", line 128, in ffn
    out_message = handle_legacy_message_from_msgtype(
  File "D:\PROGRAMACAO\ML\FL\Modelo_teste\env\lib\site-packages\flwr\client\message_handler\message_handler.py", line 97, in handle_legacy_message_from_msgtype
    client = client_fn(context)
  File "D:\PROGRAMACAO\ML\FL\Modelo_teste\env\lib\site-packages\flwr\clientapp\client_app.py", line 72, in adaptor_fn
    return client_fn(str(cid))  # type: ignore
  File "d:\PROGRAMACAO\ML\FL\Modelo_teste\client.py", line 71, in client_fn
    return FlowerCliente(trainloader=trainloader[int(cid)],
IndexError: list index out of range

The above exception was the direct cause of the following exception:

[36mray::ClientAppActor.run()[39m (pid=5432, ip=127.0.0.1, actor_id=311df796b33086981ee6b68f01000000, repr=<flwr.simulation.ray_transport.ray_actor.ClientAppActor object at 0x000000000D9FEC50>)
  File "python\\ray\\_raylet.pyx", line 1982, in ray._raylet.execute_task
  File "python\\ray\\_raylet.pyx", line 2093, in ray._raylet.execute_task
  File "python\\ray\\_raylet.pyx", line 1989, in ray._raylet.execute_task
  File "python\\ray\\_raylet.pyx", line 1932, in ray._raylet.execute_task.function_executor
  File "D:\PROGRAMACAO\ML\FL\Modelo_teste\env\lib\site-packages\ray\_private\function_manager.py", line 693, in actor_method_executor
    return method(__ray_actor, *args, **kwargs)
  File "D:\PROGRAMACAO\ML\FL\Modelo_teste\env\lib\site-packages\ray\util\tracing\tracing_helper.py", line 461, in _resume_span
    return method(self, *_args, **_kwargs)
  File "D:\PROGRAMACAO\ML\FL\Modelo_teste\env\lib\site-packages\flwr\simulation\ray_transport\ray_actor.py", line 65, in run
    raise ClientAppException(str(ex)) from ex
flwr.clientapp.client_app.ClientAppException: 
Exception ClientAppException occurred. Message: list index out of range

[2026-05-20 15:39:04,027][flwr][ERROR] - [36mray::ClientAppActor.run()[39m (pid=5432, ip=127.0.0.1, actor_id=311df796b33086981ee6b68f01000000, repr=<flwr.simulation.ray_transport.ray_actor.ClientAppActor object at 0x000000000D9FEC50>)
  File "D:\PROGRAMACAO\ML\FL\Modelo_teste\env\lib\site-packages\flwr\clientapp\client_app.py", line 144, in __call__
    return self._call(message, context)
  File "D:\PROGRAMACAO\ML\FL\Modelo_teste\env\lib\site-packages\flwr\clientapp\client_app.py", line 128, in ffn
    out_message = handle_legacy_message_from_msgtype(
  File "D:\PROGRAMACAO\ML\FL\Modelo_teste\env\lib\site-packages\flwr\client\message_handler\message_handler.py", line 97, in handle_legacy_message_from_msgtype
    client = client_fn(context)
  File "D:\PROGRAMACAO\ML\FL\Modelo_teste\env\lib\site-packages\flwr\clientapp\client_app.py", line 72, in adaptor_fn
    return client_fn(str(cid))  # type: ignore
  File "d:\PROGRAMACAO\ML\FL\Modelo_teste\client.py", line 71, in client_fn
    return FlowerCliente(trainloader=trainloader[int(cid)],
IndexError: list index out of range

The above exception was the direct cause of the following exception:

[36mray::ClientAppActor.run()[39m (pid=5432, ip=127.0.0.1, actor_id=311df796b33086981ee6b68f01000000, repr=<flwr.simulation.ray_transport.ray_actor.ClientAppActor object at 0x000000000D9FEC50>)
  File "python\\ray\\_raylet.pyx", line 1982, in ray._raylet.execute_task
  File "python\\ray\\_raylet.pyx", line 2093, in ray._raylet.execute_task
  File "python\\ray\\_raylet.pyx", line 1989, in ray._raylet.execute_task
  File "python\\ray\\_raylet.pyx", line 1932, in ray._raylet.execute_task.function_executor
  File "D:\PROGRAMACAO\ML\FL\Modelo_teste\env\lib\site-packages\ray\_private\function_manager.py", line 693, in actor_method_executor
    return method(__ray_actor, *args, **kwargs)
  File "D:\PROGRAMACAO\ML\FL\Modelo_teste\env\lib\site-packages\ray\util\tracing\tracing_helper.py", line 461, in _resume_span
    return method(self, *_args, **_kwargs)
  File "D:\PROGRAMACAO\ML\FL\Modelo_teste\env\lib\site-packages\flwr\simulation\ray_transport\ray_actor.py", line 65, in run
    raise ClientAppException(str(ex)) from ex
flwr.clientapp.client_app.ClientAppException: 
Exception ClientAppException occurred. Message: list index out of range
[2026-05-20 15:39:04,028][flwr][ERROR] - [36mray::ClientAppActor.run()[39m (pid=5432, ip=127.0.0.1, actor_id=311df796b33086981ee6b68f01000000, repr=<flwr.simulation.ray_transport.ray_actor.ClientAppActor object at 0x000000000D9FEC50>)
  File "D:\PROGRAMACAO\ML\FL\Modelo_teste\env\lib\site-packages\flwr\clientapp\client_app.py", line 144, in __call__
    return self._call(message, context)
  File "D:\PROGRAMACAO\ML\FL\Modelo_teste\env\lib\site-packages\flwr\clientapp\client_app.py", line 128, in ffn
    out_message = handle_legacy_message_from_msgtype(
  File "D:\PROGRAMACAO\ML\FL\Modelo_teste\env\lib\site-packages\flwr\client\message_handler\message_handler.py", line 97, in handle_legacy_message_from_msgtype
    client = client_fn(context)
  File "D:\PROGRAMACAO\ML\FL\Modelo_teste\env\lib\site-packages\flwr\clientapp\client_app.py", line 72, in adaptor_fn
    return client_fn(str(cid))  # type: ignore
  File "d:\PROGRAMACAO\ML\FL\Modelo_teste\client.py", line 71, in client_fn
    return FlowerCliente(trainloader=trainloader[int(cid)],
IndexError: list index out of range

The above exception was the direct cause of the following exception:

[36mray::ClientAppActor.run()[39m (pid=5432, ip=127.0.0.1, actor_id=311df796b33086981ee6b68f01000000, repr=<flwr.simulation.ray_transport.ray_actor.ClientAppActor object at 0x000000000D9FEC50>)
  File "python\\ray\\_raylet.pyx", line 1982, in ray._raylet.execute_task
  File "python\\ray\\_raylet.pyx", line 2093, in ray._raylet.execute_task
  File "python\\ray\\_raylet.pyx", line 1989, in ray._raylet.execute_task
  File "python\\ray\\_raylet.pyx", line 1932, in ray._raylet.execute_task.function_executor
  File "D:\PROGRAMACAO\ML\FL\Modelo_teste\env\lib\site-packages\ray\_private\function_manager.py", line 693, in actor_method_executor
    return method(__ray_actor, *args, **kwargs)
  File "D:\PROGRAMACAO\ML\FL\Modelo_teste\env\lib\site-packages\ray\util\tracing\tracing_helper.py", line 461, in _resume_span
    return method(self, *_args, **_kwargs)
  File "D:\PROGRAMACAO\ML\FL\Modelo_teste\env\lib\site-packages\flwr\simulation\ray_transport\ray_actor.py", line 65, in run
    raise ClientAppException(str(ex)) from ex
flwr.clientapp.client_app.ClientAppException: 
Exception ClientAppException occurred. Message: list index out of range
[2026-05-20 15:39:04,030][flwr][ERROR] - Traceback (most recent call last):
  File "D:\PROGRAMACAO\ML\FL\Modelo_teste\env\lib\site-packages\flwr\simulation\legacy_app.py", line 361, in start_simulation
    hist = run_fl(
  File "D:\PROGRAMACAO\ML\FL\Modelo_teste\env\lib\site-packages\flwr\server\server.py", line 487, in run_fl
    hist, elapsed_time = server.fit(
  File "D:\PROGRAMACAO\ML\FL\Modelo_teste\env\lib\site-packages\flwr\server\server.py", line 92, in fit
    self.parameters = self._get_initial_parameters(server_round=0, timeout=timeout)
  File "D:\PROGRAMACAO\ML\FL\Modelo_teste\env\lib\site-packages\flwr\server\server.py", line 279, in _get_initial_parameters
    get_parameters_res = random_client.get_parameters(
  File "D:\PROGRAMACAO\ML\FL\Modelo_teste\env\lib\site-packages\flwr\simulation\ray_transport\ray_client_proxy.py", line 165, in get_parameters
    message_out = self._submit_job(message, timeout)
  File "D:\PROGRAMACAO\ML\FL\Modelo_teste\env\lib\site-packages\flwr\simulation\ray_transport\ray_client_proxy.py", line 104, in _submit_job
    raise ex
  File "D:\PROGRAMACAO\ML\FL\Modelo_teste\env\lib\site-packages\flwr\simulation\ray_transport\ray_client_proxy.py", line 90, in _submit_job
    out_mssg, updated_context = self.actor_pool.get_client_result(
  File "D:\PROGRAMACAO\ML\FL\Modelo_teste\env\lib\site-packages\flwr\simulation\ray_transport\ray_actor.py", line 400, in get_client_result
    return self._fetch_future_result(cid)
  File "D:\PROGRAMACAO\ML\FL\Modelo_teste\env\lib\site-packages\flwr\simulation\ray_transport\ray_actor.py", line 281, in _fetch_future_result
    res_cid, out_mssg, updated_context = ray.get(
  File "D:\PROGRAMACAO\ML\FL\Modelo_teste\env\lib\site-packages\ray\_private\auto_init_hook.py", line 22, in auto_init_wrapper
    return fn(*args, **kwargs)
  File "D:\PROGRAMACAO\ML\FL\Modelo_teste\env\lib\site-packages\ray\_private\client_mode_hook.py", line 104, in wrapper
    return func(*args, **kwargs)
  File "D:\PROGRAMACAO\ML\FL\Modelo_teste\env\lib\site-packages\ray\_private\worker.py", line 2961, in get
    values, debugger_breakpoint = worker.get_objects(
  File "D:\PROGRAMACAO\ML\FL\Modelo_teste\env\lib\site-packages\ray\_private\worker.py", line 1026, in get_objects
    raise value.as_instanceof_cause()
ray.exceptions.RayTaskError(ClientAppException): [36mray::ClientAppActor.run()[39m (pid=5432, ip=127.0.0.1, actor_id=311df796b33086981ee6b68f01000000, repr=<flwr.simulation.ray_transport.ray_actor.ClientAppActor object at 0x000000000D9FEC50>)
  File "D:\PROGRAMACAO\ML\FL\Modelo_teste\env\lib\site-packages\flwr\clientapp\client_app.py", line 144, in __call__
    return self._call(message, context)
  File "D:\PROGRAMACAO\ML\FL\Modelo_teste\env\lib\site-packages\flwr\clientapp\client_app.py", line 128, in ffn
    out_message = handle_legacy_message_from_msgtype(
  File "D:\PROGRAMACAO\ML\FL\Modelo_teste\env\lib\site-packages\flwr\client\message_handler\message_handler.py", line 97, in handle_legacy_message_from_msgtype
    client = client_fn(context)
  File "D:\PROGRAMACAO\ML\FL\Modelo_teste\env\lib\site-packages\flwr\clientapp\client_app.py", line 72, in adaptor_fn
    return client_fn(str(cid))  # type: ignore
  File "d:\PROGRAMACAO\ML\FL\Modelo_teste\client.py", line 71, in client_fn
    return FlowerCliente(trainloader=trainloader[int(cid)],
IndexError: list index out of range

The above exception was the direct cause of the following exception:

[36mray::ClientAppActor.run()[39m (pid=5432, ip=127.0.0.1, actor_id=311df796b33086981ee6b68f01000000, repr=<flwr.simulation.ray_transport.ray_actor.ClientAppActor object at 0x000000000D9FEC50>)
  File "python\\ray\\_raylet.pyx", line 1982, in ray._raylet.execute_task
  File "python\\ray\\_raylet.pyx", line 2093, in ray._raylet.execute_task
  File "python\\ray\\_raylet.pyx", line 1989, in ray._raylet.execute_task
  File "python\\ray\\_raylet.pyx", line 1932, in ray._raylet.execute_task.function_executor
  File "D:\PROGRAMACAO\ML\FL\Modelo_teste\env\lib\site-packages\ray\_private\function_manager.py", line 693, in actor_method_executor
    return method(__ray_actor, *args, **kwargs)
  File "D:\PROGRAMACAO\ML\FL\Modelo_teste\env\lib\site-packages\ray\util\tracing\tracing_helper.py", line 461, in _resume_span
    return method(self, *_args, **_kwargs)
  File "D:\PROGRAMACAO\ML\FL\Modelo_teste\env\lib\site-packages\flwr\simulation\ray_transport\ray_actor.py", line 65, in run
    raise ClientAppException(str(ex)) from ex
flwr.clientapp.client_app.ClientAppException: 
Exception ClientAppException occurred. Message: list index out of range

[2026-05-20 15:39:04,030][flwr][ERROR] - Your simulation crashed :(. This could be because of several reasons. The most common are: 
	 > Sometimes, issues in the simulation code itself can cause crashes. It's always a good idea to double-check your code for any potential bugs or inconsistencies that might be contributing to the problem. For example: 
		 - You might be using a class attribute in your clients that hasn't been defined.
		 - There could be an incorrect method call to a 3rd party library (e.g., PyTorch).
		 - The return types of methods in your clients/strategies might be incorrect.
	 > Your system couldn't fit a single VirtualClient: try lowering `client_resources`.
	 > All the actors in your pool crashed. This could be because: 
		 - You clients hit an out-of-memory (OOM) error and actors couldn't recover from it. Try launching your simulation with more generous `client_resources` setting (i.e. it seems {'num_cpus': 2, 'num_gpus': 1.0} is not enough for your run). Use fewer concurrent actors. 
		 - You were running a multi-node simulation and all worker nodes disconnected. The head node might still be alive but cannot accommodate any actor with resources: {'num_cpus': 2, 'num_gpus': 1.0}.
Take a look at the Flower simulation examples for guidance <https://flower.ai/docs/framework/how-to-run-simulations.html>.
